#-----------------------------------------------------------
# Webtalk v2015.4 (64-bit)
# SW Build 1412921 on Wed Nov 18 09:43:45 MST 2015
# 
# Start of session at: Fri Sep 23 09:41:16 2016
# Process ID: 2056
# Current directory: D:/SMartCart/hdl_prj/vivado_ip_prj/vivado_prj.sdk/webtalk
# Command line: wbtcv.exe -mode batch -source sdk_webtalk.tcl
# Log file: D:/SMartCart/hdl_prj/vivado_ip_prj/vivado_prj.sdk/webtalk/webtalk.log
# Journal file: D:/SMartCart/hdl_prj/vivado_ip_prj/vivado_prj.sdk/webtalk\webtalk.jou
#-----------------------------------------------------------
source sdk_webtalk.tcl
# webtalk_init -webtalk_dir D:\\SMartCart\\hdl_prj\\vivado_ip_prj\\vivado_prj.sdk\\webtalk
# webtalk_register_client -client project
# webtalk_add_data -client project -key date_generated -value "ѕт сен 23 09:41:16 2016" -context "software_version_and_target_device"
# webtalk_add_data -client project -key product_version -value "SDK v2015.4" -context "software_version_and_target_device"
# webtalk_add_data -client project -key build_version -value "2015.4" -context "software_version_and_target_device"
# webtalk_add_data -client project -key os_platform -value "amd64" -context "software_version_and_target_device"
# webtalk_add_data -client project -key registration_id -value "" -context "software_version_and_target_device"
# webtalk_add_data -client project -key tool_flow -value "SDK" -context "software_version_and_target_device"
# webtalk_add_data -client project -key beta -value "false" -context "software_version_and_target_device"
# webtalk_add_data -client project -key route_design -value "NA" -context "software_version_and_target_device"
# webtalk_add_data -client project -key target_family -value "NA" -context "software_version_and_target_device"
# webtalk_add_data -client project -key target_device -value "NA" -context "software_version_and_target_device"
# webtalk_add_data -client project -key target_package -value "NA" -context "software_version_and_target_device"
# webtalk_add_data -client project -key target_speed -value "NA" -context "software_version_and_target_device"
# webtalk_add_data -client project -key random_id -value "ebnrpsdsntk6m1of53k17mh571" -context "software_version_and_target_device"
# webtalk_add_data -client project -key project_id -value "2015.4_5" -context "software_version_and_target_device"
# webtalk_add_data -client project -key project_iteration -value "5" -context "software_version_and_target_device"
# webtalk_add_data -client project -key os_name -value "" -context "user_environment"
# webtalk_add_data -client project -key os_release -value "" -context "user_environment"
# webtalk_add_data -client project -key cpu_name -value "" -context "user_environment"
# webtalk_add_data -client project -key cpu_speed -value "" -context "user_environment"
# webtalk_add_data -client project -key total_processors -value "" -context "user_environment"
# webtalk_add_data -client project -key system_ram -value "" -context "user_environment"
# webtalk_register_client -client sdk
# webtalk_add_data -client sdk -key uid -value "1474612793504" -context "sdk\\\\bsp/1474612793504"
# webtalk_add_data -client sdk -key hwid -value "1469685061930" -context "sdk\\\\bsp/1474612793504"
# webtalk_add_data -client sdk -key os -value "standalone" -context "sdk\\\\bsp/1474612793504"
# webtalk_add_data -client sdk -key apptemplate -value "hello_world" -context "sdk\\\\bsp/1474612793504"
# webtalk_add_data -client sdk -key uid -value "1474612800090" -context "sdk\\\\application/1474612800090"
# webtalk_add_data -client sdk -key hwid -value "1469685061930" -context "sdk\\\\application/1474612800090"
# webtalk_add_data -client sdk -key bspid -value "1474612793504" -context "sdk\\\\application/1474612800090"
# webtalk_add_data -client sdk -key newbsp -value "true" -context "sdk\\\\application/1474612800090"
# webtalk_add_data -client sdk -key os -value "standalone" -context "sdk\\\\application/1474612800090"
# webtalk_add_data -client sdk -key apptemplate -value "hello_world" -context "sdk\\\\application/1474612800090"
# webtalk_transmit -clientid 3102502970 -regid "" -xml D:\\SMartCart\\hdl_prj\\vivado_ip_prj\\vivado_prj.sdk\\webtalk\\usage_statistics_ext_sdk.xml -html D:\\SMartCart\\hdl_prj\\vivado_ip_prj\\vivado_prj.sdk\\webtalk\\usage_statistics_ext_sdk.html -wdm D:\\SMartCart\\hdl_prj\\vivado_ip_prj\\vivado_prj.sdk\\webtalk\\sdk_webtalk.wdm -intro "<H3>SDK Usage Report</H3><BR>"

    while executing
"webtalk_transmit -clientid 3102502970 -regid "" -xml D:\\SMartCart\\hdl_prj\\vivado_ip_prj\\vivado_prj.sdk\\webtalk\\usage_statistics_ext_sdk.xml -htm..."
    (file "sdk_webtalk.tcl" line 35)
INFO: [Common 17-206] Exiting Webtalk at Fri Sep 23 09:41:19 2016...
