#-----------------------------------------------------------
# Webtalk v2015.2 (64-bit)
# SW Build 1266856 on Fri Jun 26 16:35:25 MDT 2015
# 
# Start of session at: Tue Oct 31 13:54:22 2017
# Process ID: 4832
# Log file: D:/Smart/SMART_CARD/Smart_cardt/SMartCart/hdl_prj/vivado_ip_prj/vivado_prj.sdk/webtalk/webtalk.log
# Journal file: D:/Smart/SMART_CARD/Smart_cardt/SMartCart/hdl_prj/vivado_ip_prj/vivado_prj.sdk/webtalk\webtalk.jou
#-----------------------------------------------------------
source sdk_webtalk.tcl
# webtalk_init -webtalk_dir D:\\Smart\\SMART_CARD\\Smart_cardt\\SMartCart\\hdl_prj\\vivado_ip_prj\\vivado_prj.sdk\\webtalk
# webtalk_register_client -client project
# webtalk_add_data -client project -key date_generated -value "¬т окт 31 14:54:21 2017" -context "software_version_and_target_device"
# webtalk_add_data -client project -key product_version -value "SDK v2015.2" -context "software_version_and_target_device"
# webtalk_add_data -client project -key build_version -value "2015.2" -context "software_version_and_target_device"
# webtalk_add_data -client project -key os_platform -value "amd64" -context "software_version_and_target_device"
# webtalk_add_data -client project -key registration_id -value "" -context "software_version_and_target_device"
# webtalk_add_data -client project -key tool_flow -value "SDK" -context "software_version_and_target_device"
# webtalk_add_data -client project -key beta -value "false" -context "software_version_and_target_device"
# webtalk_add_data -client project -key route_design -value "NA" -context "software_version_and_target_device"
# webtalk_add_data -client project -key target_family -value "NA" -context "software_version_and_target_device"
# webtalk_add_data -client project -key target_device -value "NA" -context "software_version_and_target_device"
# webtalk_add_data -client project -key target_package -value "NA" -context "software_version_and_target_device"
# webtalk_add_data -client project -key target_speed -value "NA" -context "software_version_and_target_device"
# webtalk_add_data -client project -key random_id -value "m3lng5l3hsh9es2nm4dh8ouj1p" -context "software_version_and_target_device"
# webtalk_add_data -client project -key project_id -value "2015.2_1" -context "software_version_and_target_device"
# webtalk_add_data -client project -key project_iteration -value "1" -context "software_version_and_target_device"
# webtalk_add_data -client project -key os_name -value "" -context "user_environment"
# webtalk_add_data -client project -key os_release -value "" -context "user_environment"
# webtalk_add_data -client project -key cpu_name -value "" -context "user_environment"
# webtalk_add_data -client project -key cpu_speed -value "" -context "user_environment"
# webtalk_add_data -client project -key total_processors -value "" -context "user_environment"
# webtalk_add_data -client project -key system_ram -value "" -context "user_environment"
# webtalk_register_client -client sdk
# webtalk_add_data -client sdk -key uid -value "1509431211044" -context "sdk\\\\hardware/1509431211044"
# webtalk_add_data -client sdk -key isZynq -value "true" -context "sdk\\\\hardware/1509431211044"
# webtalk_add_data -client sdk -key Processors -value "2" -context "sdk\\\\hardware/1509431211044"
# webtalk_add_data -client sdk -key VivadoVersion -value "2015.4" -context "sdk\\\\hardware/1509431211044"
# webtalk_add_data -client sdk -key Arch -value "zynq" -context "sdk\\\\hardware/1509431211044"
# webtalk_add_data -client sdk -key Device -value "7z020" -context "sdk\\\\hardware/1509431211044"
# webtalk_add_data -client sdk -key IsHandoff -value "true" -context "sdk\\\\hardware/1509431211044"
# webtalk_transmit -clientid 1831229004 -regid "" -xml D:\\Smart\\SMART_CARD\\Smart_cardt\\SMartCart\\hdl_prj\\vivado_ip_prj\\vivado_prj.sdk\\webtalk\\usage_statistics_ext_sdk.xml -html D:\\Smart\\SMART_CARD\\Smart_cardt\\SMartCart\\hdl_prj\\vivado_ip_prj\\vivado_prj.sdk\\webtalk\\usage_statistics_ext_sdk.html -wdm D:\\Smart\\SMART_CARD\\Smart_cardt\\SMartCart\\hdl_prj\\vivado_ip_prj\\vivado_prj.sdk\\webtalk\\sdk_webtalk.wdm -intro "<H3>SDK Usage Report</H3><BR>"

    while executing
"webtalk_transmit -clientid 1831229004 -regid "" -xml D:\\Smart\\SMART_CARD\\Smart_cardt\\SMartCart\\hdl_prj\\vivado_ip_prj\\vivado_prj.sdk\\webtalk\\u..."
    (file "sdk_webtalk.tcl" line 32)
INFO: [Common 17-206] Exiting Webtalk at Tue Oct 31 13:54:23 2017...
