#
# A fatal error has been detected by the Java Runtime Environment:
#
#  Internal Error (0xc000000d), pid=4432, tid=4496
#
# JRE version: Java(TM) SE Runtime Environment (8.0_25-b18) (build 1.8.0_25-b18)
# Java VM: Java HotSpot(TM) 64-Bit Server VM (25.25-b02 mixed mode windows-amd64 compressed oops)
# Problematic frame:
# C  [ntdll.dll+0x95fba]
#
# Failed to write core dump. Minidumps are not enabled by default on client versions of Windows
#
# If you would like to submit a bug report, please visit:
#   http://bugreport.sun.com/bugreport/crash.jsp
#

---------------  T H R E A D  ---------------

Current thread (0x0000000013ac7800):  VMThread [stack: 0x0000000014b30000,0x0000000014c30000] [id=4496]

siginfo: ExceptionCode=0xc000000d

Registers:
RAX=0x0000000062176fe5, RBX=0x0000000000000000, RCX=0x0000000014c2ed10, RDX=0x0000000000000000
RSP=0x0000000014c2f320, RBP=0x00000000275c0f50, RSI=0x000007fee1387408, RDI=0x0000000014c2f468
R8 =0x0000000000000000, R9 =0x0000000000000000, R10=0x0000000000000000, R11=0x0000000000000246
R12=0x0000000027f41d30, R13=0x0000000027f41d00, R14=0x00000000275c1058, R15=0x0000000000000000
RIP=0x00000000770f5fba, EFLAGS=0x0000000000000202

Top of Stack: (sp=0x0000000014c2f320)
0x0000000014c2f320:   0000000000000000 000007fee1387408
0x0000000014c2f330:   0000000014c2f468 0000000000000000
0x0000000014c2f340:   0000000000000000 0000000000000000
0x0000000014c2f350:   0000000000000000 0000000000000000
0x0000000014c2f360:   0000000000000002 0000000000000000
0x0000000014c2f370:   00000000c000000d 0000000000000000
0x0000000014c2f380:   00000000770f5fba 0000000000000000
0x0000000014c2f390:   0000000000000000 0000000000000000
0x0000000014c2f3a0:   0000000000000000 0000000000000000
0x0000000014c2f3b0:   0000000000000000 0000000000000000
0x0000000014c2f3c0:   0000000000000000 0000000000000000
0x0000000014c2f3d0:   0000000000000000 0000000000000000
0x0000000014c2f3e0:   0000000000000000 0000000000000000
0x0000000014c2f3f0:   0000000000000000 0000000000000000
0x0000000014c2f400:   0000000000000000 0000000000000101
0x0000000014c2f410:   0000000000000094 0000000076f83418 

Instructions: (pc=0x00000000770f5fba)
0x00000000770f5f9a:   72 7a fb ff b9 57 00 00 00 c7 44 24 50 0d 00 00
0x00000000770f5faa:   c0 e8 60 7d fb ff 48 8d 4c 24 50 e8 d6 29 f8 ff
0x00000000770f5fba:   4c 8b 1d 17 64 09 00 4d 85 db 74 5b 65 48 8b 04
0x00000000770f5fca:   25 30 00 00 00 f6 80 ee 17 00 00 08 74 12 65 48 


Register to memory mapping:

RAX=0x0000000062176fe5 is an unknown value
RBX=0x0000000000000000 is an unknown value
RCX=0x0000000014c2ed10 is an unknown value
RDX=0x0000000000000000 is an unknown value
RSP=0x0000000014c2f320 is an unknown value
RBP=0x00000000275c0f50 is an unknown value
RSI=0x000007fee1387408 is an unknown value
RDI=0x0000000014c2f468 is an unknown value
R8 =0x0000000000000000 is an unknown value
R9 =0x0000000000000000 is an unknown value
R10=0x0000000000000000 is an unknown value
R11=0x0000000000000246 is an unknown value
R12=0x0000000027f41d30 is an unknown value
R13=0x0000000027f41d00 is an unknown value
R14=0x00000000275c1058 is an unknown value
R15=0x0000000000000000 is an unknown value


Stack: [0x0000000014b30000,0x0000000014c30000],  sp=0x0000000014c2f320,  free space=1020k
Native frames: (J=compiled Java code, j=interpreted, Vv=VM code, C=native code)
C  [ntdll.dll+0x95fba]
C  [kernel32.dll+0x43418]
C  [MSVCR110.dll+0x752d]
C  [MSVCR110.dll+0x14cde]
C  [MSVCR110.dll+0x13edc]
C  [MSVCR110.dll+0x239e]
C  [MSVCR110.dll+0xaf9e]
C  [MSVCP110.dll+0x397b9]
C  [librdi_common.dll+0x135d02]
C  [librdi_common.dll+0x13447b]
C  0x000007fef28d2400
C  0x000007fef28d2682
C  [ntdll.dll+0x22b31]
C  [ntdll.dll+0x22940]
C  [MSVCR100.dll+0x20ccd]
V  [jvm.dll+0x1f9c55]
V  [jvm.dll+0x2325e7]
V  [jvm.dll+0x231826]
V  [jvm.dll+0x231cc1]
V  [jvm.dll+0x231ede]
V  [jvm.dll+0x2852fa]
C  [MSVCR100.dll+0x21d9f]
C  [MSVCR100.dll+0x21e3b]
C  [kernel32.dll+0x159dd]
C  [ntdll.dll+0x2a631]

VM_Operation (0x000000000012f500): Exit, mode: safepoint, requested by thread 0x000000000252a800


---------------  P R O C E S S  ---------------

Java Threads: ( => current thread )
  0x0000000018abd800 JavaThread "Spawner Reaper" daemon [_thread_in_native, id=6132, stack(0x000000002e3a0000,0x000000002e4a0000)]
  0x0000000018abe800 JavaThread "Thread-413" daemon [_thread_blocked, id=5532, stack(0x000000002d3e0000,0x000000002d4e0000)]
  0x0000000017f0b000 JavaThread "TCF Locator DNS Lookup" daemon [_thread_blocked, id=2848, stack(0x000000001c680000,0x000000001c780000)]
  0x0000000017f0a800 JavaThread "TCF Locator Timer" daemon [_thread_blocked, id=3020, stack(0x000000001c580000,0x000000001c680000)]
  0x000000001903a000 JavaThread "TCF Locator Receiver" daemon [_thread_in_native, id=3364, stack(0x000000001c480000,0x000000001c580000)]
  0x0000000019038800 JavaThread "TCF Timer Dispatcher" daemon [_thread_blocked, id=4796, stack(0x000000001c080000,0x000000001c180000)]
  0x0000000016172000 JavaThread "EMF Reference Cleaner" daemon [_thread_blocked, id=4464, stack(0x0000000018270000,0x0000000018370000)]
  0x0000000014e6f000 JavaThread "Service Thread" daemon [_thread_blocked, id=4672, stack(0x0000000015730000,0x0000000015830000)]
  0x0000000013b3b800 JavaThread "C1 CompilerThread2" daemon [_thread_blocked, id=1972, stack(0x0000000015630000,0x0000000015730000)]
  0x0000000013b39000 JavaThread "C2 CompilerThread1" daemon [_thread_blocked, id=3552, stack(0x0000000015530000,0x0000000015630000)]
  0x0000000014e39000 JavaThread "C2 CompilerThread0" daemon [_thread_blocked, id=3632, stack(0x0000000015430000,0x0000000015530000)]
  0x0000000014e34800 JavaThread "Attach Listener" daemon [_thread_blocked, id=1180, stack(0x0000000015330000,0x0000000015430000)]
  0x0000000013b37000 JavaThread "Signal Dispatcher" daemon [_thread_blocked, id=4836, stack(0x0000000015230000,0x0000000015330000)]
  0x0000000013ad4800 JavaThread "Finalizer" daemon [_thread_blocked, id=3920, stack(0x0000000014d30000,0x0000000014e30000)]
  0x0000000013acb800 JavaThread "Reference Handler" daemon [_thread_blocked, id=4944, stack(0x0000000014c30000,0x0000000014d30000)]
  0x000000000252a800 JavaThread "main" [_thread_blocked, id=2928, stack(0x0000000000030000,0x0000000000130000)]

Other Threads:
=>0x0000000013ac7800 VMThread [stack: 0x0000000014b30000,0x0000000014c30000] [id=4496]

VM state:at safepoint (shutting down)

VM Mutex/Monitor currently owned by a thread:  ([mutex/lock_event])
[0x0000000002528880] Threads_lock - owner thread: 0x0000000013ac7800

Heap:
 PSYoungGen      total 154112K, used 58832K [0x00000000f5580000, 0x00000000ffa00000, 0x0000000100000000)
  eden space 147968K, 35% used [0x00000000f5580000,0x00000000f8938588,0x00000000fe600000)
  from space 6144K, 95% used [0x00000000fec00000,0x00000000ff1bbcb8,0x00000000ff200000)
  to   space 8192K, 0% used [0x00000000ff200000,0x00000000ff200000,0x00000000ffa00000)
 ParOldGen       total 66560K, used 50503K [0x00000000e0000000, 0x00000000e4100000, 0x00000000f5580000)
  object space 66560K, 75% used [0x00000000e0000000,0x00000000e3151d30,0x00000000e4100000)
 Metaspace       used 93643K, capacity 99830K, committed 99968K, reserved 1136640K
  class space    used 11296K, capacity 13173K, committed 13184K, reserved 1048576K

Card table byte_map: [0x0000000011a80000,0x0000000011b90000] byte_map_base: 0x0000000011380000

Marking Bits: (ParMarkBitMap*) 0x000000005355d490
 Begin Bits: [0x0000000012040000, 0x0000000012840000)
 End Bits:   [0x0000000012840000, 0x0000000013040000)

Polling page: 0x0000000000220000

CodeCache: size=245760Kb used=56477Kb max_used=56522Kb free=189282Kb
 bounds [0x00000000026c0000, 0x0000000005e60000, 0x00000000116c0000]
 total_blobs=15895 nmethods=15017 adapters=784
 compilation: enabled

Compilation events (10 events):
Event: 2232.323 Thread 0x0000000013b3b800 19205       1       org.eclipse.osgi.internal.loader.BundleLoaderProxy::getBasicBundleLoader (5 bytes)
Event: 2232.323 Thread 0x0000000013b3b800 nmethod 19205 0x000000000346f190 code [0x000000000346f2e0, 0x000000000346f3f0]
Event: 2232.325 Thread 0x0000000013b3b800 19208       3       org.eclipse.osgi.baseadaptor.bundlefile.BundleFile::setMruIndex (6 bytes)
Event: 2232.326 Thread 0x0000000013b3b800 nmethod 19208 0x0000000003954650 code [0x00000000039547a0, 0x00000000039548f0]
Event: 2232.328 Thread 0x0000000013b3b800 19207       1       org.eclipse.osgi.internal.loader.BundleLoaderProxy::getBundleData (5 bytes)
Event: 2232.328 Thread 0x0000000013b3b800 nmethod 19207 0x00000000056f5590 code [0x00000000056f56e0, 0x00000000056f57f0]
Event: 2232.366 Thread 0x0000000013b3b800 19209   !   3       org.eclipse.osgi.internal.baseadaptor.BaseStorage::compact (215 bytes)
Event: 2232.367 Thread 0x0000000013b3b800 nmethod 19209 0x00000000031f7490 code [0x00000000031f78c0, 0x00000000031f9d28]
Event: 2232.370 Thread 0x0000000013b3b800 19210       3       org.eclipse.osgi.framework.internal.core.AbstractBundle::close (52 bytes)
Event: 2232.371 Thread 0x0000000013b3b800 nmethod 19210 0x00000000031ff290 code [0x00000000031ff4c0, 0x00000000032001a8]

GC Heap History (10 events):
Event: 1836.789 GC heap before
{Heap before GC invocations=78 (full 26):
 PSYoungGen      total 162816K, used 157696K [0x00000000f5580000, 0x00000000ff980000, 0x0000000100000000)
  eden space 157696K, 100% used [0x00000000f5580000,0x00000000fef80000,0x00000000fef80000)
  from space 5120K, 0% used [0x00000000fef80000,0x00000000fef80000,0x00000000ff480000)
  to   space 5120K, 0% used [0x00000000ff480000,0x00000000ff480000,0x00000000ff980000)
 ParOldGen       total 66560K, used 39664K [0x00000000e0000000, 0x00000000e4100000, 0x00000000f5580000)
  object space 66560K, 59% used [0x00000000e0000000,0x00000000e26bc230,0x00000000e4100000)
 Metaspace       used 89295K, capacity 95324K, committed 95488K, reserved 1132544K
  class space    used 10805K, capacity 12769K, committed 12800K, reserved 1048576K
Event: 1836.800 GC heap after
Heap after GC invocations=78 (full 26):
 PSYoungGen      total 158720K, used 5104K [0x00000000f5580000, 0x0000000100000000, 0x0000000100000000)
  eden space 153600K, 0% used [0x00000000f5580000,0x00000000f5580000,0x00000000feb80000)
  from space 5120K, 99% used [0x00000000ff480000,0x00000000ff97c010,0x00000000ff980000)
  to   space 9216K, 0% used [0x00000000feb80000,0x00000000feb80000,0x00000000ff480000)
 ParOldGen       total 66560K, used 47898K [0x00000000e0000000, 0x00000000e4100000, 0x00000000f5580000)
  object space 66560K, 71% used [0x00000000e0000000,0x00000000e2ec69b0,0x00000000e4100000)
 Metaspace       used 89295K, capacity 95324K, committed 95488K, reserved 1132544K
  class space    used 10805K, capacity 12769K, committed 12800K, reserved 1048576K
}
Event: 1837.171 GC heap before
{Heap before GC invocations=79 (full 26):
 PSYoungGen      total 158720K, used 6720K [0x00000000f5580000, 0x0000000100000000, 0x0000000100000000)
  eden space 153600K, 1% used [0x00000000f5580000,0x00000000f57143a8,0x00000000feb80000)
  from space 5120K, 99% used [0x00000000ff480000,0x00000000ff97c010,0x00000000ff980000)
  to   space 9216K, 0% used [0x00000000feb80000,0x00000000feb80000,0x00000000ff480000)
 ParOldGen       total 66560K, used 47898K [0x00000000e0000000, 0x00000000e4100000, 0x00000000f5580000)
  object space 66560K, 71% used [0x00000000e0000000,0x00000000e2ec69b0,0x00000000e4100000)
 Metaspace       used 89298K, capacity 95324K, committed 95488K, reserved 1132544K
  class space    used 10805K, capacity 12769K, committed 12800K, reserved 1048576K
Event: 1837.181 GC heap after
Heap after GC invocations=79 (full 26):
 PSYoungGen      total 162816K, used 5088K [0x00000000f5580000, 0x0000000100000000, 0x0000000100000000)
  eden space 153600K, 0% used [0x00000000f5580000,0x00000000f5580000,0x00000000feb80000)
  from space 9216K, 55% used [0x00000000feb80000,0x00000000ff078020,0x00000000ff480000)
  to   space 9216K, 0% used [0x00000000ff700000,0x00000000ff700000,0x0000000100000000)
 ParOldGen       total 66560K, used 47898K [0x00000000e0000000, 0x00000000e4100000, 0x00000000f5580000)
  object space 66560K, 71% used [0x00000000e0000000,0x00000000e2ec69b0,0x00000000e4100000)
 Metaspace       used 89298K, capacity 95324K, committed 95488K, reserved 1132544K
  class space    used 10805K, capacity 12769K, committed 12800K, reserved 1048576K
}
Event: 1837.181 GC heap before
{Heap before GC invocations=80 (full 27):
 PSYoungGen      total 162816K, used 5088K [0x00000000f5580000, 0x0000000100000000, 0x0000000100000000)
  eden space 153600K, 0% used [0x00000000f5580000,0x00000000f5580000,0x00000000feb80000)
  from space 9216K, 55% used [0x00000000feb80000,0x00000000ff078020,0x00000000ff480000)
  to   space 9216K, 0% used [0x00000000ff700000,0x00000000ff700000,0x0000000100000000)
 ParOldGen       total 66560K, used 47898K [0x00000000e0000000, 0x00000000e4100000, 0x00000000f5580000)
  object space 66560K, 71% used [0x00000000e0000000,0x00000000e2ec69b0,0x00000000e4100000)
 Metaspace       used 89298K, capacity 95324K, committed 95488K, reserved 1132544K
  class space    used 10805K, capacity 12769K, committed 12800K, reserved 1048576K
Event: 1837.597 GC heap after
Heap after GC invocations=80 (full 27):
 PSYoungGen      total 162816K, used 0K [0x00000000f5580000, 0x0000000100000000, 0x0000000100000000)
  eden space 153600K, 0% used [0x00000000f5580000,0x00000000f5580000,0x00000000feb80000)
  from space 9216K, 0% used [0x00000000feb80000,0x00000000feb80000,0x00000000ff480000)
  to   space 9216K, 0% used [0x00000000ff700000,0x00000000ff700000,0x0000000100000000)
 ParOldGen       total 66560K, used 50487K [0x00000000e0000000, 0x00000000e4100000, 0x00000000f5580000)
  object space 66560K, 75% used [0x00000000e0000000,0x00000000e314dd30,0x00000000e4100000)
 Metaspace       used 89298K, capacity 95324K, committed 95488K, reserved 1132544K
  class space    used 10805K, capacity 12769K, committed 12800K, reserved 1048576K
}
Event: 2020.704 GC heap before
{Heap before GC invocations=81 (full 27):
 PSYoungGen      total 162816K, used 153600K [0x00000000f5580000, 0x0000000100000000, 0x0000000100000000)
  eden space 153600K, 100% used [0x00000000f5580000,0x00000000feb80000,0x00000000feb80000)
  from space 9216K, 0% used [0x00000000feb80000,0x00000000feb80000,0x00000000ff480000)
  to   space 9216K, 0% used [0x00000000ff700000,0x00000000ff700000,0x0000000100000000)
 ParOldGen       total 66560K, used 50487K [0x00000000e0000000, 0x00000000e4100000, 0x00000000f5580000)
  object space 66560K, 75% used [0x00000000e0000000,0x00000000e314dd30,0x00000000e4100000)
 Metaspace       used 92304K, capacity 98484K, committed 98688K, reserved 1134592K
  class space    used 11218K, capacity 13072K, committed 13184K, reserved 1048576K
Event: 2020.712 GC heap after
Heap after GC invocations=81 (full 27):
 PSYoungGen      total 163328K, used 6806K [0x00000000f5580000, 0x0000000100000000, 0x0000000100000000)
  eden space 154112K, 0% used [0x00000000f5580000,0x00000000f5580000,0x00000000fec00000)
  from space 9216K, 73% used [0x00000000ff700000,0x00000000ffda5988,0x0000000100000000)
  to   space 10240K, 0% used [0x00000000fec00000,0x00000000fec00000,0x00000000ff600000)
 ParOldGen       total 66560K, used 50495K [0x00000000e0000000, 0x00000000e4100000, 0x00000000f5580000)
  object space 66560K, 75% used [0x00000000e0000000,0x00000000e314fd30,0x00000000e4100000)
 Metaspace       used 92304K, capacity 98484K, committed 98688K, reserved 1134592K
  class space    used 11218K, capacity 13072K, committed 13184K, reserved 1048576K
}
Event: 2211.225 GC heap before
{Heap before GC invocations=82 (full 27):
 PSYoungGen      total 163328K, used 160918K [0x00000000f5580000, 0x0000000100000000, 0x0000000100000000)
  eden space 154112K, 100% used [0x00000000f5580000,0x00000000fec00000,0x00000000fec00000)
  from space 9216K, 73% used [0x00000000ff700000,0x00000000ffda5988,0x0000000100000000)
  to   space 10240K, 0% used [0x00000000fec00000,0x00000000fec00000,0x00000000ff600000)
 ParOldGen       total 66560K, used 50495K [0x00000000e0000000, 0x00000000e4100000, 0x00000000f5580000)
  object space 66560K, 75% used [0x00000000e0000000,0x00000000e314fd30,0x00000000e4100000)
 Metaspace       used 92953K, capacity 99078K, committed 99456K, reserved 1136640K
  class space    used 11226K, capacity 13075K, committed 13184K, reserved 1048576K
Event: 2211.234 GC heap after
Heap after GC invocations=82 (full 27):
 PSYoungGen      total 154112K, used 5871K [0x00000000f5580000, 0x00000000ffa00000, 0x0000000100000000)
  eden space 147968K, 0% used [0x00000000f5580000,0x00000000f5580000,0x00000000fe600000)
  from space 6144K, 95% used [0x00000000fec00000,0x00000000ff1bbcb8,0x00000000ff200000)
  to   space 8192K, 0% used [0x00000000ff200000,0x00000000ff200000,0x00000000ffa00000)
 ParOldGen       total 66560K, used 50503K [0x00000000e0000000, 0x00000000e4100000, 0x00000000f5580000)
  object space 66560K, 75% used [0x00000000e0000000,0x00000000e3151d30,0x00000000e4100000)
 Metaspace       used 92953K, capacity 99078K, committed 99456K, reserved 1136640K
  class space    used 11226K, capacity 13075K, committed 13184K, reserved 1048576K
}

Deoptimization events (10 events):
Event: 2232.309 Thread 0x0000000018fd4800 Uncommon trap: reason=unreached action=reinterpret pc=0x0000000005431610 method=org.eclipse.core.internal.jobs.WorkerPool.startJob(Lorg/eclipse/core/internal/jobs/Worker;)Lorg/eclipse/core/internal/jobs/InternalJob; @ 185
Event: 2232.310 Thread 0x0000000017f10800 Uncommon trap: reason=unreached action=reinterpret pc=0x0000000004ae2984 method=org.eclipse.core.internal.jobs.JobManager.nextJob()Lorg/eclipse/core/runtime/jobs/Job; @ 80
Event: 2232.310 Thread 0x0000000017f10800 Uncommon trap: reason=unreached action=reinterpret pc=0x0000000005431610 method=org.eclipse.core.internal.jobs.WorkerPool.startJob(Lorg/eclipse/core/internal/jobs/Worker;)Lorg/eclipse/core/internal/jobs/InternalJob; @ 185
Event: 2232.310 Thread 0x0000000017f11000 Uncommon trap: reason=unreached action=reinterpret pc=0x0000000005431610 method=org.eclipse.core.internal.jobs.WorkerPool.startJob(Lorg/eclipse/core/internal/jobs/Worker;)Lorg/eclipse/core/internal/jobs/InternalJob; @ 185
Event: 2232.310 Thread 0x0000000018fd8800 Uncommon trap: reason=unreached action=reinterpret pc=0x0000000005431610 method=org.eclipse.core.internal.jobs.WorkerPool.startJob(Lorg/eclipse/core/internal/jobs/Worker;)Lorg/eclipse/core/internal/jobs/InternalJob; @ 185
Event: 2232.310 Thread 0x0000000018fd4000 Uncommon trap: reason=unreached action=reinterpret pc=0x0000000005431610 method=org.eclipse.core.internal.jobs.WorkerPool.startJob(Lorg/eclipse/core/internal/jobs/Worker;)Lorg/eclipse/core/internal/jobs/InternalJob; @ 185
Event: 2232.312 Thread 0x000000001b2d7800 Uncommon trap: reason=unreached action=reinterpret pc=0x0000000005431610 method=org.eclipse.core.internal.jobs.WorkerPool.startJob(Lorg/eclipse/core/internal/jobs/Worker;)Lorg/eclipse/core/internal/jobs/InternalJob; @ 185
Event: 2232.315 Thread 0x0000000018aba800 Uncommon trap: reason=unreached action=reinterpret pc=0x0000000005431610 method=org.eclipse.core.internal.jobs.WorkerPool.startJob(Lorg/eclipse/core/internal/jobs/Worker;)Lorg/eclipse/core/internal/jobs/InternalJob; @ 185
Event: 2232.315 Thread 0x0000000018fd7000 Uncommon trap: reason=unreached action=reinterpret pc=0x0000000005431610 method=org.eclipse.core.internal.jobs.WorkerPool.startJob(Lorg/eclipse/core/internal/jobs/Worker;)Lorg/eclipse/core/internal/jobs/InternalJob; @ 185
Event: 2232.315 Thread 0x0000000018fd9800 Uncommon trap: reason=unreached action=reinterpret pc=0x0000000005431610 method=org.eclipse.core.internal.jobs.WorkerPool.startJob(Lorg/eclipse/core/internal/jobs/Worker;)Lorg/eclipse/core/internal/jobs/InternalJob; @ 185

Internal exceptions (10 events):
Event: 2231.153 Thread 0x0000000018fd4800 Exception <a 'java/lang/InterruptedException'> (0x00000000f752c5a0) thrown at [D:\re\workspace\8-2-build-windows-amd64-cygwin\jdk8u25\1677\hotspot\src\share\vm\runtime\objectMonitor.cpp, line 1682]
Event: 2231.201 Thread 0x000000000252a800 Implicit null exception at 0x00000000055a519b to 0x00000000055a5904
Event: 2231.268 Thread 0x000000000252a800 Implicit null exception at 0x0000000003b0bbb8 to 0x0000000003b0c261
Event: 2231.269 Thread 0x000000000252a800 Implicit null exception at 0x00000000050c1f27 to 0x00000000050c1fc9
Event: 2231.526 Thread 0x0000000019035800 Exception <a 'java/lang/InterruptedException'> (0x00000000f83e5df0) thrown at [D:\re\workspace\8-2-build-windows-amd64-cygwin\jdk8u25\1677\hotspot\src\share\vm\runtime\objectMonitor.cpp, line 1682]
Event: 2231.532 Thread 0x000000000252a800 Implicit null exception at 0x0000000002eeaba3 to 0x0000000002eec0a1
Event: 2232.319 Thread 0x00000000151ce800 Exception <a 'java/lang/InterruptedException': sleep interrupted> (0x00000000f86384e0) thrown at [D:\re\workspace\8-2-build-windows-amd64-cygwin\jdk8u25\1677\hotspot\src\share\vm\prims\jvm.cpp, line 3141]
Event: 2232.320 Thread 0x0000000019034800 Exception <a 'java/lang/InterruptedException'> (0x00000000f86866f0) thrown at [D:\re\workspace\8-2-build-windows-amd64-cygwin\jdk8u25\1677\hotspot\src\share\vm\runtime\objectMonitor.cpp, line 1682]
Event: 2232.321 Thread 0x000000001633c800 Exception <a 'java/lang/InterruptedException'> (0x00000000f86d06b8) thrown at [D:\re\workspace\8-2-build-windows-amd64-cygwin\jdk8u25\1677\hotspot\src\share\vm\runtime\objectMonitor.cpp, line 1682]
Event: 2232.370 Thread 0x000000001507d800 Exception <a 'java/lang/InterruptedException'> (0x00000000f8637f28) thrown at [D:\re\workspace\8-2-build-windows-amd64-cygwin\jdk8u25\1677\hotspot\src\share\vm\runtime\objectMonitor.cpp, line 1682]

Events (10 events):
Event: 2232.371 Executing VM operation: RevokeBias
Event: 2232.371 Executing VM operation: RevokeBias done
Event: 2232.371 Executing VM operation: RevokeBias
Event: 2232.371 Executing VM operation: RevokeBias done
Event: 2232.371 Executing VM operation: RevokeBias
Event: 2232.371 Executing VM operation: RevokeBias done
Event: 2232.371 Executing VM operation: RevokeBias
Event: 2232.371 Executing VM operation: RevokeBias done
Event: 2232.371 Thread 0x0000000019034800 Thread exited: 0x0000000019034800
Event: 2232.372 Executing VM operation: Exit


Dynamic libraries:
0x0000000000400000 - 0x000000000044f000 	D:\Xilinx\SDK\2015.2\eclipse\win64.o\eclipse.exe
0x0000000077060000 - 0x0000000077209000 	C:\Windows\SYSTEM32\ntdll.dll
0x0000000076f40000 - 0x0000000077060000 	C:\Windows\system32\kernel32.dll
0x000007fefceb0000 - 0x000007fefcf1b000 	C:\Windows\system32\KERNELBASE.dll
0x0000000076e40000 - 0x0000000076f3a000 	C:\Windows\system32\USER32.dll
0x000007fefe5e0000 - 0x000007fefe647000 	C:\Windows\system32\GDI32.dll
0x000007fefee60000 - 0x000007fefee6e000 	C:\Windows\system32\LPK.dll
0x000007fefe510000 - 0x000007fefe5d9000 	C:\Windows\system32\USP10.dll
0x000007fefeb50000 - 0x000007fefebef000 	C:\Windows\system32\msvcrt.dll
0x000007fefb740000 - 0x000007fefb934000 	C:\Windows\WinSxS\amd64_microsoft.windows.common-controls_6595b64144ccf1df_6.0.7601.18837_none_fa3b1e3d17594757\COMCTL32.dll
0x000007feff2f0000 - 0x000007feff361000 	C:\Windows\system32\SHLWAPI.dll
0x000007feff190000 - 0x000007feff1be000 	C:\Windows\system32\IMM32.DLL
0x000007fefd660000 - 0x000007fefd769000 	C:\Windows\system32\MSCTF.dll
0x0000000072000000 - 0x0000000072012000 	D:\Xilinx\SDK\2015.2\eclipse\win64.o\plugins\org.eclipse.equinox.launcher.win32.win32.x86_64_1.1.200.v20140116-2212\eclipse_1503.dll
0x000007fefe6b0000 - 0x000007fefe78b000 	C:\Windows\system32\ADVAPI32.dll
0x000007fefe790000 - 0x000007fefe7af000 	C:\Windows\SYSTEM32\sechost.dll
0x000007feff1c0000 - 0x000007feff2ed000 	C:\Windows\system32\RPCRT4.dll
0x000007fefbef0000 - 0x000007fefbefc000 	C:\Windows\system32\VERSION.dll
0x000007fefb560000 - 0x000007fefb5b6000 	C:\Windows\system32\uxtheme.dll
0x0000000052d80000 - 0x00000000535da000 	D:\Xilinx\SDK\2015.2\tps\win64\jre\bin\server\jvm.dll
0x000007fef3830000 - 0x000007fef3839000 	C:\Windows\system32\WSOCK32.dll
0x000007fefd5f0000 - 0x000007fefd63d000 	C:\Windows\system32\WS2_32.dll
0x000007fefe500000 - 0x000007fefe508000 	C:\Windows\system32\NSI.dll
0x000007fef8e00000 - 0x000007fef8e3b000 	C:\Windows\system32\WINMM.dll
0x0000000077230000 - 0x0000000077237000 	C:\Windows\system32\PSAPI.DLL
0x0000000073510000 - 0x00000000735e2000 	C:\Windows\system32\MSVCR100.dll
0x00000000596d0000 - 0x00000000596df000 	D:\Xilinx\SDK\2015.2\tps\win64\jre\bin\verify.dll
0x00000000596a0000 - 0x00000000596c8000 	D:\Xilinx\SDK\2015.2\tps\win64\jre\bin\java.dll
0x0000000059680000 - 0x0000000059696000 	D:\Xilinx\SDK\2015.2\tps\win64\jre\bin\zip.dll
0x000007fefd770000 - 0x000007fefe4f9000 	C:\Windows\system32\SHELL32.dll
0x000007fefe940000 - 0x000007fefeb43000 	C:\Windows\system32\ole32.dll
0x000007fefce10000 - 0x000007fefce1f000 	C:\Windows\system32\profapi.dll
0x000007fefc600000 - 0x000007fefc618000 	C:\Windows\system32\CRYPTSP.dll
0x000007fefc300000 - 0x000007fefc347000 	C:\Windows\system32\rsaenh.dll
0x000007fefd180000 - 0x000007fefd19e000 	C:\Windows\system32\USERENV.dll
0x000007fefcca0000 - 0x000007fefccaf000 	C:\Windows\system32\CRYPTBASE.dll
0x0000000059660000 - 0x000000005967a000 	D:\Xilinx\SDK\2015.2\tps\win64\jre\bin\net.dll
0x000007fefc5a0000 - 0x000007fefc5f5000 	C:\Windows\system32\mswsock.dll
0x000007fefc590000 - 0x000007fefc597000 	C:\Windows\System32\wship6.dll
0x000007fef94f0000 - 0x000007fef9517000 	C:\Windows\system32\IPHLPAPI.DLL
0x000007fef94e0000 - 0x000007fef94eb000 	C:\Windows\system32\WINNSI.DLL
0x000007fef9130000 - 0x000007fef9148000 	C:\Windows\system32\dhcpcsvc.DLL
0x000007fef9150000 - 0x000007fef9161000 	C:\Windows\system32\dhcpcsvc6.DLL
0x0000000059640000 - 0x0000000059651000 	D:\Xilinx\SDK\2015.2\tps\win64\jre\bin\nio.dll
0x000007feff0f0000 - 0x000007feff189000 	C:\Windows\system32\CLBCatQ.DLL
0x000007fefd510000 - 0x000007fefd5e7000 	C:\Windows\system32\OLEAUT32.dll
0x000007fef9620000 - 0x000007fef9635000 	C:\Windows\system32\NLAapi.dll
0x000007fef8130000 - 0x000007fef8145000 	C:\Windows\system32\napinsp.dll
0x000007fef8150000 - 0x000007fef8169000 	C:\Windows\system32\pnrpnsp.dll
0x000007fefc420000 - 0x000007fefc47b000 	C:\Windows\system32\DNSAPI.dll
0x000007fef7f70000 - 0x000007fef7f7b000 	C:\Windows\System32\winrnr.dll
0x000007fefbfc0000 - 0x000007fefbfc7000 	C:\Windows\System32\wshtcpip.dll
0x000007fef8e60000 - 0x000007fef8e68000 	C:\Windows\system32\rasadhlp.dll
0x000007fef93a0000 - 0x000007fef93f3000 	C:\Windows\System32\fwpuclnt.dll
0x0000000015a00000 - 0x0000000015aa8000 	C:\Users\Admin\.Xilinx\SDK\2015.2\org.eclipse.osgi\bundles\287\1\.cp\swt-win32-4335.dll
0x000007feff050000 - 0x000007feff0e7000 	C:\Windows\system32\comdlg32.dll
0x000007fef8ba0000 - 0x000007fef8c11000 	C:\Windows\system32\WINSPOOL.DRV
0x000007fefebf0000 - 0x000007fefee59000 	C:\Windows\system32\WININET.dll
0x000007fefd1b0000 - 0x000007fefd1b4000 	C:\Windows\system32\api-ms-win-downlevel-user32-l1-1-0.dll
0x000007fefd1a0000 - 0x000007fefd1a4000 	C:\Windows\system32\api-ms-win-downlevel-shlwapi-l1-1-0.dll
0x000007fefce40000 - 0x000007fefce44000 	C:\Windows\system32\api-ms-win-downlevel-version-l1-1-0.dll
0x000007fefd090000 - 0x000007fefd093000 	C:\Windows\system32\api-ms-win-downlevel-normaliz-l1-1-0.dll
0x0000000077220000 - 0x0000000077223000 	C:\Windows\system32\normaliz.DLL
0x000007fefd240000 - 0x000007fefd507000 	C:\Windows\system32\iertutil.dll
0x000007fefce30000 - 0x000007fefce35000 	C:\Windows\system32\api-ms-win-downlevel-advapi32-l1-1-0.dll
0x000007fefcf20000 - 0x000007fefd08d000 	C:\Windows\system32\CRYPT32.dll
0x000007fefce00000 - 0x000007fefce0f000 	C:\Windows\system32\MSASN1.dll
0x000007fefb130000 - 0x000007fefb148000 	C:\Windows\system32\dwmapi.dll
0x000007fefb5c0000 - 0x000007fefb6ec000 	C:\Windows\system32\propsys.dll
0x00000000003e0000 - 0x00000000003fe000 	C:\Users\Admin\.Xilinx\SDK\2015.2\org.eclipse.osgi\bundles\287\1\.cp\swt-gdip-win32-4335.dll
0x000007fefb340000 - 0x000007fefb556000 	C:\Windows\WinSxS\amd64_microsoft.windows.gdiplus_6595b64144ccf1df_1.1.7601.19054_none_2b28591471e9a18f\gdiplus.dll
0x000007fefaf80000 - 0x000007fefb0e1000 	C:\Windows\system32\WindowsCodecs.dll
0x000007fef34f0000 - 0x000007fef3501000 	C:\Users\Admin\.Xilinx\SDK\2015.2\org.eclipse.osgi\bundles\116\1\.cp\jWinHttp-1.0.0.dll
0x000007fefaa30000 - 0x000007fefaaa1000 	C:\Windows\system32\WINHTTP.dll
0x000007fefa9c0000 - 0x000007fefaa24000 	C:\Windows\system32\webio.dll
0x000007fefcc10000 - 0x000007fefcc35000 	C:\Windows\system32\SspiCli.dll
0x000007fefc1d0000 - 0x000007fefc1da000 	C:\Windows\system32\credssp.dll
0x000007fefd140000 - 0x000007fefd176000 	C:\Windows\system32\CFGMGR32.dll
0x000007fefac10000 - 0x000007fefac64000 	C:\Windows\system32\oleacc.dll
0x000007fee1ab0000 - 0x000007fee1aeb000 	C:\Windows\system32\mlang.dll
0x000007fefcd50000 - 0x000007fefcd64000 	C:\Windows\system32\RpcRtRemote.dll
0x0000000180000000 - 0x0000000180012000 	C:\Users\Admin\.Xilinx\SDK\2015.2\org.eclipse.osgi\bundles\113\1\.cp\os\win32\x86_64\localfile_1_0_0.dll
0x000007fefcc40000 - 0x000007fefcc97000 	C:\Windows\system32\apphelp.dll
0x000007feeadf0000 - 0x000007feebbc1000 	C:\Windows\System32\ieframe.dll
0x000007fefab60000 - 0x000007fefab64000 	C:\Windows\System32\api-ms-win-downlevel-shell32-l1-1-0.dll
0x000007fef36b0000 - 0x000007fef36b4000 	C:\Windows\system32\api-ms-win-downlevel-shlwapi-l2-1-0.dll
0x000007fefe7b0000 - 0x000007fefe935000 	C:\Windows\system32\urlmon.dll
0x000007fefce20000 - 0x000007fefce24000 	C:\Windows\system32\api-ms-win-downlevel-ole32-l1-1-0.dll
0x000007fefccb0000 - 0x000007fefcd41000 	C:\Windows\system32\SXS.DLL
0x000007feb8db0000 - 0x000007feba65a000 	C:\Windows\System32\mshtml.dll
0x000007fef8840000 - 0x000007fef8844000 	C:\Windows\system32\api-ms-win-downlevel-advapi32-l2-1-0.dll
0x000007fefc940000 - 0x000007fefc94b000 	C:\Windows\system32\Secur32.dll
0x000007fee1e50000 - 0x000007fee1e5e000 	C:\Windows\system32\msimtf.dll
0x000007fefb150000 - 0x000007fefb19b000 	C:\Windows\system32\MMDevAPI.DLL
0x000007fefaf10000 - 0x000007fefaf4b000 	C:\Windows\system32\wdmaud.drv
0x00000000749a0000 - 0x00000000749a6000 	C:\Windows\system32\ksuser.dll
0x000007fef9b00000 - 0x000007fef9b09000 	C:\Windows\system32\AVRT.dll
0x000007fefee70000 - 0x000007feff047000 	C:\Windows\system32\SETUPAPI.dll
0x000007fefce50000 - 0x000007fefce6a000 	C:\Windows\system32\DEVOBJ.dll
0x000007fef24a0000 - 0x000007fef24ef000 	C:\Windows\system32\AUDIOSES.DLL
0x000007feb7fd0000 - 0x000007feb8394000 	C:\Windows\system32\d2d1.dll
0x000007fefad20000 - 0x000007fefad2a000 	C:\Windows\system32\msacm32.drv
0x000007fef21c0000 - 0x000007fef21d8000 	C:\Windows\system32\MSACM32.dll
0x000007fef21b0000 - 0x000007fef21b9000 	C:\Windows\system32\midimap.dll
0x000007feeccc0000 - 0x000007feece57000 	C:\Windows\system32\DWrite.dll
0x000007fef7820000 - 0x000007fef787d000 	C:\Windows\system32\dxgi.dll
0x000007fefce70000 - 0x000007fefceab000 	C:\Windows\system32\WINTRUST.dll
0x000007fef6160000 - 0x000007fef6335000 	C:\Windows\system32\d3d11.dll
0x000007fefaf50000 - 0x000007fefaf7d000 	C:\Windows\system32\ntmarta.dll
0x000007fefe650000 - 0x000007fefe6a2000 	C:\Windows\system32\WLDAP32.dll
0x000007fee18d0000 - 0x000007fee18e0000 	D:\Xilinx\SDK\2015.2\lib\win64.o\librdi_repo_manager.dll
0x000007fedb570000 - 0x000007fedb59a000 	D:\Xilinx\SDK\2015.2\lib\win64.o\libisl_sysinfo.dll
0x000007fee1380000 - 0x000007fee1454000 	C:\Windows\system32\MSVCR110.dll
0x000007fee1ec0000 - 0x000007fee1f67000 	C:\Windows\system32\MSVCP110.dll
0x000007febb610000 - 0x000007febbf53000 	D:\Xilinx\SDK\2015.2\lib\win64.o\librdi_common.dll
0x000007febc600000 - 0x000007febc8a8000 	D:\Xilinx\SDK\2015.2\lib\win64.o\libCOIN-all.dll
0x000007febc3e0000 - 0x000007febc600000 	D:\Xilinx\SDK\2015.2\lib\win64.o\libXil_lmgr11.dll
0x000007fefae10000 - 0x000007fefae26000 	C:\Windows\system32\NETAPI32.dll
0x000007fefae00000 - 0x000007fefae0c000 	C:\Windows\system32\netutils.dll
0x000007fefc810000 - 0x000007fefc833000 	C:\Windows\system32\srvcli.dll
0x000007fefade0000 - 0x000007fefadf5000 	C:\Windows\system32\wkscli.dll
0x000007fef2070000 - 0x000007fef2080000 	D:\Xilinx\SDK\2015.2\lib\win64.o\libboost_date_time.dll
0x000007fef1650000 - 0x000007fef1672000 	D:\Xilinx\SDK\2015.2\lib\win64.o\libboost_filesystem.dll
0x000007fef1cc0000 - 0x000007fef1cc9000 	D:\Xilinx\SDK\2015.2\lib\win64.o\libboost_system.dll
0x000007fef0370000 - 0x000007fef03e4000 	D:\Xilinx\SDK\2015.2\lib\win64.o\libboost_program_options.dll
0x000007fedb680000 - 0x000007fedb77a000 	D:\Xilinx\SDK\2015.2\lib\win64.o\libboost_regex.dll
0x000007fef0350000 - 0x000007fef0363000 	D:\Xilinx\SDK\2015.2\lib\win64.o\libboost_signals.dll
0x000007fef0330000 - 0x000007fef034d000 	D:\Xilinx\SDK\2015.2\lib\win64.o\libboost_thread.dll

VM Arguments:
jvm_args: -Dcom.xilinx.sdk.args.hwspec=D:/Matlab_Vhd/hdl_prj/vivado_ip_prj/vivado_prj.sdk/system_top_wrapper.hdf -Xms64m -Xmx512m & 
java_command: <unknown>
java_class_path (initial): D:\Xilinx\SDK\2015.2\eclipse\win64.o\\plugins/org.eclipse.equinox.launcher_1.3.0.v20130327-1440.jar
Launcher Type: generic

Environment Variables:
USERNAME=Admin
OS=Windows_NT
PROCESSOR_IDENTIFIER=Intel64 Family 6 Model 60 Stepping 3, GenuineIntel



---------------  S Y S T E M  ---------------

OS: Windows 7 , 64 bit Build 7601 Service Pack 1

CPU:total 4 (2 cores per cpu, 2 threads per core) family 6 model 60 stepping 3, cmov, cx8, fxsr, mmx, sse, sse2, sse3, ssse3, sse4.1, sse4.2, popcnt, avx, avx2, aes, clmul, erms, lzcnt, ht, tsc, tscinvbit, bmi1, bmi2

Memory: 4k page, physical 8353940k(1847452k free), swap 16706024k(8354864k free)

vm_info: Java HotSpot(TM) 64-Bit Server VM (25.25-b02) for windows-amd64 JRE (1.8.0_25-b18), built on Oct  7 2014 14:25:37 by "java_re" with MS VC++ 10.0 (VS2010)

time: Mon Jul 18 16:41:26 2016
elapsed time: 2232 seconds (0d 0h 37m 12s)

