#-----------------------------------------------------------
# Vivado v2015.4 (64-bit)
# SW Build 1412921 on Wed Nov 18 09:43:45 MST 2015
# IP Build 1412160 on Tue Nov 17 13:47:24 MST 2015
# Start of session at: Tue Oct 31 09:39:26 2017
# Process ID: 54636
# Current directory: D:/אבמקטי סעמכ/   /SMartCart/hdl_prj/vivado_ip_prj
# Command line: vivado.exe -gui_launcher_event rodinguilauncherevent23020 D:\אבמקטי סעמכ\   \SMartCart\hdl_prj\vivado_ip_prj\vivado_prj.xpr
# Log file: D:/אבמקטי סעמכ/   /SMartCart/hdl_prj/vivado_ip_prj/vivado.log
# Journal file: D:/אבמקטי סעמכ/   /SMartCart/hdl_prj/vivado_ip_prj\vivado.jou
#-----------------------------------------------------------
start_gui
open_project {D:/אבמקטי סעמכ/   /SMartCart/hdl_prj/vivado_ip_prj/vivado_prj.xpr}
Scanning sources...
Finished scanning sources
WARNING: [filemgmt 56-3] IP Repository Path: Could not find the directory 'D:/אבמקטי סעמכ/   /matlab_vhd/hdl_prj/vivado_ip_prj/ipcore/head_ip_v1_0'.
INFO: [IP_Flow 19-234] Refreshing IP repositories
WARNING: [IP_Flow 19-2248] Failed to load user IP repository 'd:/אבמקטי סעמכ/   /matlab_vhd/hdl_prj/vivado_ip_prj/ipcore/head_ip_v1_0'; Can't find the specified path.
If this directory should no longer be in your list of user repositories, go to the IP Settings dialog and remove it.
WARNING: [IP_Flow 19-3685] Ignored loading user repository 'd:/אבמקטי סעמכ/   /SMartCart/hdl_prj/ip_repo/switch_IO_1.0'. The path is contained within another repository.
INFO: [IP_Flow 19-1700] Loaded user IP repository 'd:/אבמקטי סעמכ/   /SMartCart/hdl_prj/vivado_ip_prj/ipcore'.
INFO: [IP_Flow 19-1700] Loaded user IP repository 'd:/אבמקטי סעמכ/   /SMartCart/hdl_prj/ip_repo'.
INFO: [IP_Flow 19-2313] Loaded Vivado IP repository 'D:/Xilinx/Vivado/2015.4/data/ip'.
CRITICAL WARNING: [IP_Flow 19-1663] Duplicate IP found for 'xilinx.com:ip:head_ip:1.0'. The one found in IP location 'd:/אבמקטי סעמכ/   /SMartCart/hdl_prj/vivado_ip_prj/ipcore/head_ip_v1_0' will take precedence over the same IP in location d:/אבמקטי סעמכ/   /SMartCart/hdl_prj/ip_repo/head_ip_v1_0
open_project: Time (s): cpu = 00:00:13 ; elapsed = 00:00:07 . Memory (MB): peak = 809.172 ; gain = 237.875
open_bd_design {D:/אבמקטי סעמכ/   /SMartCart/hdl_prj/vivado_ip_prj/vivado_prj.srcs/sources_1/bd/system_top/system_top.bd}
Adding component instance block -- xilinx.com:ip:head_ip:1.0 - head_ip_0
Adding component instance block -- xilinx.com:ip:clk_wiz:5.2 - clk_wiz_0
Adding component instance block -- xilinx.com:ip:proc_sys_reset:5.0 - proc_sys_reset_0
INFO: [Ipptcl 7-1463] No Compatible Board Interface found. Board Tab not created in customize GUI
Adding component instance block -- xilinx.com:ip:processing_system7:5.5 - processing_system7_0
Adding component instance block -- xilinx.com:ip:xlconcat:2.1 - xlconcat_0
Adding component instance block -- xilinx.com:ip:head_ip:1.0 - head_ip_1
Adding component instance block -- xilinx.com:user:switch_IO:1.0 - switch_IO_0
Adding component instance block -- xilinx.com:user:switch_IO:1.0 - switch_IO_1
Adding component instance block -- xilinx.com:ip:xlconstant:1.1 - xlconstant_0
Adding component instance block -- xilinx.com:ip:axi_crossbar:2.1 - xbar
Adding component instance block -- xilinx.com:ip:axi_protocol_converter:2.1 - auto_pc
Successfully read diagram <system_top> from BD file <D:/אבמקטי סעמכ/   /SMartCart/hdl_prj/vivado_ip_prj/vivado_prj.srcs/sources_1/bd/system_top/system_top.bd>
open_bd_design: Time (s): cpu = 00:00:11 ; elapsed = 00:00:10 . Memory (MB): peak = 946.188 ; gain = 135.594
launch_sdk -workspace {D:/אבמקטי סעמכ/   /SMartCart/hdl_prj/vivado_ip_prj/vivado_prj.sdk} -hwspec {D:/אבמקטי סעמכ/   /SMartCart/hdl_prj/vivado_ip_prj/vivado_prj.sdk/system_top_wrapper.hdf}
INFO: [Vivado 12-393] Launching SDK...
INFO: [Vivado 12-417] Running xsdk -workspace D:/אבמקטי סעמכ/   /SMartCart/hdl_prj/vivado_ip_prj/vivado_prj.sdk -hwspec D:/אבמקטי סעמכ/   /SMartCart/hdl_prj/vivado_ip_prj/vivado_prj.sdk/system_top_wrapper.hdf
INFO: [Vivado 12-3157] SDK launch initiated. Please check console for any further messages.
