#-----------------------------------------------------------
# Vivado v2015.4 (64-bit)
# SW Build 1412921 on Wed Nov 18 09:43:45 MST 2015
# IP Build 1412160 on Tue Nov 17 13:47:24 MST 2015
# Start of session at: Wed Nov 01 11:34:18 2017
# Process ID: 102276
# Current directory: D:/SMartCart/hdl_prj/vivado_ip_prj
# Command line: vivado.exe -gui_launcher_event rodinguilauncherevent99500 D:\SMartCart\hdl_prj\vivado_ip_prj\vivado_prj.xpr
# Log file: D:/SMartCart/hdl_prj/vivado_ip_prj/vivado.log
# Journal file: D:/SMartCart/hdl_prj/vivado_ip_prj\vivado.jou
#-----------------------------------------------------------
start_gui
open_project D:/SMartCart/hdl_prj/vivado_ip_prj/vivado_prj.xpr
Scanning sources...
Finished scanning sources
WARNING: [filemgmt 56-3] IP Repository Path: Could not find the directory 'D:/matlab_vhd/hdl_prj/vivado_ip_prj/ipcore/head_ip_v1_0'.
INFO: [IP_Flow 19-234] Refreshing IP repositories
WARNING: [IP_Flow 19-2248] Failed to load user IP repository 'd:/matlab_vhd/hdl_prj/vivado_ip_prj/ipcore/head_ip_v1_0'; Can't find the specified path.
If this directory should no longer be in your list of user repositories, go to the IP Settings dialog and remove it.
WARNING: [IP_Flow 19-3685] Ignored loading user repository 'd:/SMartCart/hdl_prj/ip_repo/switch_IO_1.0'. The path is contained within another repository.
INFO: [IP_Flow 19-1700] Loaded user IP repository 'd:/SMartCart/hdl_prj/vivado_ip_prj/ipcore'.
INFO: [IP_Flow 19-1700] Loaded user IP repository 'd:/SMartCart/hdl_prj/ip_repo'.
INFO: [IP_Flow 19-2313] Loaded Vivado IP repository 'D:/Xilinx/Vivado/2015.4/data/ip'.
CRITICAL WARNING: [IP_Flow 19-1663] Duplicate IP found for 'xilinx.com:ip:head_ip:1.0'. The one found in IP location 'd:/SMartCart/hdl_prj/vivado_ip_prj/ipcore/head_ip_v1_0' will take precedence over the same IP in location d:/SMartCart/hdl_prj/ip_repo/head_ip_v1_0
open_project: Time (s): cpu = 00:00:15 ; elapsed = 00:00:21 . Memory (MB): peak = 732.617 ; gain = 144.203
launch_sdk -workspace D:/SMartCart/hdl_prj/vivado_ip_prj/vivado_prj.sdk -hwspec D:/SMartCart/hdl_prj/vivado_ip_prj/vivado_prj.sdk/system_top_wrapper.hdf
INFO: [Vivado 12-393] Launching SDK...
INFO: [Vivado 12-417] Running xsdk -workspace D:/SMartCart/hdl_prj/vivado_ip_prj/vivado_prj.sdk -hwspec D:/SMartCart/hdl_prj/vivado_ip_prj/vivado_prj.sdk/system_top_wrapper.hdf
INFO: [Vivado 12-3157] SDK launch initiated. Please check console for any further messages.
exit
INFO: [Common 17-206] Exiting Vivado at Wed Nov 01 15:36:48 2017...
