#-----------------------------------------------------------
# Vivado v2015.4 (64-bit)
# SW Build 1412921 on Wed Nov 18 09:43:45 MST 2015
# IP Build 1412160 on Tue Nov 17 13:47:24 MST 2015
# Start of session at: Tue Oct 31 09:06:00 2017
# Process ID: 35548
# Current directory: D:/Ğàáî÷èé ñòîë/ÈÑÕÎÄÍÈÊÈ ÎÒ ÀËÅØÊÈ ÊÈÄÓÍÀ/SMartCart/hdl_prj/vivado_ip_prj
# Command line: vivado.exe -gui_launcher_event rodinguilauncherevent50676 D:\Ğàáî÷èé ñòîë\ÈÑÕÎÄÍÈÊÈ ÎÒ ÀËÅØÊÈ ÊÈÄÓÍÀ\SMartCart\hdl_prj\vivado_ip_prj\vivado_prj.xpr
# Log file: D:/Ğàáî÷èé ñòîë/ÈÑÕÎÄÍÈÊÈ ÎÒ ÀËÅØÊÈ ÊÈÄÓÍÀ/SMartCart/hdl_prj/vivado_ip_prj/vivado.log
# Journal file: D:/Ğàáî÷èé ñòîë/ÈÑÕÎÄÍÈÊÈ ÎÒ ÀËÅØÊÈ ÊÈÄÓÍÀ/SMartCart/hdl_prj/vivado_ip_prj\vivado.jou
#-----------------------------------------------------------
start_gui
open_project {D:/Ğàáî÷èé ñòîë/ÈÑÕÎÄÍÈÊÈ ÎÒ ÀËÅØÊÈ ÊÈÄÓÍÀ/SMartCart/hdl_prj/vivado_ip_prj/vivado_prj.xpr}
INFO: [Project 1-313] Project file moved from 'D:/SMartCart/hdl_prj/vivado_ip_prj' since last save.
Scanning sources...
Finished scanning sources
WARNING: [filemgmt 56-2] IP Repository Path: Could not find the directory 'D:/Ğàáî÷èé ñòîë/ÈÑÕÎÄÍÈÊÈ ÎÒ ÀËÅØÊÈ ÊÈÄÓÍÀ/matlab_vhd/hdl_prj/vivado_ip_prj/ipcore/head_ip_v1_0', nor could it be found using path 'D:/matlab_vhd/hdl_prj/vivado_ip_prj/ipcore/head_ip_v1_0'.
INFO: [IP_Flow 19-234] Refreshing IP repositories
WARNING: [IP_Flow 19-2248] Failed to load user IP repository 'd:/Ğàáî÷èé ñòîë/ÈÑÕÎÄÍÈÊÈ ÎÒ ÀËÅØÊÈ ÊÈÄÓÍÀ/matlab_vhd/hdl_prj/vivado_ip_prj/ipcore/head_ip_v1_0'; Can't find the specified path.
If this directory should no longer be in your list of user repositories, go to the IP Settings dialog and remove it.
WARNING: [IP_Flow 19-3685] Ignored loading user repository 'd:/Ğàáî÷èé ñòîë/ÈÑÕÎÄÍÈÊÈ ÎÒ ÀËÅØÊÈ ÊÈÄÓÍÀ/SMartCart/hdl_prj/ip_repo/switch_IO_1.0'. The path is contained within another repository.
INFO: [IP_Flow 19-1700] Loaded user IP repository 'd:/Ğàáî÷èé ñòîë/ÈÑÕÎÄÍÈÊÈ ÎÒ ÀËÅØÊÈ ÊÈÄÓÍÀ/SMartCart/hdl_prj/vivado_ip_prj/ipcore'.
INFO: [IP_Flow 19-1700] Loaded user IP repository 'd:/Ğàáî÷èé ñòîë/ÈÑÕÎÄÍÈÊÈ ÎÒ ÀËÅØÊÈ ÊÈÄÓÍÀ/SMartCart/hdl_prj/ip_repo'.
INFO: [IP_Flow 19-2313] Loaded Vivado IP repository 'D:/Xilinx/Vivado/2015.4/data/ip'.
CRITICAL WARNING: [IP_Flow 19-1663] Duplicate IP found for 'xilinx.com:ip:head_ip:1.0'. The one found in IP location 'd:/Ğàáî÷èé ñòîë/ÈÑÕÎÄÍÈÊÈ ÎÒ ÀËÅØÊÈ ÊÈÄÓÍÀ/SMartCart/hdl_prj/vivado_ip_prj/ipcore/head_ip_v1_0' will take precedence over the same IP in location d:/Ğàáî÷èé ñòîë/ÈÑÕÎÄÍÈÊÈ ÎÒ ÀËÅØÊÈ ÊÈÄÓÍÀ/SMartCart/hdl_prj/ip_repo/head_ip_v1_0
open_project: Time (s): cpu = 00:00:15 ; elapsed = 00:00:21 . Memory (MB): peak = 741.285 ; gain = 182.762
open_bd_design {D:/Ğàáî÷èé ñòîë/ÈÑÕÎÄÍÈÊÈ ÎÒ ÀËÅØÊÈ ÊÈÄÓÍÀ/SMartCart/hdl_prj/vivado_ip_prj/vivado_prj.srcs/sources_1/bd/system_top/system_top.bd}
Adding component instance block -- xilinx.com:ip:head_ip:1.0 - head_ip_0
Adding component instance block -- xilinx.com:ip:clk_wiz:5.2 - clk_wiz_0
Adding component instance block -- xilinx.com:ip:proc_sys_reset:5.0 - proc_sys_reset_0
INFO: [Ipptcl 7-1463] No Compatible Board Interface found. Board Tab not created in customize GUI
Adding component instance block -- xilinx.com:ip:processing_system7:5.5 - processing_system7_0
Adding component instance block -- xilinx.com:ip:xlconcat:2.1 - xlconcat_0
Adding component instance block -- xilinx.com:ip:head_ip:1.0 - head_ip_1
Adding component instance block -- xilinx.com:user:switch_IO:1.0 - switch_IO_0
Adding component instance block -- xilinx.com:user:switch_IO:1.0 - switch_IO_1
Adding component instance block -- xilinx.com:ip:xlconstant:1.1 - xlconstant_0
Adding component instance block -- xilinx.com:ip:axi_crossbar:2.1 - xbar
Adding component instance block -- xilinx.com:ip:axi_protocol_converter:2.1 - auto_pc
Successfully read diagram <system_top> from BD file <D:/Ğàáî÷èé ñòîë/ÈÑÕÎÄÍÈÊÈ ÎÒ ÀËÅØÊÈ ÊÈÄÓÍÀ/SMartCart/hdl_prj/vivado_ip_prj/vivado_prj.srcs/sources_1/bd/system_top/system_top.bd>
open_bd_design: Time (s): cpu = 00:00:14 ; elapsed = 00:00:16 . Memory (MB): peak = 922.156 ; gain = 180.074
exit
INFO: [Common 17-206] Exiting Vivado at Tue Oct 31 09:10:33 2017...
