#-----------------------------------------------------------
# Webtalk v2015.4 (64-bit)
# SW Build 1412921 on Wed Nov 18 09:43:45 MST 2015
# 
# Start of session at: Fri Nov 17 16:37:55 2017
# Process ID: 13132
# Current directory: D:/SMartCart/SMartCart/hdl_prj/vivado_ip_prj/vivado_prj.sdk/webtalk
# Command line: wbtcv.exe -mode batch -source sdk_webtalk.tcl
# Log file: D:/SMartCart/SMartCart/hdl_prj/vivado_ip_prj/vivado_prj.sdk/webtalk/webtalk.log
# Journal file: D:/SMartCart/SMartCart/hdl_prj/vivado_ip_prj/vivado_prj.sdk/webtalk\webtalk.jou
#-----------------------------------------------------------
source sdk_webtalk.tcl
# webtalk_init -webtalk_dir D:\\SMartCart\\SMartCart\\hdl_prj\\vivado_ip_prj\\vivado_prj.sdk\\webtalk
# webtalk_register_client -client project
# webtalk_add_data -client project -key date_generated -value "ѕт но€ 17 16:37:51 2017" -context "software_version_and_target_device"
# webtalk_add_data -client project -key product_version -value "SDK v2015.4" -context "software_version_and_target_device"
# webtalk_add_data -client project -key build_version -value "2015.4" -context "software_version_and_target_device"
# webtalk_add_data -client project -key os_platform -value "amd64" -context "software_version_and_target_device"
# webtalk_add_data -client project -key registration_id -value "" -context "software_version_and_target_device"
# webtalk_add_data -client project -key tool_flow -value "SDK" -context "software_version_and_target_device"
# webtalk_add_data -client project -key beta -value "false" -context "software_version_and_target_device"
# webtalk_add_data -client project -key route_design -value "NA" -context "software_version_and_target_device"
# webtalk_add_data -client project -key target_family -value "NA" -context "software_version_and_target_device"
# webtalk_add_data -client project -key target_device -value "NA" -context "software_version_and_target_device"
# webtalk_add_data -client project -key target_package -value "NA" -context "software_version_and_target_device"
# webtalk_add_data -client project -key target_speed -value "NA" -context "software_version_and_target_device"
# webtalk_add_data -client project -key random_id -value "kchv14glbce2llcbaovaeklkvd" -context "software_version_and_target_device"
# webtalk_add_data -client project -key project_id -value "2015.4_3" -context "software_version_and_target_device"
# webtalk_add_data -client project -key project_iteration -value "3" -context "software_version_and_target_device"
# webtalk_add_data -client project -key os_name -value "" -context "user_environment"
# webtalk_add_data -client project -key os_release -value "" -context "user_environment"
# webtalk_add_data -client project -key cpu_name -value "" -context "user_environment"
# webtalk_add_data -client project -key cpu_speed -value "" -context "user_environment"
# webtalk_add_data -client project -key total_processors -value "" -context "user_environment"
# webtalk_add_data -client project -key system_ram -value "" -context "user_environment"
# webtalk_register_client -client sdk
# webtalk_add_data -client sdk -key uid -value "1510907772672" -context "sdk\\\\bsp/1510907772672"
# webtalk_add_data -client sdk -key hwid -value "1509593409092" -context "sdk\\\\bsp/1510907772672"
# webtalk_add_data -client sdk -key os -value "standalone" -context "sdk\\\\bsp/1510907772672"
# webtalk_add_data -client sdk -key apptemplate -value "hello_world" -context "sdk\\\\bsp/1510907772672"
# webtalk_add_data -client sdk -key uid -value "1510907790264" -context "sdk\\\\application/1510907790264"
# webtalk_add_data -client sdk -key hwid -value "1509593409092" -context "sdk\\\\application/1510907790264"
# webtalk_add_data -client sdk -key bspid -value "1510907772672" -context "sdk\\\\application/1510907790264"
# webtalk_add_data -client sdk -key newbsp -value "true" -context "sdk\\\\application/1510907790264"
# webtalk_add_data -client sdk -key os -value "standalone" -context "sdk\\\\application/1510907790264"
# webtalk_add_data -client sdk -key apptemplate -value "hello_world" -context "sdk\\\\application/1510907790264"
# webtalk_transmit -clientid 1675850240 -regid "" -xml D:\\SMartCart\\SMartCart\\hdl_prj\\vivado_ip_prj\\vivado_prj.sdk\\webtalk\\usage_statistics_ext_sdk.xml -html D:\\SMartCart\\SMartCart\\hdl_prj\\vivado_ip_prj\\vivado_prj.sdk\\webtalk\\usage_statistics_ext_sdk.html -wdm D:\\SMartCart\\SMartCart\\hdl_prj\\vivado_ip_prj\\vivado_prj.sdk\\webtalk\\sdk_webtalk.wdm -intro "<H3>SDK Usage Report</H3><BR>"
# webtalk_terminate
INFO: [Common 17-206] Exiting Webtalk at Fri Nov 17 16:38:05 2017...
