#
# A fatal error has been detected by the Java Runtime Environment:
#
#  EXCEPTION_UNCAUGHT_CXX_EXCEPTION (0xe06d7363) at pc=0x00007fff2d543c58, pid=17600, tid=5836
#
# JRE version: Java(TM) SE Runtime Environment (8.0_45-b15) (build 1.8.0_45-b15)
# Java VM: Java HotSpot(TM) 64-Bit Server VM (25.45-b02 mixed mode windows-amd64 compressed oops)
# Problematic frame:
# C  [KERNELBASE.dll+0x33c58]
#
# Failed to write core dump. Minidumps are not enabled by default on client versions of Windows
#
# If you would like to submit a bug report, please visit:
#   http://bugreport.java.com/bugreport/crash.jsp
#

---------------  T H R E A D  ---------------

Current thread (0x0000000013b38000):  VMThread [stack: 0x0000000014be0000,0x0000000014ce0000] [id=5836]

siginfo: ExceptionCode=0xe06d7363, ExceptionInformation=0x0000000019930520 0x0000000014cdf448 0x00007fff17c52cb8 0x00007fff17ba0000 

Registers:
RAX=0x004c0044002e006c, RBX=0x00007fff17c52cb8, RCX=0x000000000000004c, RDX=0x0000000000000000
RSP=0x0000000014cdf290, RBP=0x0000000014cdf3d0, RSI=0x00000000ffffffff, RDI=0x00000000202353f0
R8 =0x0000000000000000, R9 =0x0000000000000000, R10=0x0000000000000000, R11=0x0000000000000000
R12=0x0000000000000001, R13=0x0000000000000008, R14=0x0000000000000000, R15=0xffffffffffffffff
RIP=0x00007fff2d543c58, EFLAGS=0x0000000000000206

Top of Stack: (sp=0x0000000014cdf290)
0x0000000014cdf290:   0000000000000000 00007fff17c52cb8
0x0000000014cdf2a0:   00000000ffffffff 00000000202353f0
0x0000000014cdf2b0:   00000001e06d7363 0000000000000000
0x0000000014cdf2c0:   00007fff2d543c58 0000000000000004
0x0000000014cdf2d0:   0000000019930520 0000000014cdf448
0x0000000014cdf2e0:   00007fff17c52cb8 00007fff17ba0000
0x0000000014cdf2f0:   0000000000000008 0000000000000001
0x0000000014cdf300:   00000000202353f0 00000000ffffffff
0x0000000014cdf310:   0000000014cdf3d0 00007fff301ec28f
0x0000000014cdf320:   0000000014cdf3e0 0000000000000000
0x0000000014cdf330:   0000b1701c11e1d4 0000000000000001
0x0000000014cdf340:   00007fff17c69000 00007fff17ba0000
0x0000000014cdf350:   00004ccee4402892 000000000000003f
0x0000000014cdf360:   00007fff17c52cb8 00007fff17bfe92c
0x0000000014cdf370:   000000000000001f 0000000000000008
0x0000000014cdf380:   0000000000000001 00000000202353f0 

Instructions: (pc=0x00007fff2d543c58)
0x00007fff2d543c38:   49 8b d1 44 0f 47 c0 44 89 44 24 38 49 c1 e0 03
0x00007fff2d543c48:   e8 47 90 04 00 48 8d 4c 24 20 ff 15 c0 44 11 00
0x00007fff2d543c58:   48 8b 8c 24 c0 00 00 00 48 33 cc e8 d8 55 04 00
0x00007fff2d543c68:   48 81 c4 d8 00 00 00 c3 83 64 24 38 00 eb d6 cc 


Register to memory mapping:

RAX=0x004c0044002e006c is an unknown value
RBX=0x00007fff17c52cb8 is an unknown value
RCX=0x000000000000004c is an unknown value
RDX=0x0000000000000000 is an unknown value
RSP=0x0000000014cdf290 is an unknown value
RBP=0x0000000014cdf3d0 is an unknown value
RSI=0x00000000ffffffff is an unallocated location in the heap
RDI=0x00000000202353f0 is an unknown value
R8 =0x0000000000000000 is an unknown value
R9 =0x0000000000000000 is an unknown value
R10=0x0000000000000000 is an unknown value
R11=0x0000000000000000 is an unknown value
R12=0x0000000000000001 is an unknown value
R13=0x0000000000000008 is an unknown value
R14=0x0000000000000000 is an unknown value
R15=0xffffffffffffffff is an unknown value


Stack: [0x0000000014be0000,0x0000000014ce0000],  sp=0x0000000014cdf290,  free space=1020k
Native frames: (J=compiled Java code, j=interpreted, Vv=VM code, C=native code)
C  [KERNELBASE.dll+0x33c58]
C  [MSVCR110.dll+0x5e92c]
C  [MSVCR110.dll+0x1315c]
C  [MSVCR110.dll+0x136a9]
C  [MSVCR110.dll+0x13e9c]
C  [MSVCR110.dll+0x239e]
C  [MSVCR110.dll+0xaf9e]
C  [MSVCP110.dll+0x397b9]
C  [librdi_common.dll+0x14283e]
C  [librdi_common.dll+0x141449]
C  0x00007fff24d12400
C  0x00007fff24d12682
C  [ntdll.dll+0x2a37f]
C  [ntdll.dll+0x806b]
C  [ntdll.dll+0x7d94]
C  [KERNEL32.DLL+0x1ce6a]
C  [MSVCR100.dll+0x20ccd]
V  [jvm.dll+0x20f135]
V  [jvm.dll+0x247ef7]
V  [jvm.dll+0x247196]
V  [jvm.dll+0x247631]
V  [jvm.dll+0x24784e]
V  [jvm.dll+0x29853a]
C  [MSVCR100.dll+0x21d9f]
C  [MSVCR100.dll+0x21e3b]
C  [KERNEL32.DLL+0x8364]
C  [ntdll.dll+0x67091]

VM_Operation (0x000000000014f500): Exit, mode: safepoint, requested by thread 0x0000000002654000


---------------  P R O C E S S  ---------------

Java Threads: ( => current thread )
  0x000000001c5e5000 JavaThread "Set STDIO Tab defaults" [_thread_blocked, id=11944, stack(0x000000005e1f0000,0x000000005e2f0000)]
  0x000000001c5e4000 JavaThread "Set STDIO Tab defaults" [_thread_blocked, id=15108, stack(0x000000005def0000,0x000000005dff0000)]
  0x0000000017dc0800 JavaThread "Set STDIO Tab defaults" [_thread_blocked, id=9376, stack(0x000000005ddf0000,0x000000005def0000)]
  0x000000001c709800 JavaThread "Set STDIO Tab defaults" [_thread_blocked, id=23660, stack(0x000000007d820000,0x000000007d920000)]
  0x000000001c708000 JavaThread "Set STDIO Tab defaults" [_thread_blocked, id=26808, stack(0x000000002a7e0000,0x000000002a8e0000)]
  0x000000001bb02800 JavaThread "Set STDIO Tab defaults" [_thread_blocked, id=23924, stack(0x00000000302b0000,0x00000000303b0000)]
  0x000000001bb01800 JavaThread "Set STDIO Tab defaults" [_thread_blocked, id=16592, stack(0x00000000300b0000,0x00000000301b0000)]
  0x000000001bafc800 JavaThread "Set STDIO Tab defaults" [_thread_blocked, id=25344, stack(0x000000002ddb0000,0x000000002deb0000)]
  0x000000001bafb000 JavaThread "Set STDIO Tab defaults" [_thread_blocked, id=28356, stack(0x000000002dcb0000,0x000000002ddb0000)]
  0x000000001baf9800 JavaThread "Set STDIO Tab defaults" [_thread_blocked, id=28932, stack(0x000000002dab0000,0x000000002dbb0000)]
  0x0000000017dca000 JavaThread "Set STDIO Tab defaults" [_thread_blocked, id=26636, stack(0x000000002d9b0000,0x000000002dab0000)]
  0x0000000017dc9800 JavaThread "Set STDIO Tab defaults" [_thread_blocked, id=25468, stack(0x000000002d8b0000,0x000000002d9b0000)]
  0x0000000017dbc800 JavaThread "Set STDIO Tab defaults" [_thread_blocked, id=16128, stack(0x000000002d7b0000,0x000000002d8b0000)]
  0x00000000190b5000 JavaThread "Set STDIO Tab defaults" [_thread_blocked, id=22092, stack(0x000000005dcf0000,0x000000005ddf0000)]
  0x00000000190b4000 JavaThread "Set STDIO Tab defaults" [_thread_blocked, id=14872, stack(0x000000005daf0000,0x000000005dbf0000)]
  0x00000000190b2800 JavaThread "Set STDIO Tab defaults" [_thread_blocked, id=5288, stack(0x000000005d7f0000,0x000000005d8f0000)]
  0x00000000190b5800 JavaThread "Set STDIO Tab defaults" [_thread_blocked, id=8592, stack(0x000000005d5f0000,0x000000005d6f0000)]
  0x00000000190b0800 JavaThread "Set STDIO Tab defaults" [_thread_blocked, id=12200, stack(0x000000005d0d0000,0x000000005d1d0000)]
  0x00000000190a9000 JavaThread "Set STDIO Tab defaults" [_thread_blocked, id=3172, stack(0x000000005cfd0000,0x000000005d0d0000)]
  0x00000000190af800 JavaThread "Set STDIO Tab defaults" [_thread_blocked, id=4432, stack(0x000000005ced0000,0x000000005cfd0000)]
  0x00000000190a7800 JavaThread "Set STDIO Tab defaults" [_thread_blocked, id=17696, stack(0x000000005ccd0000,0x000000005cdd0000)]
  0x00000000190ab000 JavaThread "Set STDIO Tab defaults" [_thread_blocked, id=21424, stack(0x000000005cbd0000,0x000000005ccd0000)]
  0x00000000190ae000 JavaThread "Set STDIO Tab defaults" [_thread_blocked, id=13300, stack(0x000000005cad0000,0x000000005cbd0000)]
  0x0000000017dbb000 JavaThread "Thread-89" daemon [_thread_blocked, id=3152, stack(0x000000002f6b0000,0x000000002f7b0000)]
  0x0000000018c3a800 JavaThread "TCF Locator DNS Lookup" daemon [_thread_blocked, id=20588, stack(0x00000000241c0000,0x00000000242c0000)]
  0x00000000183b6800 JavaThread "TCF Locator Timer" daemon [_thread_blocked, id=7084, stack(0x00000000240c0000,0x00000000241c0000)]
  0x00000000183b5800 JavaThread "TCF Locator Receiver" daemon [_thread_in_native, id=17240, stack(0x0000000023fc0000,0x00000000240c0000)]
  0x00000000183b4000 JavaThread "TCF Timer Dispatcher" daemon [_thread_blocked, id=7884, stack(0x0000000023dc0000,0x0000000023ec0000)]
  0x00000000157d2000 JavaThread "EMF Reference Cleaner" daemon [_thread_blocked, id=6704, stack(0x0000000017670000,0x0000000017770000)]
  0x0000000013bce000 JavaThread "Service Thread" daemon [_thread_blocked, id=10300, stack(0x00000000157e0000,0x00000000158e0000)]
  0x0000000013b7f800 JavaThread "C1 CompilerThread2" daemon [_thread_blocked, id=16572, stack(0x00000000152e0000,0x00000000153e0000)]
  0x0000000013b7c800 JavaThread "C2 CompilerThread1" daemon [_thread_blocked, id=9064, stack(0x00000000151e0000,0x00000000152e0000)]
  0x0000000013b7a800 JavaThread "C2 CompilerThread0" daemon [_thread_blocked, id=15320, stack(0x00000000150e0000,0x00000000151e0000)]
  0x0000000013b75000 JavaThread "Attach Listener" daemon [_thread_blocked, id=17308, stack(0x0000000014fe0000,0x00000000150e0000)]
  0x0000000013b73800 JavaThread "Signal Dispatcher" daemon [_thread_blocked, id=17968, stack(0x0000000014ee0000,0x0000000014fe0000)]
  0x0000000002749800 JavaThread "Finalizer" daemon [_thread_blocked, id=7912, stack(0x0000000014de0000,0x0000000014ee0000)]
  0x0000000002741800 JavaThread "Reference Handler" daemon [_thread_blocked, id=19504, stack(0x0000000014ce0000,0x0000000014de0000)]
  0x0000000002654000 JavaThread "main" [_thread_blocked, id=17048, stack(0x0000000000050000,0x0000000000150000)]

Other Threads:
=>0x0000000013b38000 VMThread [stack: 0x0000000014be0000,0x0000000014ce0000] [id=5836]

VM state:at safepoint (shutting down)

VM Mutex/Monitor currently owned by a thread:  ([mutex/lock_event])
[0x0000000002650e50] Threads_lock - owner thread: 0x0000000013b38000

Heap:
 PSYoungGen      total 45056K, used 24299K [0x00000000f5580000, 0x00000000f8c80000, 0x0000000100000000)
  eden space 34816K, 63% used [0x00000000f5580000,0x00000000f6b12d70,0x00000000f7780000)
  from space 10240K, 21% used [0x00000000f8200000,0x00000000f8428020,0x00000000f8c00000)
  to   space 10752K, 0% used [0x00000000f7780000,0x00000000f7780000,0x00000000f8200000)
 ParOldGen       total 106496K, used 100668K [0x00000000e0000000, 0x00000000e6800000, 0x00000000f5580000)
  object space 106496K, 94% used [0x00000000e0000000,0x00000000e624f0b8,0x00000000e6800000)
 Metaspace       used 100553K, capacity 107366K, committed 107776K, reserved 1142784K
  class space    used 11340K, capacity 13474K, committed 13568K, reserved 1048576K

Card table byte_map: [0x0000000011b10000,0x0000000011c20000] byte_map_base: 0x0000000011410000

Marking Bits: (ParMarkBitMap*) 0x000000005a444040
 Begin Bits: [0x00000000120d0000, 0x00000000128d0000)
 End Bits:   [0x00000000128d0000, 0x00000000130d0000)

Polling page: 0x0000000002190000

CodeCache: size=245760Kb used=102721Kb max_used=102738Kb free=143038Kb
 bounds [0x0000000002750000, 0x0000000008c90000, 0x0000000011750000]
 total_blobs=24470 nmethods=23605 adapters=769
 compilation: enabled

Compilation events (10 events):
Event: 32016.076 Thread 0x0000000013b7f800 33202       1       org.eclipse.osgi.internal.loader.BundleLoaderProxy::getBasicBundleLoader (5 bytes)
Event: 32016.076 Thread 0x0000000013b7f800 nmethod 33202 0x000000000832f090 code [0x000000000832f1e0, 0x000000000832f2f0]
Event: 32016.076 Thread 0x0000000013b7f800 33203       1       org.eclipse.osgi.internal.loader.BundleLoaderProxy::getBundleData (5 bytes)
Event: 32016.076 Thread 0x0000000013b7f800 nmethod 33203 0x00000000047da7d0 code [0x00000000047da920, 0x00000000047daa30]
Event: 32016.077 Thread 0x0000000013b7c800 33204       4       java.nio.charset.CharsetEncoder::reset (11 bytes)
Event: 32016.078 Thread 0x0000000013b7c800 nmethod 33204 0x00000000044e7310 code [0x00000000044e7440, 0x00000000044e7498]
Event: 32017.512 Thread 0x0000000013b7f800 33205   !   3       org.eclipse.osgi.internal.baseadaptor.BaseStorage::compact (215 bytes)
Event: 32017.515 Thread 0x0000000013b7f800 nmethod 33205 0x0000000004e2cc10 code [0x0000000004e2d060, 0x0000000004e2f528]
Event: 32018.562 Thread 0x0000000013b7f800 33206       3       org.eclipse.osgi.framework.internal.core.AbstractBundle::close (52 bytes)
Event: 32018.563 Thread 0x0000000013b7f800 nmethod 33206 0x0000000004dbf390 code [0x0000000004dbf5c0, 0x0000000004dc02c8]

GC Heap History (10 events):
Event: 31884.689 GC heap before
{Heap before GC invocations=1332 (full 238):
 PSYoungGen      total 44544K, used 44089K [0x00000000f5580000, 0x00000000f8d00000, 0x0000000100000000)
  eden space 37376K, 100% used [0x00000000f5580000,0x00000000f7a00000,0x00000000f7a00000)
  from space 7168K, 93% used [0x00000000f7a80000,0x00000000f810e7c8,0x00000000f8180000)
  to   space 9728K, 0% used [0x00000000f8380000,0x00000000f8380000,0x00000000f8d00000)
 ParOldGen       total 106496K, used 98698K [0x00000000e0000000, 0x00000000e6800000, 0x00000000f5580000)
  object space 106496K, 92% used [0x00000000e0000000,0x00000000e60629c0,0x00000000e6800000)
 Metaspace       used 100051K, capacity 107060K, committed 107392K, reserved 1142784K
  class space    used 11289K, capacity 13439K, committed 13440K, reserved 1048576K
Event: 31884.694 GC heap after
Heap after GC invocations=1332 (full 238):
 PSYoungGen      total 46080K, used 7553K [0x00000000f5580000, 0x00000000f8c80000, 0x0000000100000000)
  eden space 36864K, 0% used [0x00000000f5580000,0x00000000f5580000,0x00000000f7980000)
  from space 9216K, 81% used [0x00000000f8380000,0x00000000f8ae0668,0x00000000f8c80000)
  to   space 9728K, 0% used [0x00000000f7980000,0x00000000f7980000,0x00000000f8300000)
 ParOldGen       total 106496K, used 99063K [0x00000000e0000000, 0x00000000e6800000, 0x00000000f5580000)
  object space 106496K, 93% used [0x00000000e0000000,0x00000000e60bdc78,0x00000000e6800000)
 Metaspace       used 100051K, capacity 107060K, committed 107392K, reserved 1142784K
  class space    used 11289K, capacity 13439K, committed 13440K, reserved 1048576K
}
Event: 31915.451 GC heap before
{Heap before GC invocations=1333 (full 238):
 PSYoungGen      total 46080K, used 44417K [0x00000000f5580000, 0x00000000f8c80000, 0x0000000100000000)
  eden space 36864K, 100% used [0x00000000f5580000,0x00000000f7980000,0x00000000f7980000)
  from space 9216K, 81% used [0x00000000f8380000,0x00000000f8ae0668,0x00000000f8c80000)
  to   space 9728K, 0% used [0x00000000f7980000,0x00000000f7980000,0x00000000f8300000)
 ParOldGen       total 106496K, used 99063K [0x00000000e0000000, 0x00000000e6800000, 0x00000000f5580000)
  object space 106496K, 93% used [0x00000000e0000000,0x00000000e60bdc78,0x00000000e6800000)
 Metaspace       used 100052K, capacity 107060K, committed 107392K, reserved 1142784K
  class space    used 11289K, capacity 13439K, committed 13440K, reserved 1048576K
Event: 31915.455 GC heap after
Heap after GC invocations=1333 (full 238):
 PSYoungGen      total 40448K, used 3792K [0x00000000f5580000, 0x00000000f8c00000, 0x0000000100000000)
  eden space 36352K, 0% used [0x00000000f5580000,0x00000000f5580000,0x00000000f7900000)
  from space 4096K, 92% used [0x00000000f7980000,0x00000000f7d34138,0x00000000f7d80000)
  to   space 9728K, 0% used [0x00000000f8280000,0x00000000f8280000,0x00000000f8c00000)
 ParOldGen       total 106496K, used 99315K [0x00000000e0000000, 0x00000000e6800000, 0x00000000f5580000)
  object space 106496K, 93% used [0x00000000e0000000,0x00000000e60fce18,0x00000000e6800000)
 Metaspace       used 100052K, capacity 107060K, committed 107392K, reserved 1142784K
  class space    used 11289K, capacity 13439K, committed 13440K, reserved 1048576K
}
Event: 31965.268 GC heap before
{Heap before GC invocations=1334 (full 238):
 PSYoungGen      total 40448K, used 40144K [0x00000000f5580000, 0x00000000f8c00000, 0x0000000100000000)
  eden space 36352K, 100% used [0x00000000f5580000,0x00000000f7900000,0x00000000f7900000)
  from space 4096K, 92% used [0x00000000f7980000,0x00000000f7d34138,0x00000000f7d80000)
  to   space 9728K, 0% used [0x00000000f8280000,0x00000000f8280000,0x00000000f8c00000)
 ParOldGen       total 106496K, used 99315K [0x00000000e0000000, 0x00000000e6800000, 0x00000000f5580000)
  object space 106496K, 93% used [0x00000000e0000000,0x00000000e60fce18,0x00000000e6800000)
 Metaspace       used 100054K, capacity 107060K, committed 107392K, reserved 1142784K
  class space    used 11289K, capacity 13439K, committed 13440K, reserved 1048576K
Event: 31965.272 GC heap after
Heap after GC invocations=1334 (full 238):
 PSYoungGen      total 45568K, used 3200K [0x00000000f5580000, 0x00000000f8c80000, 0x0000000100000000)
  eden space 35840K, 0% used [0x00000000f5580000,0x00000000f5580000,0x00000000f7880000)
  from space 9728K, 32% used [0x00000000f8280000,0x00000000f85a0108,0x00000000f8c00000)
  to   space 10240K, 0% used [0x00000000f7880000,0x00000000f7880000,0x00000000f8280000)
 ParOldGen       total 106496K, used 99874K [0x00000000e0000000, 0x00000000e6800000, 0x00000000f5580000)
  object space 106496K, 93% used [0x00000000e0000000,0x00000000e6188b48,0x00000000e6800000)
 Metaspace       used 100054K, capacity 107060K, committed 107392K, reserved 1142784K
  class space    used 11289K, capacity 13439K, committed 13440K, reserved 1048576K
}
Event: 31979.708 GC heap before
{Heap before GC invocations=1335 (full 238):
 PSYoungGen      total 45568K, used 39040K [0x00000000f5580000, 0x00000000f8c80000, 0x0000000100000000)
  eden space 35840K, 100% used [0x00000000f5580000,0x00000000f7880000,0x00000000f7880000)
  from space 9728K, 32% used [0x00000000f8280000,0x00000000f85a0108,0x00000000f8c00000)
  to   space 10240K, 0% used [0x00000000f7880000,0x00000000f7880000,0x00000000f8280000)
 ParOldGen       total 106496K, used 99874K [0x00000000e0000000, 0x00000000e6800000, 0x00000000f5580000)
  object space 106496K, 93% used [0x00000000e0000000,0x00000000e6188b48,0x00000000e6800000)
 Metaspace       used 100055K, capacity 107060K, committed 107392K, reserved 1142784K
  class space    used 11289K, capacity 13439K, committed 13440K, reserved 1048576K
Event: 31979.713 GC heap after
Heap after GC invocations=1335 (full 238):
 PSYoungGen      total 37888K, used 2496K [0x00000000f5580000, 0x00000000f8c00000, 0x0000000100000000)
  eden space 35328K, 0% used [0x00000000f5580000,0x00000000f5580000,0x00000000f7800000)
  from space 2560K, 97% used [0x00000000f7880000,0x00000000f7af0000,0x00000000f7b00000)
  to   space 10240K, 0% used [0x00000000f8200000,0x00000000f8200000,0x00000000f8c00000)
 ParOldGen       total 106496K, used 100628K [0x00000000e0000000, 0x00000000e6800000, 0x00000000f5580000)
  object space 106496K, 94% used [0x00000000e0000000,0x00000000e62450b8,0x00000000e6800000)
 Metaspace       used 100055K, capacity 107060K, committed 107392K, reserved 1142784K
  class space    used 11289K, capacity 13439K, committed 13440K, reserved 1048576K
}
Event: 32013.960 GC heap before
{Heap before GC invocations=1336 (full 238):
 PSYoungGen      total 37888K, used 37824K [0x00000000f5580000, 0x00000000f8c00000, 0x0000000100000000)
  eden space 35328K, 100% used [0x00000000f5580000,0x00000000f7800000,0x00000000f7800000)
  from space 2560K, 97% used [0x00000000f7880000,0x00000000f7af0000,0x00000000f7b00000)
  to   space 10240K, 0% used [0x00000000f8200000,0x00000000f8200000,0x00000000f8c00000)
 ParOldGen       total 106496K, used 100628K [0x00000000e0000000, 0x00000000e6800000, 0x00000000f5580000)
  object space 106496K, 94% used [0x00000000e0000000,0x00000000e62450b8,0x00000000e6800000)
 Metaspace       used 100123K, capacity 107072K, committed 107520K, reserved 1142784K
  class space    used 11297K, capacity 13441K, committed 13568K, reserved 1048576K
Event: 32013.968 GC heap after
Heap after GC invocations=1336 (full 238):
 PSYoungGen      total 45056K, used 2208K [0x00000000f5580000, 0x00000000f8c80000, 0x0000000100000000)
  eden space 34816K, 0% used [0x00000000f5580000,0x00000000f5580000,0x00000000f7780000)
  from space 10240K, 21% used [0x00000000f8200000,0x00000000f8428020,0x00000000f8c00000)
  to   space 10752K, 0% used [0x00000000f7780000,0x00000000f7780000,0x00000000f8200000)
 ParOldGen       total 106496K, used 100668K [0x00000000e0000000, 0x00000000e6800000, 0x00000000f5580000)
  object space 106496K, 94% used [0x00000000e0000000,0x00000000e624f0b8,0x00000000e6800000)
 Metaspace       used 100123K, capacity 107072K, committed 107520K, reserved 1142784K
  class space    used 11297K, capacity 13441K, committed 13568K, reserved 1048576K
}

Deoptimization events (10 events):
Event: 32016.069 Thread 0x00000000190ac000 Uncommon trap: reason=unstable_if action=reinterpret pc=0x00000000053cf894 method=org.eclipse.core.internal.jobs.WorkerPool.startJob(Lorg/eclipse/core/internal/jobs/Worker;)Lorg/eclipse/core/internal/jobs/InternalJob; @ 177
Event: 32016.069 Thread 0x000000001c5e3800 Uncommon trap: reason=unstable_if action=reinterpret pc=0x00000000053cf894 method=org.eclipse.core.internal.jobs.WorkerPool.startJob(Lorg/eclipse/core/internal/jobs/Worker;)Lorg/eclipse/core/internal/jobs/InternalJob; @ 177
Event: 32016.069 Thread 0x0000000018c3d000 Uncommon trap: reason=unstable_if action=reinterpret pc=0x00000000053cf894 method=org.eclipse.core.internal.jobs.WorkerPool.startJob(Lorg/eclipse/core/internal/jobs/Worker;)Lorg/eclipse/core/internal/jobs/InternalJob; @ 177
Event: 32016.069 Thread 0x00000000190a6800 Uncommon trap: reason=unstable_if action=reinterpret pc=0x00000000053cf894 method=org.eclipse.core.internal.jobs.WorkerPool.startJob(Lorg/eclipse/core/internal/jobs/Worker;)Lorg/eclipse/core/internal/jobs/InternalJob; @ 177
Event: 32016.069 Thread 0x000000001bb04000 Uncommon trap: reason=unstable_if action=reinterpret pc=0x00000000053cf894 method=org.eclipse.core.internal.jobs.WorkerPool.startJob(Lorg/eclipse/core/internal/jobs/Worker;)Lorg/eclipse/core/internal/jobs/InternalJob; @ 177
Event: 32016.069 Thread 0x0000000017dc5800 Uncommon trap: reason=unstable_if action=reinterpret pc=0x00000000053cf894 method=org.eclipse.core.internal.jobs.WorkerPool.startJob(Lorg/eclipse/core/internal/jobs/Worker;)Lorg/eclipse/core/internal/jobs/InternalJob; @ 177
Event: 32016.069 Thread 0x00000000190ac800 Uncommon trap: reason=unstable_if action=reinterpret pc=0x00000000053cf894 method=org.eclipse.core.internal.jobs.WorkerPool.startJob(Lorg/eclipse/core/internal/jobs/Worker;)Lorg/eclipse/core/internal/jobs/InternalJob; @ 177
Event: 32016.070 Thread 0x00000000190b3800 Uncommon trap: reason=unstable_if action=reinterpret pc=0x00000000053cf894 method=org.eclipse.core.internal.jobs.WorkerPool.startJob(Lorg/eclipse/core/internal/jobs/Worker;)Lorg/eclipse/core/internal/jobs/InternalJob; @ 177
Event: 32016.079 Thread 0x0000000002654000 Uncommon trap: reason=class_check action=maybe_recompile pc=0x0000000006df37b0 method=java.util.ComparableTimSort.countRunAndMakeAscending([Ljava/lang/Object;II)I @ 36
Event: 32018.562 Thread 0x0000000002654000 Uncommon trap: reason=unstable_if action=reinterpret pc=0x00000000048e52c0 method=sun.reflect.UnsafeStaticObjectFieldAccessorImpl.set(Ljava/lang/Object;Ljava/lang/Object;)V @ 13

Internal exceptions (10 events):
Event: 32014.460 Thread 0x000000001bb05800 Exception <a 'java/lang/InterruptedException'> (0x00000000f6481e80) thrown at [C:\re\workspace\8-2-build-windows-amd64-cygwin\jdk8u45\3627\hotspot\src\share\vm\runtime\objectMonitor.cpp, line 1683]
Event: 32014.530 Thread 0x0000000002654000 Implicit null exception at 0x000000000704a90a to 0x000000000704b916
Event: 32014.533 Thread 0x0000000002654000 Implicit null exception at 0x00000000076e1030 to 0x00000000076e1d64
Event: 32015.708 Thread 0x0000000002654000 Implicit null exception at 0x0000000004d2b61b to 0x0000000004d2bafd
Event: 32015.822 Thread 0x000000001c713000 Exception <a 'java/lang/InterruptedException'> (0x00000000f668dd58) thrown at [C:\re\workspace\8-2-build-windows-amd64-cygwin\jdk8u45\3627\hotspot\src\share\vm\runtime\objectMonitor.cpp, line 1683]
Event: 32016.079 Thread 0x0000000015f3c800 Exception <a 'java/lang/InterruptedException': sleep interrupted> (0x00000000f6943f70) thrown at [C:\re\workspace\8-2-build-windows-amd64-cygwin\jdk8u45\3627\hotspot\src\share\vm\prims\jvm.cpp, line 3211]
Event: 32016.080 Thread 0x00000000197ba800 Exception <a 'java/lang/InterruptedException'> (0x00000000f665c8e0) thrown at [C:\re\workspace\8-2-build-windows-amd64-cygwin\jdk8u45\3627\hotspot\src\share\vm\runtime\objectMonitor.cpp, line 1683]
Event: 32016.111 Thread 0x000000001557f800 Exception <a 'java/lang/InterruptedException'> (0x00000000f6944748) thrown at [C:\re\workspace\8-2-build-windows-amd64-cygwin\jdk8u45\3627\hotspot\src\share\vm\runtime\objectMonitor.cpp, line 1683]
Event: 32018.562 Thread 0x0000000015e7e000 Exception <a 'java/lang/InterruptedException'> (0x00000000f68dfc50) thrown at [C:\re\workspace\8-2-build-windows-amd64-cygwin\jdk8u45\3627\hotspot\src\share\vm\runtime\objectMonitor.cpp, line 1683]
Event: 32018.562 Thread 0x0000000002654000 Implicit null exception at 0x00000000048e4f77 to 0x00000000048e52ad

Events (10 events):
Event: 32018.571 loading class java/util/IdentityHashMap$IdentityHashMapIterator
Event: 32018.572 loading class java/util/IdentityHashMap$IdentityHashMapIterator done
Event: 32018.572 loading class java/util/IdentityHashMap$KeyIterator done
Event: 32018.572 Thread 0x000000001c70c800 Thread added: 0x000000001c70c800
Event: 32018.572 Executing VM operation: RevokeBias
Event: 32018.572 Executing VM operation: RevokeBias done
Event: 32018.572 Executing VM operation: RevokeBias
Event: 32018.572 Executing VM operation: RevokeBias done
Event: 32018.573 Thread 0x000000001c70c800 Thread exited: 0x000000001c70c800
Event: 32018.573 Executing VM operation: Exit


Dynamic libraries:
0x0000000000400000 - 0x000000000044f000 	D:\Xilinx\SDK\2015.4\eclipse\win64.o\eclipse.exe
0x00007fff301a0000 - 0x00007fff30372000 	C:\Windows\SYSTEM32\ntdll.dll
0x00007fff2e140000 - 0x00007fff2e1ec000 	C:\Windows\System32\KERNEL32.DLL
0x00007fff2d510000 - 0x00007fff2d72d000 	C:\Windows\System32\KERNELBASE.dll
0x00007fff2e520000 - 0x00007fff2e685000 	C:\Windows\System32\USER32.dll
0x00007fff2d4f0000 - 0x00007fff2d50e000 	C:\Windows\System32\win32u.dll
0x00007fff2fba0000 - 0x00007fff2fbd4000 	C:\Windows\System32\GDI32.dll
0x00007fff2c6a0000 - 0x00007fff2c820000 	C:\Windows\System32\gdi32full.dll
0x00007fff2fcc0000 - 0x00007fff2fd5e000 	C:\Windows\System32\msvcrt.dll
0x00007fff18f30000 - 0x00007fff191aa000 	C:\Windows\WinSxS\amd64_microsoft.windows.common-controls_6595b64144ccf1df_6.0.14393.953_none_42151e83c686086b\COMCTL32.dll
0x00007fff2d730000 - 0x00007fff2d9f8000 	C:\Windows\System32\combase.dll
0x00007fff2d160000 - 0x00007fff2d255000 	C:\Windows\System32\ucrtbase.dll
0x00007fff30020000 - 0x00007fff30141000 	C:\Windows\System32\RPCRT4.dll
0x00007fff2d430000 - 0x00007fff2d49a000 	C:\Windows\System32\bcryptPrimitives.dll
0x00007fff30150000 - 0x00007fff3017e000 	C:\Windows\System32\IMM32.DLL
0x0000000072000000 - 0x0000000072012000 	D:\Xilinx\SDK\2015.4\eclipse\win64.o\plugins\org.eclipse.equinox.launcher.win32.win32.x86_64_1.1.200.v20140116-2212\eclipse_1503.dll
0x00007fff2fdc0000 - 0x00007fff2fe62000 	C:\Windows\System32\ADVAPI32.dll
0x00007fff2e420000 - 0x00007fff2e479000 	C:\Windows\System32\sechost.dll
0x00007fff282d0000 - 0x00007fff282da000 	C:\Windows\SYSTEM32\VERSION.dll
0x00007fff2aed0000 - 0x00007fff2af65000 	C:\Windows\system32\uxtheme.dll
0x00007fff2e2c0000 - 0x00007fff2e41a000 	C:\Windows\System32\MSCTF.dll
0x00007fff2e1f0000 - 0x00007fff2e2af000 	C:\Windows\System32\OLEAUT32.dll
0x00007fff2d0c0000 - 0x00007fff2d15c000 	C:\Windows\System32\msvcp_win.dll
0x0000000059c40000 - 0x000000005a4c3000 	D:\Xilinx\SDK\2015.4\tps\win64\jre\bin\server\jvm.dll
0x00007fff2dca0000 - 0x00007fff2dca8000 	C:\Windows\System32\PSAPI.DLL
0x00007fff24230000 - 0x00007fff24239000 	C:\Windows\SYSTEM32\WSOCK32.dll
0x00007fff2a9a0000 - 0x00007fff2a9c3000 	C:\Windows\SYSTEM32\WINMM.dll
0x000000005d290000 - 0x000000005d362000 	C:\Windows\SYSTEM32\MSVCR100.dll
0x00007fff2fc50000 - 0x00007fff2fcba000 	C:\Windows\System32\WS2_32.dll
0x00007fff2a930000 - 0x00007fff2a95b000 	C:\Windows\SYSTEM32\WINMMBASE.dll
0x00007fff2d4a0000 - 0x00007fff2d4e2000 	C:\Windows\System32\cfgmgr32.dll
0x0000000059b00000 - 0x0000000059b0f000 	D:\Xilinx\SDK\2015.4\tps\win64\jre\bin\verify.dll
0x0000000059ad0000 - 0x0000000059af9000 	D:\Xilinx\SDK\2015.4\tps\win64\jre\bin\java.dll
0x0000000059ab0000 - 0x0000000059ac6000 	D:\Xilinx\SDK\2015.4\tps\win64\jre\bin\zip.dll
0x00007fff2e690000 - 0x00007fff2fb98000 	C:\Windows\System32\SHELL32.dll
0x00007fff2c930000 - 0x00007fff2d008000 	C:\Windows\System32\windows.storage.dll
0x00007fff2c630000 - 0x00007fff2c67c000 	C:\Windows\System32\powrprof.dll
0x00007fff2fe70000 - 0x00007fff2fec2000 	C:\Windows\System32\shlwapi.dll
0x00007fff2c690000 - 0x00007fff2c69f000 	C:\Windows\System32\kernel.appcore.dll
0x00007fff2c880000 - 0x00007fff2c929000 	C:\Windows\System32\shcore.dll
0x00007fff2c610000 - 0x00007fff2c624000 	C:\Windows\System32\profapi.dll
0x00007fff2c090000 - 0x00007fff2c0a7000 	C:\Windows\SYSTEM32\CRYPTSP.dll
0x00007fff2bae0000 - 0x00007fff2bb13000 	C:\Windows\system32\rsaenh.dll
0x00007fff2c550000 - 0x00007fff2c57b000 	C:\Windows\SYSTEM32\bcrypt.dll
0x00007fff2bd60000 - 0x00007fff2bd7f000 	C:\Windows\SYSTEM32\USERENV.dll
0x00007fff2c080000 - 0x00007fff2c08b000 	C:\Windows\SYSTEM32\CRYPTBASE.dll
0x0000000059a90000 - 0x0000000059aaa000 	D:\Xilinx\SDK\2015.4\tps\win64\jre\bin\net.dll
0x00007fff2bee0000 - 0x00007fff2bf3c000 	C:\Windows\system32\mswsock.dll
0x00007fff2bc60000 - 0x00007fff2bc98000 	C:\Windows\SYSTEM32\IPHLPAPI.DLL
0x00007fff2e2b0000 - 0x00007fff2e2b8000 	C:\Windows\System32\NSI.dll
0x00007fff24590000 - 0x00007fff245a6000 	C:\Windows\SYSTEM32\dhcpcsvc6.DLL
0x00007fff24860000 - 0x00007fff2487a000 	C:\Windows\SYSTEM32\dhcpcsvc.DLL
0x0000000059a70000 - 0x0000000059a81000 	D:\Xilinx\SDK\2015.4\tps\win64\jre\bin\nio.dll
0x00007fff196c0000 - 0x00007fff196d6000 	C:\Windows\system32\napinsp.dll
0x00007fff196e0000 - 0x00007fff196fa000 	C:\Windows\system32\pnrpnsp.dll
0x00007fff28800000 - 0x00007fff28818000 	C:\Windows\system32\NLAapi.dll
0x00007fff2bca0000 - 0x00007fff2bd41000 	C:\Windows\SYSTEM32\DNSAPI.dll
0x00007fff1eba0000 - 0x00007fff1ebae000 	C:\Windows\System32\winrnr.dll
0x0000000063560000 - 0x0000000063569000 	C:\Program Files\National Instruments\Shared\mDNS Responder\nimdnsNSP.dll
0x0000000063550000 - 0x000000006355e000 	C:\Windows\SYSTEM32\nimdnsResponder.dll
0x000000005d540000 - 0x000000005d5e3000 	C:\Windows\WinSxS\amd64_microsoft.vc90.crt_1fc8b3b9a1e18e3b_9.0.30729.9247_none_08e394a1a83e212f\MSVCR90.dll
0x000000005d510000 - 0x000000005d536000 	C:\Program Files\Bonjour\mdnsNSP.dll
0x00007fff22f20000 - 0x00007fff22f2a000 	C:\Windows\System32\rasadhlp.dll
0x00007fff245c0000 - 0x00007fff2462a000 	C:\Windows\System32\fwpuclnt.dll
0x0000000016720000 - 0x00000000167c8000 	C:\Users\4230\.Xilinx\SDK\2015.4\org.eclipse.osgi\bundles\303\1\.cp\swt-win32-4335.dll
0x00007fff2fee0000 - 0x00007fff30018000 	C:\Windows\System32\ole32.dll
0x00007fff2da00000 - 0x00007fff2dafa000 	C:\Windows\System32\comdlg32.dll
0x00007fff2d260000 - 0x00007fff2d429000 	C:\Windows\System32\CRYPT32.dll
0x00007fff23580000 - 0x00007fff23606000 	C:\Windows\SYSTEM32\WINSPOOL.DRV
0x00007fff2c680000 - 0x00007fff2c690000 	C:\Windows\System32\MSASN1.dll
0x00007fff16050000 - 0x00007fff1631a000 	C:\Windows\SYSTEM32\WININET.dll
0x00007fff180f0000 - 0x00007fff18109000 	C:\Windows\SYSTEM32\USP10.dll
0x00007fff2a300000 - 0x00007fff2a326000 	C:\Windows\system32\dwmapi.dll
0x00007fff2a0b0000 - 0x00007fff2a235000 	C:\Windows\SYSTEM32\propsys.dll
0x00007fff2e480000 - 0x00007fff2e51f000 	C:\Windows\System32\clbcatq.dll
0x0000000016e80000 - 0x0000000016e9e000 	C:\Users\4230\.Xilinx\SDK\2015.4\org.eclipse.osgi\bundles\303\1\.cp\swt-gdip-win32-4335.dll
0x00007fff157c0000 - 0x00007fff15959000 	C:\Windows\WinSxS\amd64_microsoft.windows.gdiplus_6595b64144ccf1df_1.1.14393.1715_none_aec701fbddd850fa\gdiplus.dll
0x00007fff297a0000 - 0x00007fff29948000 	C:\Windows\SYSTEM32\WindowsCodecs.dll
0x0000000180000000 - 0x0000000180012000 	C:\Users\4230\.Xilinx\SDK\2015.4\org.eclipse.osgi\bundles\121\1\.cp\os\win32\x86_64\localfile_1_0_0.dll
0x00007fff180d0000 - 0x00007fff180e1000 	C:\Users\4230\.Xilinx\SDK\2015.4\org.eclipse.osgi\bundles\124\1\.cp\jWinHttp-1.0.0.dll
0x00007fff29950000 - 0x00007fff29a1d000 	C:\Windows\SYSTEM32\WINHTTP.dll
0x00007fff22150000 - 0x00007fff221b5000 	C:\Windows\SYSTEM32\oleacc.dll
0x00007fff26900000 - 0x00007fff2690f000 	D:\Xilinx\SDK\2015.4\lib\win64.o\librdi_repo_manager.dll
0x00007fff18040000 - 0x00007fff1806a000 	D:\Xilinx\SDK\2015.4\lib\win64.o\libisl_sysinfo.dll
0x00007fff18070000 - 0x00007fff180c4000 	D:\Xilinx\SDK\2015.4\lib\win64.o\librdi_commonxillic.dll
0x00007ffee4c20000 - 0x00007ffee55ad000 	D:\Xilinx\SDK\2015.4\lib\win64.o\librdi_common.dll
0x00007fff17af0000 - 0x00007fff17b97000 	C:\Windows\SYSTEM32\MSVCP110.dll
0x00007fff17ba0000 - 0x00007fff17c74000 	C:\Windows\SYSTEM32\MSVCR110.dll
0x00007fff18010000 - 0x00007fff18032000 	D:\Xilinx\SDK\2015.4\lib\win64.o\libboost_filesystem.dll
0x00007fff0fd90000 - 0x00007fff0ffae000 	D:\Xilinx\SDK\2015.4\lib\win64.o\libXil_lmgr11.dll
0x00007fff08040000 - 0x00007fff0813a000 	D:\Xilinx\SDK\2015.4\lib\win64.o\libboost_regex.dll
0x00007fff2c820000 - 0x00007fff2c875000 	C:\Windows\System32\WINTRUST.dll
0x00007fff24660000 - 0x00007fff24669000 	D:\Xilinx\SDK\2015.4\lib\win64.o\libboost_system.dll
0x00007ffee3540000 - 0x00007ffee38ae000 	D:\Xilinx\SDK\2015.4\lib\win64.o\libCOIN-all.dll
0x00007fff17ab0000 - 0x00007fff17ac0000 	D:\Xilinx\SDK\2015.4\lib\win64.o\libboost_date_time.dll
0x00007ffee2f10000 - 0x00007ffee30fc000 	D:\Xilinx\SDK\2015.4\lib\win64.o\librdi_hsm.dll
0x00007fff08d50000 - 0x00007fff08dc4000 	D:\Xilinx\SDK\2015.4\lib\win64.o\libboost_program_options.dll
0x00007fff0fd70000 - 0x00007fff0fd83000 	D:\Xilinx\SDK\2015.4\lib\win64.o\libboost_signals.dll
0x00007fff175a0000 - 0x00007fff175ab000 	D:\Xilinx\SDK\2015.4\lib\win64.o\libboost_xilinx.dll
0x00007fff0fd50000 - 0x00007fff0fd6d000 	D:\Xilinx\SDK\2015.4\lib\win64.o\libboost_thread.dll
0x00007fff07fc0000 - 0x00007fff08040000 	D:\Xilinx\SDK\2015.4\lib\win64.o\libhdlpsolve.dll
0x00007fff05080000 - 0x00007fff0511a000 	D:\Xilinx\SDK\2015.4\lib\win64.o\libhdxml.dll
0x00007ffee3100000 - 0x00007ffee3534e00 	D:\Xilinx\SDK\2015.4\lib\win64.o\libisl_iostreams.dll
0x00007ffee4af0000 - 0x00007ffee4c20000 	D:\Xilinx\SDK\2015.4\lib\win64.o\librdi_curl.dll
0x00007fff0fd30000 - 0x00007fff0fd48000 	D:\Xilinx\SDK\2015.4\lib\win64.o\librdiconfig.dll
0x00007fff0b580000 - 0x00007fff0b5a3000 	D:\Xilinx\SDK\2015.4\lib\win64.o\librdizlib.dll
0x0000000059b10000 - 0x0000000059c37000 	D:\Xilinx\SDK\2015.4\lib\win64.o\tcl85t.dll
0x00007fff20c30000 - 0x00007fff20df3000 	C:\Windows\SYSTEM32\urlmon.dll
0x00007fff24f40000 - 0x00007fff24f63000 	C:\Windows\SYSTEM32\VCOMP110.DLL
0x0000000024af0000 - 0x0000000024d53000 	D:\Xilinx\SDK\2015.4\lib\win64.o\xerces-c_3_1.dll
0x00007fff22f00000 - 0x00007fff22f18000 	C:\Windows\SYSTEM32\NETAPI32.dll
0x00007fff174f0000 - 0x00007fff174fb000 	D:\Xilinx\SDK\2015.4\lib\win64.o\libboost_chrono.dll
0x00007fff0b560000 - 0x00007fff0b576000 	D:\Xilinx\SDK\2015.4\lib\win64.o\libboost_iostreams.dll
0x00007fff0b2b0000 - 0x00007fff0b2d3000 	D:\Xilinx\SDK\2015.4\lib\win64.o\libisl_iosutils.dll
0x00007fff255c0000 - 0x00007fff25865000 	C:\Windows\SYSTEM32\iertutil.dll
0x00007fff0b540000 - 0x00007fff0b555000 	D:\Xilinx\SDK\2015.4\lib\win64.o\pthreadVC2.dll
0x00007ffee2cb0000 - 0x00007ffee2f05000 	D:\Xilinx\SDK\2015.4\lib\win64.o\librdi_ippcw.dll
0x00007fff09a70000 - 0x00007fff09ab3000 	D:\Xilinx\SDK\2015.4\lib\win64.o\librdi_hdf.dll
0x00007fff29b10000 - 0x00007fff29b17000 	C:\Windows\SYSTEM32\msimg32.dll
0x00007fff1c130000 - 0x00007fff1c172000 	C:\Windows\SYSTEM32\edputil.dll
0x00007ffee0d50000 - 0x00007ffee1560000 	D:\Xilinx\SDK\2015.4\lib\win64.o\libXil_lmgr11FNP.dll
0x00007fff2dd10000 - 0x00007fff2e139000 	C:\Windows\System32\SETUPAPI.dll
0x00007fff16320000 - 0x00007fff1632c000 	C:\Windows\SYSTEM32\snmpapi.dll
0x00007fff2c280000 - 0x00007fff2c2ac000 	C:\Windows\SYSTEM32\SspiCli.dll
0x00007fff2b2e0000 - 0x00007fff2b308000 	C:\Windows\SYSTEM32\DEVOBJ.dll
0x00007fff10120000 - 0x00007fff10136000 	D:\Xilinx\SDK\2015.4\eclipse\win64.o\plugins\org.eclipse.cdt.core.win32.x86_64_5.2.0.201402142303\os\win32\x86_64\spawner.dll
0x00007fff24d20000 - 0x00007fff24d2a000 	D:\Xilinx\SDK\2015.4\lib\win64.o\librdi_jtag_settings.dll
0x00007fff09890000 - 0x00007fff098b9000 	D:\Xilinx\SDK\2015.4\lib\win64.o\librdi_debug_dialog.dll

VM Arguments:
jvm_args: -Dcom.xilinx.sdk.args.hwspec=D:/simka/project_1/project_1.sdk/system_top_wrapper.hdf -Xms64m -Xmx512m & 
java_command: <unknown>
java_class_path (initial): D:\Xilinx\SDK\2015.4\eclipse\win64.o\\plugins/org.eclipse.equinox.launcher_1.3.0.v20130327-1440.jar
Launcher Type: generic

Environment Variables:
JAVA_HOME=C:\Program Files\Java\jdk1.8.0_121
USERNAME=4230
OS=Windows_NT
PROCESSOR_IDENTIFIER=Intel64 Family 6 Model 94 Stepping 3, GenuineIntel



---------------  S Y S T E M  ---------------

OS: Windows 10.0 , 64 bit Build 14393 (10.0.14393.1198)

CPU:total 4 (4 cores per cpu, 1 threads per core) family 6 model 94 stepping 3, cmov, cx8, fxsr, mmx, sse, sse2, sse3, ssse3, sse4.1, sse4.2, popcnt, avx, avx2, aes, clmul, erms, 3dnowpref, lzcnt, tsc, tscinvbit, bmi1, bmi2, adx

Memory: 4k page, physical 8343204k(3515832k free), swap 9784996k(4600804k free)

vm_info: Java HotSpot(TM) 64-Bit Server VM (25.45-b02) for windows-amd64 JRE (1.8.0_45-b15), built on Apr 30 2015 12:40:44 by "java_re" with MS VC++ 10.0 (VS2010)

time: Wed Nov 22 17:16:23 2017
elapsed time: 32019 seconds (0d 8h 53m 39s)

