#
# A fatal error has been detected by the Java Runtime Environment:
#
#  EXCEPTION_UNCAUGHT_CXX_EXCEPTION (0xe06d7363) at pc=0x00007fff2d543c58, pid=38036, tid=48780
#
# JRE version: Java(TM) SE Runtime Environment (8.0_45-b15) (build 1.8.0_45-b15)
# Java VM: Java HotSpot(TM) 64-Bit Server VM (25.45-b02 mixed mode windows-amd64 compressed oops)
# Problematic frame:
# C  [KERNELBASE.dll+0x33c58]
#
# Failed to write core dump. Minidumps are not enabled by default on client versions of Windows
#
# If you would like to submit a bug report, please visit:
#   http://bugreport.java.com/bugreport/crash.jsp
#

---------------  T H R E A D  ---------------

Current thread (0x0000000013ba8000):  VMThread [stack: 0x0000000014c50000,0x0000000014d50000] [id=48780]

siginfo: ExceptionCode=0xe06d7363, ExceptionInformation=0x0000000019930520 0x0000000014d4f648 0x00007fff0a142cb8 0x00007fff0a090000 

Registers:
RAX=0x004c0044002e006c, RBX=0x00007fff0a142cb8, RCX=0x000000000000004c, RDX=0x0000000000000000
RSP=0x0000000014d4f490, RBP=0x0000000014d4f5d0, RSI=0x00000000ffffffff, RDI=0x00000000249fe680
R8 =0x0000000000000000, R9 =0x0000000000000000, R10=0x0000000000000000, R11=0x0000000000000000
R12=0x0000000000000001, R13=0x0000000000000008, R14=0x0000000000000000, R15=0xffffffffffffffff
RIP=0x00007fff2d543c58, EFLAGS=0x0000000000000206

Top of Stack: (sp=0x0000000014d4f490)
0x0000000014d4f490:   0000000000000000 00007fff0a142cb8
0x0000000014d4f4a0:   00000000ffffffff 00000000249fe680
0x0000000014d4f4b0:   00000001e06d7363 0000000000000000
0x0000000014d4f4c0:   00007fff2d543c58 0000000000000004
0x0000000014d4f4d0:   0000000019930520 0000000014d4f648
0x0000000014d4f4e0:   00007fff0a142cb8 00007fff0a090000
0x0000000014d4f4f0:   0000000000000008 0000000000000001
0x0000000014d4f500:   00000000249fe680 00000000ffffffff
0x0000000014d4f510:   0000000014d4f5d0 00007fff301ec28f
0x0000000014d4f520:   0000000014d4f5e0 0000000000000000
0x0000000014d4f530:   0000f011734f579c 0000000000000001
0x0000000014d4f540:   00007fff0a159000 00007fff0a090000
0x0000000014d4f550:   00002659abe2a943 000000000000003f
0x0000000014d4f560:   00007fff0a142cb8 00007fff0a0ee92c
0x0000000014d4f570:   000000000000001f 0000000000000008
0x0000000014d4f580:   0000000000000001 00000000249fe680 

Instructions: (pc=0x00007fff2d543c58)
0x00007fff2d543c38:   49 8b d1 44 0f 47 c0 44 89 44 24 38 49 c1 e0 03
0x00007fff2d543c48:   e8 47 90 04 00 48 8d 4c 24 20 ff 15 c0 44 11 00
0x00007fff2d543c58:   48 8b 8c 24 c0 00 00 00 48 33 cc e8 d8 55 04 00
0x00007fff2d543c68:   48 81 c4 d8 00 00 00 c3 83 64 24 38 00 eb d6 cc 


Register to memory mapping:

RAX=0x004c0044002e006c is an unknown value
RBX=0x00007fff0a142cb8 is an unknown value
RCX=0x000000000000004c is an unknown value
RDX=0x0000000000000000 is an unknown value
RSP=0x0000000014d4f490 is an unknown value
RBP=0x0000000014d4f5d0 is an unknown value
RSI=0x00000000ffffffff is an unallocated location in the heap
RDI=0x00000000249fe680 is an unknown value
R8 =0x0000000000000000 is an unknown value
R9 =0x0000000000000000 is an unknown value
R10=0x0000000000000000 is an unknown value
R11=0x0000000000000000 is an unknown value
R12=0x0000000000000001 is an unknown value
R13=0x0000000000000008 is an unknown value
R14=0x0000000000000000 is an unknown value
R15=0xffffffffffffffff is an unknown value


Stack: [0x0000000014c50000,0x0000000014d50000],  sp=0x0000000014d4f490,  free space=1021k
Native frames: (J=compiled Java code, j=interpreted, Vv=VM code, C=native code)
C  [KERNELBASE.dll+0x33c58]
C  [MSVCR110.dll+0x5e92c]
C  [MSVCR110.dll+0x1315c]
C  [MSVCR110.dll+0x136a9]
C  [MSVCR110.dll+0x13e9c]
C  [MSVCR110.dll+0x239e]
C  [MSVCR110.dll+0xaf9e]
C  [MSVCP110.dll+0x397b9]
C  [librdi_common.dll+0x14283e]
C  [librdi_common.dll+0x141449]
C  0x00007fff24f02400
C  0x00007fff24f02682
C  [ntdll.dll+0x2a37f]
C  [ntdll.dll+0x806b]
C  [ntdll.dll+0x7d94]
C  [KERNEL32.DLL+0x1ce6a]
C  [MSVCR100.dll+0x20ccd]
V  [jvm.dll+0x20f135]
V  [jvm.dll+0x247ef7]
V  [jvm.dll+0x247196]
V  [jvm.dll+0x247631]
V  [jvm.dll+0x24784e]
V  [jvm.dll+0x29853a]
C  [MSVCR100.dll+0x21d9f]
C  [MSVCR100.dll+0x21e3b]
C  [KERNEL32.DLL+0x8364]
C  [ntdll.dll+0x67091]

VM_Operation (0x000000000014f500): Exit, mode: safepoint, requested by thread 0x00000000026c4000


---------------  P R O C E S S  ---------------

Java Threads: ( => current thread )
  0x00000000163fe000 JavaThread "pool-2-thread-1" [_thread_blocked, id=164248, stack(0x0000000040d90000,0x0000000040e90000)]
  0x000000001c397800 JavaThread "Set STDIO Tab defaults" [_thread_blocked, id=161780, stack(0x0000000040a90000,0x0000000040b90000)]
  0x000000001c396000 JavaThread "Set STDIO Tab defaults" [_thread_blocked, id=161416, stack(0x0000000040990000,0x0000000040a90000)]
  0x000000001c393000 JavaThread "Thread-18" daemon [_thread_blocked, id=58316, stack(0x0000000027c90000,0x0000000027d90000)]
  0x0000000019aef000 JavaThread "TCF Locator DNS Lookup" daemon [_thread_blocked, id=54184, stack(0x0000000021db0000,0x0000000021eb0000)]
  0x0000000019af4800 JavaThread "TCF Locator Timer" daemon [_thread_in_native, id=46620, stack(0x0000000021cb0000,0x0000000021db0000)]
  0x0000000019af2000 JavaThread "TCF Locator Receiver" daemon [_thread_in_native, id=57084, stack(0x0000000021bb0000,0x0000000021cb0000)]
  0x0000000019af3800 JavaThread "TCF Timer Dispatcher" daemon [_thread_blocked, id=46304, stack(0x00000000217b0000,0x00000000218b0000)]
  0x000000001566d800 JavaThread "EMF Reference Cleaner" daemon [_thread_blocked, id=53080, stack(0x0000000018560000,0x0000000018660000)]
  0x0000000015468800 JavaThread "Service Thread" daemon [_thread_blocked, id=47192, stack(0x0000000015850000,0x0000000015950000)]
  0x0000000013bef800 JavaThread "C1 CompilerThread2" daemon [_thread_blocked, id=49388, stack(0x0000000015350000,0x0000000015450000)]
  0x0000000013bec800 JavaThread "C2 CompilerThread1" daemon [_thread_blocked, id=48268, stack(0x0000000015250000,0x0000000015350000)]
  0x0000000013bea800 JavaThread "C2 CompilerThread0" daemon [_thread_blocked, id=119276, stack(0x0000000015150000,0x0000000015250000)]
  0x0000000013be5000 JavaThread "Attach Listener" daemon [_thread_blocked, id=47284, stack(0x0000000015050000,0x0000000015150000)]
  0x0000000013be3800 JavaThread "Signal Dispatcher" daemon [_thread_blocked, id=50492, stack(0x0000000014f50000,0x0000000015050000)]
  0x00000000027b9800 JavaThread "Finalizer" daemon [_thread_blocked, id=48308, stack(0x0000000014e50000,0x0000000014f50000)]
  0x00000000027b1800 JavaThread "Reference Handler" daemon [_thread_blocked, id=48964, stack(0x0000000014d50000,0x0000000014e50000)]
  0x00000000026c4000 JavaThread "main" [_thread_blocked, id=768, stack(0x0000000000050000,0x0000000000150000)]

Other Threads:
=>0x0000000013ba8000 VMThread [stack: 0x0000000014c50000,0x0000000014d50000] [id=48780]

VM state:at safepoint (shutting down)

VM Mutex/Monitor currently owned by a thread:  ([mutex/lock_event])
[0x00000000026c0150] Threads_lock - owner thread: 0x0000000013ba8000

Heap:
 PSYoungGen      total 42496K, used 32056K [0x00000000f5580000, 0x00000000f8000000, 0x0000000100000000)
  eden space 41472K, 77% used [0x00000000f5580000,0x00000000f74ce250,0x00000000f7e00000)
  from space 1024K, 0% used [0x00000000f7f00000,0x00000000f7f00000,0x00000000f8000000)
  to   space 1024K, 0% used [0x00000000f7e00000,0x00000000f7e00000,0x00000000f7f00000)
 ParOldGen       total 72192K, used 41376K [0x00000000e0000000, 0x00000000e4680000, 0x00000000f5580000)
  object space 72192K, 57% used [0x00000000e0000000,0x00000000e2868330,0x00000000e4680000)
 Metaspace       used 87890K, capacity 94756K, committed 95104K, reserved 1132544K
  class space    used 10560K, capacity 12662K, committed 12672K, reserved 1048576K

Card table byte_map: [0x0000000011b80000,0x0000000011c90000] byte_map_base: 0x0000000011480000

Marking Bits: (ParMarkBitMap*) 0x000000005ad24040
 Begin Bits: [0x0000000012140000, 0x0000000012940000)
 End Bits:   [0x0000000012940000, 0x0000000013140000)

Polling page: 0x0000000000490000

CodeCache: size=245760Kb used=49151Kb max_used=49380Kb free=196609Kb
 bounds [0x00000000027c0000, 0x0000000005870000, 0x00000000117c0000]
 total_blobs=14122 nmethods=13260 adapters=769
 compilation: enabled

Compilation events (10 events):
Event: 4798.893 Thread 0x0000000013bef800 17413       3       java.util.WeakHashMap::isEmpty (13 bytes)
Event: 4798.894 Thread 0x0000000013bef800 nmethod 17413 0x0000000005666c10 code [0x0000000005666d80, 0x00000000056670a8]
Event: 4798.894 Thread 0x0000000013bef800 17409  s    3       org.eclipse.equinox.internal.ds.model.ServiceComponentProp::setState (6 bytes)
Event: 4798.894 Thread 0x0000000013bef800 nmethod 17409 0x0000000003fdae90 code [0x0000000003fdafe0, 0x0000000003fdb290]
Event: 4802.310 Thread 0x0000000013bef800 17415   !   3       org.eclipse.osgi.internal.baseadaptor.BaseStorage::compact (215 bytes)
Event: 4802.316 Thread 0x0000000013bef800 nmethod 17415 0x000000000533a3d0 code [0x000000000533a820, 0x000000000533cce8]
Event: 4806.681 Thread 0x0000000013bea800 17416       4       java.io.File::isDirectory (43 bytes)
Event: 4806.685 Thread 0x0000000013bea800 nmethod 17416 0x0000000003febd50 code [0x0000000003febea0, 0x0000000003fec0a8]
Event: 4807.468 Thread 0x0000000013bef800 17417       3       org.eclipse.osgi.framework.internal.core.AbstractBundle::close (52 bytes)
Event: 4807.470 Thread 0x0000000013bef800 nmethod 17417 0x0000000002c9b190 code [0x0000000002c9b3c0, 0x0000000002c9c0c8]

GC Heap History (10 events):
Event: 4634.052 GC heap before
{Heap before GC invocations=206 (full 64):
 PSYoungGen      total 42496K, used 160K [0x00000000f5580000, 0x00000000f8000000, 0x0000000100000000)
  eden space 41472K, 0% used [0x00000000f5580000,0x00000000f5580000,0x00000000f7e00000)
  from space 1024K, 15% used [0x00000000f7f00000,0x00000000f7f28000,0x00000000f8000000)
  to   space 1024K, 0% used [0x00000000f7e00000,0x00000000f7e00000,0x00000000f7f00000)
 ParOldGen       total 72192K, used 41520K [0x00000000e0000000, 0x00000000e4680000, 0x00000000f5580000)
  object space 72192K, 57% used [0x00000000e0000000,0x00000000e288c2c8,0x00000000e4680000)
 Metaspace       used 87089K, capacity 93880K, committed 94336K, reserved 1130496K
  class space    used 10471K, capacity 12564K, committed 12672K, reserved 1048576K
Event: 4634.163 GC heap after
Heap after GC invocations=206 (full 64):
 PSYoungGen      total 42496K, used 0K [0x00000000f5580000, 0x00000000f8000000, 0x0000000100000000)
  eden space 41472K, 0% used [0x00000000f5580000,0x00000000f5580000,0x00000000f7e00000)
  from space 1024K, 0% used [0x00000000f7f00000,0x00000000f7f00000,0x00000000f8000000)
  to   space 1024K, 0% used [0x00000000f7e00000,0x00000000f7e00000,0x00000000f7f00000)
 ParOldGen       total 72192K, used 41367K [0x00000000e0000000, 0x00000000e4680000, 0x00000000f5580000)
  object space 72192K, 57% used [0x00000000e0000000,0x00000000e2865ef0,0x00000000e4680000)
 Metaspace       used 87089K, capacity 93880K, committed 94336K, reserved 1130496K
  class space    used 10471K, capacity 12564K, committed 12672K, reserved 1048576K
}
Event: 4694.067 GC heap before
{Heap before GC invocations=207 (full 64):
 PSYoungGen      total 42496K, used 2566K [0x00000000f5580000, 0x00000000f8000000, 0x0000000100000000)
  eden space 41472K, 6% used [0x00000000f5580000,0x00000000f5801aa8,0x00000000f7e00000)
  from space 1024K, 0% used [0x00000000f7f00000,0x00000000f7f00000,0x00000000f8000000)
  to   space 1024K, 0% used [0x00000000f7e00000,0x00000000f7e00000,0x00000000f7f00000)
 ParOldGen       total 72192K, used 41367K [0x00000000e0000000, 0x00000000e4680000, 0x00000000f5580000)
  object space 72192K, 57% used [0x00000000e0000000,0x00000000e2865ef0,0x00000000e4680000)
 Metaspace       used 87089K, capacity 93880K, committed 94336K, reserved 1130496K
  class space    used 10471K, capacity 12564K, committed 12672K, reserved 1048576K
Event: 4694.069 GC heap after
Heap after GC invocations=207 (full 64):
 PSYoungGen      total 42496K, used 128K [0x00000000f5580000, 0x00000000f8000000, 0x0000000100000000)
  eden space 41472K, 0% used [0x00000000f5580000,0x00000000f5580000,0x00000000f7e00000)
  from space 1024K, 12% used [0x00000000f7e00000,0x00000000f7e20000,0x00000000f7f00000)
  to   space 1024K, 0% used [0x00000000f7f00000,0x00000000f7f00000,0x00000000f8000000)
 ParOldGen       total 72192K, used 41367K [0x00000000e0000000, 0x00000000e4680000, 0x00000000f5580000)
  object space 72192K, 57% used [0x00000000e0000000,0x00000000e2865ef0,0x00000000e4680000)
 Metaspace       used 87089K, capacity 93880K, committed 94336K, reserved 1130496K
  class space    used 10471K, capacity 12564K, committed 12672K, reserved 1048576K
}
Event: 4694.069 GC heap before
{Heap before GC invocations=208 (full 65):
 PSYoungGen      total 42496K, used 128K [0x00000000f5580000, 0x00000000f8000000, 0x0000000100000000)
  eden space 41472K, 0% used [0x00000000f5580000,0x00000000f5580000,0x00000000f7e00000)
  from space 1024K, 12% used [0x00000000f7e00000,0x00000000f7e20000,0x00000000f7f00000)
  to   space 1024K, 0% used [0x00000000f7f00000,0x00000000f7f00000,0x00000000f8000000)
 ParOldGen       total 72192K, used 41367K [0x00000000e0000000, 0x00000000e4680000, 0x00000000f5580000)
  object space 72192K, 57% used [0x00000000e0000000,0x00000000e2865ef0,0x00000000e4680000)
 Metaspace       used 87089K, capacity 93880K, committed 94336K, reserved 1130496K
  class space    used 10471K, capacity 12564K, committed 12672K, reserved 1048576K
Event: 4694.151 GC heap after
Heap after GC invocations=208 (full 65):
 PSYoungGen      total 42496K, used 0K [0x00000000f5580000, 0x00000000f8000000, 0x0000000100000000)
  eden space 41472K, 0% used [0x00000000f5580000,0x00000000f5580000,0x00000000f7e00000)
  from space 1024K, 0% used [0x00000000f7e00000,0x00000000f7e00000,0x00000000f7f00000)
  to   space 1024K, 0% used [0x00000000f7f00000,0x00000000f7f00000,0x00000000f8000000)
 ParOldGen       total 72192K, used 41367K [0x00000000e0000000, 0x00000000e4680000, 0x00000000f5580000)
  object space 72192K, 57% used [0x00000000e0000000,0x00000000e2865ef0,0x00000000e4680000)
 Metaspace       used 87089K, capacity 93880K, committed 94336K, reserved 1130496K
  class space    used 10471K, capacity 12564K, committed 12672K, reserved 1048576K
}
Event: 4754.077 GC heap before
{Heap before GC invocations=209 (full 65):
 PSYoungGen      total 42496K, used 2709K [0x00000000f5580000, 0x00000000f8000000, 0x0000000100000000)
  eden space 41472K, 6% used [0x00000000f5580000,0x00000000f5825790,0x00000000f7e00000)
  from space 1024K, 0% used [0x00000000f7e00000,0x00000000f7e00000,0x00000000f7f00000)
  to   space 1024K, 0% used [0x00000000f7f00000,0x00000000f7f00000,0x00000000f8000000)
 ParOldGen       total 72192K, used 41367K [0x00000000e0000000, 0x00000000e4680000, 0x00000000f5580000)
  object space 72192K, 57% used [0x00000000e0000000,0x00000000e2865ef0,0x00000000e4680000)
 Metaspace       used 87089K, capacity 93880K, committed 94336K, reserved 1130496K
  class space    used 10471K, capacity 12564K, committed 12672K, reserved 1048576K
Event: 4754.085 GC heap after
Heap after GC invocations=209 (full 65):
 PSYoungGen      total 42496K, used 160K [0x00000000f5580000, 0x00000000f8000000, 0x0000000100000000)
  eden space 41472K, 0% used [0x00000000f5580000,0x00000000f5580000,0x00000000f7e00000)
  from space 1024K, 15% used [0x00000000f7f00000,0x00000000f7f28000,0x00000000f8000000)
  to   space 1024K, 0% used [0x00000000f7e00000,0x00000000f7e00000,0x00000000f7f00000)
 ParOldGen       total 72192K, used 41367K [0x00000000e0000000, 0x00000000e4680000, 0x00000000f5580000)
  object space 72192K, 57% used [0x00000000e0000000,0x00000000e2865ef0,0x00000000e4680000)
 Metaspace       used 87089K, capacity 93880K, committed 94336K, reserved 1130496K
  class space    used 10471K, capacity 12564K, committed 12672K, reserved 1048576K
}
Event: 4754.085 GC heap before
{Heap before GC invocations=210 (full 66):
 PSYoungGen      total 42496K, used 160K [0x00000000f5580000, 0x00000000f8000000, 0x0000000100000000)
  eden space 41472K, 0% used [0x00000000f5580000,0x00000000f5580000,0x00000000f7e00000)
  from space 1024K, 15% used [0x00000000f7f00000,0x00000000f7f28000,0x00000000f8000000)
  to   space 1024K, 0% used [0x00000000f7e00000,0x00000000f7e00000,0x00000000f7f00000)
 ParOldGen       total 72192K, used 41367K [0x00000000e0000000, 0x00000000e4680000, 0x00000000f5580000)
  object space 72192K, 57% used [0x00000000e0000000,0x00000000e2865ef0,0x00000000e4680000)
 Metaspace       used 87089K, capacity 93880K, committed 94336K, reserved 1130496K
  class space    used 10471K, capacity 12564K, committed 12672K, reserved 1048576K
Event: 4754.205 GC heap after
Heap after GC invocations=210 (full 66):
 PSYoungGen      total 42496K, used 0K [0x00000000f5580000, 0x00000000f8000000, 0x0000000100000000)
  eden space 41472K, 0% used [0x00000000f5580000,0x00000000f5580000,0x00000000f7e00000)
  from space 1024K, 0% used [0x00000000f7f00000,0x00000000f7f00000,0x00000000f8000000)
  to   space 1024K, 0% used [0x00000000f7e00000,0x00000000f7e00000,0x00000000f7f00000)
 ParOldGen       total 72192K, used 41376K [0x00000000e0000000, 0x00000000e4680000, 0x00000000f5580000)
  object space 72192K, 57% used [0x00000000e0000000,0x00000000e2868330,0x00000000e4680000)
 Metaspace       used 87089K, capacity 93880K, committed 94336K, reserved 1130496K
  class space    used 10471K, capacity 12564K, committed 12672K, reserved 1048576K
}

Deoptimization events (10 events):
Event: 4798.748 Thread 0x00000000026c4000 Uncommon trap: reason=bimorphic action=maybe_recompile pc=0x0000000004ee7474 method=org.eclipse.core.internal.dtree.AbstractDataTreeNode.assembleWith([Lorg/eclipse/core/internal/dtree/AbstractDataTreeNode;[Lorg/eclipse/core/internal/dtree/AbstractDataTreeN»ñyr¿¾²@
Event: 4798.748 Thread 0x00000000026c4000 Uncommon trap: reason=bimorphic action=maybe_recompile pc=0x0000000004ee7474 method=org.eclipse.core.internal.dtree.AbstractDataTreeNode.assembleWith([Lorg/eclipse/core/internal/dtree/AbstractDataTreeNode;[Lorg/eclipse/core/internal/dtree/AbstractDataTreeN„s¿¾²@
Event: 4798.748 Thread 0x00000000026c4000 Uncommon trap: reason=bimorphic action=maybe_recompile pc=0x0000000004ee7474 method=org.eclipse.core.internal.dtree.AbstractDataTreeNode.assembleWith([Lorg/eclipse/core/internal/dtree/AbstractDataTreeNode;[Lorg/eclipse/core/internal/dtree/AbstractDataTreeN
Event: 4798.885 Thread 0x000000001c399000 Uncommon trap: reason=unstable_if action=reinterpret pc=0x0000000004798abc method=org.eclipse.core.internal.jobs.JobManager.nextJob()Lorg/eclipse/core/runtime/jobs/Job; @ 80
Event: 4798.885 Thread 0x000000001c399000 Uncommon trap: reason=unstable_if action=reinterpret pc=0x0000000004f093e0 method=org.eclipse.core.internal.jobs.WorkerPool.startJob(Lorg/eclipse/core/internal/jobs/Worker;)Lorg/eclipse/core/internal/jobs/InternalJob; @ 177
Event: 4798.885 Thread 0x00000000163fb000 Uncommon trap: reason=unstable_if action=reinterpret pc=0x0000000004f093e0 method=org.eclipse.core.internal.jobs.WorkerPool.startJob(Lorg/eclipse/core/internal/jobs/Worker;)Lorg/eclipse/core/internal/jobs/InternalJob; @ 177
Event: 4798.885 Thread 0x0000000019af3000 Uncommon trap: reason=unstable_if action=reinterpret pc=0x0000000004f093e0 method=org.eclipse.core.internal.jobs.WorkerPool.startJob(Lorg/eclipse/core/internal/jobs/Worker;)Lorg/eclipse/core/internal/jobs/InternalJob; @ 177
Event: 4798.885 Thread 0x0000000019af1800 Uncommon trap: reason=unstable_if action=reinterpret pc=0x0000000004f093e0 method=org.eclipse.core.internal.jobs.WorkerPool.startJob(Lorg/eclipse/core/internal/jobs/Worker;)Lorg/eclipse/core/internal/jobs/InternalJob; @ 177
Event: 4798.885 Thread 0x00000000163ff800 Uncommon trap: reason=unstable_if action=reinterpret pc=0x0000000004f093e0 method=org.eclipse.core.internal.jobs.WorkerPool.startJob(Lorg/eclipse/core/internal/jobs/Worker;)Lorg/eclipse/core/internal/jobs/InternalJob; @ 177
Event: 4807.468 Thread 0x00000000026c4000 Uncommon trap: reason=unstable_if action=reinterpret pc=0x0000000005442740 method=sun.reflect.UnsafeStaticObjectFieldAccessorImpl.set(Ljava/lang/Object;Ljava/lang/Object;)V @ 13

Internal exceptions (10 events):
Event: 4795.976 Thread 0x0000000019af7800 Exception <a 'sun/net/ConnectionResetException': > (0x00000000f5852890) thrown at [C:\re\workspace\8-2-build-windows-amd64-cygwin\jdk8u45\3627\hotspot\src\share\vm\prims\jni.cpp, line 735]
Event: 4795.977 Thread 0x0000000019af9000 Exception <a 'java/net/SocketException': Connection reset by peer: socket write error> (0x00000000f681e258) thrown at [C:\re\workspace\8-2-build-windows-amd64-cygwin\jdk8u45\3627\hotspot\src\share\vm\prims\jni.cpp, line 735]
Event: 4795.980 Thread 0x0000000016400000 Exception <a 'java/net/SocketException': Socket closed> (0x00000000f68314c0) thrown at [C:\re\workspace\8-2-build-windows-amd64-cygwin\jdk8u45\3627\hotspot\src\share\vm\prims\jni.cpp, line 735]
Event: 4796.009 Thread 0x0000000019afc000 Exception <a 'java/lang/InterruptedException'> (0x00000000f690ebe8) thrown at [C:\re\workspace\8-2-build-windows-amd64-cygwin\jdk8u45\3627\hotspot\src\share\vm\runtime\objectMonitor.cpp, line 1683]
Event: 4797.524 Thread 0x000000001c392000 Exception <a 'java/lang/InterruptedException'> (0x00000000f6f86240) thrown at [C:\re\workspace\8-2-build-windows-amd64-cygwin\jdk8u45\3627\hotspot\src\share\vm\runtime\objectMonitor.cpp, line 1683]
Event: 4798.892 Thread 0x00000000160e4800 Exception <a 'java/lang/InterruptedException': sleep interrupted> (0x00000000f72e4578) thrown at [C:\re\workspace\8-2-build-windows-amd64-cygwin\jdk8u45\3627\hotspot\src\share\vm\prims\jvm.cpp, line 3211]
Event: 4798.918 Thread 0x000000001630b000 Exception <a 'java/lang/InterruptedException'> (0x00000000f7306058) thrown at [C:\re\workspace\8-2-build-windows-amd64-cygwin\jdk8u45\3627\hotspot\src\share\vm\runtime\objectMonitor.cpp, line 1683]
Event: 4798.936 Thread 0x00000000154a1800 Exception <a 'java/lang/InterruptedException'> (0x00000000f730d258) thrown at [C:\re\workspace\8-2-build-windows-amd64-cygwin\jdk8u45\3627\hotspot\src\share\vm\runtime\objectMonitor.cpp, line 1683]
Event: 4807.468 Thread 0x00000000165e5000 Exception <a 'java/lang/InterruptedException'> (0x00000000f7269380) thrown at [C:\re\workspace\8-2-build-windows-amd64-cygwin\jdk8u45\3627\hotspot\src\share\vm\runtime\objectMonitor.cpp, line 1683]
Event: 4807.468 Thread 0x00000000026c4000 Implicit null exception at 0x00000000054423f7 to 0x000000000544272d

Events (10 events):
Event: 4807.480 loading class java/util/IdentityHashMap$KeyIterator done
Event: 4807.481 Thread 0x00000000163fd000 Thread added: 0x00000000163fd000
Event: 4807.481 Executing VM operation: RevokeBias
Event: 4807.481 Executing VM operation: RevokeBias done
Event: 4807.482 Executing VM operation: RevokeBias
Event: 4807.482 Executing VM operation: RevokeBias done
Event: 4807.482 Executing VM operation: RevokeBias
Event: 4807.482 Executing VM operation: RevokeBias done
Event: 4807.482 Thread 0x00000000163fd000 Thread exited: 0x00000000163fd000
Event: 4807.497 Executing VM operation: Exit


Dynamic libraries:
0x0000000000400000 - 0x000000000044f000 	D:\Xilinx\SDK\2015.4\eclipse\win64.o\eclipse.exe
0x00007fff301a0000 - 0x00007fff30372000 	C:\Windows\SYSTEM32\ntdll.dll
0x00007fff2e140000 - 0x00007fff2e1ec000 	C:\Windows\System32\KERNEL32.DLL
0x00007fff2d510000 - 0x00007fff2d72d000 	C:\Windows\System32\KERNELBASE.dll
0x00007fff2ac90000 - 0x00007fff2ad0a000 	C:\Windows\system32\apphelp.dll
0x00007fff2e520000 - 0x00007fff2e685000 	C:\Windows\System32\USER32.dll
0x00007fff2d4f0000 - 0x00007fff2d50e000 	C:\Windows\System32\win32u.dll
0x00007fff2fba0000 - 0x00007fff2fbd4000 	C:\Windows\System32\GDI32.dll
0x00007fff2c6a0000 - 0x00007fff2c820000 	C:\Windows\System32\gdi32full.dll
0x00007fff2fcc0000 - 0x00007fff2fd5e000 	C:\Windows\System32\msvcrt.dll
0x00007fff18f30000 - 0x00007fff191aa000 	C:\Windows\WinSxS\amd64_microsoft.windows.common-controls_6595b64144ccf1df_6.0.14393.953_none_42151e83c686086b\COMCTL32.dll
0x00007fff2d730000 - 0x00007fff2d9f8000 	C:\Windows\System32\combase.dll
0x00007fff2d160000 - 0x00007fff2d255000 	C:\Windows\System32\ucrtbase.dll
0x00007fff30020000 - 0x00007fff30141000 	C:\Windows\System32\RPCRT4.dll
0x00007fff2d430000 - 0x00007fff2d49a000 	C:\Windows\System32\bcryptPrimitives.dll
0x00007fff30150000 - 0x00007fff3017e000 	C:\Windows\System32\IMM32.DLL
0x0000000072000000 - 0x0000000072012000 	D:\Xilinx\SDK\2015.4\eclipse\win64.o\plugins\org.eclipse.equinox.launcher.win32.win32.x86_64_1.1.200.v20140116-2212\eclipse_1503.dll
0x00007fff2fdc0000 - 0x00007fff2fe62000 	C:\Windows\System32\ADVAPI32.dll
0x00007fff2e420000 - 0x00007fff2e479000 	C:\Windows\System32\sechost.dll
0x00007fff282d0000 - 0x00007fff282da000 	C:\Windows\SYSTEM32\VERSION.dll
0x00007fff2aed0000 - 0x00007fff2af65000 	C:\Windows\system32\uxtheme.dll
0x00007fff2e2c0000 - 0x00007fff2e41a000 	C:\Windows\System32\MSCTF.dll
0x00007fff2e1f0000 - 0x00007fff2e2af000 	C:\Windows\System32\OLEAUT32.dll
0x00007fff2d0c0000 - 0x00007fff2d15c000 	C:\Windows\System32\msvcp_win.dll
0x000000005a520000 - 0x000000005ada3000 	D:\Xilinx\SDK\2015.4\tps\win64\jre\bin\server\jvm.dll
0x00007fff2dca0000 - 0x00007fff2dca8000 	C:\Windows\System32\PSAPI.DLL
0x00007fff223d0000 - 0x00007fff223d9000 	C:\Windows\SYSTEM32\WSOCK32.dll
0x00007fff2a9a0000 - 0x00007fff2a9c3000 	C:\Windows\SYSTEM32\WINMM.dll
0x000000005d290000 - 0x000000005d362000 	C:\Windows\SYSTEM32\MSVCR100.dll
0x00007fff2fc50000 - 0x00007fff2fcba000 	C:\Windows\System32\WS2_32.dll
0x00007fff2a930000 - 0x00007fff2a95b000 	C:\Windows\SYSTEM32\WINMMBASE.dll
0x00007fff2d4a0000 - 0x00007fff2d4e2000 	C:\Windows\System32\cfgmgr32.dll
0x000000005be80000 - 0x000000005be8f000 	D:\Xilinx\SDK\2015.4\tps\win64\jre\bin\verify.dll
0x000000005be50000 - 0x000000005be79000 	D:\Xilinx\SDK\2015.4\tps\win64\jre\bin\java.dll
0x000000005be30000 - 0x000000005be46000 	D:\Xilinx\SDK\2015.4\tps\win64\jre\bin\zip.dll
0x00007fff2e690000 - 0x00007fff2fb98000 	C:\Windows\System32\SHELL32.dll
0x00007fff2c930000 - 0x00007fff2d008000 	C:\Windows\System32\windows.storage.dll
0x00007fff2c630000 - 0x00007fff2c67c000 	C:\Windows\System32\powrprof.dll
0x00007fff2fe70000 - 0x00007fff2fec2000 	C:\Windows\System32\shlwapi.dll
0x00007fff2c690000 - 0x00007fff2c69f000 	C:\Windows\System32\kernel.appcore.dll
0x00007fff2c880000 - 0x00007fff2c929000 	C:\Windows\System32\shcore.dll
0x00007fff2c610000 - 0x00007fff2c624000 	C:\Windows\System32\profapi.dll
0x00007fff2c090000 - 0x00007fff2c0a7000 	C:\Windows\SYSTEM32\CRYPTSP.dll
0x00007fff2bae0000 - 0x00007fff2bb13000 	C:\Windows\system32\rsaenh.dll
0x00007fff2c550000 - 0x00007fff2c57b000 	C:\Windows\SYSTEM32\bcrypt.dll
0x00007fff2bd60000 - 0x00007fff2bd7f000 	C:\Windows\SYSTEM32\USERENV.dll
0x00007fff2c080000 - 0x00007fff2c08b000 	C:\Windows\SYSTEM32\CRYPTBASE.dll
0x000000005be10000 - 0x000000005be2a000 	D:\Xilinx\SDK\2015.4\tps\win64\jre\bin\net.dll
0x00007fff2bee0000 - 0x00007fff2bf3c000 	C:\Windows\system32\mswsock.dll
0x00007fff2bc60000 - 0x00007fff2bc98000 	C:\Windows\SYSTEM32\IPHLPAPI.DLL
0x00007fff2e2b0000 - 0x00007fff2e2b8000 	C:\Windows\System32\NSI.dll
0x00007fff24590000 - 0x00007fff245a6000 	C:\Windows\SYSTEM32\dhcpcsvc6.DLL
0x00007fff24860000 - 0x00007fff2487a000 	C:\Windows\SYSTEM32\dhcpcsvc.DLL
0x000000005bdf0000 - 0x000000005be01000 	D:\Xilinx\SDK\2015.4\tps\win64\jre\bin\nio.dll
0x00007fff196c0000 - 0x00007fff196d6000 	C:\Windows\system32\napinsp.dll
0x00007fff196e0000 - 0x00007fff196fa000 	C:\Windows\system32\pnrpnsp.dll
0x00007fff28800000 - 0x00007fff28818000 	C:\Windows\system32\NLAapi.dll
0x00007fff2bca0000 - 0x00007fff2bd41000 	C:\Windows\SYSTEM32\DNSAPI.dll
0x00007fff1eba0000 - 0x00007fff1ebae000 	C:\Windows\System32\winrnr.dll
0x0000000063560000 - 0x0000000063569000 	C:\Program Files\National Instruments\Shared\mDNS Responder\nimdnsNSP.dll
0x0000000063550000 - 0x000000006355e000 	C:\Windows\SYSTEM32\nimdnsResponder.dll
0x000000005d540000 - 0x000000005d5e3000 	C:\Windows\WinSxS\amd64_microsoft.vc90.crt_1fc8b3b9a1e18e3b_9.0.30729.9247_none_08e394a1a83e212f\MSVCR90.dll
0x000000005d510000 - 0x000000005d536000 	C:\Program Files\Bonjour\mdnsNSP.dll
0x00007fff22f20000 - 0x00007fff22f2a000 	C:\Windows\System32\rasadhlp.dll
0x00007fff245c0000 - 0x00007fff2462a000 	C:\Windows\System32\fwpuclnt.dll
0x0000000016d90000 - 0x0000000016e38000 	C:\Users\4230\.Xilinx\SDK\2015.4\org.eclipse.osgi\bundles\303\1\.cp\swt-win32-4335.dll
0x00007fff2fee0000 - 0x00007fff30018000 	C:\Windows\System32\ole32.dll
0x00007fff2da00000 - 0x00007fff2dafa000 	C:\Windows\System32\comdlg32.dll
0x00007fff2d260000 - 0x00007fff2d429000 	C:\Windows\System32\CRYPT32.dll
0x00007fff2c680000 - 0x00007fff2c690000 	C:\Windows\System32\MSASN1.dll
0x00007fff23580000 - 0x00007fff23606000 	C:\Windows\SYSTEM32\WINSPOOL.DRV
0x00007fff27270000 - 0x00007fff27289000 	C:\Windows\SYSTEM32\USP10.dll
0x00007fff16050000 - 0x00007fff1631a000 	C:\Windows\SYSTEM32\WININET.dll
0x00007fff2a300000 - 0x00007fff2a326000 	C:\Windows\system32\dwmapi.dll
0x00007fff2a0b0000 - 0x00007fff2a235000 	C:\Windows\SYSTEM32\propsys.dll
0x00007fff2e480000 - 0x00007fff2e51f000 	C:\Windows\System32\clbcatq.dll
0x0000000018260000 - 0x000000001827e000 	C:\Users\4230\.Xilinx\SDK\2015.4\org.eclipse.osgi\bundles\303\1\.cp\swt-gdip-win32-4335.dll
0x00007fff157c0000 - 0x00007fff15959000 	C:\Windows\WinSxS\amd64_microsoft.windows.gdiplus_6595b64144ccf1df_1.1.14393.1715_none_aec701fbddd850fa\gdiplus.dll
0x00007fff297a0000 - 0x00007fff29948000 	C:\Windows\SYSTEM32\WindowsCodecs.dll
0x0000000180000000 - 0x0000000180012000 	C:\Users\4230\.Xilinx\SDK\2015.4\org.eclipse.osgi\bundles\121\1\.cp\os\win32\x86_64\localfile_1_0_0.dll
0x00007fff27240000 - 0x00007fff27251000 	C:\Users\4230\.Xilinx\SDK\2015.4\org.eclipse.osgi\bundles\124\1\.cp\jWinHttp-1.0.0.dll
0x00007fff29950000 - 0x00007fff29a1d000 	C:\Windows\SYSTEM32\WINHTTP.dll
0x00007fff176f0000 - 0x00007fff17755000 	C:\Windows\SYSTEM32\oleacc.dll
0x00007fff24c40000 - 0x00007fff24c4f000 	D:\Xilinx\SDK\2015.4\lib\win64.o\librdi_repo_manager.dll
0x00007fff24bf0000 - 0x00007fff24c1a000 	D:\Xilinx\SDK\2015.4\lib\win64.o\libisl_sysinfo.dll
0x00007fff10150000 - 0x00007fff101a4000 	D:\Xilinx\SDK\2015.4\lib\win64.o\librdi_commonxillic.dll
0x00007fff0a240000 - 0x00007fff0a2e7000 	C:\Windows\SYSTEM32\MSVCP110.dll
0x00007ffee2da0000 - 0x00007ffee372d000 	D:\Xilinx\SDK\2015.4\lib\win64.o\librdi_common.dll
0x00007fff0a090000 - 0x00007fff0a164000 	C:\Windows\SYSTEM32\MSVCR110.dll
0x00007ffee2b80000 - 0x00007ffee2d9e000 	D:\Xilinx\SDK\2015.4\lib\win64.o\libXil_lmgr11.dll
0x00007fff1f8a0000 - 0x00007fff1f8c2000 	D:\Xilinx\SDK\2015.4\lib\win64.o\libboost_filesystem.dll
0x00007fff2c820000 - 0x00007fff2c875000 	C:\Windows\System32\WINTRUST.dll
0x00007ffeeeb50000 - 0x00007ffeeec4a000 	D:\Xilinx\SDK\2015.4\lib\win64.o\libboost_regex.dll
0x00007fff181d0000 - 0x00007fff181d9000 	D:\Xilinx\SDK\2015.4\lib\win64.o\libboost_system.dll
0x00007fff22f00000 - 0x00007fff22f18000 	C:\Windows\SYSTEM32\NETAPI32.dll
0x00007ffee1a70000 - 0x00007ffee1dde000 	D:\Xilinx\SDK\2015.4\lib\win64.o\libCOIN-all.dll
0x00007fff181c0000 - 0x00007fff181d0000 	D:\Xilinx\SDK\2015.4\lib\win64.o\libboost_date_time.dll
0x00007fff0fdd0000 - 0x00007fff0fe44000 	D:\Xilinx\SDK\2015.4\lib\win64.o\libboost_program_options.dll
0x00007fff11530000 - 0x00007fff11543000 	D:\Xilinx\SDK\2015.4\lib\win64.o\libboost_signals.dll
0x00007fff163c0000 - 0x00007fff163cb000 	D:\Xilinx\SDK\2015.4\lib\win64.o\libboost_xilinx.dll
0x00007fff10130000 - 0x00007fff1014d000 	D:\Xilinx\SDK\2015.4\lib\win64.o\libboost_thread.dll
0x00007ffeeca80000 - 0x00007ffeecb00000 	D:\Xilinx\SDK\2015.4\lib\win64.o\libhdlpsolve.dll
0x00007ffeec9e0000 - 0x00007ffeeca7a000 	D:\Xilinx\SDK\2015.4\lib\win64.o\libhdxml.dll
0x00007ffee1120000 - 0x00007ffee1554e00 	D:\Xilinx\SDK\2015.4\lib\win64.o\libisl_iostreams.dll
0x00007ffee2a50000 - 0x00007ffee2b80000 	D:\Xilinx\SDK\2015.4\lib\win64.o\librdi_curl.dll
0x00007fff0fdb0000 - 0x00007fff0fdc8000 	D:\Xilinx\SDK\2015.4\lib\win64.o\librdiconfig.dll
0x00007fff0bc50000 - 0x00007fff0bc73000 	D:\Xilinx\SDK\2015.4\lib\win64.o\librdizlib.dll
0x000000005be90000 - 0x000000005bfb7000 	D:\Xilinx\SDK\2015.4\lib\win64.o\tcl85t.dll
0x0000000022810000 - 0x0000000022a73000 	D:\Xilinx\SDK\2015.4\lib\win64.o\xerces-c_3_1.dll
0x00007ffee2370000 - 0x00007ffee255c000 	D:\Xilinx\SDK\2015.4\lib\win64.o\librdi_hsm.dll
0x00007fff0f5f0000 - 0x00007fff0f605000 	D:\Xilinx\SDK\2015.4\lib\win64.o\pthreadVC2.dll
0x00007fff20c30000 - 0x00007fff20df3000 	C:\Windows\SYSTEM32\urlmon.dll
0x00007fff0fd40000 - 0x00007fff0fd63000 	C:\Windows\SYSTEM32\VCOMP110.DLL
0x00007fff16320000 - 0x00007fff1632b000 	D:\Xilinx\SDK\2015.4\lib\win64.o\libboost_chrono.dll
0x00007fff255c0000 - 0x00007fff25865000 	C:\Windows\SYSTEM32\iertutil.dll
0x00007fff08bf0000 - 0x00007fff08c06000 	D:\Xilinx\SDK\2015.4\lib\win64.o\libboost_iostreams.dll
0x00007fff07ca0000 - 0x00007fff07cc3000 	D:\Xilinx\SDK\2015.4\lib\win64.o\libisl_iosutils.dll
0x00007fff05060000 - 0x00007fff050a3000 	D:\Xilinx\SDK\2015.4\lib\win64.o\librdi_hdf.dll
0x00007ffee0ec0000 - 0x00007ffee1115000 	D:\Xilinx\SDK\2015.4\lib\win64.o\librdi_ippcw.dll
0x00007fff28560000 - 0x00007fff28567000 	C:\Windows\SYSTEM32\msimg32.dll
0x00007fff18ee0000 - 0x00007fff18f22000 	C:\Windows\SYSTEM32\edputil.dll
0x00007ffedef50000 - 0x00007ffedf760000 	D:\Xilinx\SDK\2015.4\lib\win64.o\libXil_lmgr11FNP.dll
0x00007fff2dd10000 - 0x00007fff2e139000 	C:\Windows\System32\SETUPAPI.dll
0x00007fff12ce0000 - 0x00007fff12cec000 	C:\Windows\SYSTEM32\snmpapi.dll
0x00007fff2c280000 - 0x00007fff2c2ac000 	C:\Windows\SYSTEM32\SspiCli.dll
0x00007fff2b2e0000 - 0x00007fff2b308000 	C:\Windows\SYSTEM32\DEVOBJ.dll
0x00007fff24f10000 - 0x00007fff24f26000 	D:\Xilinx\SDK\2015.4\eclipse\win64.o\plugins\org.eclipse.cdt.core.win32.x86_64_5.2.0.201402142303\os\win32\x86_64\spawner.dll
0x00007fff27010000 - 0x00007fff2701a000 	D:\Xilinx\SDK\2015.4\lib\win64.o\librdi_jtag_settings.dll

VM Arguments:
jvm_args: -Dcom.xilinx.sdk.args.hwspec=D:/simka/project_1/project_1.sdk/system_top_wrapper.hdf -Xms64m -Xmx512m & 
java_command: <unknown>
java_class_path (initial): D:\Xilinx\SDK\2015.4\eclipse\win64.o\\plugins/org.eclipse.equinox.launcher_1.3.0.v20130327-1440.jar
Launcher Type: generic

Environment Variables:
JAVA_HOME=C:\Program Files\Java\jdk1.8.0_121
USERNAME=4230
OS=Windows_NT
PROCESSOR_IDENTIFIER=Intel64 Family 6 Model 94 Stepping 3, GenuineIntel



---------------  S Y S T E M  ---------------

OS: Windows 10.0 , 64 bit Build 14393 (10.0.14393.1198)

CPU:total 4 (4 cores per cpu, 1 threads per core) family 6 model 94 stepping 3, cmov, cx8, fxsr, mmx, sse, sse2, sse3, ssse3, sse4.1, sse4.2, popcnt, avx, avx2, aes, clmul, erms, 3dnowpref, lzcnt, tsc, tscinvbit, bmi1, bmi2, adx

Memory: 4k page, physical 8343204k(989064k free), swap 10779260k(2208024k free)

vm_info: Java HotSpot(TM) 64-Bit Server VM (25.45-b02) for windows-amd64 JRE (1.8.0_45-b15), built on Apr 30 2015 12:40:44 by "java_re" with MS VC++ 10.0 (VS2010)

time: Tue Nov 28 09:09:08 2017
elapsed time: 4808 seconds (0d 1h 20m 8s)

