#
# A fatal error has been detected by the Java Runtime Environment:
#
#  EXCEPTION_UNCAUGHT_CXX_EXCEPTION (0xe06d7363) at pc=0x00007fff2d543c58, pid=12064, tid=33460
#
# JRE version: Java(TM) SE Runtime Environment (8.0_45-b15) (build 1.8.0_45-b15)
# Java VM: Java HotSpot(TM) 64-Bit Server VM (25.45-b02 mixed mode windows-amd64 compressed oops)
# Problematic frame:
# C  [KERNELBASE.dll+0x33c58]
#
# Failed to write core dump. Minidumps are not enabled by default on client versions of Windows
#
# If you would like to submit a bug report, please visit:
#   http://bugreport.java.com/bugreport/crash.jsp
#

---------------  T H R E A D  ---------------

Current thread (0x0000000013bf7000):  VMThread [stack: 0x0000000014c80000,0x0000000014d80000] [id=33460]

siginfo: ExceptionCode=0xe06d7363, ExceptionInformation=0x0000000019930520 0x0000000014d7f448 0x00007fff0be42cb8 0x00007fff0bd90000 

Registers:
RAX=0x004c0044002e006c, RBX=0x00007fff0be42cb8, RCX=0x000000000000004c, RDX=0x0000000000000000
RSP=0x0000000014d7f290, RBP=0x0000000014d7f3d0, RSI=0x00000000ffffffff, RDI=0x00000000246ae6d0
R8 =0x0000000000000000, R9 =0x0000000000000000, R10=0x0000000000000000, R11=0x0000000000000000
R12=0x0000000000000001, R13=0x0000000000000008, R14=0x0000000000000000, R15=0xffffffffffffffff
RIP=0x00007fff2d543c58, EFLAGS=0x0000000000000206

Top of Stack: (sp=0x0000000014d7f290)
0x0000000014d7f290:   0000000000000000 00007fff0be42cb8
0x0000000014d7f2a0:   00000000ffffffff 00000000246ae6d0
0x0000000014d7f2b0:   00000001e06d7363 0000000000000000
0x0000000014d7f2c0:   00007fff2d543c58 0000000000000004
0x0000000014d7f2d0:   0000000019930520 0000000014d7f448
0x0000000014d7f2e0:   00007fff0be42cb8 00007fff0bd90000
0x0000000014d7f2f0:   0000000000000008 0000000000000001
0x0000000014d7f300:   00000000246ae6d0 00000000ffffffff
0x0000000014d7f310:   0000000014d7f3d0 00007fff301ec28f
0x0000000014d7f320:   0000000014d7f3e0 0000000000000000
0x0000000014d7f330:   0000fae331a6b8f3 0000000000000001
0x0000000014d7f340:   00007fff0be59000 00007fff0bd90000
0x0000000014d7f350:   00005975d9df173f 000000000000003f
0x0000000014d7f360:   00007fff0be42cb8 00007fff0bdee92c
0x0000000014d7f370:   000000000000001f 0000000000000008
0x0000000014d7f380:   0000000000000001 00000000246ae6d0 

Instructions: (pc=0x00007fff2d543c58)
0x00007fff2d543c38:   49 8b d1 44 0f 47 c0 44 89 44 24 38 49 c1 e0 03
0x00007fff2d543c48:   e8 47 90 04 00 48 8d 4c 24 20 ff 15 c0 44 11 00
0x00007fff2d543c58:   48 8b 8c 24 c0 00 00 00 48 33 cc e8 d8 55 04 00
0x00007fff2d543c68:   48 81 c4 d8 00 00 00 c3 83 64 24 38 00 eb d6 cc 


Register to memory mapping:

RAX=0x004c0044002e006c is an unknown value
RBX=0x00007fff0be42cb8 is an unknown value
RCX=0x000000000000004c is an unknown value
RDX=0x0000000000000000 is an unknown value
RSP=0x0000000014d7f290 is an unknown value
RBP=0x0000000014d7f3d0 is an unknown value
RSI=0x00000000ffffffff is an unknown value
RDI=0x00000000246ae6d0 is an unknown value
R8 =0x0000000000000000 is an unknown value
R9 =0x0000000000000000 is an unknown value
R10=0x0000000000000000 is an unknown value
R11=0x0000000000000000 is an unknown value
R12=0x0000000000000001 is an unknown value
R13=0x0000000000000008 is an unknown value
R14=0x0000000000000000 is an unknown value
R15=0xffffffffffffffff is an unknown value


Stack: [0x0000000014c80000,0x0000000014d80000],  sp=0x0000000014d7f290,  free space=1020k
Native frames: (J=compiled Java code, j=interpreted, Vv=VM code, C=native code)
C  [KERNELBASE.dll+0x33c58]
C  [MSVCR110.dll+0x5e92c]
C  [MSVCR110.dll+0x1315c]
C  [MSVCR110.dll+0x136a9]
C  [MSVCR110.dll+0x13e9c]
C  [MSVCR110.dll+0x239e]
C  [MSVCR110.dll+0xaf9e]
C  [MSVCP110.dll+0x397b9]
C  [librdi_common.dll+0x14283e]
C  [librdi_common.dll+0x141449]
C  0x00007fff270b2400
C  0x00007fff270b2682
C  [ntdll.dll+0x2a37f]
C  [ntdll.dll+0x806b]
C  [ntdll.dll+0x7d94]
C  [KERNEL32.DLL+0x1ce6a]
C  [MSVCR100.dll+0x20ccd]
V  [jvm.dll+0x20f135]
V  [jvm.dll+0x247ef7]
V  [jvm.dll+0x247196]
V  [jvm.dll+0x247631]
V  [jvm.dll+0x24784e]
V  [jvm.dll+0x29853a]
C  [MSVCR100.dll+0x21d9f]
C  [MSVCR100.dll+0x21e3b]
C  [KERNEL32.DLL+0x8364]
C  [ntdll.dll+0x67091]

VM_Operation (0x000000000014f500): Exit, mode: safepoint, requested by thread 0x00000000026a4000


---------------  P R O C E S S  ---------------

Java Threads: ( => current thread )
  0x000000001a7bb000 JavaThread "Set STDIO Tab defaults" [_thread_blocked, id=51952, stack(0x000000004b2b0000,0x000000004b3b0000)]
  0x000000001946d000 JavaThread "Set STDIO Tab defaults" [_thread_blocked, id=52856, stack(0x0000000049bb0000,0x0000000049cb0000)]
  0x000000001946b800 JavaThread "Thread-351" daemon [_thread_blocked, id=53212, stack(0x00000000498b0000,0x00000000499b0000)]
  0x0000000019051800 JavaThread "Set STDIO Tab defaults" [_thread_blocked, id=44796, stack(0x000000003d5b0000,0x000000003d6b0000)]
  0x0000000019051000 JavaThread "Set STDIO Tab defaults" [_thread_blocked, id=46700, stack(0x000000003d4b0000,0x000000003d5b0000)]
  0x00000000157bd000 JavaThread "TCF Locator DNS Lookup" daemon [_thread_blocked, id=32948, stack(0x0000000022130000,0x0000000022230000)]
  0x0000000019054800 JavaThread "TCF Locator Timer" daemon [_thread_blocked, id=14480, stack(0x0000000022030000,0x0000000022130000)]
  0x0000000019053000 JavaThread "TCF Locator Receiver" daemon [_thread_in_native, id=11704, stack(0x0000000021f30000,0x0000000022030000)]
  0x0000000019052800 JavaThread "TCF Timer Dispatcher" daemon [_thread_blocked, id=32324, stack(0x0000000021d30000,0x0000000021e30000)]
  0x0000000015e79800 JavaThread "EMF Reference Cleaner" daemon [_thread_blocked, id=15676, stack(0x0000000018630000,0x0000000018730000)]
  0x0000000015498800 JavaThread "Service Thread" daemon [_thread_blocked, id=20152, stack(0x0000000015880000,0x0000000015980000)]
  0x0000000013c58800 JavaThread "C1 CompilerThread2" daemon [_thread_blocked, id=29960, stack(0x0000000015380000,0x0000000015480000)]
  0x0000000013c3d000 JavaThread "C2 CompilerThread1" daemon [_thread_blocked, id=5812, stack(0x0000000015280000,0x0000000015380000)]
  0x0000000013c3a800 JavaThread "C2 CompilerThread0" daemon [_thread_blocked, id=15256, stack(0x0000000015180000,0x0000000015280000)]
  0x0000000013c35800 JavaThread "Attach Listener" daemon [_thread_blocked, id=29216, stack(0x0000000015080000,0x0000000015180000)]
  0x0000000013c34000 JavaThread "Signal Dispatcher" daemon [_thread_blocked, id=7028, stack(0x0000000014f80000,0x0000000015080000)]
  0x0000000013bf8800 JavaThread "Finalizer" daemon [_thread_blocked, id=2192, stack(0x0000000014e80000,0x0000000014f80000)]
  0x0000000002792800 JavaThread "Reference Handler" daemon [_thread_blocked, id=26388, stack(0x0000000014d80000,0x0000000014e80000)]
  0x00000000026a4000 JavaThread "main" [_thread_blocked, id=10440, stack(0x0000000000050000,0x0000000000150000)]

Other Threads:
=>0x0000000013bf7000 VMThread [stack: 0x0000000014c80000,0x0000000014d80000] [id=33460]

VM state:at safepoint (shutting down)

VM Mutex/Monitor currently owned by a thread:  ([mutex/lock_event])
[0x00000000026a0ed0] Threads_lock - owner thread: 0x0000000013bf7000

Heap:
 PSYoungGen      total 164864K, used 43530K [0x00000000f5580000, 0x0000000100000000, 0x0000000100000000)
  eden space 155136K, 28% used [0x00000000f5580000,0x00000000f8002890,0x00000000fed00000)
  from space 9728K, 0% used [0x00000000fed00000,0x00000000fed00000,0x00000000ff680000)
  to   space 9728K, 0% used [0x00000000ff680000,0x00000000ff680000,0x0000000100000000)
 ParOldGen       total 107520K, used 62019K [0x00000000e0000000, 0x00000000e6900000, 0x00000000f5580000)
  object space 107520K, 57% used [0x00000000e0000000,0x00000000e3c90d30,0x00000000e6900000)
 Metaspace       used 99735K, capacity 106742K, committed 107008K, reserved 1142784K
  class space    used 11166K, capacity 13259K, committed 13312K, reserved 1048576K

Card table byte_map: [0x0000000011bd0000,0x0000000011ce0000] byte_map_base: 0x00000000114d0000

Marking Bits: (ParMarkBitMap*) 0x00000000591b4040
 Begin Bits: [0x0000000012190000, 0x0000000012990000)
 End Bits:   [0x0000000012990000, 0x0000000013190000)

Polling page: 0x0000000000490000

CodeCache: size=245760Kb used=106660Kb max_used=106775Kb free=139099Kb
 bounds [0x0000000002810000, 0x0000000009140000, 0x0000000011810000]
 total_blobs=25150 nmethods=24283 adapters=772
 compilation: enabled

Compilation events (10 events):
Event: 34442.551 Thread 0x0000000013c58800 nmethod 34774 0x0000000008594890 code [0x0000000008594a00, 0x0000000008594ba8]
Event: 34442.552 Thread 0x0000000013c58800 34775   !   3       org.eclipse.osgi.internal.serviceregistry.ServiceRegistrationImpl::ungetService (192 bytes)
Event: 34442.554 Thread 0x0000000013c58800 nmethod 34775 0x0000000005f98010 code [0x0000000005f98340, 0x0000000005f9a428]
Event: 34442.555 Thread 0x0000000013c58800 34772   !   3       org.eclipse.equinox.internal.ds.InstanceProcess::dynamicUnBind (189 bytes)
Event: 34442.556 Thread 0x0000000013c58800 nmethod 34772 0x0000000005f95710 code [0x0000000005f95a00, 0x0000000005f97248]
Event: 34442.610 Thread 0x0000000013c3a800 nmethod 34767 0x0000000008ba9850 code [0x0000000008ba9c00, 0x0000000008bacf20]
Event: 34443.335 Thread 0x0000000013c58800 34780   !   3       org.eclipse.osgi.internal.baseadaptor.BaseStorage::compact (215 bytes)
Event: 34443.340 Thread 0x0000000013c58800 nmethod 34780 0x00000000056fddd0 code [0x00000000056fe220, 0x00000000057006e8]
Event: 34444.347 Thread 0x0000000013c58800 34781       3       org.eclipse.osgi.framework.internal.core.AbstractBundle::close (52 bytes)
Event: 34444.348 Thread 0x0000000013c58800 nmethod 34781 0x000000000313bbd0 code [0x000000000313be00, 0x000000000313cb08]

GC Heap History (10 events):
Event: 34353.607 GC heap before
{Heap before GC invocations=1462 (full 189):
 PSYoungGen      total 164864K, used 124717K [0x00000000f5580000, 0x0000000100000000, 0x0000000100000000)
  eden space 156160K, 79% used [0x00000000f5580000,0x00000000fcf4b560,0x00000000fee00000)
  from space 8704K, 0% used [0x00000000ff780000,0x00000000ff780000,0x0000000100000000)
  to   space 9216K, 0% used [0x00000000fee00000,0x00000000fee00000,0x00000000ff700000)
 ParOldGen       total 107520K, used 63700K [0x00000000e0000000, 0x00000000e6900000, 0x00000000f5580000)
  object space 107520K, 59% used [0x00000000e0000000,0x00000000e3e35018,0x00000000e6900000)
 Metaspace       used 99158K, capacity 106160K, committed 106496K, reserved 1142784K
  class space    used 11101K, capacity 13194K, committed 13312K, reserved 1048576K
Event: 34353.612 GC heap after
Heap after GC invocations=1462 (full 189):
 PSYoungGen      total 165376K, used 5710K [0x00000000f5580000, 0x0000000100000000, 0x0000000100000000)
  eden space 156160K, 0% used [0x00000000f5580000,0x00000000f5580000,0x00000000fee00000)
  from space 9216K, 61% used [0x00000000fee00000,0x00000000ff393b98,0x00000000ff700000)
  to   space 9216K, 0% used [0x00000000ff700000,0x00000000ff700000,0x0000000100000000)
 ParOldGen       total 107520K, used 63700K [0x00000000e0000000, 0x00000000e6900000, 0x00000000f5580000)
  object space 107520K, 59% used [0x00000000e0000000,0x00000000e3e35018,0x00000000e6900000)
 Metaspace       used 99158K, capacity 106160K, committed 106496K, reserved 1142784K
  class space    used 11101K, capacity 13194K, committed 13312K, reserved 1048576K
}
Event: 34353.612 GC heap before
{Heap before GC invocations=1463 (full 190):
 PSYoungGen      total 165376K, used 5710K [0x00000000f5580000, 0x0000000100000000, 0x0000000100000000)
  eden space 156160K, 0% used [0x00000000f5580000,0x00000000f5580000,0x00000000fee00000)
  from space 9216K, 61% used [0x00000000fee00000,0x00000000ff393b98,0x00000000ff700000)
  to   space 9216K, 0% used [0x00000000ff700000,0x00000000ff700000,0x0000000100000000)
 ParOldGen       total 107520K, used 63700K [0x00000000e0000000, 0x00000000e6900000, 0x00000000f5580000)
  object space 107520K, 59% used [0x00000000e0000000,0x00000000e3e35018,0x00000000e6900000)
 Metaspace       used 99158K, capacity 106160K, committed 106496K, reserved 1142784K
  class space    used 11101K, capacity 13194K, committed 13312K, reserved 1048576K
Event: 34353.741 GC heap after
Heap after GC invocations=1463 (full 190):
 PSYoungGen      total 165376K, used 0K [0x00000000f5580000, 0x0000000100000000, 0x0000000100000000)
  eden space 156160K, 0% used [0x00000000f5580000,0x00000000f5580000,0x00000000fee00000)
  from space 9216K, 0% used [0x00000000fee00000,0x00000000fee00000,0x00000000ff700000)
  to   space 9216K, 0% used [0x00000000ff700000,0x00000000ff700000,0x0000000100000000)
 ParOldGen       total 107520K, used 63618K [0x00000000e0000000, 0x00000000e6900000, 0x00000000f5580000)
  object space 107520K, 59% used [0x00000000e0000000,0x00000000e3e20aa0,0x00000000e6900000)
 Metaspace       used 99158K, capacity 106160K, committed 106496K, reserved 1142784K
  class space    used 11101K, capacity 13194K, committed 13312K, reserved 1048576K
}
Event: 34408.633 GC heap before
{Heap before GC invocations=1464 (full 190):
 PSYoungGen      total 165376K, used 156160K [0x00000000f5580000, 0x0000000100000000, 0x0000000100000000)
  eden space 156160K, 100% used [0x00000000f5580000,0x00000000fee00000,0x00000000fee00000)
  from space 9216K, 0% used [0x00000000fee00000,0x00000000fee00000,0x00000000ff700000)
  to   space 9216K, 0% used [0x00000000ff700000,0x00000000ff700000,0x0000000100000000)
 ParOldGen       total 107520K, used 63618K [0x00000000e0000000, 0x00000000e6900000, 0x00000000f5580000)
  object space 107520K, 59% used [0x00000000e0000000,0x00000000e3e20aa0,0x00000000e6900000)
 Metaspace       used 99158K, capacity 106160K, committed 106496K, reserved 1142784K
  class space    used 11101K, capacity 13194K, committed 13312K, reserved 1048576K
Event: 34408.638 GC heap after
Heap after GC invocations=1464 (full 190):
 PSYoungGen      total 164352K, used 8304K [0x00000000f5580000, 0x0000000100000000, 0x0000000100000000)
  eden space 155136K, 0% used [0x00000000f5580000,0x00000000f5580000,0x00000000fed00000)
  from space 9216K, 90% used [0x00000000ff700000,0x00000000fff1c218,0x0000000100000000)
  to   space 9728K, 0% used [0x00000000fed00000,0x00000000fed00000,0x00000000ff680000)
 ParOldGen       total 107520K, used 63618K [0x00000000e0000000, 0x00000000e6900000, 0x00000000f5580000)
  object space 107520K, 59% used [0x00000000e0000000,0x00000000e3e20aa0,0x00000000e6900000)
 Metaspace       used 99158K, capacity 106160K, committed 106496K, reserved 1142784K
  class space    used 11101K, capacity 13194K, committed 13312K, reserved 1048576K
}
Event: 34418.626 GC heap before
{Heap before GC invocations=1465 (full 190):
 PSYoungGen      total 164352K, used 102429K [0x00000000f5580000, 0x0000000100000000, 0x0000000100000000)
  eden space 155136K, 60% used [0x00000000f5580000,0x00000000fb16b438,0x00000000fed00000)
  from space 9216K, 90% used [0x00000000ff700000,0x00000000fff1c218,0x0000000100000000)
  to   space 9728K, 0% used [0x00000000fed00000,0x00000000fed00000,0x00000000ff680000)
 ParOldGen       total 107520K, used 63618K [0x00000000e0000000, 0x00000000e6900000, 0x00000000f5580000)
  object space 107520K, 59% used [0x00000000e0000000,0x00000000e3e20aa0,0x00000000e6900000)
 Metaspace       used 99158K, capacity 106160K, committed 106496K, reserved 1142784K
  class space    used 11101K, capacity 13194K, committed 13312K, reserved 1048576K
Event: 34418.636 GC heap after
Heap after GC invocations=1465 (full 190):
 PSYoungGen      total 164864K, used 4438K [0x00000000f5580000, 0x0000000100000000, 0x0000000100000000)
  eden space 155136K, 0% used [0x00000000f5580000,0x00000000f5580000,0x00000000fed00000)
  from space 9728K, 45% used [0x00000000fed00000,0x00000000ff155978,0x00000000ff680000)
  to   space 9728K, 0% used [0x00000000ff680000,0x00000000ff680000,0x0000000100000000)
 ParOldGen       total 107520K, used 63618K [0x00000000e0000000, 0x00000000e6900000, 0x00000000f5580000)
  object space 107520K, 59% used [0x00000000e0000000,0x00000000e3e20aa0,0x00000000e6900000)
 Metaspace       used 99158K, capacity 106160K, committed 106496K, reserved 1142784K
  class space    used 11101K, capacity 13194K, committed 13312K, reserved 1048576K
}
Event: 34418.636 GC heap before
{Heap before GC invocations=1466 (full 191):
 PSYoungGen      total 164864K, used 4438K [0x00000000f5580000, 0x0000000100000000, 0x0000000100000000)
  eden space 155136K, 0% used [0x00000000f5580000,0x00000000f5580000,0x00000000fed00000)
  from space 9728K, 45% used [0x00000000fed00000,0x00000000ff155978,0x00000000ff680000)
  to   space 9728K, 0% used [0x00000000ff680000,0x00000000ff680000,0x0000000100000000)
 ParOldGen       total 107520K, used 63618K [0x00000000e0000000, 0x00000000e6900000, 0x00000000f5580000)
  object space 107520K, 59% used [0x00000000e0000000,0x00000000e3e20aa0,0x00000000e6900000)
 Metaspace       used 99158K, capacity 106160K, committed 106496K, reserved 1142784K
  class space    used 11101K, capacity 13194K, committed 13312K, reserved 1048576K
Event: 34418.783 GC heap after
Heap after GC invocations=1466 (full 191):
 PSYoungGen      total 164864K, used 0K [0x00000000f5580000, 0x0000000100000000, 0x0000000100000000)
  eden space 155136K, 0% used [0x00000000f5580000,0x00000000f5580000,0x00000000fed00000)
  from space 9728K, 0% used [0x00000000fed00000,0x00000000fed00000,0x00000000ff680000)
  to   space 9728K, 0% used [0x00000000ff680000,0x00000000ff680000,0x0000000100000000)
 ParOldGen       total 107520K, used 62019K [0x00000000e0000000, 0x00000000e6900000, 0x00000000f5580000)
  object space 107520K, 57% used [0x00000000e0000000,0x00000000e3c90d30,0x00000000e6900000)
 Metaspace       used 99158K, capacity 106160K, committed 106496K, reserved 1142784K
  class space    used 11101K, capacity 13194K, committed 13312K, reserved 1048576K
}

Deoptimization events (10 events):
Event: 34442.537 Thread 0x0000000017896000 Uncommon trap: reason=unstable_if action=reinterpret pc=0x0000000004863610 method=org.eclipse.core.internal.jobs.JobManager.nextJob()Lorg/eclipse/core/runtime/jobs/Job; @ 80
Event: 34442.537 Thread 0x0000000017896000 Uncommon trap: reason=unstable_if action=reinterpret pc=0x00000000051273f0 method=org.eclipse.core.internal.jobs.WorkerPool.startJob(Lorg/eclipse/core/internal/jobs/Worker;)Lorg/eclipse/core/internal/jobs/InternalJob; @ 177
Event: 34442.537 Thread 0x0000000019472800 Uncommon trap: reason=unstable_if action=reinterpret pc=0x00000000051273f0 method=org.eclipse.core.internal.jobs.WorkerPool.startJob(Lorg/eclipse/core/internal/jobs/Worker;)Lorg/eclipse/core/internal/jobs/InternalJob; @ 177
Event: 34442.537 Thread 0x0000000017892000 Uncommon trap: reason=unstable_if action=reinterpret pc=0x00000000051273f0 method=org.eclipse.core.internal.jobs.WorkerPool.startJob(Lorg/eclipse/core/internal/jobs/Worker;)Lorg/eclipse/core/internal/jobs/InternalJob; @ 177
Event: 34442.538 Thread 0x0000000017891800 Uncommon trap: reason=unstable_if action=reinterpret pc=0x00000000051273f0 method=org.eclipse.core.internal.jobs.WorkerPool.startJob(Lorg/eclipse/core/internal/jobs/Worker;)Lorg/eclipse/core/internal/jobs/InternalJob; @ 177
Event: 34442.538 Thread 0x000000001788e800 Uncommon trap: reason=unstable_if action=reinterpret pc=0x00000000051273f0 method=org.eclipse.core.internal.jobs.WorkerPool.startJob(Lorg/eclipse/core/internal/jobs/Worker;)Lorg/eclipse/core/internal/jobs/InternalJob; @ 177
Event: 34442.538 Thread 0x0000000017893800 Uncommon trap: reason=unstable_if action=reinterpret pc=0x00000000051273f0 method=org.eclipse.core.internal.jobs.WorkerPool.startJob(Lorg/eclipse/core/internal/jobs/Worker;)Lorg/eclipse/core/internal/jobs/InternalJob; @ 177
Event: 34442.538 Thread 0x000000001a7b5000 Uncommon trap: reason=unstable_if action=reinterpret pc=0x00000000051273f0 method=org.eclipse.core.internal.jobs.WorkerPool.startJob(Lorg/eclipse/core/internal/jobs/Worker;)Lorg/eclipse/core/internal/jobs/InternalJob; @ 177
Event: 34442.548 Thread 0x00000000026a4000 Uncommon trap: reason=class_check action=maybe_recompile pc=0x0000000007c42834 method=java.util.ComparableTimSort.countRunAndMakeAscending([Ljava/lang/Object;II)I @ 36
Event: 34444.347 Thread 0x00000000026a4000 Uncommon trap: reason=unstable_if action=reinterpret pc=0x00000000058da200 method=sun.reflect.UnsafeStaticObjectFieldAccessorImpl.set(Ljava/lang/Object;Ljava/lang/Object;)V @ 13

Internal exceptions (10 events):
Event: 34441.359 Thread 0x0000000019468000 Exception <a 'java/lang/InterruptedException'> (0x00000000f7a05898) thrown at [C:\re\workspace\8-2-build-windows-amd64-cygwin\jdk8u45\3627\hotspot\src\share\vm\runtime\objectMonitor.cpp, line 1683]
Event: 34441.451 Thread 0x00000000026a4000 Implicit null exception at 0x000000000907398b to 0x0000000009074c35
Event: 34441.451 Thread 0x00000000026a4000 Implicit null exception at 0x00000000070c3c2a to 0x00000000070c4c2a
Event: 34441.453 Thread 0x00000000026a4000 Implicit null exception at 0x0000000005235c87 to 0x0000000005236aad
Event: 34442.442 Thread 0x0000000015f8c000 Implicit null exception at 0x0000000005149c02 to 0x0000000005149d9d
Event: 34442.550 Thread 0x0000000015cbb800 Exception <a 'java/lang/InterruptedException': sleep interrupted> (0x00000000f7d59040) thrown at [C:\re\workspace\8-2-build-windows-amd64-cygwin\jdk8u45\3627\hotspot\src\share\vm\prims\jvm.cpp, line 3211]
Event: 34442.550 Thread 0x0000000017732800 Exception <a 'java/lang/InterruptedException'> (0x00000000f7d59818) thrown at [C:\re\workspace\8-2-build-windows-amd64-cygwin\jdk8u45\3627\hotspot\src\share\vm\runtime\objectMonitor.cpp, line 1683]
Event: 34442.560 Thread 0x0000000015c23000 Exception <a 'java/lang/InterruptedException'> (0x00000000f7d827a8) thrown at [C:\re\workspace\8-2-build-windows-amd64-cygwin\jdk8u45\3627\hotspot\src\share\vm\runtime\objectMonitor.cpp, line 1683]
Event: 34444.347 Thread 0x0000000015f8c000 Exception <a 'java/lang/InterruptedException'> (0x00000000f7bfa8a0) thrown at [C:\re\workspace\8-2-build-windows-amd64-cygwin\jdk8u45\3627\hotspot\src\share\vm\runtime\objectMonitor.cpp, line 1683]
Event: 34444.347 Thread 0x00000000026a4000 Implicit null exception at 0x00000000058d9eb7 to 0x00000000058da1ed

Events (10 events):
Event: 34444.356 loading class java/util/IdentityHashMap$IdentityHashMapIterator
Event: 34444.357 loading class java/util/IdentityHashMap$IdentityHashMapIterator done
Event: 34444.357 loading class java/util/IdentityHashMap$KeyIterator done
Event: 34444.357 Thread 0x00000000157c4000 Thread added: 0x00000000157c4000
Event: 34444.357 Executing VM operation: RevokeBias
Event: 34444.357 Executing VM operation: RevokeBias done
Event: 34444.357 Executing VM operation: RevokeBias
Event: 34444.357 Executing VM operation: RevokeBias done
Event: 34444.358 Thread 0x00000000157c4000 Thread exited: 0x00000000157c4000
Event: 34444.358 Executing VM operation: Exit


Dynamic libraries:
0x0000000000400000 - 0x000000000044f000 	D:\Xilinx\SDK\2015.4\eclipse\win64.o\eclipse.exe
0x00007fff301a0000 - 0x00007fff30372000 	C:\Windows\SYSTEM32\ntdll.dll
0x00007fff2e140000 - 0x00007fff2e1ec000 	C:\Windows\System32\KERNEL32.DLL
0x00007fff2d510000 - 0x00007fff2d72d000 	C:\Windows\System32\KERNELBASE.dll
0x00007fff2e520000 - 0x00007fff2e685000 	C:\Windows\System32\USER32.dll
0x00007fff2d4f0000 - 0x00007fff2d50e000 	C:\Windows\System32\win32u.dll
0x00007fff2fba0000 - 0x00007fff2fbd4000 	C:\Windows\System32\GDI32.dll
0x00007fff2c6a0000 - 0x00007fff2c820000 	C:\Windows\System32\gdi32full.dll
0x00007fff2fcc0000 - 0x00007fff2fd5e000 	C:\Windows\System32\msvcrt.dll
0x00007fff18f30000 - 0x00007fff191aa000 	C:\Windows\WinSxS\amd64_microsoft.windows.common-controls_6595b64144ccf1df_6.0.14393.953_none_42151e83c686086b\COMCTL32.dll
0x00007fff2d730000 - 0x00007fff2d9f8000 	C:\Windows\System32\combase.dll
0x00007fff2d160000 - 0x00007fff2d255000 	C:\Windows\System32\ucrtbase.dll
0x00007fff30020000 - 0x00007fff30141000 	C:\Windows\System32\RPCRT4.dll
0x00007fff2d430000 - 0x00007fff2d49a000 	C:\Windows\System32\bcryptPrimitives.dll
0x00007fff30150000 - 0x00007fff3017e000 	C:\Windows\System32\IMM32.DLL
0x0000000072000000 - 0x0000000072012000 	D:\Xilinx\SDK\2015.4\eclipse\win64.o\plugins\org.eclipse.equinox.launcher.win32.win32.x86_64_1.1.200.v20140116-2212\eclipse_1503.dll
0x00007fff2fdc0000 - 0x00007fff2fe62000 	C:\Windows\System32\ADVAPI32.dll
0x00007fff2e420000 - 0x00007fff2e479000 	C:\Windows\System32\sechost.dll
0x00007fff282d0000 - 0x00007fff282da000 	C:\Windows\SYSTEM32\VERSION.dll
0x00007fff2aed0000 - 0x00007fff2af65000 	C:\Windows\system32\uxtheme.dll
0x00007fff2e2c0000 - 0x00007fff2e41a000 	C:\Windows\System32\MSCTF.dll
0x00007fff2e1f0000 - 0x00007fff2e2af000 	C:\Windows\System32\OLEAUT32.dll
0x00007fff2d0c0000 - 0x00007fff2d15c000 	C:\Windows\System32\msvcp_win.dll
0x00000000589b0000 - 0x0000000059233000 	D:\Xilinx\SDK\2015.4\tps\win64\jre\bin\server\jvm.dll
0x00007fff2dca0000 - 0x00007fff2dca8000 	C:\Windows\System32\PSAPI.DLL
0x00007fff26d00000 - 0x00007fff26d09000 	C:\Windows\SYSTEM32\WSOCK32.dll
0x00007fff2a9a0000 - 0x00007fff2a9c3000 	C:\Windows\SYSTEM32\WINMM.dll
0x000000005d290000 - 0x000000005d362000 	C:\Windows\SYSTEM32\MSVCR100.dll
0x00007fff2fc50000 - 0x00007fff2fcba000 	C:\Windows\System32\WS2_32.dll
0x00007fff2a930000 - 0x00007fff2a95b000 	C:\Windows\SYSTEM32\winmmbase.dll
0x00007fff2d4a0000 - 0x00007fff2d4e2000 	C:\Windows\System32\cfgmgr32.dll
0x000000005cbc0000 - 0x000000005cbcf000 	D:\Xilinx\SDK\2015.4\tps\win64\jre\bin\verify.dll
0x000000005cb90000 - 0x000000005cbb9000 	D:\Xilinx\SDK\2015.4\tps\win64\jre\bin\java.dll
0x000000005cb70000 - 0x000000005cb86000 	D:\Xilinx\SDK\2015.4\tps\win64\jre\bin\zip.dll
0x00007fff2e690000 - 0x00007fff2fb98000 	C:\Windows\System32\SHELL32.dll
0x00007fff2c930000 - 0x00007fff2d008000 	C:\Windows\System32\windows.storage.dll
0x00007fff2c630000 - 0x00007fff2c67c000 	C:\Windows\System32\powrprof.dll
0x00007fff2fe70000 - 0x00007fff2fec2000 	C:\Windows\System32\shlwapi.dll
0x00007fff2c690000 - 0x00007fff2c69f000 	C:\Windows\System32\kernel.appcore.dll
0x00007fff2c880000 - 0x00007fff2c929000 	C:\Windows\System32\shcore.dll
0x00007fff2c610000 - 0x00007fff2c624000 	C:\Windows\System32\profapi.dll
0x00007fff2c090000 - 0x00007fff2c0a7000 	C:\Windows\SYSTEM32\CRYPTSP.dll
0x00007fff2bae0000 - 0x00007fff2bb13000 	C:\Windows\system32\rsaenh.dll
0x00007fff2c550000 - 0x00007fff2c57b000 	C:\Windows\SYSTEM32\bcrypt.dll
0x00007fff2bd60000 - 0x00007fff2bd7f000 	C:\Windows\SYSTEM32\USERENV.dll
0x00007fff2c080000 - 0x00007fff2c08b000 	C:\Windows\SYSTEM32\CRYPTBASE.dll
0x000000005cb50000 - 0x000000005cb6a000 	D:\Xilinx\SDK\2015.4\tps\win64\jre\bin\net.dll
0x00007fff2bee0000 - 0x00007fff2bf3c000 	C:\Windows\system32\mswsock.dll
0x00007fff2bc60000 - 0x00007fff2bc98000 	C:\Windows\SYSTEM32\IPHLPAPI.DLL
0x00007fff2e2b0000 - 0x00007fff2e2b8000 	C:\Windows\System32\NSI.dll
0x00007fff24590000 - 0x00007fff245a6000 	C:\Windows\SYSTEM32\dhcpcsvc6.DLL
0x00007fff24860000 - 0x00007fff2487a000 	C:\Windows\SYSTEM32\dhcpcsvc.DLL
0x000000005cb30000 - 0x000000005cb41000 	D:\Xilinx\SDK\2015.4\tps\win64\jre\bin\nio.dll
0x00007fff196c0000 - 0x00007fff196d6000 	C:\Windows\system32\napinsp.dll
0x00007fff196e0000 - 0x00007fff196fa000 	C:\Windows\system32\pnrpnsp.dll
0x00007fff28800000 - 0x00007fff28818000 	C:\Windows\system32\NLAapi.dll
0x00007fff2bca0000 - 0x00007fff2bd41000 	C:\Windows\SYSTEM32\DNSAPI.dll
0x00007fff1eba0000 - 0x00007fff1ebae000 	C:\Windows\System32\winrnr.dll
0x0000000063560000 - 0x0000000063569000 	C:\Program Files\National Instruments\Shared\mDNS Responder\nimdnsNSP.dll
0x0000000063550000 - 0x000000006355e000 	C:\Windows\SYSTEM32\nimdnsResponder.dll
0x000000005d540000 - 0x000000005d5e3000 	C:\Windows\WinSxS\amd64_microsoft.vc90.crt_1fc8b3b9a1e18e3b_9.0.30729.9247_none_08e394a1a83e212f\MSVCR90.dll
0x000000005d510000 - 0x000000005d536000 	C:\Program Files\Bonjour\mdnsNSP.dll
0x00007fff22f20000 - 0x00007fff22f2a000 	C:\Windows\System32\rasadhlp.dll
0x00007fff245c0000 - 0x00007fff2462a000 	C:\Windows\System32\fwpuclnt.dll
0x0000000016e60000 - 0x0000000016f08000 	C:\Users\4230\.Xilinx\SDK\2015.4\org.eclipse.osgi\bundles\303\1\.cp\swt-win32-4335.dll
0x00007fff2fee0000 - 0x00007fff30018000 	C:\Windows\System32\ole32.dll
0x00007fff2da00000 - 0x00007fff2dafa000 	C:\Windows\System32\comdlg32.dll
0x00007fff2d260000 - 0x00007fff2d429000 	C:\Windows\System32\CRYPT32.dll
0x00007fff23580000 - 0x00007fff23606000 	C:\Windows\SYSTEM32\WINSPOOL.DRV
0x00007fff2c680000 - 0x00007fff2c690000 	C:\Windows\System32\MSASN1.dll
0x00007fff2aa20000 - 0x00007fff2aa39000 	C:\Windows\SYSTEM32\USP10.dll
0x00007fff16050000 - 0x00007fff1631a000 	C:\Windows\SYSTEM32\WININET.dll
0x00007fff2a300000 - 0x00007fff2a326000 	C:\Windows\system32\dwmapi.dll
0x00007fff2a0b0000 - 0x00007fff2a235000 	C:\Windows\SYSTEM32\propsys.dll
0x00007fff2e480000 - 0x00007fff2e51f000 	C:\Windows\System32\clbcatq.dll
0x0000000016790000 - 0x00000000167ae000 	C:\Users\4230\.Xilinx\SDK\2015.4\org.eclipse.osgi\bundles\303\1\.cp\swt-gdip-win32-4335.dll
0x00007fff157c0000 - 0x00007fff15959000 	C:\Windows\WinSxS\amd64_microsoft.windows.gdiplus_6595b64144ccf1df_1.1.14393.1715_none_aec701fbddd850fa\gdiplus.dll
0x00007fff297a0000 - 0x00007fff29948000 	C:\Windows\SYSTEM32\WindowsCodecs.dll
0x0000000180000000 - 0x0000000180012000 	C:\Users\4230\.Xilinx\SDK\2015.4\org.eclipse.osgi\bundles\121\1\.cp\os\win32\x86_64\localfile_1_0_0.dll
0x00007fff27260000 - 0x00007fff27271000 	C:\Users\4230\.Xilinx\SDK\2015.4\org.eclipse.osgi\bundles\124\1\.cp\jWinHttp-1.0.0.dll
0x00007fff29950000 - 0x00007fff29a1d000 	C:\Windows\SYSTEM32\WINHTTP.dll
0x00007fff175d0000 - 0x00007fff17635000 	C:\Windows\SYSTEM32\oleacc.dll
0x00007fff27250000 - 0x00007fff2725f000 	D:\Xilinx\SDK\2015.4\lib\win64.o\librdi_repo_manager.dll
0x00007fff27220000 - 0x00007fff2724a000 	D:\Xilinx\SDK\2015.4\lib\win64.o\libisl_sysinfo.dll
0x00007fff27130000 - 0x00007fff27184000 	D:\Xilinx\SDK\2015.4\lib\win64.o\librdi_commonxillic.dll
0x00007ffeda3a0000 - 0x00007ffedad2d000 	D:\Xilinx\SDK\2015.4\lib\win64.o\librdi_common.dll
0x00007fff0bc90000 - 0x00007fff0bd37000 	C:\Windows\SYSTEM32\MSVCP110.dll
0x00007fff0bd90000 - 0x00007fff0be64000 	C:\Windows\SYSTEM32\MSVCR110.dll
0x00007ffedd840000 - 0x00007ffedda5e000 	D:\Xilinx\SDK\2015.4\lib\win64.o\libXil_lmgr11.dll
0x00007fff271f0000 - 0x00007fff27212000 	D:\Xilinx\SDK\2015.4\lib\win64.o\libboost_filesystem.dll
0x00007fff2c820000 - 0x00007fff2c875000 	C:\Windows\System32\WINTRUST.dll
0x00007fff243a0000 - 0x00007fff2449a000 	D:\Xilinx\SDK\2015.4\lib\win64.o\libboost_regex.dll
0x00007fff27120000 - 0x00007fff27129000 	D:\Xilinx\SDK\2015.4\lib\win64.o\libboost_system.dll
0x00007ffeda030000 - 0x00007ffeda39e000 	D:\Xilinx\SDK\2015.4\lib\win64.o\libCOIN-all.dll
0x00007fff24320000 - 0x00007fff24394000 	D:\Xilinx\SDK\2015.4\lib\win64.o\libboost_program_options.dll
0x00007fff26e80000 - 0x00007fff26e90000 	D:\Xilinx\SDK\2015.4\lib\win64.o\libboost_date_time.dll
0x00007fff26e60000 - 0x00007fff26e73000 	D:\Xilinx\SDK\2015.4\lib\win64.o\libboost_signals.dll
0x00007fff26e40000 - 0x00007fff26e5d000 	D:\Xilinx\SDK\2015.4\lib\win64.o\libboost_thread.dll
0x00007fff26e30000 - 0x00007fff26e3b000 	D:\Xilinx\SDK\2015.4\lib\win64.o\libboost_xilinx.dll
0x00007ffee4a70000 - 0x00007ffee4af0000 	D:\Xilinx\SDK\2015.4\lib\win64.o\libhdlpsolve.dll
0x00007ffee1e60000 - 0x00007ffee1efa000 	D:\Xilinx\SDK\2015.4\lib\win64.o\libhdxml.dll
0x00007ffed9bf0000 - 0x00007ffeda024e00 	D:\Xilinx\SDK\2015.4\lib\win64.o\libisl_iostreams.dll
0x00007fff24300000 - 0x00007fff24315000 	D:\Xilinx\SDK\2015.4\lib\win64.o\pthreadVC2.dll
0x00007ffed9ac0000 - 0x00007ffed9bf0000 	D:\Xilinx\SDK\2015.4\lib\win64.o\librdi_curl.dll
0x00007fff242e0000 - 0x00007fff242f8000 	D:\Xilinx\SDK\2015.4\lib\win64.o\librdiconfig.dll
0x00007fff09e20000 - 0x00007fff09e43000 	D:\Xilinx\SDK\2015.4\lib\win64.o\librdizlib.dll
0x00007fff20c30000 - 0x00007fff20df3000 	C:\Windows\SYSTEM32\urlmon.dll
0x000000005cbd0000 - 0x000000005ccf7000 	D:\Xilinx\SDK\2015.4\lib\win64.o\tcl85t.dll
0x0000000022f60000 - 0x00000000231c3000 	D:\Xilinx\SDK\2015.4\lib\win64.o\xerces-c_3_1.dll
0x00007fff17880000 - 0x00007fff178a3000 	C:\Windows\SYSTEM32\VCOMP110.DLL
0x00007fff22f00000 - 0x00007fff22f18000 	C:\Windows\SYSTEM32\NETAPI32.dll
0x00007fff26e20000 - 0x00007fff26e2b000 	D:\Xilinx\SDK\2015.4\lib\win64.o\libboost_chrono.dll
0x00007fff13f60000 - 0x00007fff13f76000 	D:\Xilinx\SDK\2015.4\lib\win64.o\libboost_iostreams.dll
0x00007fff255c0000 - 0x00007fff25865000 	C:\Windows\SYSTEM32\iertutil.dll
0x00007fff09070000 - 0x00007fff09093000 	D:\Xilinx\SDK\2015.4\lib\win64.o\libisl_iosutils.dll
0x00007ffed98d0000 - 0x00007ffed9abc000 	D:\Xilinx\SDK\2015.4\lib\win64.o\librdi_hsm.dll
0x00007fff081b0000 - 0x00007fff081f3000 	D:\Xilinx\SDK\2015.4\lib\win64.o\librdi_hdf.dll
0x00007ffed9670000 - 0x00007ffed98c5000 	D:\Xilinx\SDK\2015.4\lib\win64.o\librdi_ippcw.dll
0x00007fff27680000 - 0x00007fff27687000 	C:\Windows\SYSTEM32\msimg32.dll
0x00007fff18ee0000 - 0x00007fff18f22000 	C:\Windows\SYSTEM32\edputil.dll
0x00007ffed8620000 - 0x00007ffed8e30000 	D:\Xilinx\SDK\2015.4\lib\win64.o\libXil_lmgr11FNP.dll
0x00007fff2dd10000 - 0x00007fff2e139000 	C:\Windows\System32\SETUPAPI.dll
0x00007fff24230000 - 0x00007fff2423c000 	C:\Windows\SYSTEM32\snmpapi.dll
0x00007fff2c280000 - 0x00007fff2c2ac000 	C:\Windows\SYSTEM32\SspiCli.dll
0x00007fff2b2e0000 - 0x00007fff2b308000 	C:\Windows\SYSTEM32\DEVOBJ.dll
0x00007fff2aa90000 - 0x00007fff2aaa6000 	D:\Xilinx\SDK\2015.4\eclipse\win64.o\plugins\org.eclipse.cdt.core.win32.x86_64_5.2.0.201402142303\os\win32\x86_64\spawner.dll
0x0000000071080000 - 0x00000000710a6000 	D:\Xilinx\SDK\2015.4\eclipse\win64.o\plugins\gnu.io.rxtx.win32.x86_64_2.1.7.3_v20071015\os\win32\x86_64\rxtxSerial.dll
0x00007fff277a0000 - 0x00007fff277aa000 	D:\Xilinx\SDK\2015.4\lib\win64.o\librdi_jtag_settings.dll

VM Arguments:
jvm_args: -Dcom.xilinx.sdk.args.hwspec=D:/simka/project_1/project_1.sdk/system_top_wrapper.hdf -Xms64m -Xmx512m & 
java_command: <unknown>
java_class_path (initial): D:\Xilinx\SDK\2015.4\eclipse\win64.o\\plugins/org.eclipse.equinox.launcher_1.3.0.v20130327-1440.jar
Launcher Type: generic

Environment Variables:
JAVA_HOME=C:\Program Files\Java\jdk1.8.0_121
USERNAME=4230
OS=Windows_NT
PROCESSOR_IDENTIFIER=Intel64 Family 6 Model 94 Stepping 3, GenuineIntel



---------------  S Y S T E M  ---------------

OS: Windows 10.0 , 64 bit Build 14393 (10.0.14393.1198)

CPU:total 4 (4 cores per cpu, 1 threads per core) family 6 model 94 stepping 3, cmov, cx8, fxsr, mmx, sse, sse2, sse3, ssse3, sse4.1, sse4.2, popcnt, avx, avx2, aes, clmul, erms, 3dnowpref, lzcnt, tsc, tscinvbit, bmi1, bmi2, adx

Memory: 4k page, physical 8343204k(2067500k free), swap 9784996k(2297096k free)

vm_info: Java HotSpot(TM) 64-Bit Server VM (25.45-b02) for windows-amd64 JRE (1.8.0_45-b15), built on Apr 30 2015 12:40:44 by "java_re" with MS VC++ 10.0 (VS2010)

time: Fri Nov 24 17:32:49 2017
elapsed time: 34444 seconds (0d 9h 34m 4s)

