#
# A fatal error has been detected by the Java Runtime Environment:
#
#  EXCEPTION_UNCAUGHT_CXX_EXCEPTION (0xe06d7363) at pc=0x00007fff2d543c58, pid=186320, tid=187100
#
# JRE version: Java(TM) SE Runtime Environment (8.0_45-b15) (build 1.8.0_45-b15)
# Java VM: Java HotSpot(TM) 64-Bit Server VM (25.45-b02 mixed mode windows-amd64 compressed oops)
# Problematic frame:
# C  [KERNELBASE.dll+0x33c58]
#
# Failed to write core dump. Minidumps are not enabled by default on client versions of Windows
#
# If you would like to submit a bug report, please visit:
#   http://bugreport.java.com/bugreport/crash.jsp
#

---------------  T H R E A D  ---------------

Current thread (0x0000000013bd7000):  VMThread [stack: 0x0000000014c80000,0x0000000014d80000] [id=187100]

siginfo: ExceptionCode=0xe06d7363, ExceptionInformation=0x0000000019930520 0x0000000014d7f448 0x00007fff17b62cb8 0x00007fff17ab0000 

Registers:
RAX=0x004c0044002e006c, RBX=0x00007fff17b62cb8, RCX=0x000000000000004c, RDX=0x0000000000000000
RSP=0x0000000014d7f290, RBP=0x0000000014d7f3d0, RSI=0x00000000ffffffff, RDI=0x0000000026699eb0
R8 =0x0000000000000000, R9 =0x0000000000000000, R10=0x0000000000000000, R11=0x0000000000000000
R12=0x0000000000000001, R13=0x0000000000000008, R14=0x0000000000000000, R15=0xffffffffffffffff
RIP=0x00007fff2d543c58, EFLAGS=0x0000000000000202

Top of Stack: (sp=0x0000000014d7f290)
0x0000000014d7f290:   0000000000000000 00007fff17b62cb8
0x0000000014d7f2a0:   00000000ffffffff 0000000026699eb0
0x0000000014d7f2b0:   00000001e06d7363 0000000000000000
0x0000000014d7f2c0:   00007fff2d543c58 0000000000000004
0x0000000014d7f2d0:   0000000019930520 0000000014d7f448
0x0000000014d7f2e0:   00007fff17b62cb8 00007fff17ab0000
0x0000000014d7f2f0:   0000000000000008 0000000000000001
0x0000000014d7f300:   0000000026699eb0 00000000ffffffff
0x0000000014d7f310:   0000000014d7f3d0 00007fff301ec28f
0x0000000014d7f320:   0000000014d7f3e0 0000000000000000
0x0000000014d7f330:   00004ab5f1ce6ec2 0000000000000001
0x0000000014d7f340:   00007fff17b79000 00007fff17ab0000
0x0000000014d7f350:   0000690bf51e8fed 000000000000003f
0x0000000014d7f360:   00007fff17b62cb8 00007fff17b0e92c
0x0000000014d7f370:   000000000000001f 0000000000000008
0x0000000014d7f380:   0000000000000001 0000000026699eb0 

Instructions: (pc=0x00007fff2d543c58)
0x00007fff2d543c38:   49 8b d1 44 0f 47 c0 44 89 44 24 38 49 c1 e0 03
0x00007fff2d543c48:   e8 47 90 04 00 48 8d 4c 24 20 ff 15 c0 44 11 00
0x00007fff2d543c58:   48 8b 8c 24 c0 00 00 00 48 33 cc e8 d8 55 04 00
0x00007fff2d543c68:   48 81 c4 d8 00 00 00 c3 83 64 24 38 00 eb d6 cc 


Register to memory mapping:

RAX=0x004c0044002e006c is an unknown value
RBX=0x00007fff17b62cb8 is an unknown value
RCX=0x000000000000004c is an unknown value
RDX=0x0000000000000000 is an unknown value
RSP=0x0000000014d7f290 is an unknown value
RBP=0x0000000014d7f3d0 is an unknown value
RSI=0x00000000ffffffff is an unallocated location in the heap
RDI=0x0000000026699eb0 is an unknown value
R8 =0x0000000000000000 is an unknown value
R9 =0x0000000000000000 is an unknown value
R10=0x0000000000000000 is an unknown value
R11=0x0000000000000000 is an unknown value
R12=0x0000000000000001 is an unknown value
R13=0x0000000000000008 is an unknown value
R14=0x0000000000000000 is an unknown value
R15=0xffffffffffffffff is an unknown value


Stack: [0x0000000014c80000,0x0000000014d80000],  sp=0x0000000014d7f290,  free space=1020k
Native frames: (J=compiled Java code, j=interpreted, Vv=VM code, C=native code)
C  [KERNELBASE.dll+0x33c58]
C  [MSVCR110.dll+0x5e92c]
C  [MSVCR110.dll+0x1315c]
C  [MSVCR110.dll+0x136a9]
C  [MSVCR110.dll+0x13e9c]
C  [MSVCR110.dll+0x239e]
C  [MSVCR110.dll+0xaf9e]
C  [MSVCP110.dll+0x397b9]
C  [librdi_common.dll+0x14283e]
C  [librdi_common.dll+0x141449]
C  0x00007fff08d72400
C  0x00007fff08d72682
C  [ntdll.dll+0x2a37f]
C  [ntdll.dll+0x806b]
C  [ntdll.dll+0x7d94]
C  [KERNEL32.DLL+0x1ce6a]
C  [MSVCR100.dll+0x20ccd]
V  [jvm.dll+0x20f135]
V  [jvm.dll+0x247ef7]
V  [jvm.dll+0x247196]
V  [jvm.dll+0x247631]
V  [jvm.dll+0x24784e]
V  [jvm.dll+0x29853a]
C  [MSVCR100.dll+0x21d9f]
C  [MSVCR100.dll+0x21e3b]
C  [KERNEL32.DLL+0x8364]
C  [ntdll.dll+0x67091]

VM_Operation (0x000000000014f500): Exit, mode: safepoint, requested by thread 0x00000000026f4000


---------------  P R O C E S S  ---------------

Java Threads: ( => current thread )
  0x000000001730d000 JavaThread "Thread-34" daemon [_thread_blocked, id=58824, stack(0x000000002a910000,0x000000002aa10000)]
  0x00000000199f7800 JavaThread "TCF Locator DNS Lookup" daemon [_thread_blocked, id=205260, stack(0x0000000023e70000,0x0000000023f70000)]
  0x00000000199fe000 JavaThread "TCF Locator Timer" daemon [_thread_blocked, id=209228, stack(0x0000000023d70000,0x0000000023e70000)]
  0x0000000017427800 JavaThread "TCF Locator Receiver" daemon [_thread_in_native, id=208112, stack(0x0000000023c70000,0x0000000023d70000)]
  0x000000001742b800 JavaThread "TCF Timer Dispatcher" daemon [_thread_blocked, id=206872, stack(0x0000000023a70000,0x0000000023b70000)]
  0x00000000163be800 JavaThread "EMF Reference Cleaner" daemon [_thread_blocked, id=198868, stack(0x0000000018620000,0x0000000018720000)]
  0x0000000015498800 JavaThread "Service Thread" daemon [_thread_blocked, id=183424, stack(0x0000000015880000,0x0000000015980000)]
  0x0000000013c20800 JavaThread "C1 CompilerThread2" daemon [_thread_blocked, id=186640, stack(0x0000000015380000,0x0000000015480000)]
  0x0000000013c1b800 JavaThread "C2 CompilerThread1" daemon [_thread_blocked, id=183408, stack(0x0000000015280000,0x0000000015380000)]
  0x0000000013c19800 JavaThread "C2 CompilerThread0" daemon [_thread_blocked, id=187388, stack(0x0000000015180000,0x0000000015280000)]
  0x0000000013c14000 JavaThread "Attach Listener" daemon [_thread_blocked, id=186408, stack(0x0000000015080000,0x0000000015180000)]
  0x0000000013c13000 JavaThread "Signal Dispatcher" daemon [_thread_blocked, id=186528, stack(0x0000000014f80000,0x0000000015080000)]
  0x0000000013bd8800 JavaThread "Finalizer" daemon [_thread_blocked, id=186556, stack(0x0000000014e80000,0x0000000014f80000)]
  0x00000000027e2800 JavaThread "Reference Handler" daemon [_thread_blocked, id=185808, stack(0x0000000014d80000,0x0000000014e80000)]
  0x00000000026f4000 JavaThread "main" [_thread_blocked, id=185408, stack(0x0000000000050000,0x0000000000150000)]

Other Threads:
=>0x0000000013bd7000 VMThread [stack: 0x0000000014c80000,0x0000000014d80000] [id=187100]

VM state:at safepoint (shutting down)

VM Mutex/Monitor currently owned by a thread:  ([mutex/lock_event])
[0x00000000026f0d50] Threads_lock - owner thread: 0x0000000013bd7000

Heap:
 PSYoungGen      total 38400K, used 8824K [0x00000000f5580000, 0x00000000f8280000, 0x0000000100000000)
  eden space 32256K, 23% used [0x00000000f5580000,0x00000000f5ce02f8,0x00000000f7500000)
  from space 6144K, 20% used [0x00000000f7500000,0x00000000f763df58,0x00000000f7b00000)
  to   space 6656K, 0% used [0x00000000f7c00000,0x00000000f7c00000,0x00000000f8280000)
 ParOldGen       total 74240K, used 50050K [0x00000000e0000000, 0x00000000e4880000, 0x00000000f5580000)
  object space 74240K, 67% used [0x00000000e0000000,0x00000000e30e0950,0x00000000e4880000)
 Metaspace       used 93721K, capacity 100660K, committed 100992K, reserved 1136640K
  class space    used 10742K, capacity 12811K, committed 12928K, reserved 1048576K

Card table byte_map: [0x0000000011bb0000,0x0000000011cc0000] byte_map_base: 0x00000000114b0000

Marking Bits: (ParMarkBitMap*) 0x000000005a444040
 Begin Bits: [0x0000000012170000, 0x0000000012970000)
 End Bits:   [0x0000000012970000, 0x0000000013170000)

Polling page: 0x0000000000560000

CodeCache: size=245760Kb used=80271Kb max_used=80389Kb free=165488Kb
 bounds [0x00000000027f0000, 0x0000000007740000, 0x00000000117f0000]
 total_blobs=20606 nmethods=19742 adapters=770
 compilation: enabled

Compilation events (10 events):
Event: 14577.860 Thread 0x0000000013c20800 26873       3       org.eclipse.osgi.baseadaptor.bundlefile.BundleFile::setMruIndex (6 bytes)
Event: 14577.860 Thread 0x0000000013c20800 nmethod 26873 0x00000000036023d0 code [0x0000000003602520, 0x0000000003602670]
Event: 14577.862 Thread 0x0000000013c20800 26869  s    3       org.eclipse.equinox.internal.ds.model.ServiceComponentProp::setState (6 bytes)
Event: 14577.862 Thread 0x0000000013c20800 nmethod 26869 0x00000000041bbe90 code [0x00000000041bbfe0, 0x00000000041bc290]
Event: 14577.926 Thread 0x0000000013c20800 26874   !   3       org.eclipse.osgi.internal.baseadaptor.BaseStorage::compact (215 bytes)
Event: 14577.928 Thread 0x0000000013c1b800 nmethod 26866 0x000000000772bf10 code [0x000000000772c2c0, 0x000000000772f560]
Event: 14577.928 Thread 0x0000000013c20800 nmethod 26874 0x000000000413d990 code [0x000000000413dde0, 0x00000000041402a8]
Event: 14578.016 Thread 0x0000000013c20800 26875       3       org.eclipse.osgi.framework.internal.core.AbstractBundle::close (52 bytes)
Event: 14578.017 Thread 0x0000000013c20800 nmethod 26875 0x0000000004494650 code [0x0000000004494880, 0x0000000004495588]
Event: 14578.038 Thread 0x0000000013c20800 26876  s    3       java.io.ExpiringCache::clear (10 bytes)

GC Heap History (10 events):
Event: 14440.045 GC heap before
{Heap before GC invocations=460 (full 76):
 PSYoungGen      total 37376K, used 37114K [0x00000000f5580000, 0x00000000f8300000, 0x0000000100000000)
  eden space 33280K, 100% used [0x00000000f5580000,0x00000000f7600000,0x00000000f7600000)
  from space 4096K, 93% used [0x00000000f7680000,0x00000000f7a3e948,0x00000000f7a80000)
  to   space 6656K, 0% used [0x00000000f7c80000,0x00000000f7c80000,0x00000000f8300000)
 ParOldGen       total 74240K, used 50742K [0x00000000e0000000, 0x00000000e4880000, 0x00000000f5580000)
  object space 74240K, 68% used [0x00000000e0000000,0x00000000e318da20,0x00000000e4880000)
 Metaspace       used 93159K, capacity 99854K, committed 100096K, reserved 1136640K
  class space    used 10687K, capacity 12778K, committed 12800K, reserved 1048576K
Event: 14440.049 GC heap after
Heap after GC invocations=460 (full 76):
 PSYoungGen      total 38912K, used 4194K [0x00000000f5580000, 0x00000000f8280000, 0x0000000100000000)
  eden space 32768K, 0% used [0x00000000f5580000,0x00000000f5580000,0x00000000f7580000)
  from space 6144K, 68% used [0x00000000f7c80000,0x00000000f8098ac0,0x00000000f8280000)
  to   space 6656K, 0% used [0x00000000f7580000,0x00000000f7580000,0x00000000f7c00000)
 ParOldGen       total 74240K, used 50742K [0x00000000e0000000, 0x00000000e4880000, 0x00000000f5580000)
  object space 74240K, 68% used [0x00000000e0000000,0x00000000e318da20,0x00000000e4880000)
 Metaspace       used 93159K, capacity 99854K, committed 100096K, reserved 1136640K
  class space    used 10687K, capacity 12778K, committed 12800K, reserved 1048576K
}
Event: 14541.832 GC heap before
{Heap before GC invocations=461 (full 76):
 PSYoungGen      total 38912K, used 36962K [0x00000000f5580000, 0x00000000f8280000, 0x0000000100000000)
  eden space 32768K, 100% used [0x00000000f5580000,0x00000000f7580000,0x00000000f7580000)
  from space 6144K, 68% used [0x00000000f7c80000,0x00000000f8098ac0,0x00000000f8280000)
  to   space 6656K, 0% used [0x00000000f7580000,0x00000000f7580000,0x00000000f7c00000)
 ParOldGen       total 74240K, used 50742K [0x00000000e0000000, 0x00000000e4880000, 0x00000000f5580000)
  object space 74240K, 68% used [0x00000000e0000000,0x00000000e318da20,0x00000000e4880000)
 Metaspace       used 93189K, capacity 99982K, committed 100352K, reserved 1136640K
  class space    used 10687K, capacity 12778K, committed 12800K, reserved 1048576K
Event: 14541.842 GC heap after
Heap after GC invocations=461 (full 76):
 PSYoungGen      total 36864K, used 4314K [0x00000000f5580000, 0x00000000f8200000, 0x0000000100000000)
  eden space 32256K, 0% used [0x00000000f5580000,0x00000000f5580000,0x00000000f7500000)
  from space 4608K, 93% used [0x00000000f7580000,0x00000000f79b6bc0,0x00000000f7a00000)
  to   space 6656K, 0% used [0x00000000f7b80000,0x00000000f7b80000,0x00000000f8200000)
 ParOldGen       total 74240K, used 50742K [0x00000000e0000000, 0x00000000e4880000, 0x00000000f5580000)
  object space 74240K, 68% used [0x00000000e0000000,0x00000000e318da20,0x00000000e4880000)
 Metaspace       used 93189K, capacity 99982K, committed 100352K, reserved 1136640K
  class space    used 10687K, capacity 12778K, committed 12800K, reserved 1048576K
}
Event: 14564.224 GC heap before
{Heap before GC invocations=462 (full 76):
 PSYoungGen      total 36864K, used 25060K [0x00000000f5580000, 0x00000000f8200000, 0x0000000100000000)
  eden space 32256K, 64% used [0x00000000f5580000,0x00000000f69c27e0,0x00000000f7500000)
  from space 4608K, 93% used [0x00000000f7580000,0x00000000f79b6bc0,0x00000000f7a00000)
  to   space 6656K, 0% used [0x00000000f7b80000,0x00000000f7b80000,0x00000000f8200000)
 ParOldGen       total 74240K, used 50742K [0x00000000e0000000, 0x00000000e4880000, 0x00000000f5580000)
  object space 74240K, 68% used [0x00000000e0000000,0x00000000e318da20,0x00000000e4880000)
 Metaspace       used 93192K, capacity 99982K, committed 100352K, reserved 1136640K
  class space    used 10687K, capacity 12778K, committed 12800K, reserved 1048576K
Event: 14564.233 GC heap after
Heap after GC invocations=462 (full 76):
 PSYoungGen      total 37888K, used 3688K [0x00000000f5580000, 0x00000000f8100000, 0x0000000100000000)
  eden space 32256K, 0% used [0x00000000f5580000,0x00000000f5580000,0x00000000f7500000)
  from space 5632K, 65% used [0x00000000f7b80000,0x00000000f7f1a1f0,0x00000000f8100000)
  to   space 6144K, 0% used [0x00000000f7500000,0x00000000f7500000,0x00000000f7b00000)
 ParOldGen       total 74240K, used 50774K [0x00000000e0000000, 0x00000000e4880000, 0x00000000f5580000)
  object space 74240K, 68% used [0x00000000e0000000,0x00000000e3195a20,0x00000000e4880000)
 Metaspace       used 93192K, capacity 99982K, committed 100352K, reserved 1136640K
  class space    used 10687K, capacity 12778K, committed 12800K, reserved 1048576K
}
Event: 14564.233 GC heap before
{Heap before GC invocations=463 (full 77):
 PSYoungGen      total 37888K, used 3688K [0x00000000f5580000, 0x00000000f8100000, 0x0000000100000000)
  eden space 32256K, 0% used [0x00000000f5580000,0x00000000f5580000,0x00000000f7500000)
  from space 5632K, 65% used [0x00000000f7b80000,0x00000000f7f1a1f0,0x00000000f8100000)
  to   space 6144K, 0% used [0x00000000f7500000,0x00000000f7500000,0x00000000f7b00000)
 ParOldGen       total 74240K, used 50774K [0x00000000e0000000, 0x00000000e4880000, 0x00000000f5580000)
  object space 74240K, 68% used [0x00000000e0000000,0x00000000e3195a20,0x00000000e4880000)
 Metaspace       used 93192K, capacity 99982K, committed 100352K, reserved 1136640K
  class space    used 10687K, capacity 12778K, committed 12800K, reserved 1048576K
Event: 14564.411 GC heap after
Heap after GC invocations=463 (full 77):
 PSYoungGen      total 37888K, used 0K [0x00000000f5580000, 0x00000000f8100000, 0x0000000100000000)
  eden space 32256K, 0% used [0x00000000f5580000,0x00000000f5580000,0x00000000f7500000)
  from space 5632K, 0% used [0x00000000f7b80000,0x00000000f7b80000,0x00000000f8100000)
  to   space 6144K, 0% used [0x00000000f7500000,0x00000000f7500000,0x00000000f7b00000)
 ParOldGen       total 74240K, used 50050K [0x00000000e0000000, 0x00000000e4880000, 0x00000000f5580000)
  object space 74240K, 67% used [0x00000000e0000000,0x00000000e30e0950,0x00000000e4880000)
 Metaspace       used 93192K, capacity 99982K, committed 100352K, reserved 1136640K
  class space    used 10687K, capacity 12778K, committed 12800K, reserved 1048576K
}
Event: 14575.935 GC heap before
{Heap before GC invocations=464 (full 77):
 PSYoungGen      total 37888K, used 32256K [0x00000000f5580000, 0x00000000f8100000, 0x0000000100000000)
  eden space 32256K, 100% used [0x00000000f5580000,0x00000000f7500000,0x00000000f7500000)
  from space 5632K, 0% used [0x00000000f7b80000,0x00000000f7b80000,0x00000000f8100000)
  to   space 6144K, 0% used [0x00000000f7500000,0x00000000f7500000,0x00000000f7b00000)
 ParOldGen       total 74240K, used 50050K [0x00000000e0000000, 0x00000000e4880000, 0x00000000f5580000)
  object space 74240K, 67% used [0x00000000e0000000,0x00000000e30e0950,0x00000000e4880000)
 Metaspace       used 93408K, capacity 100206K, committed 100480K, reserved 1136640K
  class space    used 10711K, capacity 12810K, committed 12928K, reserved 1048576K
Event: 14575.938 GC heap after
Heap after GC invocations=464 (full 77):
 PSYoungGen      total 38400K, used 1271K [0x00000000f5580000, 0x00000000f8280000, 0x0000000100000000)
  eden space 32256K, 0% used [0x00000000f5580000,0x00000000f5580000,0x00000000f7500000)
  from space 6144K, 20% used [0x00000000f7500000,0x00000000f763df58,0x00000000f7b00000)
  to   space 6656K, 0% used [0x00000000f7c00000,0x00000000f7c00000,0x00000000f8280000)
 ParOldGen       total 74240K, used 50050K [0x00000000e0000000, 0x00000000e4880000, 0x00000000f5580000)
  object space 74240K, 67% used [0x00000000e0000000,0x00000000e30e0950,0x00000000e4880000)
 Metaspace       used 93408K, capacity 100206K, committed 100480K, reserved 1136640K
  class space    used 10711K, capacity 12810K, committed 12928K, reserved 1048576K
}

Deoptimization events (10 events):
Event: 14577.834 Thread 0x0000000017315800 Uncommon trap: reason=unstable_if action=reinterpret pc=0x0000000004cba660 method=org.eclipse.core.internal.jobs.WorkerPool.startJob(Lorg/eclipse/core/internal/jobs/Worker;)Lorg/eclipse/core/internal/jobs/InternalJob; @ 177
Event: 14577.835 Thread 0x000000001ebff000 Uncommon trap: reason=unstable_if action=reinterpret pc=0x0000000004cba660 method=org.eclipse.core.internal.jobs.WorkerPool.startJob(Lorg/eclipse/core/internal/jobs/Worker;)Lorg/eclipse/core/internal/jobs/InternalJob; @ 177
Event: 14577.836 Thread 0x000000001c80f000 Uncommon trap: reason=unstable_if action=reinterpret pc=0x0000000004cba660 method=org.eclipse.core.internal.jobs.WorkerPool.startJob(Lorg/eclipse/core/internal/jobs/Worker;)Lorg/eclipse/core/internal/jobs/InternalJob; @ 177
Event: 14577.836 Thread 0x000000001ec00800 Uncommon trap: reason=unstable_if action=reinterpret pc=0x0000000004cba660 method=org.eclipse.core.internal.jobs.WorkerPool.startJob(Lorg/eclipse/core/internal/jobs/Worker;)Lorg/eclipse/core/internal/jobs/InternalJob; @ 177
Event: 14577.837 Thread 0x000000001ec07000 Uncommon trap: reason=unstable_if action=reinterpret pc=0x0000000004cba660 method=org.eclipse.core.internal.jobs.WorkerPool.startJob(Lorg/eclipse/core/internal/jobs/Worker;)Lorg/eclipse/core/internal/jobs/InternalJob; @ 177
Event: 14577.839 Thread 0x000000001ebf9000 Uncommon trap: reason=unstable_if action=reinterpret pc=0x0000000004cba660 method=org.eclipse.core.internal.jobs.WorkerPool.startJob(Lorg/eclipse/core/internal/jobs/Worker;)Lorg/eclipse/core/internal/jobs/InternalJob; @ 177
Event: 14577.839 Thread 0x000000001ec05000 Uncommon trap: reason=unstable_if action=reinterpret pc=0x0000000004cba660 method=org.eclipse.core.internal.jobs.WorkerPool.startJob(Lorg/eclipse/core/internal/jobs/Worker;)Lorg/eclipse/core/internal/jobs/InternalJob; @ 177
Event: 14577.839 Thread 0x000000001c80d800 Uncommon trap: reason=unstable_if action=reinterpret pc=0x0000000004cba660 method=org.eclipse.core.internal.jobs.WorkerPool.startJob(Lorg/eclipse/core/internal/jobs/Worker;)Lorg/eclipse/core/internal/jobs/InternalJob; @ 177
Event: 14577.857 Thread 0x00000000026f4000 Uncommon trap: reason=class_check action=maybe_recompile pc=0x0000000003c71478 method=java.util.ComparableTimSort.countRunAndMakeAscending([Ljava/lang/Object;II)I @ 36
Event: 14578.016 Thread 0x00000000026f4000 Uncommon trap: reason=unstable_if action=reinterpret pc=0x0000000003a59940 method=sun.reflect.UnsafeStaticObjectFieldAccessorImpl.set(Ljava/lang/Object;Ljava/lang/Object;)V @ 13

Internal exceptions (10 events):
Event: 14575.462 Thread 0x00000000026f4000 Implicit null exception at 0x00000000048b0c9c to 0x00000000048b0db1
Event: 14575.539 Thread 0x00000000026f4000 Implicit null exception at 0x00000000050d7a27 to 0x00000000050d7ac9
Event: 14576.252 Thread 0x000000001742a000 Exception <a 'java/lang/InterruptedException'> (0x00000000f58147b8) thrown at [C:\re\workspace\8-2-build-windows-amd64-cygwin\jdk8u45\3627\hotspot\src\share\vm\runtime\objectMonitor.cpp, line 1683]
Event: 14576.482 Thread 0x00000000026f4000 Implicit null exception at 0x0000000004ead5bf to 0x0000000004eae00d
Event: 14576.483 Thread 0x00000000026f4000 Implicit null exception at 0x0000000004d5f918 to 0x0000000004d60ac1
Event: 14577.863 Thread 0x0000000016283000 Exception <a 'java/lang/InterruptedException': sleep interrupted> (0x00000000f5aefed8) thrown at [C:\re\workspace\8-2-build-windows-amd64-cygwin\jdk8u45\3627\hotspot\src\share\vm\prims\jvm.cpp, line 3211]
Event: 14577.864 Thread 0x00000000172ad000 Exception <a 'java/lang/InterruptedException'> (0x00000000f5af06b0) thrown at [C:\re\workspace\8-2-build-windows-amd64-cygwin\jdk8u45\3627\hotspot\src\share\vm\runtime\objectMonitor.cpp, line 1683]
Event: 14577.886 Thread 0x0000000015869800 Exception <a 'java/lang/InterruptedException'> (0x00000000f5b64270) thrown at [C:\re\workspace\8-2-build-windows-amd64-cygwin\jdk8u45\3627\hotspot\src\share\vm\runtime\objectMonitor.cpp, line 1683]
Event: 14578.016 Thread 0x00000000161b9000 Exception <a 'java/lang/InterruptedException'> (0x00000000f5aefdf0) thrown at [C:\re\workspace\8-2-build-windows-amd64-cygwin\jdk8u45\3627\hotspot\src\share\vm\runtime\objectMonitor.cpp, line 1683]
Event: 14578.016 Thread 0x00000000026f4000 Implicit null exception at 0x0000000003a595f7 to 0x0000000003a5992d

Events (10 events):
Event: 14578.033 loading class java/util/IdentityHashMap$IdentityHashMapIterator
Event: 14578.037 loading class java/util/IdentityHashMap$IdentityHashMapIterator done
Event: 14578.037 loading class java/util/IdentityHashMap$KeyIterator done
Event: 14578.037 Thread 0x000000001730e000 Thread added: 0x000000001730e000
Event: 14578.038 Executing VM operation: RevokeBias
Event: 14578.038 Executing VM operation: RevokeBias done
Event: 14578.038 Executing VM operation: RevokeBias
Event: 14578.038 Executing VM operation: RevokeBias done
Event: 14578.038 Thread 0x000000001730e000 Thread exited: 0x000000001730e000
Event: 14578.038 Executing VM operation: Exit


Dynamic libraries:
0x0000000000400000 - 0x000000000044f000 	D:\Xilinx\SDK\2015.4\eclipse\win64.o\eclipse.exe
0x00007fff301a0000 - 0x00007fff30372000 	C:\Windows\SYSTEM32\ntdll.dll
0x00007fff2e140000 - 0x00007fff2e1ec000 	C:\Windows\System32\KERNEL32.DLL
0x00007fff2d510000 - 0x00007fff2d72d000 	C:\Windows\System32\KERNELBASE.dll
0x00007fff2e520000 - 0x00007fff2e685000 	C:\Windows\System32\USER32.dll
0x00007fff2d4f0000 - 0x00007fff2d50e000 	C:\Windows\System32\win32u.dll
0x00007fff2fba0000 - 0x00007fff2fbd4000 	C:\Windows\System32\GDI32.dll
0x00007fff2c6a0000 - 0x00007fff2c820000 	C:\Windows\System32\gdi32full.dll
0x00007fff2fcc0000 - 0x00007fff2fd5e000 	C:\Windows\System32\msvcrt.dll
0x00007fff18f30000 - 0x00007fff191aa000 	C:\Windows\WinSxS\amd64_microsoft.windows.common-controls_6595b64144ccf1df_6.0.14393.953_none_42151e83c686086b\COMCTL32.dll
0x00007fff2d730000 - 0x00007fff2d9f8000 	C:\Windows\System32\combase.dll
0x00007fff2d160000 - 0x00007fff2d255000 	C:\Windows\System32\ucrtbase.dll
0x00007fff30020000 - 0x00007fff30141000 	C:\Windows\System32\RPCRT4.dll
0x00007fff2d430000 - 0x00007fff2d49a000 	C:\Windows\System32\bcryptPrimitives.dll
0x00007fff30150000 - 0x00007fff3017e000 	C:\Windows\System32\IMM32.DLL
0x0000000072000000 - 0x0000000072012000 	D:\Xilinx\SDK\2015.4\eclipse\win64.o\plugins\org.eclipse.equinox.launcher.win32.win32.x86_64_1.1.200.v20140116-2212\eclipse_1503.dll
0x00007fff2fdc0000 - 0x00007fff2fe62000 	C:\Windows\System32\ADVAPI32.dll
0x00007fff2e420000 - 0x00007fff2e479000 	C:\Windows\System32\sechost.dll
0x00007fff282d0000 - 0x00007fff282da000 	C:\Windows\SYSTEM32\VERSION.dll
0x00007fff2aed0000 - 0x00007fff2af65000 	C:\Windows\system32\uxtheme.dll
0x00007fff2e2c0000 - 0x00007fff2e41a000 	C:\Windows\System32\MSCTF.dll
0x00007fff2e1f0000 - 0x00007fff2e2af000 	C:\Windows\System32\OLEAUT32.dll
0x00007fff2d0c0000 - 0x00007fff2d15c000 	C:\Windows\System32\msvcp_win.dll
0x0000000059c40000 - 0x000000005a4c3000 	D:\Xilinx\SDK\2015.4\tps\win64\jre\bin\server\jvm.dll
0x00007fff2dca0000 - 0x00007fff2dca8000 	C:\Windows\System32\PSAPI.DLL
0x00007fff223d0000 - 0x00007fff223d9000 	C:\Windows\SYSTEM32\WSOCK32.dll
0x00007fff2a9a0000 - 0x00007fff2a9c3000 	C:\Windows\SYSTEM32\WINMM.dll
0x000000005d290000 - 0x000000005d362000 	C:\Windows\SYSTEM32\MSVCR100.dll
0x00007fff2fc50000 - 0x00007fff2fcba000 	C:\Windows\System32\WS2_32.dll
0x00007fff2a930000 - 0x00007fff2a95b000 	C:\Windows\SYSTEM32\WINMMBASE.dll
0x00007fff2d4a0000 - 0x00007fff2d4e2000 	C:\Windows\System32\cfgmgr32.dll
0x0000000059b00000 - 0x0000000059b0f000 	D:\Xilinx\SDK\2015.4\tps\win64\jre\bin\verify.dll
0x0000000059ad0000 - 0x0000000059af9000 	D:\Xilinx\SDK\2015.4\tps\win64\jre\bin\java.dll
0x0000000059ab0000 - 0x0000000059ac6000 	D:\Xilinx\SDK\2015.4\tps\win64\jre\bin\zip.dll
0x00007fff2e690000 - 0x00007fff2fb98000 	C:\Windows\System32\SHELL32.dll
0x00007fff2c930000 - 0x00007fff2d008000 	C:\Windows\System32\windows.storage.dll
0x00007fff2c630000 - 0x00007fff2c67c000 	C:\Windows\System32\powrprof.dll
0x00007fff2fe70000 - 0x00007fff2fec2000 	C:\Windows\System32\shlwapi.dll
0x00007fff2c690000 - 0x00007fff2c69f000 	C:\Windows\System32\kernel.appcore.dll
0x00007fff2c880000 - 0x00007fff2c929000 	C:\Windows\System32\shcore.dll
0x00007fff2c610000 - 0x00007fff2c624000 	C:\Windows\System32\profapi.dll
0x00007fff2c090000 - 0x00007fff2c0a7000 	C:\Windows\SYSTEM32\CRYPTSP.dll
0x00007fff2bae0000 - 0x00007fff2bb13000 	C:\Windows\system32\rsaenh.dll
0x00007fff2c550000 - 0x00007fff2c57b000 	C:\Windows\SYSTEM32\bcrypt.dll
0x00007fff2bd60000 - 0x00007fff2bd7f000 	C:\Windows\SYSTEM32\USERENV.dll
0x00007fff2c080000 - 0x00007fff2c08b000 	C:\Windows\SYSTEM32\CRYPTBASE.dll
0x0000000059a90000 - 0x0000000059aaa000 	D:\Xilinx\SDK\2015.4\tps\win64\jre\bin\net.dll
0x00007fff2bee0000 - 0x00007fff2bf3c000 	C:\Windows\system32\mswsock.dll
0x00007fff2bc60000 - 0x00007fff2bc98000 	C:\Windows\SYSTEM32\IPHLPAPI.DLL
0x00007fff2e2b0000 - 0x00007fff2e2b8000 	C:\Windows\System32\NSI.dll
0x00007fff24590000 - 0x00007fff245a6000 	C:\Windows\SYSTEM32\dhcpcsvc6.DLL
0x00007fff24860000 - 0x00007fff2487a000 	C:\Windows\SYSTEM32\dhcpcsvc.DLL
0x0000000059a70000 - 0x0000000059a81000 	D:\Xilinx\SDK\2015.4\tps\win64\jre\bin\nio.dll
0x00007fff196c0000 - 0x00007fff196d6000 	C:\Windows\system32\napinsp.dll
0x00007fff196e0000 - 0x00007fff196fa000 	C:\Windows\system32\pnrpnsp.dll
0x00007fff28800000 - 0x00007fff28818000 	C:\Windows\system32\NLAapi.dll
0x00007fff2bca0000 - 0x00007fff2bd41000 	C:\Windows\SYSTEM32\DNSAPI.dll
0x00007fff1eba0000 - 0x00007fff1ebae000 	C:\Windows\System32\winrnr.dll
0x0000000063560000 - 0x0000000063569000 	C:\Program Files\National Instruments\Shared\mDNS Responder\nimdnsNSP.dll
0x0000000063550000 - 0x000000006355e000 	C:\Windows\SYSTEM32\nimdnsResponder.dll
0x000000005d540000 - 0x000000005d5e3000 	C:\Windows\WinSxS\amd64_microsoft.vc90.crt_1fc8b3b9a1e18e3b_9.0.30729.9247_none_08e394a1a83e212f\MSVCR90.dll
0x000000005d510000 - 0x000000005d536000 	C:\Program Files\Bonjour\mdnsNSP.dll
0x00007fff22f20000 - 0x00007fff22f2a000 	C:\Windows\System32\rasadhlp.dll
0x00007fff245c0000 - 0x00007fff2462a000 	C:\Windows\System32\fwpuclnt.dll
0x0000000017e20000 - 0x0000000017ec8000 	C:\Users\4230\.Xilinx\SDK\2015.4\org.eclipse.osgi\bundles\303\1\.cp\swt-win32-4335.dll
0x00007fff2fee0000 - 0x00007fff30018000 	C:\Windows\System32\ole32.dll
0x00007fff2da00000 - 0x00007fff2dafa000 	C:\Windows\System32\comdlg32.dll
0x00007fff2d260000 - 0x00007fff2d429000 	C:\Windows\System32\CRYPT32.dll
0x00007fff2c680000 - 0x00007fff2c690000 	C:\Windows\System32\MSASN1.dll
0x00007fff23580000 - 0x00007fff23606000 	C:\Windows\SYSTEM32\WINSPOOL.DRV
0x00007fff26c70000 - 0x00007fff26c89000 	C:\Windows\SYSTEM32\USP10.dll
0x00007fff16050000 - 0x00007fff1631a000 	C:\Windows\SYSTEM32\WININET.dll
0x00007fff2a300000 - 0x00007fff2a326000 	C:\Windows\system32\dwmapi.dll
0x00007fff2a0b0000 - 0x00007fff2a235000 	C:\Windows\SYSTEM32\propsys.dll
0x00007fff2e480000 - 0x00007fff2e51f000 	C:\Windows\System32\clbcatq.dll
0x00000000167b0000 - 0x00000000167ce000 	C:\Users\4230\.Xilinx\SDK\2015.4\org.eclipse.osgi\bundles\303\1\.cp\swt-gdip-win32-4335.dll
0x00007fff157c0000 - 0x00007fff15959000 	C:\Windows\WinSxS\amd64_microsoft.windows.gdiplus_6595b64144ccf1df_1.1.14393.1715_none_aec701fbddd850fa\gdiplus.dll
0x00007fff297a0000 - 0x00007fff29948000 	C:\Windows\SYSTEM32\WindowsCodecs.dll
0x0000000180000000 - 0x0000000180012000 	C:\Users\4230\.Xilinx\SDK\2015.4\org.eclipse.osgi\bundles\121\1\.cp\os\win32\x86_64\localfile_1_0_0.dll
0x00007fff25350000 - 0x00007fff25361000 	C:\Users\4230\.Xilinx\SDK\2015.4\org.eclipse.osgi\bundles\124\1\.cp\jWinHttp-1.0.0.dll
0x00007fff29950000 - 0x00007fff29a1d000 	C:\Windows\SYSTEM32\WINHTTP.dll
0x00007fff176d0000 - 0x00007fff17735000 	C:\Windows\SYSTEM32\oleacc.dll
0x00007fff288c0000 - 0x00007fff288cf000 	D:\Xilinx\SDK\2015.4\lib\win64.o\librdi_repo_manager.dll
0x00007fff12280000 - 0x00007fff122aa000 	D:\Xilinx\SDK\2015.4\lib\win64.o\libisl_sysinfo.dll
0x00007fff12220000 - 0x00007fff12274000 	D:\Xilinx\SDK\2015.4\lib\win64.o\librdi_commonxillic.dll
0x00007ffee2f20000 - 0x00007ffee38ad000 	D:\Xilinx\SDK\2015.4\lib\win64.o\librdi_common.dll
0x00007ffee2580000 - 0x00007ffee276c000 	D:\Xilinx\SDK\2015.4\lib\win64.o\librdi_hsm.dll
0x00007fff17a00000 - 0x00007fff17aa7000 	C:\Windows\SYSTEM32\MSVCP110.dll
0x00007fff17ab0000 - 0x00007fff17b84000 	C:\Windows\SYSTEM32\MSVCR110.dll
0x00007ffee4be0000 - 0x00007ffee4dfe000 	D:\Xilinx\SDK\2015.4\lib\win64.o\libXil_lmgr11.dll
0x00007fff121f0000 - 0x00007fff12212000 	D:\Xilinx\SDK\2015.4\lib\win64.o\libboost_filesystem.dll
0x00007fff120f0000 - 0x00007fff121ea000 	D:\Xilinx\SDK\2015.4\lib\win64.o\libboost_regex.dll
0x00007fff2c820000 - 0x00007fff2c875000 	C:\Windows\System32\WINTRUST.dll
0x00007fff27030000 - 0x00007fff27039000 	D:\Xilinx\SDK\2015.4\lib\win64.o\libboost_system.dll
0x00007ffee2bb0000 - 0x00007ffee2f1e000 	D:\Xilinx\SDK\2015.4\lib\win64.o\libCOIN-all.dll
0x00007fff26c60000 - 0x00007fff26c70000 	D:\Xilinx\SDK\2015.4\lib\win64.o\libboost_date_time.dll
0x00007fff12070000 - 0x00007fff120e4000 	D:\Xilinx\SDK\2015.4\lib\win64.o\libboost_program_options.dll
0x00007fff12050000 - 0x00007fff12063000 	D:\Xilinx\SDK\2015.4\lib\win64.o\libboost_signals.dll
0x00007fff12030000 - 0x00007fff1204d000 	D:\Xilinx\SDK\2015.4\lib\win64.o\libboost_thread.dll
0x00007fff1f470000 - 0x00007fff1f47b000 	D:\Xilinx\SDK\2015.4\lib\win64.o\libboost_xilinx.dll
0x00007fff0bef0000 - 0x00007fff0bf70000 	D:\Xilinx\SDK\2015.4\lib\win64.o\libhdlpsolve.dll
0x00007fff0be50000 - 0x00007fff0beea000 	D:\Xilinx\SDK\2015.4\lib\win64.o\libhdxml.dll
0x00007ffee2770000 - 0x00007ffee2ba4e00 	D:\Xilinx\SDK\2015.4\lib\win64.o\libisl_iostreams.dll
0x00007ffee4ab0000 - 0x00007ffee4be0000 	D:\Xilinx\SDK\2015.4\lib\win64.o\librdi_curl.dll
0x00007fff0f620000 - 0x00007fff0f638000 	D:\Xilinx\SDK\2015.4\lib\win64.o\librdiconfig.dll
0x00007fff0f5f0000 - 0x00007fff0f613000 	D:\Xilinx\SDK\2015.4\lib\win64.o\librdizlib.dll
0x0000000059b10000 - 0x0000000059c37000 	D:\Xilinx\SDK\2015.4\lib\win64.o\tcl85t.dll
0x00007fff20c30000 - 0x00007fff20df3000 	C:\Windows\SYSTEM32\urlmon.dll
0x0000000024aa0000 - 0x0000000024d03000 	D:\Xilinx\SDK\2015.4\lib\win64.o\xerces-c_3_1.dll
0x00007fff0bf70000 - 0x00007fff0bf93000 	C:\Windows\SYSTEM32\VCOMP110.DLL
0x00007fff22f00000 - 0x00007fff22f18000 	C:\Windows\SYSTEM32\NETAPI32.dll
0x00007fff17d70000 - 0x00007fff17d7b000 	D:\Xilinx\SDK\2015.4\lib\win64.o\libboost_chrono.dll
0x00007fff0be30000 - 0x00007fff0be46000 	D:\Xilinx\SDK\2015.4\lib\win64.o\libboost_iostreams.dll
0x00007fff0bdc0000 - 0x00007fff0bde3000 	D:\Xilinx\SDK\2015.4\lib\win64.o\libisl_iosutils.dll
0x00007fff255c0000 - 0x00007fff25865000 	C:\Windows\SYSTEM32\iertutil.dll
0x00007fff0bda0000 - 0x00007fff0bdb5000 	D:\Xilinx\SDK\2015.4\lib\win64.o\pthreadVC2.dll
0x00007fff0bb30000 - 0x00007fff0bb73000 	D:\Xilinx\SDK\2015.4\lib\win64.o\librdi_hdf.dll
0x00007ffee2320000 - 0x00007ffee2575000 	D:\Xilinx\SDK\2015.4\lib\win64.o\librdi_ippcw.dll
0x00007fff296c0000 - 0x00007fff296c7000 	C:\Windows\SYSTEM32\msimg32.dll
0x00007fff18ee0000 - 0x00007fff18f22000 	C:\Windows\SYSTEM32\edputil.dll
0x00007ffedf790000 - 0x00007ffedffa0000 	D:\Xilinx\SDK\2015.4\lib\win64.o\libXil_lmgr11FNP.dll
0x00007fff2dd10000 - 0x00007fff2e139000 	C:\Windows\System32\SETUPAPI.dll
0x00007fff178f0000 - 0x00007fff178fc000 	C:\Windows\SYSTEM32\snmpapi.dll
0x00007fff2c280000 - 0x00007fff2c2ac000 	C:\Windows\SYSTEM32\SspiCli.dll
0x00007fff2b2e0000 - 0x00007fff2b308000 	C:\Windows\SYSTEM32\DEVOBJ.dll
0x00007fff29750000 - 0x00007fff29766000 	D:\Xilinx\SDK\2015.4\eclipse\win64.o\plugins\org.eclipse.cdt.core.win32.x86_64_5.2.0.201402142303\os\win32\x86_64\spawner.dll
0x00007fff08e70000 - 0x00007fff08e7a000 	D:\Xilinx\SDK\2015.4\lib\win64.o\librdi_jtag_settings.dll
0x00007fff08bb0000 - 0x00007fff08bd9000 	D:\Xilinx\SDK\2015.4\lib\win64.o\librdi_debug_dialog.dll

VM Arguments:
jvm_args: -Dcom.xilinx.sdk.args.hwspec=D:/simka/project_1/project_1.sdk/system_top_wrapper.hdf -Xms64m -Xmx512m & 
java_command: <unknown>
java_class_path (initial): D:\Xilinx\SDK\2015.4\eclipse\win64.o\\plugins/org.eclipse.equinox.launcher_1.3.0.v20130327-1440.jar
Launcher Type: generic

Environment Variables:
JAVA_HOME=C:\Program Files\Java\jdk1.8.0_121
USERNAME=4230
OS=Windows_NT
PROCESSOR_IDENTIFIER=Intel64 Family 6 Model 94 Stepping 3, GenuineIntel



---------------  S Y S T E M  ---------------

OS: Windows 10.0 , 64 bit Build 14393 (10.0.14393.1198)

CPU:total 4 (4 cores per cpu, 1 threads per core) family 6 model 94 stepping 3, cmov, cx8, fxsr, mmx, sse, sse2, sse3, ssse3, sse4.1, sse4.2, popcnt, avx, avx2, aes, clmul, erms, 3dnowpref, lzcnt, tsc, tscinvbit, bmi1, bmi2, adx

Memory: 4k page, physical 8343204k(3645228k free), swap 9784996k(3908284k free)

vm_info: Java HotSpot(TM) 64-Bit Server VM (25.45-b02) for windows-amd64 JRE (1.8.0_45-b15), built on Apr 30 2015 12:40:44 by "java_re" with MS VC++ 10.0 (VS2010)

time: Mon Nov 27 11:39:27 2017
elapsed time: 14578 seconds (0d 4h 2m 58s)

