#-----------------------------------------------------------
# Vivado v2015.4 (64-bit)
# SW Build 1412921 on Wed Nov 18 09:43:45 MST 2015
# IP Build 1412160 on Tue Nov 17 13:47:24 MST 2015
# Start of session at: Mon Nov 27 07:35:04 2017
# Process ID: 136176
# Current directory: D:/simka/project_1
# Command line: vivado.exe -gui_launcher_event rodinguilauncherevent134448 D:\simka\project_1\project_1.xpr
# Log file: D:/simka/project_1/vivado.log
# Journal file: D:/simka/project_1\vivado.jou
#-----------------------------------------------------------
start_gui
open_project D:/simka/project_1/project_1.xpr
Scanning sources...
Finished scanning sources
INFO: [IP_Flow 19-234] Refreshing IP repositories
INFO: [IP_Flow 19-1700] Loaded user IP repository 'd:/simka'.
WARNING: [IP_Flow 19-3656] If you move the project, the path for repository 'd:/simka' may become invalid. A better location for the repostory would be in a path adjacent to the project. (Current project location is 'd:/simka/project_1'.)
INFO: [IP_Flow 19-2313] Loaded Vivado IP repository 'D:/Xilinx/Vivado/2015.4/data/ip'.
open_project: Time (s): cpu = 00:00:16 ; elapsed = 00:00:34 . Memory (MB): peak = 783.496 ; gain = 205.656
launch_sdk -workspace D:/simka/project_1/project_1.sdk -hwspec D:/simka/project_1/project_1.sdk/system_top_wrapper.hdf
INFO: [Vivado 12-393] Launching SDK...
INFO: [Vivado 12-417] Running xsdk -workspace D:/simka/project_1/project_1.sdk -hwspec D:/simka/project_1/project_1.sdk/system_top_wrapper.hdf
INFO: [Vivado 12-3157] SDK launch initiated. Please check console for any further messages.
exit
INFO: [Common 17-206] Exiting Vivado at Mon Nov 27 11:40:23 2017...
