#
# A fatal error has been detected by the Java Runtime Environment:
#
#  Internal Error (0xc000000d), pid=2748, tid=3828
#
# JRE version: Java(TM) SE Runtime Environment (8.0_25-b18) (build 1.8.0_25-b18)
# Java VM: Java HotSpot(TM) 64-Bit Server VM (25.25-b02 mixed mode windows-amd64 compressed oops)
# Problematic frame:
# C  [ntdll.dll+0x95fba]
#
# Failed to write core dump. Minidumps are not enabled by default on client versions of Windows
#
# If you would like to submit a bug report, please visit:
#   http://bugreport.sun.com/bugreport/crash.jsp
#

---------------  T H R E A D  ---------------

Current thread (0x0000000013a27800):  VMThread [stack: 0x0000000014a90000,0x0000000014b90000] [id=3828]

siginfo: ExceptionCode=0xc000000d

Registers:
RAX=0x0000000062b72ebf, RBX=0x0000000000000000, RCX=0x0000000014b8ef10, RDX=0x0000000000000000
RSP=0x0000000014b8f520, RBP=0x00000000163ac8b0, RSI=0x000007fee3227408, RDI=0x0000000014b8f668
R8 =0x0000000000000000, R9 =0x0000000000000000, R10=0x0000000000000000, R11=0x0000000000000246
R12=0x00000000246b31e0, R13=0x00000000246b31b0, R14=0x00000000163ac9b8, R15=0x0000000000000000
RIP=0x0000000076e35fba, EFLAGS=0x0000000000000202

Top of Stack: (sp=0x0000000014b8f520)
0x0000000014b8f520:   0000000000000000 000007fee3227408
0x0000000014b8f530:   0000000014b8f668 0000000000000000
0x0000000014b8f540:   0000000000000000 0000000000000000
0x0000000014b8f550:   0000000000000000 0000000000000000
0x0000000014b8f560:   0000000000000002 0000000000000000
0x0000000014b8f570:   00000000c000000d 0000000000000000
0x0000000014b8f580:   0000000076e35fba 0000000000000000
0x0000000014b8f590:   0000000000000000 0000000000000000
0x0000000014b8f5a0:   0000000000000000 0000000000000000
0x0000000014b8f5b0:   0000000000000000 0000000000000000
0x0000000014b8f5c0:   0000000000000000 0000000000000000
0x0000000014b8f5d0:   0000000000000000 0000000000000000
0x0000000014b8f5e0:   0000000000000000 0000000000000000
0x0000000014b8f5f0:   0000000000000000 0000000000000000
0x0000000014b8f600:   0000000000000000 0000000000000101
0x0000000014b8f610:   0000000000000094 0000000076bc3418 

Instructions: (pc=0x0000000076e35fba)
0x0000000076e35f9a:   72 7a fb ff b9 57 00 00 00 c7 44 24 50 0d 00 00
0x0000000076e35faa:   c0 e8 60 7d fb ff 48 8d 4c 24 50 e8 d6 29 f8 ff
0x0000000076e35fba:   4c 8b 1d 17 64 09 00 4d 85 db 74 5b 65 48 8b 04
0x0000000076e35fca:   25 30 00 00 00 f6 80 ee 17 00 00 08 74 12 65 48 


Register to memory mapping:

RAX=0x0000000062b72ebf is an unknown value
RBX=0x0000000000000000 is an unknown value
RCX=0x0000000014b8ef10 is an unknown value
RDX=0x0000000000000000 is an unknown value
RSP=0x0000000014b8f520 is an unknown value
RBP=0x00000000163ac8b0 is an unknown value
RSI=0x000007fee3227408 is an unknown value
RDI=0x0000000014b8f668 is an unknown value
R8 =0x0000000000000000 is an unknown value
R9 =0x0000000000000000 is an unknown value
R10=0x0000000000000000 is an unknown value
R11=0x0000000000000246 is an unknown value
R12=0x00000000246b31e0 is an unknown value
R13=0x00000000246b31b0 is an unknown value
R14=0x00000000163ac9b8 is an unknown value
R15=0x0000000000000000 is an unknown value


Stack: [0x0000000014a90000,0x0000000014b90000],  sp=0x0000000014b8f520,  free space=1021k
Native frames: (J=compiled Java code, j=interpreted, Vv=VM code, C=native code)
C  [ntdll.dll+0x95fba]
C  [kernel32.dll+0x43418]
C  [MSVCR110.dll+0x752d]
C  [MSVCR110.dll+0x14cde]
C  [MSVCR110.dll+0x13edc]
C  [MSVCR110.dll+0x239e]
C  [MSVCR110.dll+0xaf9e]
C  [MSVCP110.dll+0x397b9]
C  [librdi_common.dll+0x135d02]
C  [librdi_common.dll+0x13447b]
C  0x000007feeae92400
C  0x000007feeae92682
C  [ntdll.dll+0x22b31]
C  [ntdll.dll+0x22940]
C  [MSVCR100.dll+0x20ccd]
V  [jvm.dll+0x1f9c55]
V  [jvm.dll+0x2325e7]
V  [jvm.dll+0x231826]
V  [jvm.dll+0x231cc1]
V  [jvm.dll+0x231ede]
V  [jvm.dll+0x2852fa]
C  [MSVCR100.dll+0x21d9f]
C  [MSVCR100.dll+0x21e3b]
C  [kernel32.dll+0x159dd]
C  [ntdll.dll+0x2a631]

VM_Operation (0x000000000012f500): Exit, mode: safepoint, requested by thread 0x000000000253a800


---------------  P R O C E S S  ---------------

Java Threads: ( => current thread )
  0x000000001760f800 JavaThread "Spawner Reaper" daemon [_thread_in_native, id=2784, stack(0x0000000029030000,0x0000000029130000)]
  0x00000000177b5800 JavaThread "Thread-25" daemon [_thread_blocked, id=4460, stack(0x00000000286a0000,0x00000000287a0000)]
  0x000000001d0d0000 JavaThread "TCF Locator DNS Lookup" daemon [_thread_blocked, id=3364, stack(0x0000000020340000,0x0000000020440000)]
  0x000000001d0cf800 JavaThread "TCF Locator Timer" daemon [_thread_blocked, id=1756, stack(0x0000000020240000,0x0000000020340000)]
  0x000000001d0ce800 JavaThread "TCF Locator Receiver" daemon [_thread_in_native, id=164, stack(0x00000000189e0000,0x0000000018ae0000)]
  0x000000001d0ce000 JavaThread "TCF Timer Dispatcher" daemon [_thread_blocked, id=4304, stack(0x0000000018780000,0x0000000018880000)]
  0x000000001743d800 JavaThread "EMF Reference Cleaner" daemon [_thread_blocked, id=5960, stack(0x0000000018fe0000,0x00000000190e0000)]
  0x0000000014dfa800 JavaThread "Service Thread" daemon [_thread_blocked, id=6140, stack(0x0000000015690000,0x0000000015790000)]
  0x0000000013a99000 JavaThread "C1 CompilerThread2" daemon [_thread_blocked, id=5336, stack(0x0000000015590000,0x0000000015690000)]
  0x0000000013a98000 JavaThread "C2 CompilerThread1" daemon [_thread_blocked, id=1240, stack(0x0000000015490000,0x0000000015590000)]
  0x0000000014d96000 JavaThread "C2 CompilerThread0" daemon [_thread_blocked, id=1668, stack(0x0000000015390000,0x0000000015490000)]
  0x0000000014d94800 JavaThread "Attach Listener" daemon [_thread_blocked, id=2452, stack(0x0000000015290000,0x0000000015390000)]
  0x0000000013a97800 JavaThread "Signal Dispatcher" daemon [_thread_blocked, id=5340, stack(0x0000000015190000,0x0000000015290000)]
  0x0000000013a34800 JavaThread "Finalizer" daemon [_thread_blocked, id=5288, stack(0x0000000014c90000,0x0000000014d90000)]
  0x0000000013a2b800 JavaThread "Reference Handler" daemon [_thread_blocked, id=2564, stack(0x0000000014b90000,0x0000000014c90000)]
  0x000000000253a800 JavaThread "main" [_thread_blocked, id=1156, stack(0x0000000000030000,0x0000000000130000)]

Other Threads:
=>0x0000000013a27800 VMThread [stack: 0x0000000014a90000,0x0000000014b90000] [id=3828]

VM state:at safepoint (shutting down)

VM Mutex/Monitor currently owned by a thread:  ([mutex/lock_event])
[0x0000000002538880] Threads_lock - owner thread: 0x0000000013a27800

Heap:
 PSYoungGen      total 142848K, used 79506K [0x00000000f5580000, 0x00000000ffb80000, 0x0000000100000000)
  eden space 117248K, 67% used [0x00000000f5580000,0x00000000fa3248c0,0x00000000fc800000)
  from space 25600K, 0% used [0x00000000fe180000,0x00000000fe180000,0x00000000ffa80000)
  to   space 26112K, 0% used [0x00000000fc800000,0x00000000fc800000,0x00000000fe180000)
 ParOldGen       total 97792K, used 53642K [0x00000000e0000000, 0x00000000e5f80000, 0x00000000f5580000)
  object space 97792K, 54% used [0x00000000e0000000,0x00000000e3462bd8,0x00000000e5f80000)
 Metaspace       used 84076K, capacity 90348K, committed 90584K, reserved 1128448K
  class space    used 10500K, capacity 12424K, committed 12504K, reserved 1048576K

Card table byte_map: [0x00000000119e0000,0x0000000011af0000] byte_map_base: 0x00000000112e0000

Marking Bits: (ParMarkBitMap*) 0x0000000060b2d490
 Begin Bits: [0x0000000011fa0000, 0x00000000127a0000)
 End Bits:   [0x00000000127a0000, 0x0000000012fa0000)

Polling page: 0x0000000000320000

CodeCache: size=245760Kb used=33278Kb max_used=33280Kb free=212481Kb
 bounds [0x0000000002620000, 0x00000000046e0000, 0x0000000011620000]
 total_blobs=10303 nmethods=9458 adapters=752
 compilation: enabled

Compilation events (10 events):
Event: 234.888 Thread 0x0000000013a99000 nmethod 11552 0x00000000046d7a10 code [0x00000000046d7e00, 0x00000000046da378]
Event: 234.889 Thread 0x0000000013a99000 11551       1       org.eclipse.osgi.internal.loader.BundleLoaderProxy::getBundleData (5 bytes)
Event: 234.889 Thread 0x0000000013a99000 nmethod 11551 0x00000000027b4c90 code [0x00000000027b4de0, 0x00000000027b4ef0]
Event: 234.901 Thread 0x0000000013a99000 11554       3       java.io.File::list (33 bytes)
Event: 234.902 Thread 0x0000000013a99000 nmethod 11554 0x000000000331e750 code [0x000000000331e920, 0x000000000331f048]
Event: 234.921 Thread 0x0000000013a99000 11555   !   3       org.eclipse.osgi.internal.baseadaptor.BaseStorage::compact (215 bytes)
Event: 234.922 Thread 0x0000000014d96000 nmethod 11540 0x00000000046dbad0 code [0x00000000046dbd60, 0x00000000046dd790]
Event: 234.922 Thread 0x0000000013a99000 nmethod 11555 0x0000000003325890 code [0x0000000003325cc0, 0x0000000003328128]
Event: 234.938 Thread 0x0000000013a99000 11556       3       org.eclipse.osgi.framework.internal.core.AbstractBundle::close (52 bytes)
Event: 234.939 Thread 0x0000000013a99000 nmethod 11556 0x00000000036f2890 code [0x00000000036f2ac0, 0x00000000036f37a8]

GC Heap History (10 events):
Event: 62.379 GC heap before
{Heap before GC invocations=18 (full 4):
 PSYoungGen      total 142336K, used 17752K [0x00000000f5580000, 0x00000000ffa80000, 0x0000000100000000)
  eden space 117248K, 0% used [0x00000000f5580000,0x00000000f5580000,0x00000000fc800000)
  from space 25088K, 70% used [0x00000000fe100000,0x00000000ff2562b0,0x00000000ff980000)
  to   space 25600K, 0% used [0x00000000fc800000,0x00000000fc800000,0x00000000fe100000)
 ParOldGen       total 97792K, used 50981K [0x00000000e0000000, 0x00000000e5f80000, 0x00000000f5580000)
  object space 97792K, 52% used [0x00000000e0000000,0x00000000e31c9580,0x00000000e5f80000)
 Metaspace       used 77437K, capacity 83256K, committed 83288K, reserved 1120256K
  class space    used 9708K, capacity 11587K, committed 11608K, reserved 1048576K
Event: 62.644 GC heap after
Heap after GC invocations=18 (full 4):
 PSYoungGen      total 142336K, used 0K [0x00000000f5580000, 0x00000000ffa80000, 0x0000000100000000)
  eden space 117248K, 0% used [0x00000000f5580000,0x00000000f5580000,0x00000000fc800000)
  from space 25088K, 0% used [0x00000000fe100000,0x00000000fe100000,0x00000000ff980000)
  to   space 25600K, 0% used [0x00000000fc800000,0x00000000fc800000,0x00000000fe100000)
 ParOldGen       total 97792K, used 51829K [0x00000000e0000000, 0x00000000e5f80000, 0x00000000f5580000)
  object space 97792K, 52% used [0x00000000e0000000,0x00000000e329d4a0,0x00000000e5f80000)
 Metaspace       used 77437K, capacity 83256K, committed 83288K, reserved 1120256K
  class space    used 9708K, capacity 11587K, committed 11608K, reserved 1048576K
}
Event: 138.328 GC heap before
{Heap before GC invocations=19 (full 4):
 PSYoungGen      total 142336K, used 98526K [0x00000000f5580000, 0x00000000ffa80000, 0x0000000100000000)
  eden space 117248K, 84% used [0x00000000f5580000,0x00000000fb5b7b98,0x00000000fc800000)
  from space 25088K, 0% used [0x00000000fe100000,0x00000000fe100000,0x00000000ff980000)
  to   space 25600K, 0% used [0x00000000fc800000,0x00000000fc800000,0x00000000fe100000)
 ParOldGen       total 97792K, used 51829K [0x00000000e0000000, 0x00000000e5f80000, 0x00000000f5580000)
  object space 97792K, 52% used [0x00000000e0000000,0x00000000e329d4a0,0x00000000e5f80000)
 Metaspace       used 81657K, capacity 87682K, committed 87768K, reserved 1124352K
  class space    used 10246K, capacity 12185K, committed 12248K, reserved 1048576K
Event: 138.354 GC heap after
Heap after GC invocations=19 (full 4):
 PSYoungGen      total 142848K, used 7095K [0x00000000f5580000, 0x00000000ffa80000, 0x0000000100000000)
  eden space 117248K, 0% used [0x00000000f5580000,0x00000000f5580000,0x00000000fc800000)
  from space 25600K, 27% used [0x00000000fc800000,0x00000000fceedf20,0x00000000fe100000)
  to   space 25600K, 0% used [0x00000000fe180000,0x00000000fe180000,0x00000000ffa80000)
 ParOldGen       total 97792K, used 51837K [0x00000000e0000000, 0x00000000e5f80000, 0x00000000f5580000)
  object space 97792K, 53% used [0x00000000e0000000,0x00000000e329f4a0,0x00000000e5f80000)
 Metaspace       used 81657K, capacity 87682K, committed 87768K, reserved 1124352K
  class space    used 10246K, capacity 12185K, committed 12248K, reserved 1048576K
}
Event: 138.354 GC heap before
{Heap before GC invocations=20 (full 5):
 PSYoungGen      total 142848K, used 7095K [0x00000000f5580000, 0x00000000ffa80000, 0x0000000100000000)
  eden space 117248K, 0% used [0x00000000f5580000,0x00000000f5580000,0x00000000fc800000)
  from space 25600K, 27% used [0x00000000fc800000,0x00000000fceedf20,0x00000000fe100000)
  to   space 25600K, 0% used [0x00000000fe180000,0x00000000fe180000,0x00000000ffa80000)
 ParOldGen       total 97792K, used 51837K [0x00000000e0000000, 0x00000000e5f80000, 0x00000000f5580000)
  object space 97792K, 53% used [0x00000000e0000000,0x00000000e329f4a0,0x00000000e5f80000)
 Metaspace       used 81657K, capacity 87682K, committed 87768K, reserved 1124352K
  class space    used 10246K, capacity 12185K, committed 12248K, reserved 1048576K
Event: 138.723 GC heap after
Heap after GC invocations=20 (full 5):
 PSYoungGen      total 142848K, used 0K [0x00000000f5580000, 0x00000000ffa80000, 0x0000000100000000)
  eden space 117248K, 0% used [0x00000000f5580000,0x00000000f5580000,0x00000000fc800000)
  from space 25600K, 0% used [0x00000000fc800000,0x00000000fc800000,0x00000000fe100000)
  to   space 25600K, 0% used [0x00000000fe180000,0x00000000fe180000,0x00000000ffa80000)
 ParOldGen       total 97792K, used 55409K [0x00000000e0000000, 0x00000000e5f80000, 0x00000000f5580000)
  object space 97792K, 56% used [0x00000000e0000000,0x00000000e361c620,0x00000000e5f80000)
 Metaspace       used 81657K, capacity 87682K, committed 87768K, reserved 1124352K
  class space    used 10246K, capacity 12185K, committed 12248K, reserved 1048576K
}
Event: 198.333 GC heap before
{Heap before GC invocations=21 (full 5):
 PSYoungGen      total 142848K, used 69702K [0x00000000f5580000, 0x00000000ffa80000, 0x0000000100000000)
  eden space 117248K, 59% used [0x00000000f5580000,0x00000000f9991a60,0x00000000fc800000)
  from space 25600K, 0% used [0x00000000fc800000,0x00000000fc800000,0x00000000fe100000)
  to   space 25600K, 0% used [0x00000000fe180000,0x00000000fe180000,0x00000000ffa80000)
 ParOldGen       total 97792K, used 55409K [0x00000000e0000000, 0x00000000e5f80000, 0x00000000f5580000)
  object space 97792K, 56% used [0x00000000e0000000,0x00000000e361c620,0x00000000e5f80000)
 Metaspace       used 82861K, capacity 88824K, committed 88920K, reserved 1126400K
  class space    used 10393K, capacity 12323K, committed 12376K, reserved 1048576K
Event: 198.350 GC heap after
Heap after GC invocations=21 (full 5):
 PSYoungGen      total 142848K, used 2178K [0x00000000f5580000, 0x00000000ffb80000, 0x0000000100000000)
  eden space 117248K, 0% used [0x00000000f5580000,0x00000000f5580000,0x00000000fc800000)
  from space 25600K, 8% used [0x00000000fe180000,0x00000000fe3a0948,0x00000000ffa80000)
  to   space 26112K, 0% used [0x00000000fc800000,0x00000000fc800000,0x00000000fe180000)
 ParOldGen       total 97792K, used 55417K [0x00000000e0000000, 0x00000000e5f80000, 0x00000000f5580000)
  object space 97792K, 56% used [0x00000000e0000000,0x00000000e361e620,0x00000000e5f80000)
 Metaspace       used 82861K, capacity 88824K, committed 88920K, reserved 1126400K
  class space    used 10393K, capacity 12323K, committed 12376K, reserved 1048576K
}
Event: 198.350 GC heap before
{Heap before GC invocations=22 (full 6):
 PSYoungGen      total 142848K, used 2178K [0x00000000f5580000, 0x00000000ffb80000, 0x0000000100000000)
  eden space 117248K, 0% used [0x00000000f5580000,0x00000000f5580000,0x00000000fc800000)
  from space 25600K, 8% used [0x00000000fe180000,0x00000000fe3a0948,0x00000000ffa80000)
  to   space 26112K, 0% used [0x00000000fc800000,0x00000000fc800000,0x00000000fe180000)
 ParOldGen       total 97792K, used 55417K [0x00000000e0000000, 0x00000000e5f80000, 0x00000000f5580000)
  object space 97792K, 56% used [0x00000000e0000000,0x00000000e361e620,0x00000000e5f80000)
 Metaspace       used 82861K, capacity 88824K, committed 88920K, reserved 1126400K
  class space    used 10393K, capacity 12323K, committed 12376K, reserved 1048576K
Event: 198.761 GC heap after
Heap after GC invocations=22 (full 6):
 PSYoungGen      total 142848K, used 0K [0x00000000f5580000, 0x00000000ffb80000, 0x0000000100000000)
  eden space 117248K, 0% used [0x00000000f5580000,0x00000000f5580000,0x00000000fc800000)
  from space 25600K, 0% used [0x00000000fe180000,0x00000000fe180000,0x00000000ffa80000)
  to   space 26112K, 0% used [0x00000000fc800000,0x00000000fc800000,0x00000000fe180000)
 ParOldGen       total 97792K, used 53642K [0x00000000e0000000, 0x00000000e5f80000, 0x00000000f5580000)
  object space 97792K, 54% used [0x00000000e0000000,0x00000000e3462bd8,0x00000000e5f80000)
 Metaspace       used 82861K, capacity 88824K, committed 88920K, reserved 1126400K
  class space    used 10393K, capacity 12323K, committed 12376K, reserved 1048576K
}

Deoptimization events (10 events):
Event: 234.167 Thread 0x000000000253a800 Uncommon trap: reason=bimorphic action=maybe_recompile pc=0x0000000002d9c124 method=org.eclipse.emf.ecore.impl.ETypedElementImpl.getEType()Lorg/eclipse/emf/ecore/EClassifier; @ 18
Event: 234.167 Thread 0x000000000253a800 Uncommon trap: reason=bimorphic action=maybe_recompile pc=0x0000000002d9c124 method=org.eclipse.emf.ecore.impl.ETypedElementImpl.getEType()Lorg/eclipse/emf/ecore/EClassifier; @ 18
Event: 234.211 Thread 0x000000000253a800 Uncommon trap: reason=class_check action=maybe_recompile pc=0x00000000046040a0 method=org.eclipse.e4.core.internal.contexts.TrackableComputationExt.update(Lorg/eclipse/e4/core/internal/contexts/ContextChangeEvent;)Z @ 62
Event: 234.211 Thread 0x000000000253a800 Uncommon trap: reason=class_check action=maybe_recompile pc=0x00000000046040a0 method=org.eclipse.e4.core.internal.contexts.TrackableComputationExt.update(Lorg/eclipse/e4/core/internal/contexts/ContextChangeEvent;)Z @ 62
Event: 234.211 Thread 0x000000000253a800 Uncommon trap: reason=class_check action=maybe_recompile pc=0x00000000046040a0 method=org.eclipse.e4.core.internal.contexts.TrackableComputationExt.update(Lorg/eclipse/e4/core/internal/contexts/ContextChangeEvent;)Z @ 62
Event: 234.823 Thread 0x000000000253a800 Uncommon trap: reason=null_check action=make_not_entrant pc=0x0000000002fd610c method=org.eclipse.core.runtime.internal.adaptor.EclipseLazyStarter.shouldActivateFor(Ljava/lang/String;Lorg/eclipse/osgi/baseadaptor/BaseData;Lorg/eclipse/core/runtime/internalAé”8üZm@
Event: 234.843 Thread 0x000000000253a800 Uncommon trap: reason=bimorphic action=maybe_recompile pc=0x0000000003eda694 method=org.eclipse.core.internal.dtree.AbstractDataTreeNode.assembleWith([Lorg/eclipse/core/internal/dtree/AbstractDataTreeNode;[Lorg/eclipse/core/internal/dtree/AbstractDataTreeNA›'yüZm@
Event: 234.843 Thread 0x000000000253a800 Uncommon trap: reason=bimorphic action=maybe_recompile pc=0x0000000003eda694 method=org.eclipse.core.internal.dtree.AbstractDataTreeNode.assembleWith([Lorg/eclipse/core/internal/dtree/AbstractDataTreeNode;[Lorg/eclipse/core/internal/dtree/AbstractDataTreeNõ’kŸüZm@
Event: 234.843 Thread 0x000000000253a800 Uncommon trap: reason=bimorphic action=maybe_recompile pc=0x0000000003eda694 method=org.eclipse.core.internal.dtree.AbstractDataTreeNode.assembleWith([Lorg/eclipse/core/internal/dtree/AbstractDataTreeNode;[Lorg/eclipse/core/internal/dtree/AbstractDataTreeN™9Y\m@
Event: 234.877 Thread 0x000000000253a800 Uncommon trap: reason=unreached action=reinterpret pc=0x00000000029b4f1c method=java.lang.ref.ReferenceQueue.poll()Ljava/lang/ref/Reference; @ 4

Internal exceptions (10 events):
Event: 233.713 Thread 0x000000001746a800 Exception <a 'java/net/SocketException': Connection reset by peer: socket write error> (0x00000000f897b048) thrown at [D:\re\workspace\8-2-build-windows-amd64-cygwin\jdk8u25\1677\hotspot\src\share\vm\prims\jni.cpp, line 742]
Event: 233.715 Thread 0x0000000017777800 Exception <a 'java/lang/InterruptedException'> (0x00000000f8996e88) thrown at [D:\re\workspace\8-2-build-windows-amd64-cygwin\jdk8u25\1677\hotspot\src\share\vm\runtime\objectMonitor.cpp, line 1682]
Event: 233.716 Thread 0x000000001746a800 Exception <a 'java/net/SocketException': Socket closed> (0x00000000f89f8a30) thrown at [D:\re\workspace\8-2-build-windows-amd64-cygwin\jdk8u25\1677\hotspot\src\share\vm\prims\jni.cpp, line 742]
Event: 233.951 Thread 0x000000000253a800 Implicit null exception at 0x000000000379bb09 to 0x000000000379be5d
Event: 234.263 Thread 0x00000000177b3800 Exception <a 'java/lang/InterruptedException'> (0x00000000f9d4b080) thrown at [D:\re\workspace\8-2-build-windows-amd64-cygwin\jdk8u25\1677\hotspot\src\share\vm\runtime\objectMonitor.cpp, line 1682]
Event: 234.823 Thread 0x000000000253a800 Implicit null exception at 0x0000000002fd4597 to 0x0000000002fd6101
Event: 234.886 Thread 0x0000000015a73000 Exception <a 'java/lang/InterruptedException': sleep interrupted> (0x00000000f9f87270) thrown at [D:\re\workspace\8-2-build-windows-amd64-cygwin\jdk8u25\1677\hotspot\src\share\vm\prims\jvm.cpp, line 3141]
Event: 234.888 Thread 0x0000000017776800 Exception <a 'java/lang/InterruptedException'> (0x00000000fa0ac400) thrown at [D:\re\workspace\8-2-build-windows-amd64-cygwin\jdk8u25\1677\hotspot\src\share\vm\runtime\objectMonitor.cpp, line 1682]
Event: 234.890 Thread 0x0000000015e05000 Exception <a 'java/lang/InterruptedException'> (0x00000000fa0c5070) thrown at [D:\re\workspace\8-2-build-windows-amd64-cygwin\jdk8u25\1677\hotspot\src\share\vm\runtime\objectMonitor.cpp, line 1682]
Event: 234.938 Thread 0x0000000015de6000 Exception <a 'java/lang/InterruptedException'> (0x00000000f9f868f0) thrown at [D:\re\workspace\8-2-build-windows-amd64-cygwin\jdk8u25\1677\hotspot\src\share\vm\runtime\objectMonitor.cpp, line 1682]

Events (10 events):
Event: 234.939 loading class java/util/IdentityHashMap$IdentityHashMapIterator
Event: 234.939 loading class java/util/IdentityHashMap$IdentityHashMapIterator done
Event: 234.939 loading class java/util/IdentityHashMap$KeyIterator done
Event: 234.939 Thread 0x0000000017776800 Thread added: 0x0000000017776800
Event: 234.939 Executing VM operation: RevokeBias
Event: 234.939 Executing VM operation: RevokeBias done
Event: 234.939 Executing VM operation: RevokeBias
Event: 234.939 Executing VM operation: RevokeBias done
Event: 234.939 Thread 0x0000000017776800 Thread exited: 0x0000000017776800
Event: 234.940 Executing VM operation: Exit


Dynamic libraries:
0x0000000000400000 - 0x000000000044f000 	D:\Xilinx\SDK\2015.2\eclipse\win64.o\eclipse.exe
0x0000000076da0000 - 0x0000000076f49000 	C:\Windows\SYSTEM32\ntdll.dll
0x0000000076b80000 - 0x0000000076ca0000 	C:\Windows\system32\kernel32.dll
0x000007fefce90000 - 0x000007fefcefb000 	C:\Windows\system32\KERNELBASE.dll
0x0000000076ca0000 - 0x0000000076d9a000 	C:\Windows\system32\USER32.dll
0x000007fefe320000 - 0x000007fefe387000 	C:\Windows\system32\GDI32.dll
0x000007fefe6d0000 - 0x000007fefe6de000 	C:\Windows\system32\LPK.dll
0x000007fefefb0000 - 0x000007feff079000 	C:\Windows\system32\USP10.dll
0x000007fefd020000 - 0x000007fefd0bf000 	C:\Windows\system32\msvcrt.dll
0x000007fefb580000 - 0x000007fefb774000 	C:\Windows\WinSxS\amd64_microsoft.windows.common-controls_6595b64144ccf1df_6.0.7601.18837_none_fa3b1e3d17594757\COMCTL32.dll
0x000007fefe390000 - 0x000007fefe401000 	C:\Windows\system32\SHLWAPI.dll
0x000007feff080000 - 0x000007feff0ae000 	C:\Windows\system32\IMM32.DLL
0x000007fefd0c0000 - 0x000007fefd1c9000 	C:\Windows\system32\MSCTF.dll
0x0000000072000000 - 0x0000000072012000 	D:\Xilinx\SDK\2015.2\eclipse\win64.o\plugins\org.eclipse.equinox.launcher.win32.win32.x86_64_1.1.200.v20140116-2212\eclipse_1503.dll
0x000007fefe410000 - 0x000007fefe4eb000 	C:\Windows\system32\ADVAPI32.dll
0x000007fefe300000 - 0x000007fefe31f000 	C:\Windows\SYSTEM32\sechost.dll
0x000007fefea00000 - 0x000007fefeb2d000 	C:\Windows\system32\RPCRT4.dll
0x000007fefbc30000 - 0x000007fefbc3c000 	C:\Windows\system32\VERSION.dll
0x000007fefb3a0000 - 0x000007fefb3f6000 	C:\Windows\system32\uxtheme.dll
0x0000000060350000 - 0x0000000060baa000 	D:\Xilinx\SDK\2015.2\tps\win64\jre\bin\server\jvm.dll
0x000007fef5130000 - 0x000007fef5139000 	C:\Windows\system32\WSOCK32.dll
0x000007fefe6e0000 - 0x000007fefe72d000 	C:\Windows\system32\WS2_32.dll
0x000007fefe2f0000 - 0x000007fefe2f8000 	C:\Windows\system32\NSI.dll
0x000007fef8c70000 - 0x000007fef8cab000 	C:\Windows\system32\WINMM.dll
0x0000000076f60000 - 0x0000000076f67000 	C:\Windows\system32\PSAPI.DLL
0x0000000070af0000 - 0x0000000070bc2000 	C:\Windows\system32\MSVCR100.dll
0x000000006f870000 - 0x000000006f87f000 	D:\Xilinx\SDK\2015.2\tps\win64\jre\bin\verify.dll
0x000000006f7b0000 - 0x000000006f7d8000 	D:\Xilinx\SDK\2015.2\tps\win64\jre\bin\java.dll
0x000000006f7f0000 - 0x000000006f806000 	D:\Xilinx\SDK\2015.2\tps\win64\jre\bin\zip.dll
0x000007fefd250000 - 0x000007fefdfd9000 	C:\Windows\system32\SHELL32.dll
0x000007fefeda0000 - 0x000007fefefa3000 	C:\Windows\system32\ole32.dll
0x000007fefcb50000 - 0x000007fefcb5f000 	C:\Windows\system32\profapi.dll
0x000007fefc380000 - 0x000007fefc398000 	C:\Windows\system32\CRYPTSP.dll
0x000007fefc040000 - 0x000007fefc087000 	C:\Windows\system32\rsaenh.dll
0x000007fefcc40000 - 0x000007fefcc5e000 	C:\Windows\system32\USERENV.dll
0x000007fefc980000 - 0x000007fefc98f000 	C:\Windows\system32\CRYPTBASE.dll
0x000000006f790000 - 0x000000006f7aa000 	D:\Xilinx\SDK\2015.2\tps\win64\jre\bin\net.dll
0x000007fefc320000 - 0x000007fefc375000 	C:\Windows\system32\mswsock.dll
0x000007fefc310000 - 0x000007fefc317000 	C:\Windows\System32\wship6.dll
0x000007fef9100000 - 0x000007fef9127000 	C:\Windows\system32\IPHLPAPI.DLL
0x000007fef90f0000 - 0x000007fef90fb000 	C:\Windows\system32\WINNSI.DLL
0x000007fef8f70000 - 0x000007fef8f88000 	C:\Windows\system32\dhcpcsvc.DLL
0x000007fef8f50000 - 0x000007fef8f61000 	C:\Windows\system32\dhcpcsvc6.DLL
0x000000006f770000 - 0x000000006f781000 	D:\Xilinx\SDK\2015.2\tps\win64\jre\bin\nio.dll
0x000007fefcf80000 - 0x000007fefd019000 	C:\Windows\system32\CLBCatQ.DLL
0x000007fefdfe0000 - 0x000007fefe0b7000 	C:\Windows\system32\OLEAUT32.dll
0x000007fef93c0000 - 0x000007fef93d5000 	C:\Windows\system32\NLAapi.dll
0x000007fef8110000 - 0x000007fef8125000 	C:\Windows\system32\napinsp.dll
0x000007fef8130000 - 0x000007fef8149000 	C:\Windows\system32\pnrpnsp.dll
0x000007fefc1a0000 - 0x000007fefc1fb000 	C:\Windows\system32\DNSAPI.dll
0x000007fef8c60000 - 0x000007fef8c6b000 	C:\Windows\System32\winrnr.dll
0x000007fefbd00000 - 0x000007fefbd07000 	C:\Windows\System32\wshtcpip.dll
0x000007fef8150000 - 0x000007fef8158000 	C:\Windows\system32\rasadhlp.dll
0x000007fef8fa0000 - 0x000007fef8ff3000 	C:\Windows\System32\fwpuclnt.dll
0x0000000018ce0000 - 0x0000000018d88000 	C:\Users\Admin\.Xilinx\SDK\2015.2\org.eclipse.osgi\bundles\287\1\.cp\swt-win32-4335.dll
0x000007fefe0c0000 - 0x000007fefe157000 	C:\Windows\system32\comdlg32.dll
0x000007fef3770000 - 0x000007fef37e1000 	C:\Windows\system32\WINSPOOL.DRV
0x000007fefeb30000 - 0x000007fefed99000 	C:\Windows\system32\WININET.dll
0x000007fefcc70000 - 0x000007fefcc74000 	C:\Windows\system32\api-ms-win-downlevel-user32-l1-1-0.dll
0x000007fefce40000 - 0x000007fefce44000 	C:\Windows\system32\api-ms-win-downlevel-shlwapi-l1-1-0.dll
0x000007fefce50000 - 0x000007fefce54000 	C:\Windows\system32\api-ms-win-downlevel-version-l1-1-0.dll
0x000007fefcc60000 - 0x000007fefcc63000 	C:\Windows\system32\api-ms-win-downlevel-normaliz-l1-1-0.dll
0x0000000076f70000 - 0x0000000076f73000 	C:\Windows\system32\normaliz.DLL
0x000007fefe730000 - 0x000007fefe9f7000 	C:\Windows\system32\iertutil.dll
0x000007fefce30000 - 0x000007fefce35000 	C:\Windows\system32\api-ms-win-downlevel-advapi32-l1-1-0.dll
0x000007fefcc80000 - 0x000007fefcded000 	C:\Windows\system32\CRYPT32.dll
0x000007fefcb40000 - 0x000007fefcb4f000 	C:\Windows\system32\MSASN1.dll
0x000007fefaf70000 - 0x000007fefaf88000 	C:\Windows\system32\dwmapi.dll
0x000007fefb400000 - 0x000007fefb52c000 	C:\Windows\system32\propsys.dll
0x0000000002300000 - 0x000000000231e000 	C:\Users\Admin\.Xilinx\SDK\2015.2\org.eclipse.osgi\bundles\287\1\.cp\swt-gdip-win32-4335.dll
0x000007fefb180000 - 0x000007fefb396000 	C:\Windows\WinSxS\amd64_microsoft.windows.gdiplus_6595b64144ccf1df_1.1.7601.19054_none_2b28591471e9a18f\gdiplus.dll
0x000007fefadc0000 - 0x000007fefaf21000 	C:\Windows\system32\WindowsCodecs.dll
0x0000000180000000 - 0x0000000180012000 	C:\Users\Admin\.Xilinx\SDK\2015.2\org.eclipse.osgi\bundles\113\1\.cp\os\win32\x86_64\localfile_1_0_0.dll
0x000007fec37f0000 - 0x000007fec3801000 	C:\Users\Admin\.Xilinx\SDK\2015.2\org.eclipse.osgi\bundles\116\1\.cp\jWinHttp-1.0.0.dll
0x000007fefa770000 - 0x000007fefa7e1000 	C:\Windows\system32\WINHTTP.dll
0x000007fefa340000 - 0x000007fefa3a4000 	C:\Windows\system32\webio.dll
0x000007fefc950000 - 0x000007fefc975000 	C:\Windows\system32\SspiCli.dll
0x000007fefbf10000 - 0x000007fefbf1a000 	C:\Windows\system32\credssp.dll
0x000007fefa980000 - 0x000007fefa9d4000 	C:\Windows\system32\oleacc.dll
0x000007fefca90000 - 0x000007fefcaa4000 	C:\Windows\system32\RpcRtRemote.dll
0x000007fefca30000 - 0x000007fefca87000 	C:\Windows\system32\apphelp.dll
0x000007feeb0c0000 - 0x000007feeb0d0000 	D:\Xilinx\SDK\2015.2\lib\win64.o\librdi_repo_manager.dll
0x000007fec0db0000 - 0x000007fec0dda000 	D:\Xilinx\SDK\2015.2\lib\win64.o\libisl_sysinfo.dll
0x000007fee3220000 - 0x000007fee32f4000 	C:\Windows\system32\MSVCR110.dll
0x000007fee2b70000 - 0x000007fee2c17000 	C:\Windows\system32\MSVCP110.dll
0x000007fec0140000 - 0x000007fec0a83000 	D:\Xilinx\SDK\2015.2\lib\win64.o\librdi_common.dll
0x000007fec1130000 - 0x000007fec13d8000 	D:\Xilinx\SDK\2015.2\lib\win64.o\libCOIN-all.dll
0x000007fec0f10000 - 0x000007fec1130000 	D:\Xilinx\SDK\2015.2\lib\win64.o\libXil_lmgr11.dll
0x000007fefac60000 - 0x000007fefac76000 	C:\Windows\system32\NETAPI32.dll
0x000007fefac50000 - 0x000007fefac5c000 	C:\Windows\system32\netutils.dll
0x000007fefc620000 - 0x000007fefc643000 	C:\Windows\system32\srvcli.dll
0x000007fefac30000 - 0x000007fefac45000 	C:\Windows\system32\wkscli.dll
0x000007fefcb60000 - 0x000007fefcb9b000 	C:\Windows\system32\WINTRUST.dll
0x000007fef2530000 - 0x000007fef2540000 	D:\Xilinx\SDK\2015.2\lib\win64.o\libboost_date_time.dll
0x000007fec3700000 - 0x000007fec3722000 	D:\Xilinx\SDK\2015.2\lib\win64.o\libboost_filesystem.dll
0x000007fef29d0000 - 0x000007fef29d9000 	D:\Xilinx\SDK\2015.2\lib\win64.o\libboost_system.dll
0x000007fec21e0000 - 0x000007fec2254000 	D:\Xilinx\SDK\2015.2\lib\win64.o\libboost_program_options.dll
0x000007fec0e10000 - 0x000007fec0f0a000 	D:\Xilinx\SDK\2015.2\lib\win64.o\libboost_regex.dll
0x000007fec3770000 - 0x000007fec3783000 	D:\Xilinx\SDK\2015.2\lib\win64.o\libboost_signals.dll
0x000007fec23a0000 - 0x000007fec23bd000 	D:\Xilinx\SDK\2015.2\lib\win64.o\libboost_thread.dll
0x000007feeb720000 - 0x000007feeb72b000 	D:\Xilinx\SDK\2015.2\lib\win64.o\libboost_chrono.dll
0x000007fec2260000 - 0x000007fec22e0000 	D:\Xilinx\SDK\2015.2\lib\win64.o\libhdlpsolve.dll
0x000007fec2140000 - 0x000007fec21da000 	D:\Xilinx\SDK\2015.2\lib\win64.o\libhdxml.dll
0x000007febf790000 - 0x000007febfd9a200 	D:\Xilinx\SDK\2015.2\lib\win64.o\libisl_iostreams.dll
0x000007fec36e0000 - 0x000007fec36f6000 	D:\Xilinx\SDK\2015.2\lib\win64.o\libboost_iostreams.dll
0x000007fec0de0000 - 0x000007fec0e03000 	D:\Xilinx\SDK\2015.2\lib\win64.o\librdizlib.dll
0x000007fec2330000 - 0x000007fec2353000 	D:\Xilinx\SDK\2015.2\lib\win64.o\libisl_iosutils.dll
0x000007fec3790000 - 0x000007fec37a5000 	D:\Xilinx\SDK\2015.2\lib\win64.o\pthreadVC2.dll
0x000007fec0d50000 - 0x000007fec0da4000 	D:\Xilinx\SDK\2015.2\lib\win64.o\librdi_commonxillic.dll
0x000007fec0c20000 - 0x000007fec0d50000 	D:\Xilinx\SDK\2015.2\lib\win64.o\librdi_curl.dll
0x000007fec0c00000 - 0x000007fec0c18000 	D:\Xilinx\SDK\2015.2\lib\win64.o\librdiconfig.dll
0x0000000066140000 - 0x0000000066267000 	D:\Xilinx\SDK\2015.2\lib\win64.o\tcl85t.dll
0x0000000021de0000 - 0x0000000022043000 	D:\Xilinx\SDK\2015.2\lib\win64.o\xerces-c_3_1.dll
0x000007fefe160000 - 0x000007fefe2e5000 	C:\Windows\system32\urlmon.dll
0x000007fefce80000 - 0x000007fefce84000 	C:\Windows\system32\api-ms-win-downlevel-ole32-l1-1-0.dll
0x000007feeb420000 - 0x000007feeb443000 	C:\Windows\system32\VCOMP110.DLL
0x000007febff50000 - 0x000007fec0138000 	D:\Xilinx\SDK\2015.2\lib\win64.o\librdi_hsm.dll
0x000007fec0bb0000 - 0x000007fec0bf3000 	D:\Xilinx\SDK\2015.2\lib\win64.o\librdi_hdf.dll
0x000007febe610000 - 0x000007febe7ca000 	D:\Xilinx\SDK\2015.2\lib\win64.o\librdi_ippcw.dll
0x000007fec18e0000 - 0x000007fec18fc000 	D:\Xilinx\SDK\2015.2\lib\win64.o\librdi_hw_platform.dll
0x000007fefa880000 - 0x000007fefa887000 	C:\Windows\system32\msimg32.dll
0x000007febf380000 - 0x000007febf78a000 	D:\Xilinx\SDK\2015.2\lib\win64.o\librdi_commontasks.dll
0x000007febeb70000 - 0x000007febf380000 	D:\Xilinx\SDK\2015.2\lib\win64.o\libXil_lmgr11FNP.dll
0x000007fef3430000 - 0x000007fef343b000 	C:\Windows\system32\snmpapi.dll
0x000007fefe4f0000 - 0x000007fefe6c7000 	C:\Windows\system32\SETUPAPI.dll
0x000007fefcdf0000 - 0x000007fefce26000 	C:\Windows\system32\CFGMGR32.dll
0x000007fefce60000 - 0x000007fefce7a000 	C:\Windows\system32\DEVOBJ.dll
0x000007febe7d0000 - 0x000007febeb65000 	D:\Xilinx\SDK\2015.2\lib\win64.o\librdi_hsmtasks.dll

VM Arguments:
jvm_args: -Dcom.xilinx.sdk.args.hwspec=D:/Smart/SMART_CARD/Smart_cardt/SMartCart/hdl_prj/vivado_ip_prj/vivado_prj.sdk/system_top_wrapper.hdf -Xms64m -Xmx512m & 
java_command: <unknown>
java_class_path (initial): D:\Xilinx\SDK\2015.2\eclipse\win64.o\\plugins/org.eclipse.equinox.launcher_1.3.0.v20130327-1440.jar
Launcher Type: generic

Environment Variables:
USERNAME=Admin
OS=Windows_NT
PROCESSOR_IDENTIFIER=Intel64 Family 6 Model 60 Stepping 3, GenuineIntel



---------------  S Y S T E M  ---------------

OS: Windows 7 , 64 bit Build 7601 Service Pack 1

CPU:total 4 (2 cores per cpu, 2 threads per core) family 6 model 60 stepping 3, cmov, cx8, fxsr, mmx, sse, sse2, sse3, ssse3, sse4.1, sse4.2, popcnt, avx, avx2, aes, clmul, erms, lzcnt, ht, tsc, tscinvbit, bmi1, bmi2

Memory: 4k page, physical 8286312k(2115520k free), swap 16570768k(9893076k free)

vm_info: Java HotSpot(TM) 64-Bit Server VM (25.25-b02) for windows-amd64 JRE (1.8.0_25-b18), built on Oct  7 2014 14:25:37 by "java_re" with MS VC++ 10.0 (VS2010)

time: Tue Oct 31 13:58:21 2017
elapsed time: 235 seconds (0d 0h 3m 55s)

