#
# A fatal error has been detected by the Java Runtime Environment:
#
#  EXCEPTION_UNCAUGHT_CXX_EXCEPTION (0xe06d7363) at pc=0x00007ffbd77d3c58, pid=4452, tid=19168
#
# JRE version: Java(TM) SE Runtime Environment (8.0_45-b15) (build 1.8.0_45-b15)
# Java VM: Java HotSpot(TM) 64-Bit Server VM (25.45-b02 mixed mode windows-amd64 compressed oops)
# Problematic frame:
# C  [KERNELBASE.dll+0x33c58]
#
# Failed to write core dump. Minidumps are not enabled by default on client versions of Windows
#
# If you would like to submit a bug report, please visit:
#   http://bugreport.java.com/bugreport/crash.jsp
#

---------------  T H R E A D  ---------------

Current thread (0x0000000013b38000):  VMThread [stack: 0x0000000014bf0000,0x0000000014cf0000] [id=19168]

siginfo: ExceptionCode=0xe06d7363, ExceptionInformation=0x0000000019930520 0x0000000014cef648 0x00007ffbcf112cb8 0x00007ffbcf060000 

Registers:
RAX=0x004c0044002e006c, RBX=0x00007ffbcf112cb8, RCX=0x000000000000004c, RDX=0x0000000000000000
RSP=0x0000000014cef490, RBP=0x0000000014cef5d0, RSI=0x00000000ffffffff, RDI=0x0000000025da7340
R8 =0x0000000000000000, R9 =0x0000000000000000, R10=0x0000000000000000, R11=0x0000000000000000
R12=0x0000000000000001, R13=0x0000000000000008, R14=0x0000000000000000, R15=0xffffffffffffffff
RIP=0x00007ffbd77d3c58, EFLAGS=0x0000000000000206

Top of Stack: (sp=0x0000000014cef490)
0x0000000014cef490:   0000000000000000 00007ffbcf112cb8
0x0000000014cef4a0:   00000000ffffffff 0000000025da7340
0x0000000014cef4b0:   00000001e06d7363 0000000000000000
0x0000000014cef4c0:   00007ffbd77d3c58 0000000000000004
0x0000000014cef4d0:   0000000019930520 0000000014cef648
0x0000000014cef4e0:   00007ffbcf112cb8 00007ffbcf060000
0x0000000014cef4f0:   0000000000000008 0000000000000001
0x0000000014cef500:   0000000025da7340 00000000ffffffff
0x0000000014cef510:   0000000014cef5d0 00007ffbda47c28f
0x0000000014cef520:   0000000014cef5e0 0000000000000000
0x0000000014cef530:   0000f3058979884d 0000000000000001
0x0000000014cef540:   00007ffbcf129000 00007ffbcf060000
0x0000000014cef550:   00009614e2b91c58 000000000000003f
0x0000000014cef560:   00007ffbcf112cb8 00007ffbcf0be92c
0x0000000014cef570:   000000000000001f 0000000000000008
0x0000000014cef580:   0000000000000001 0000000025da7340 

Instructions: (pc=0x00007ffbd77d3c58)
0x00007ffbd77d3c38:   49 8b d1 44 0f 47 c0 44 89 44 24 38 49 c1 e0 03
0x00007ffbd77d3c48:   e8 47 90 04 00 48 8d 4c 24 20 ff 15 c0 44 11 00
0x00007ffbd77d3c58:   48 8b 8c 24 c0 00 00 00 48 33 cc e8 d8 55 04 00
0x00007ffbd77d3c68:   48 81 c4 d8 00 00 00 c3 83 64 24 38 00 eb d6 cc 


Register to memory mapping:

RAX=0x004c0044002e006c is an unknown value
RBX=0x00007ffbcf112cb8 is an unknown value
RCX=0x000000000000004c is an unknown value
RDX=0x0000000000000000 is an unknown value
RSP=0x0000000014cef490 is an unknown value
RBP=0x0000000014cef5d0 is an unknown value
RSI=0x00000000ffffffff is an unallocated location in the heap
RDI=0x0000000025da7340 is an unknown value
R8 =0x0000000000000000 is an unknown value
R9 =0x0000000000000000 is an unknown value
R10=0x0000000000000000 is an unknown value
R11=0x0000000000000000 is an unknown value
R12=0x0000000000000001 is an unknown value
R13=0x0000000000000008 is an unknown value
R14=0x0000000000000000 is an unknown value
R15=0xffffffffffffffff is an unknown value


Stack: [0x0000000014bf0000,0x0000000014cf0000],  sp=0x0000000014cef490,  free space=1021k
Native frames: (J=compiled Java code, j=interpreted, Vv=VM code, C=native code)
C  [KERNELBASE.dll+0x33c58]
C  [MSVCR110.dll+0x5e92c]
C  [MSVCR110.dll+0x1315c]
C  [MSVCR110.dll+0x136a9]
C  [MSVCR110.dll+0x13e9c]
C  [MSVCR110.dll+0x239e]
C  [MSVCR110.dll+0xaf9e]
C  [MSVCP110.dll+0x397b9]
C  [librdi_common.dll+0x14283e]
C  [librdi_common.dll+0x141449]
C  0x00007ffbd22f2400
C  0x00007ffbd22f2682
C  [ntdll.dll+0x2a37f]
C  [ntdll.dll+0x806b]
C  [ntdll.dll+0x7d94]
C  [KERNEL32.DLL+0x1ce6a]
C  [MSVCR100.dll+0x20ccd]
V  [jvm.dll+0x20f135]
V  [jvm.dll+0x247ef7]
V  [jvm.dll+0x247196]
V  [jvm.dll+0x247631]
V  [jvm.dll+0x24784e]
V  [jvm.dll+0x29853a]
C  [MSVCR100.dll+0x21d9f]
C  [MSVCR100.dll+0x21e3b]
C  [KERNEL32.DLL+0x8364]
C  [ntdll.dll+0x67091]

VM_Operation (0x000000000014f500): Exit, mode: safepoint, requested by thread 0x00000000025e4000


---------------  P R O C E S S  ---------------

Java Threads: ( => current thread )
  0x0000000019a7f000 JavaThread "Thread-407" daemon [_thread_blocked, id=6020, stack(0x000000005d030000,0x000000005d130000)]
  0x0000000018f75000 JavaThread "TCF Locator DNS Lookup" daemon [_thread_blocked, id=15984, stack(0x0000000023860000,0x0000000023960000)]
  0x0000000018f73800 JavaThread "TCF Locator Timer" daemon [_thread_blocked, id=11660, stack(0x0000000023760000,0x0000000023860000)]
  0x0000000018f78000 JavaThread "TCF Timer Dispatcher" daemon [_thread_blocked, id=18424, stack(0x0000000023460000,0x0000000023560000)]
  0x000000001676e000 JavaThread "EMF Reference Cleaner" daemon [_thread_blocked, id=19612, stack(0x00000000182c0000,0x00000000183c0000)]
  0x0000000015420800 JavaThread "Service Thread" daemon [_thread_blocked, id=12408, stack(0x00000000157f0000,0x00000000158f0000)]
  0x0000000013b76800 JavaThread "C1 CompilerThread2" daemon [_thread_blocked, id=8660, stack(0x00000000152f0000,0x00000000153f0000)]
  0x0000000013b73800 JavaThread "C2 CompilerThread1" daemon [_thread_blocked, id=9384, stack(0x00000000151f0000,0x00000000152f0000)]
  0x0000000013b71800 JavaThread "C2 CompilerThread0" daemon [_thread_blocked, id=8536, stack(0x00000000150f0000,0x00000000151f0000)]
  0x0000000013b82800 JavaThread "Attach Listener" daemon [_thread_blocked, id=12592, stack(0x0000000014ff0000,0x00000000150f0000)]
  0x0000000013b81800 JavaThread "Signal Dispatcher" daemon [_thread_blocked, id=19616, stack(0x0000000014ef0000,0x0000000014ff0000)]
  0x00000000026d9800 JavaThread "Finalizer" daemon [_thread_blocked, id=1736, stack(0x0000000014df0000,0x0000000014ef0000)]
  0x00000000026d1800 JavaThread "Reference Handler" daemon [_thread_blocked, id=18528, stack(0x0000000014cf0000,0x0000000014df0000)]
  0x00000000025e4000 JavaThread "main" [_thread_blocked, id=14352, stack(0x0000000000050000,0x0000000000150000)]

Other Threads:
=>0x0000000013b38000 VMThread [stack: 0x0000000014bf0000,0x0000000014cf0000] [id=19168]

VM state:at safepoint (shutting down)

VM Mutex/Monitor currently owned by a thread:  ([mutex/lock_event])
[0x00000000025e0cd0] Threads_lock - owner thread: 0x0000000013b38000

Heap:
 PSYoungGen      total 49152K, used 28782K [0x00000000f5580000, 0x00000000f9200000, 0x0000000100000000)
  eden space 43520K, 54% used [0x00000000f5580000,0x00000000f6c7e560,0x00000000f8000000)
  from space 5632K, 92% used [0x00000000f8100000,0x00000000f861d408,0x00000000f8680000)
  to   space 9216K, 0% used [0x00000000f8900000,0x00000000f8900000,0x00000000f9200000)
 ParOldGen       total 94208K, used 53393K [0x00000000e0000000, 0x00000000e5c00000, 0x00000000f5580000)
  object space 94208K, 56% used [0x00000000e0000000,0x00000000e34247c0,0x00000000e5c00000)
 Metaspace       used 94260K, capacity 101280K, committed 101592K, reserved 1138688K
  class space    used 10893K, capacity 13014K, committed 13056K, reserved 1048576K

Card table byte_map: [0x0000000011b10000,0x0000000011c20000] byte_map_base: 0x0000000011410000

Marking Bits: (ParMarkBitMap*) 0x0000000059d44040
 Begin Bits: [0x00000000120d0000, 0x00000000128d0000)
 End Bits:   [0x00000000128d0000, 0x00000000130d0000)

Polling page: 0x0000000002160000

CodeCache: size=245760Kb used=78990Kb max_used=78994Kb free=166769Kb
 bounds [0x0000000002750000, 0x0000000007520000, 0x0000000011750000]
 total_blobs=19905 nmethods=19039 adapters=771
 compilation: enabled

Compilation events (10 events):
Event: 18362.639 Thread 0x0000000013b76800 nmethod 25951 0x000000000402f1d0 code [0x000000000402f320, 0x000000000402f430]
Event: 18362.639 Thread 0x0000000013b76800 25952       1       org.eclipse.osgi.internal.loader.BundleLoaderProxy::getBundleData (5 bytes)
Event: 18362.640 Thread 0x0000000013b76800 nmethod 25952 0x0000000002e42890 code [0x0000000002e429e0, 0x0000000002e42af0]
Event: 18362.649 Thread 0x0000000013b76800 25953       3       java.lang.ClassLoader::<init> (9 bytes)
Event: 18362.650 Thread 0x0000000013b76800 nmethod 25953 0x00000000074ec4d0 code [0x00000000074ec680, 0x00000000074ecb58]
Event: 18362.688 Thread 0x0000000013b73800 nmethod 25938 0x0000000007511190 code [0x00000000075114e0, 0x0000000007514380]
Event: 18363.118 Thread 0x0000000013b76800 25954   !   3       org.eclipse.osgi.internal.baseadaptor.BaseStorage::compact (215 bytes)
Event: 18363.123 Thread 0x0000000013b76800 nmethod 25954 0x000000000750d390 code [0x000000000750d7e0, 0x000000000750fca8]
Event: 18363.692 Thread 0x0000000013b76800 25955       3       org.eclipse.osgi.framework.internal.core.AbstractBundle::close (52 bytes)
Event: 18363.693 Thread 0x0000000013b76800 nmethod 25955 0x00000000074eb010 code [0x00000000074eb240, 0x00000000074ebf48]

GC Heap History (10 events):
Event: 17723.088 GC heap before
{Heap before GC invocations=503 (full 160):
 PSYoungGen      total 57344K, used 55067K [0x00000000f5580000, 0x00000000f9800000, 0x0000000100000000)
  eden space 48640K, 100% used [0x00000000f5580000,0x00000000f8500000,0x00000000f8500000)
  from space 8704K, 73% used [0x00000000f8f80000,0x00000000f95c6ff0,0x00000000f9800000)
  to   space 9728K, 0% used [0x00000000f8500000,0x00000000f8500000,0x00000000f8e80000)
 ParOldGen       total 94208K, used 52769K [0x00000000e0000000, 0x00000000e5c00000, 0x00000000f5580000)
  object space 94208K, 56% used [0x00000000e0000000,0x00000000e33887c0,0x00000000e5c00000)
 Metaspace       used 93571K, capacity 100582K, committed 100824K, reserved 1136640K
  class space    used 10825K, capacity 12979K, committed 13056K, reserved 1048576K
Event: 17723.101 GC heap after
Heap after GC invocations=503 (full 160):
 PSYoungGen      total 53248K, used 5304K [0x00000000f5580000, 0x00000000f9700000, 0x0000000100000000)
  eden space 47616K, 0% used [0x00000000f5580000,0x00000000f5580000,0x00000000f8400000)
  from space 5632K, 94% used [0x00000000f8500000,0x00000000f8a2e368,0x00000000f8a80000)
  to   space 9728K, 0% used [0x00000000f8d80000,0x00000000f8d80000,0x00000000f9700000)
 ParOldGen       total 94208K, used 52801K [0x00000000e0000000, 0x00000000e5c00000, 0x00000000f5580000)
  object space 94208K, 56% used [0x00000000e0000000,0x00000000e33907c0,0x00000000e5c00000)
 Metaspace       used 93571K, capacity 100582K, committed 100824K, reserved 1136640K
  class space    used 10825K, capacity 12979K, committed 13056K, reserved 1048576K
}
Event: 17725.355 GC heap before
{Heap before GC invocations=504 (full 160):
 PSYoungGen      total 53248K, used 52920K [0x00000000f5580000, 0x00000000f9700000, 0x0000000100000000)
  eden space 47616K, 100% used [0x00000000f5580000,0x00000000f8400000,0x00000000f8400000)
  from space 5632K, 94% used [0x00000000f8500000,0x00000000f8a2e368,0x00000000f8a80000)
  to   space 9728K, 0% used [0x00000000f8d80000,0x00000000f8d80000,0x00000000f9700000)
 ParOldGen       total 94208K, used 52801K [0x00000000e0000000, 0x00000000e5c00000, 0x00000000f5580000)
  object space 94208K, 56% used [0x00000000e0000000,0x00000000e33907c0,0x00000000e5c00000)
 Metaspace       used 93612K, capacity 100650K, committed 101080K, reserved 1136640K
  class space    used 10826K, capacity 12979K, committed 13056K, reserved 1048576K
Event: 17725.359 GC heap after
Heap after GC invocations=504 (full 160):
 PSYoungGen      total 55296K, used 6013K [0x00000000f5580000, 0x00000000f9600000, 0x0000000100000000)
  eden space 46592K, 0% used [0x00000000f5580000,0x00000000f5580000,0x00000000f8300000)
  from space 8704K, 69% used [0x00000000f8d80000,0x00000000f935f590,0x00000000f9600000)
  to   space 9728K, 0% used [0x00000000f8300000,0x00000000f8300000,0x00000000f8c80000)
 ParOldGen       total 94208K, used 53145K [0x00000000e0000000, 0x00000000e5c00000, 0x00000000f5580000)
  object space 94208K, 56% used [0x00000000e0000000,0x00000000e33e67c0,0x00000000e5c00000)
 Metaspace       used 93612K, capacity 100650K, committed 101080K, reserved 1136640K
  class space    used 10826K, capacity 12979K, committed 13056K, reserved 1048576K
}
Event: 17740.427 GC heap before
{Heap before GC invocations=505 (full 160):
 PSYoungGen      total 55296K, used 52605K [0x00000000f5580000, 0x00000000f9600000, 0x0000000100000000)
  eden space 46592K, 100% used [0x00000000f5580000,0x00000000f8300000,0x00000000f8300000)
  from space 8704K, 69% used [0x00000000f8d80000,0x00000000f935f590,0x00000000f9600000)
  to   space 9728K, 0% used [0x00000000f8300000,0x00000000f8300000,0x00000000f8c80000)
 ParOldGen       total 94208K, used 53145K [0x00000000e0000000, 0x00000000e5c00000, 0x00000000f5580000)
  object space 94208K, 56% used [0x00000000e0000000,0x00000000e33e67c0,0x00000000e5c00000)
 Metaspace       used 93643K, capacity 100656K, committed 101080K, reserved 1136640K
  class space    used 10827K, capacity 12980K, committed 13056K, reserved 1048576K
Event: 17740.432 GC heap after
Heap after GC invocations=505 (full 160):
 PSYoungGen      total 52224K, used 6176K [0x00000000f5580000, 0x00000000f9500000, 0x0000000100000000)
  eden space 45568K, 0% used [0x00000000f5580000,0x00000000f5580000,0x00000000f8200000)
  from space 6656K, 92% used [0x00000000f8300000,0x00000000f89081b8,0x00000000f8980000)
  to   space 9728K, 0% used [0x00000000f8b80000,0x00000000f8b80000,0x00000000f9500000)
 ParOldGen       total 94208K, used 53297K [0x00000000e0000000, 0x00000000e5c00000, 0x00000000f5580000)
  object space 94208K, 56% used [0x00000000e0000000,0x00000000e340c7c0,0x00000000e5c00000)
 Metaspace       used 93643K, capacity 100656K, committed 101080K, reserved 1136640K
  class space    used 10827K, capacity 12980K, committed 13056K, reserved 1048576K
}
Event: 17954.237 GC heap before
{Heap before GC invocations=506 (full 160):
 PSYoungGen      total 52224K, used 51744K [0x00000000f5580000, 0x00000000f9500000, 0x0000000100000000)
  eden space 45568K, 100% used [0x00000000f5580000,0x00000000f8200000,0x00000000f8200000)
  from space 6656K, 92% used [0x00000000f8300000,0x00000000f89081b8,0x00000000f8980000)
  to   space 9728K, 0% used [0x00000000f8b80000,0x00000000f8b80000,0x00000000f9500000)
 ParOldGen       total 94208K, used 53297K [0x00000000e0000000, 0x00000000e5c00000, 0x00000000f5580000)
  object space 94208K, 56% used [0x00000000e0000000,0x00000000e340c7c0,0x00000000e5c00000)
 Metaspace       used 93666K, capacity 100656K, committed 101080K, reserved 1136640K
  class space    used 10827K, capacity 12980K, committed 13056K, reserved 1048576K
Event: 17954.251 GC heap after
Heap after GC invocations=506 (full 160):
 PSYoungGen      total 53248K, used 6255K [0x00000000f5580000, 0x00000000f9400000, 0x0000000100000000)
  eden space 44544K, 0% used [0x00000000f5580000,0x00000000f5580000,0x00000000f8100000)
  from space 8704K, 71% used [0x00000000f8b80000,0x00000000f919bef8,0x00000000f9400000)
  to   space 9728K, 0% used [0x00000000f8100000,0x00000000f8100000,0x00000000f8a80000)
 ParOldGen       total 94208K, used 53353K [0x00000000e0000000, 0x00000000e5c00000, 0x00000000f5580000)
  object space 94208K, 56% used [0x00000000e0000000,0x00000000e341a7c0,0x00000000e5c00000)
 Metaspace       used 93666K, capacity 100656K, committed 101080K, reserved 1136640K
  class space    used 10827K, capacity 12980K, committed 13056K, reserved 1048576K
}
Event: 18358.737 GC heap before
{Heap before GC invocations=507 (full 160):
 PSYoungGen      total 53248K, used 50799K [0x00000000f5580000, 0x00000000f9400000, 0x0000000100000000)
  eden space 44544K, 100% used [0x00000000f5580000,0x00000000f8100000,0x00000000f8100000)
  from space 8704K, 71% used [0x00000000f8b80000,0x00000000f919bef8,0x00000000f9400000)
  to   space 9728K, 0% used [0x00000000f8100000,0x00000000f8100000,0x00000000f8a80000)
 ParOldGen       total 94208K, used 53353K [0x00000000e0000000, 0x00000000e5c00000, 0x00000000f5580000)
  object space 94208K, 56% used [0x00000000e0000000,0x00000000e341a7c0,0x00000000e5c00000)
 Metaspace       used 93762K, capacity 100724K, committed 101080K, reserved 1136640K
  class space    used 10841K, capacity 12980K, committed 13056K, reserved 1048576K
Event: 18358.742 GC heap after
Heap after GC invocations=507 (full 160):
 PSYoungGen      total 49152K, used 5237K [0x00000000f5580000, 0x00000000f9200000, 0x0000000100000000)
  eden space 43520K, 0% used [0x00000000f5580000,0x00000000f5580000,0x00000000f8000000)
  from space 5632K, 92% used [0x00000000f8100000,0x00000000f861d408,0x00000000f8680000)
  to   space 9216K, 0% used [0x00000000f8900000,0x00000000f8900000,0x00000000f9200000)
 ParOldGen       total 94208K, used 53393K [0x00000000e0000000, 0x00000000e5c00000, 0x00000000f5580000)
  object space 94208K, 56% used [0x00000000e0000000,0x00000000e34247c0,0x00000000e5c00000)
 Metaspace       used 93762K, capacity 100724K, committed 101080K, reserved 1136640K
  class space    used 10841K, capacity 12980K, committed 13056K, reserved 1048576K
}

Deoptimization events (10 events):
Event: 18362.628 Thread 0x0000000017302000 Uncommon trap: reason=unstable_if action=reinterpret pc=0x0000000006da0bd8 method=org.eclipse.core.internal.jobs.JobManager.nextJob()Lorg/eclipse/core/runtime/jobs/Job; @ 80
Event: 18362.628 Thread 0x000000001e6e7000 Uncommon trap: reason=unstable_if action=reinterpret pc=0x000000000354dad8 method=org.eclipse.core.internal.jobs.WorkerPool.startJob(Lorg/eclipse/core/internal/jobs/Worker;)Lorg/eclipse/core/internal/jobs/InternalJob; @ 177
Event: 18362.628 Thread 0x0000000017302000 Uncommon trap: reason=unstable_if action=reinterpret pc=0x000000000354dad8 method=org.eclipse.core.internal.jobs.WorkerPool.startJob(Lorg/eclipse/core/internal/jobs/Worker;)Lorg/eclipse/core/internal/jobs/InternalJob; @ 177
Event: 18362.628 Thread 0x0000000019a7d800 Uncommon trap: reason=unstable_if action=reinterpret pc=0x000000000354dad8 method=org.eclipse.core.internal.jobs.WorkerPool.startJob(Lorg/eclipse/core/internal/jobs/Worker;)Lorg/eclipse/core/internal/jobs/InternalJob; @ 177
Event: 18362.628 Thread 0x0000000019a7c000 Uncommon trap: reason=unstable_if action=reinterpret pc=0x000000000354dad8 method=org.eclipse.core.internal.jobs.WorkerPool.startJob(Lorg/eclipse/core/internal/jobs/Worker;)Lorg/eclipse/core/internal/jobs/InternalJob; @ 177
Event: 18362.629 Thread 0x000000001730c000 Uncommon trap: reason=unstable_if action=reinterpret pc=0x000000000354dad8 method=org.eclipse.core.internal.jobs.WorkerPool.startJob(Lorg/eclipse/core/internal/jobs/Worker;)Lorg/eclipse/core/internal/jobs/InternalJob; @ 177
Event: 18362.629 Thread 0x000000001730d000 Uncommon trap: reason=unstable_if action=reinterpret pc=0x000000000354dad8 method=org.eclipse.core.internal.jobs.WorkerPool.startJob(Lorg/eclipse/core/internal/jobs/Worker;)Lorg/eclipse/core/internal/jobs/InternalJob; @ 177
Event: 18362.652 Thread 0x00000000025e4000 Uncommon trap: reason=class_check action=maybe_recompile pc=0x00000000056c85c4 method=java.util.ComparableTimSort.countRunAndMakeAscending([Ljava/lang/Object;II)I @ 36
Event: 18363.215 Thread 0x0000000018f72800 Uncommon trap: reason=unstable_if action=reinterpret pc=0x0000000003f14d68 method=org.eclipse.tcf.EventQueue.invokeLater(Ljava/lang/Runnable;)V @ 22
Event: 18363.692 Thread 0x00000000025e4000 Uncommon trap: reason=unstable_if action=reinterpret pc=0x00000000040e6b8c method=sun.reflect.UnsafeStaticObjectFieldAccessorImpl.set(Ljava/lang/Object;Ljava/lang/Object;)V @ 13

Internal exceptions (10 events):
Event: 18361.402 Thread 0x000000001e6de000 Exception <a 'java/io/IOException'> (0x00000000f67a3d70) thrown at [C:\re\workspace\8-2-build-windows-amd64-cygwin\jdk8u45\3627\hotspot\src\share\vm\prims\jni.cpp, line 709]
Event: 18361.402 Thread 0x000000001e6de000 Exception <a 'java/io/IOException'> (0x00000000f67a3f98) thrown at [C:\re\workspace\8-2-build-windows-amd64-cygwin\jdk8u45\3627\hotspot\src\share\vm\prims\jni.cpp, line 709]
Event: 18361.402 Thread 0x000000001e6de000 Exception <a 'java/io/IOException'> (0x00000000f67a46a0) thrown at [C:\re\workspace\8-2-build-windows-amd64-cygwin\jdk8u45\3627\hotspot\src\share\vm\prims\jni.cpp, line 709]
Event: 18361.402 Thread 0x000000001e6de000 Exception <a 'java/io/IOException'> (0x00000000f67a48f8) thrown at [C:\re\workspace\8-2-build-windows-amd64-cygwin\jdk8u45\3627\hotspot\src\share\vm\prims\jni.cpp, line 709]
Event: 18361.402 Thread 0x000000001e6de000 Exception <a 'java/io/IOException'> (0x00000000f67a4b20) thrown at [C:\re\workspace\8-2-build-windows-amd64-cygwin\jdk8u45\3627\hotspot\src\share\vm\prims\jni.cpp, line 709]
Event: 18362.651 Thread 0x0000000015e99800 Exception <a 'java/lang/InterruptedException': sleep interrupted> (0x00000000f6aaec58) thrown at [C:\re\workspace\8-2-build-windows-amd64-cygwin\jdk8u45\3627\hotspot\src\share\vm\prims\jvm.cpp, line 3211]
Event: 18362.653 Thread 0x0000000017025800 Exception <a 'java/lang/InterruptedException'> (0x00000000f6aaf430) thrown at [C:\re\workspace\8-2-build-windows-amd64-cygwin\jdk8u45\3627\hotspot\src\share\vm\runtime\objectMonitor.cpp, line 1683]
Event: 18362.664 Thread 0x0000000015e8e800 Exception <a 'java/lang/InterruptedException'> (0x00000000f6ab3278) thrown at [C:\re\workspace\8-2-build-windows-amd64-cygwin\jdk8u45\3627\hotspot\src\share\vm\runtime\objectMonitor.cpp, line 1683]
Event: 18363.692 Thread 0x0000000015cff000 Exception <a 'java/lang/InterruptedException'> (0x00000000f6aaeb70) thrown at [C:\re\workspace\8-2-build-windows-amd64-cygwin\jdk8u45\3627\hotspot\src\share\vm\runtime\objectMonitor.cpp, line 1683]
Event: 18363.692 Thread 0x00000000025e4000 Implicit null exception at 0x00000000040e6877 to 0x00000000040e6b79

Events (10 events):
Event: 18363.692 Thread 0x00000000025e4000 DEOPT PACKING pc=0x00000000040e6b8c sp=0x000000000014eae0
Event: 18363.692 Thread 0x00000000025e4000 DEOPT UNPACKING pc=0x000000000279582a sp=0x000000000014ea38 mode 2
Event: 18363.692 Thread 0x00000000162cf800 Thread exited: 0x00000000162cf800
Event: 18363.692 loading class java/util/IdentityHashMap$KeyIterator
Event: 18363.692 loading class java/util/IdentityHashMap$IdentityHashMapIterator
Event: 18363.710 loading class java/util/IdentityHashMap$IdentityHashMapIterator done
Event: 18363.710 loading class java/util/IdentityHashMap$KeyIterator done
Event: 18363.710 Thread 0x0000000019a7d800 Thread added: 0x0000000019a7d800
Event: 18363.710 Thread 0x0000000019a7d800 Thread exited: 0x0000000019a7d800
Event: 18363.711 Executing VM operation: Exit


Dynamic libraries:
0x0000000000400000 - 0x000000000044f000 	D:\Xilinx\SDK\2015.4\eclipse\win64.o\eclipse.exe
0x00007ffbda430000 - 0x00007ffbda602000 	C:\Windows\SYSTEM32\ntdll.dll
0x00007ffbd7a90000 - 0x00007ffbd7b3c000 	C:\Windows\System32\KERNEL32.DLL
0x00007ffbd77a0000 - 0x00007ffbd79bd000 	C:\Windows\System32\KERNELBASE.dll
0x00007ffbd9250000 - 0x00007ffbd93b5000 	C:\Windows\System32\USER32.dll
0x00007ffbd7330000 - 0x00007ffbd734e000 	C:\Windows\System32\win32u.dll
0x00007ffbd7b40000 - 0x00007ffbd7b74000 	C:\Windows\System32\GDI32.dll
0x00007ffbd7350000 - 0x00007ffbd74d0000 	C:\Windows\System32\gdi32full.dll
0x00007ffbd79f0000 - 0x00007ffbd7a8e000 	C:\Windows\System32\msvcrt.dll
0x00007ffbc1bb0000 - 0x00007ffbc1e2a000 	C:\Windows\WinSxS\amd64_microsoft.windows.common-controls_6595b64144ccf1df_6.0.14393.953_none_42151e83c686086b\COMCTL32.dll
0x00007ffbd9f20000 - 0x00007ffbda1e8000 	C:\Windows\System32\combase.dll
0x00007ffbd76a0000 - 0x00007ffbd7795000 	C:\Windows\System32\ucrtbase.dll
0x00007ffbda1f0000 - 0x00007ffbda311000 	C:\Windows\System32\RPCRT4.dll
0x00007ffbd69e0000 - 0x00007ffbd6a4a000 	C:\Windows\System32\bcryptPrimitives.dll
0x00007ffbd79c0000 - 0x00007ffbd79ee000 	C:\Windows\System32\IMM32.DLL
0x0000000072000000 - 0x0000000072012000 	D:\Xilinx\SDK\2015.4\eclipse\win64.o\plugins\org.eclipse.equinox.launcher.win32.win32.x86_64_1.1.200.v20140116-2212\eclipse_1503.dll
0x00007ffbd9cb0000 - 0x00007ffbd9d52000 	C:\Windows\System32\ADVAPI32.dll
0x00007ffbd9eb0000 - 0x00007ffbd9f09000 	C:\Windows\System32\sechost.dll
0x00007ffbd4ef0000 - 0x00007ffbd4efa000 	C:\Windows\SYSTEM32\VERSION.dll
0x00007ffbd47b0000 - 0x00007ffbd4845000 	C:\Windows\system32\uxtheme.dll
0x00007ffbd9430000 - 0x00007ffbd958a000 	C:\Windows\System32\MSCTF.dll
0x00007ffbd9bf0000 - 0x00007ffbd9caf000 	C:\Windows\System32\OLEAUT32.dll
0x00007ffbd71e0000 - 0x00007ffbd727c000 	C:\Windows\System32\msvcp_win.dll
0x0000000059540000 - 0x0000000059dc3000 	D:\Xilinx\SDK\2015.4\tps\win64\jre\bin\server\jvm.dll
0x00007ffbd9d60000 - 0x00007ffbd9d68000 	C:\Windows\System32\PSAPI.DLL
0x00007ffbd42c0000 - 0x00007ffbd42e3000 	C:\Windows\SYSTEM32\WINMM.dll
0x00007ffbd2810000 - 0x00007ffbd2819000 	C:\Windows\SYSTEM32\WSOCK32.dll
0x000000005dd20000 - 0x000000005ddf2000 	C:\Windows\SYSTEM32\MSVCR100.dll
0x00007ffbd93c0000 - 0x00007ffbd942a000 	C:\Windows\System32\WS2_32.dll
0x00007ffbd4110000 - 0x00007ffbd413b000 	C:\Windows\SYSTEM32\WINMMBASE.dll
0x00007ffbd6930000 - 0x00007ffbd6972000 	C:\Windows\System32\cfgmgr32.dll
0x000000005a8f0000 - 0x000000005a8ff000 	D:\Xilinx\SDK\2015.4\tps\win64\jre\bin\verify.dll
0x000000005a8c0000 - 0x000000005a8e9000 	D:\Xilinx\SDK\2015.4\tps\win64\jre\bin\java.dll
0x000000005a8a0000 - 0x000000005a8b6000 	D:\Xilinx\SDK\2015.4\tps\win64\jre\bin\zip.dll
0x00007ffbd7c40000 - 0x00007ffbd9148000 	C:\Windows\System32\SHELL32.dll
0x00007ffbd6b00000 - 0x00007ffbd71d8000 	C:\Windows\System32\windows.storage.dll
0x00007ffbd68e0000 - 0x00007ffbd692c000 	C:\Windows\System32\powrprof.dll
0x00007ffbd7be0000 - 0x00007ffbd7c32000 	C:\Windows\System32\shlwapi.dll
0x00007ffbd68c0000 - 0x00007ffbd68cf000 	C:\Windows\System32\kernel.appcore.dll
0x00007ffbd6a50000 - 0x00007ffbd6af9000 	C:\Windows\System32\shcore.dll
0x00007ffbd68a0000 - 0x00007ffbd68b4000 	C:\Windows\System32\profapi.dll
0x00007ffbd6470000 - 0x00007ffbd6487000 	C:\Windows\SYSTEM32\CRYPTSP.dll
0x00007ffbd5a70000 - 0x00007ffbd5aa3000 	C:\Windows\system32\rsaenh.dll
0x00007ffbd67e0000 - 0x00007ffbd680b000 	C:\Windows\SYSTEM32\bcrypt.dll
0x00007ffbd5cf0000 - 0x00007ffbd5d0f000 	C:\Windows\SYSTEM32\USERENV.dll
0x00007ffbd6010000 - 0x00007ffbd601b000 	C:\Windows\SYSTEM32\CRYPTBASE.dll
0x000000005a880000 - 0x000000005a89a000 	D:\Xilinx\SDK\2015.4\tps\win64\jre\bin\net.dll
0x00007ffbd5e70000 - 0x00007ffbd5ecc000 	C:\Windows\system32\mswsock.dll
0x00007ffbd5bf0000 - 0x00007ffbd5c28000 	C:\Windows\SYSTEM32\IPHLPAPI.DLL
0x00007ffbd9f10000 - 0x00007ffbd9f18000 	C:\Windows\System32\NSI.dll
0x00007ffbd1cb0000 - 0x00007ffbd1cc6000 	C:\Windows\SYSTEM32\dhcpcsvc6.DLL
0x00007ffbd1c80000 - 0x00007ffbd1c9a000 	C:\Windows\SYSTEM32\dhcpcsvc.DLL
0x000000005a860000 - 0x000000005a871000 	D:\Xilinx\SDK\2015.4\tps\win64\jre\bin\nio.dll
0x00007ffbc9e30000 - 0x00007ffbc9e46000 	C:\Windows\system32\napinsp.dll
0x00007ffbc9e50000 - 0x00007ffbc9e6a000 	C:\Windows\system32\pnrpnsp.dll
0x00007ffbd4090000 - 0x00007ffbd40a8000 	C:\Windows\system32\NLAapi.dll
0x00007ffbd5c30000 - 0x00007ffbd5cd1000 	C:\Windows\SYSTEM32\DNSAPI.dll
0x00007ffbd5600000 - 0x00007ffbd560e000 	C:\Windows\System32\winrnr.dll
0x0000000063560000 - 0x0000000063569000 	C:\Program Files\National Instruments\Shared\mDNS Responder\nimdnsNSP.dll
0x0000000063550000 - 0x000000006355e000 	C:\Windows\SYSTEM32\nimdnsResponder.dll
0x000000005e040000 - 0x000000005e0e3000 	C:\Windows\WinSxS\amd64_microsoft.vc90.crt_1fc8b3b9a1e18e3b_9.0.30729.9247_none_08e394a1a83e212f\MSVCR90.dll
0x000000005e010000 - 0x000000005e036000 	C:\Program Files\Bonjour\mdnsNSP.dll
0x00007ffbcd420000 - 0x00007ffbcd42a000 	C:\Windows\System32\rasadhlp.dll
0x00007ffbce6d0000 - 0x00007ffbce73a000 	C:\Windows\System32\fwpuclnt.dll
0x00000000183c0000 - 0x0000000018468000 	C:\Users\4230\.Xilinx\SDK\2015.4\org.eclipse.osgi\bundles\303\1\.cp\swt-win32-4335.dll
0x00007ffbd9d70000 - 0x00007ffbd9ea8000 	C:\Windows\System32\ole32.dll
0x00007ffbd9150000 - 0x00007ffbd924a000 	C:\Windows\System32\comdlg32.dll
0x00007ffbd74d0000 - 0x00007ffbd7699000 	C:\Windows\System32\CRYPT32.dll
0x00007ffbd68d0000 - 0x00007ffbd68e0000 	C:\Windows\System32\MSASN1.dll
0x00007ffbcd820000 - 0x00007ffbcd8a6000 	C:\Windows\SYSTEM32\WINSPOOL.DRV
0x00007ffbd54d0000 - 0x00007ffbd54e9000 	C:\Windows\SYSTEM32\USP10.dll
0x00007ffbb92f0000 - 0x00007ffbb95ba000 	C:\Windows\SYSTEM32\WININET.dll
0x00007ffbd3c90000 - 0x00007ffbd3cb6000 	C:\Windows\system32\dwmapi.dll
0x00007ffbd3710000 - 0x00007ffbd3895000 	C:\Windows\SYSTEM32\propsys.dll
0x00007ffbda320000 - 0x00007ffbda3bf000 	C:\Windows\System32\clbcatq.dll
0x0000000017fc0000 - 0x0000000017fde000 	C:\Users\4230\.Xilinx\SDK\2015.4\org.eclipse.osgi\bundles\303\1\.cp\swt-gdip-win32-4335.dll
0x00007ffbd0570000 - 0x00007ffbd0709000 	C:\Windows\WinSxS\amd64_microsoft.windows.gdiplus_6595b64144ccf1df_1.1.14393.1715_none_aec701fbddd850fa\gdiplus.dll
0x00007ffbd2b70000 - 0x00007ffbd2d18000 	C:\Windows\SYSTEM32\WindowsCodecs.dll
0x0000000180000000 - 0x0000000180012000 	C:\Users\4230\.Xilinx\SDK\2015.4\org.eclipse.osgi\bundles\121\1\.cp\os\win32\x86_64\localfile_1_0_0.dll
0x00007ffbce080000 - 0x00007ffbce091000 	C:\Users\4230\.Xilinx\SDK\2015.4\org.eclipse.osgi\bundles\124\1\.cp\jWinHttp-1.0.0.dll
0x00007ffbd2d20000 - 0x00007ffbd2ded000 	C:\Windows\SYSTEM32\WINHTTP.dll
0x00007ffbc85b0000 - 0x00007ffbc8615000 	C:\Windows\SYSTEM32\oleacc.dll
0x00007ffbbcd90000 - 0x00007ffbbcda6000 	D:\Xilinx\SDK\2015.4\eclipse\win64.o\plugins\org.eclipse.cdt.core.win32.x86_64_5.2.0.201402142303\os\win32\x86_64\spawner.dll
0x00007ffbcef40000 - 0x00007ffbcef4f000 	D:\Xilinx\SDK\2015.4\lib\win64.o\librdi_repo_manager.dll
0x00007ffb8b800000 - 0x00007ffb8b82a000 	D:\Xilinx\SDK\2015.4\lib\win64.o\libisl_sysinfo.dll
0x00007ffb86ec0000 - 0x00007ffb8784d000 	D:\Xilinx\SDK\2015.4\lib\win64.o\librdi_common.dll
0x00007ffb88700000 - 0x00007ffb88754000 	D:\Xilinx\SDK\2015.4\lib\win64.o\librdi_commonxillic.dll
0x00007ffb883b0000 - 0x00007ffb8859c000 	D:\Xilinx\SDK\2015.4\lib\win64.o\librdi_hsm.dll
0x00007ffbb0a90000 - 0x00007ffbb0b37000 	C:\Windows\SYSTEM32\MSVCP110.dll
0x00007ffbcf060000 - 0x00007ffbcf134000 	C:\Windows\SYSTEM32\MSVCR110.dll
0x00007ffb88040000 - 0x00007ffb883ae000 	D:\Xilinx\SDK\2015.4\lib\win64.o\libCOIN-all.dll
0x00007ffbce7a0000 - 0x00007ffbce7b0000 	D:\Xilinx\SDK\2015.4\lib\win64.o\libboost_date_time.dll
0x00007ffb886d0000 - 0x00007ffb886f2000 	D:\Xilinx\SDK\2015.4\lib\win64.o\libboost_filesystem.dll
0x00007ffb87e20000 - 0x00007ffb8803e000 	D:\Xilinx\SDK\2015.4\lib\win64.o\libXil_lmgr11.dll
0x00007ffbd6980000 - 0x00007ffbd69d5000 	C:\Windows\System32\WINTRUST.dll
0x00007ffb87be0000 - 0x00007ffb87cda000 	D:\Xilinx\SDK\2015.4\lib\win64.o\libboost_regex.dll
0x00007ffb87b60000 - 0x00007ffb87bd4000 	D:\Xilinx\SDK\2015.4\lib\win64.o\libboost_program_options.dll
0x00007ffbba680000 - 0x00007ffbba693000 	D:\Xilinx\SDK\2015.4\lib\win64.o\libboost_signals.dll
0x00007ffbce740000 - 0x00007ffbce749000 	D:\Xilinx\SDK\2015.4\lib\win64.o\libboost_system.dll
0x00007ffbb4a80000 - 0x00007ffbb4a9d000 	D:\Xilinx\SDK\2015.4\lib\win64.o\libboost_thread.dll
0x00007ffbce610000 - 0x00007ffbce61b000 	D:\Xilinx\SDK\2015.4\lib\win64.o\libboost_xilinx.dll
0x00007ffb87ae0000 - 0x00007ffb87b60000 	D:\Xilinx\SDK\2015.4\lib\win64.o\libhdlpsolve.dll
0x00007ffb87a40000 - 0x00007ffb87ada000 	D:\Xilinx\SDK\2015.4\lib\win64.o\libhdxml.dll
0x00007ffb86a80000 - 0x00007ffb86eb4e00 	D:\Xilinx\SDK\2015.4\lib\win64.o\libisl_iostreams.dll
0x00007ffbb2160000 - 0x00007ffbb2175000 	D:\Xilinx\SDK\2015.4\lib\win64.o\pthreadVC2.dll
0x00007ffb886a0000 - 0x00007ffb886c3000 	D:\Xilinx\SDK\2015.4\lib\win64.o\librdizlib.dll
0x00007ffb86950000 - 0x00007ffb86a80000 	D:\Xilinx\SDK\2015.4\lib\win64.o\librdi_curl.dll
0x000000005a900000 - 0x000000005aa27000 	D:\Xilinx\SDK\2015.4\lib\win64.o\tcl85t.dll
0x00007ffbcaad0000 - 0x00007ffbcac93000 	C:\Windows\SYSTEM32\urlmon.dll
0x000000001b900000 - 0x000000001bb63000 	D:\Xilinx\SDK\2015.4\lib\win64.o\xerces-c_3_1.dll
0x00007ffbcddd0000 - 0x00007ffbcddf3000 	C:\Windows\SYSTEM32\VCOMP110.DLL
0x00007ffbb0a70000 - 0x00007ffbb0a88000 	D:\Xilinx\SDK\2015.4\lib\win64.o\librdiconfig.dll
0x00007ffb87dd0000 - 0x00007ffb87e13000 	D:\Xilinx\SDK\2015.4\lib\win64.o\librdi_hdf.dll
0x00007ffb866f0000 - 0x00007ffb86945000 	D:\Xilinx\SDK\2015.4\lib\win64.o\librdi_ippcw.dll
0x00007ffbcd240000 - 0x00007ffbcd258000 	C:\Windows\SYSTEM32\NETAPI32.dll
0x00007ffbce460000 - 0x00007ffbce46b000 	D:\Xilinx\SDK\2015.4\lib\win64.o\libboost_chrono.dll
0x00007ffbcfe50000 - 0x00007ffbd00f5000 	C:\Windows\SYSTEM32\iertutil.dll
0x00007ffb87a10000 - 0x00007ffb87a33000 	D:\Xilinx\SDK\2015.4\lib\win64.o\libisl_iosutils.dll
0x00007ffbaac50000 - 0x00007ffbaac66000 	D:\Xilinx\SDK\2015.4\lib\win64.o\libboost_iostreams.dll
0x00007ffbd5520000 - 0x00007ffbd5527000 	C:\Windows\SYSTEM32\msimg32.dll
0x00007ffbd5560000 - 0x00007ffbd55a2000 	C:\Windows\SYSTEM32\edputil.dll
0x00007ffb855a0000 - 0x00007ffb85db0000 	D:\Xilinx\SDK\2015.4\lib\win64.o\libXil_lmgr11FNP.dll
0x00007ffbd9590000 - 0x00007ffbd99b9000 	C:\Windows\System32\SETUPAPI.dll
0x00007ffbcdbc0000 - 0x00007ffbcdbcc000 	C:\Windows\SYSTEM32\snmpapi.dll
0x00007ffbd62a0000 - 0x00007ffbd62cc000 	C:\Windows\SYSTEM32\SspiCli.dll
0x00007ffbd4c00000 - 0x00007ffbd4c28000 	C:\Windows\SYSTEM32\DEVOBJ.dll
0x00007ffbd2300000 - 0x00007ffbd230a000 	D:\Xilinx\SDK\2015.4\lib\win64.o\librdi_jtag_settings.dll
0x00007ffbc7d80000 - 0x00007ffbc7da9000 	D:\Xilinx\SDK\2015.4\lib\win64.o\librdi_debug_dialog.dll

VM Arguments:
jvm_args: -Dcom.xilinx.sdk.args.hwspec=D:/SMartCart/SMartCart/hdl_prj/vivado_ip_prj/vivado_prj.sdk/system_top_wrapper.hdf -Xms64m -Xmx512m & 
java_command: <unknown>
java_class_path (initial): D:\Xilinx\SDK\2015.4\eclipse\win64.o\\plugins/org.eclipse.equinox.launcher_1.3.0.v20130327-1440.jar
Launcher Type: generic

Environment Variables:
JAVA_HOME=C:\Program Files\Java\jdk1.8.0_121
USERNAME=4230
OS=Windows_NT
PROCESSOR_IDENTIFIER=Intel64 Family 6 Model 94 Stepping 3, GenuineIntel



---------------  S Y S T E M  ---------------

OS: Windows 10.0 , 64 bit Build 14393 (10.0.14393.1198)

CPU:total 4 (4 cores per cpu, 1 threads per core) family 6 model 94 stepping 3, cmov, cx8, fxsr, mmx, sse, sse2, sse3, ssse3, sse4.1, sse4.2, popcnt, avx, avx2, aes, clmul, erms, 3dnowpref, lzcnt, tsc, tscinvbit, bmi1, bmi2, adx

Memory: 4k page, physical 8343204k(4568944k free), swap 9981604k(5207396k free)

vm_info: Java HotSpot(TM) 64-Bit Server VM (25.45-b02) for windows-amd64 JRE (1.8.0_45-b15), built on Apr 30 2015 12:40:44 by "java_re" with MS VC++ 10.0 (VS2010)

time: Tue Nov 14 16:48:37 2017
elapsed time: 18363 seconds (0d 5h 6m 3s)

