#
# A fatal error has been detected by the Java Runtime Environment:
#
#  EXCEPTION_UNCAUGHT_CXX_EXCEPTION (0xe06d7363) at pc=0x00007fff2d543c58, pid=3984, tid=16160
#
# JRE version: Java(TM) SE Runtime Environment (8.0_45-b15) (build 1.8.0_45-b15)
# Java VM: Java HotSpot(TM) 64-Bit Server VM (25.45-b02 mixed mode windows-amd64 compressed oops)
# Problematic frame:
# C  [KERNELBASE.dll+0x33c58]
#
# Failed to write core dump. Minidumps are not enabled by default on client versions of Windows
#
# If you would like to submit a bug report, please visit:
#   http://bugreport.java.com/bugreport/crash.jsp
#

---------------  T H R E A D  ---------------

Current thread (0x0000000013b48000):  VMThread [stack: 0x0000000014c10000,0x0000000014d10000] [id=16160]

siginfo: ExceptionCode=0xe06d7363, ExceptionInformation=0x0000000019930520 0x0000000014d0f448 0x00007fff277c2cb8 0x00007fff27710000 

Registers:
RAX=0x004c0044002e006c, RBX=0x00007fff277c2cb8, RCX=0x000000000000004c, RDX=0x0000000000000000
RSP=0x0000000014d0f290, RBP=0x0000000014d0f3d0, RSI=0x00000000ffffffff, RDI=0x0000000000727200
R8 =0x0000000000000000, R9 =0x0000000000000000, R10=0x0000000000000000, R11=0x0000000000000000
R12=0x0000000000000001, R13=0x0000000000000008, R14=0x0000000000000000, R15=0xffffffffffffffff
RIP=0x00007fff2d543c58, EFLAGS=0x0000000000000206

Top of Stack: (sp=0x0000000014d0f290)
0x0000000014d0f290:   0000000000000000 00007fff277c2cb8
0x0000000014d0f2a0:   00000000ffffffff 0000000000727200
0x0000000014d0f2b0:   00000001e06d7363 0000000000000000
0x0000000014d0f2c0:   00007fff2d543c58 0000000000000004
0x0000000014d0f2d0:   0000000019930520 0000000014d0f448
0x0000000014d0f2e0:   00007fff277c2cb8 00007fff27710000
0x0000000014d0f2f0:   0000000000000008 0000000000000001
0x0000000014d0f300:   0000000000727200 00000000ffffffff
0x0000000014d0f310:   0000000014d0f3d0 00007fff301ec28f
0x0000000014d0f320:   0000000014d0f3e0 0000000000000000
0x0000000014d0f330:   0000e324c88ae7fa 0000000000000001
0x0000000014d0f340:   00007fff277d9000 00007fff27710000
0x0000000014d0f350:   00009dba70beff14 000000000000003f
0x0000000014d0f360:   00007fff277c2cb8 00007fff2776e92c
0x0000000014d0f370:   000000000000001f 0000000000000008
0x0000000014d0f380:   0000000000000001 0000000000727200 

Instructions: (pc=0x00007fff2d543c58)
0x00007fff2d543c38:   49 8b d1 44 0f 47 c0 44 89 44 24 38 49 c1 e0 03
0x00007fff2d543c48:   e8 47 90 04 00 48 8d 4c 24 20 ff 15 c0 44 11 00
0x00007fff2d543c58:   48 8b 8c 24 c0 00 00 00 48 33 cc e8 d8 55 04 00
0x00007fff2d543c68:   48 81 c4 d8 00 00 00 c3 83 64 24 38 00 eb d6 cc 


Register to memory mapping:

RAX=0x004c0044002e006c is an unknown value
RBX=0x00007fff277c2cb8 is an unknown value
RCX=0x000000000000004c is an unknown value
RDX=0x0000000000000000 is an unknown value
RSP=0x0000000014d0f290 is an unknown value
RBP=0x0000000014d0f3d0 is an unknown value
RSI=0x00000000ffffffff is an unallocated location in the heap
RDI=0x0000000000727200 is an unknown value
R8 =0x0000000000000000 is an unknown value
R9 =0x0000000000000000 is an unknown value
R10=0x0000000000000000 is an unknown value
R11=0x0000000000000000 is an unknown value
R12=0x0000000000000001 is an unknown value
R13=0x0000000000000008 is an unknown value
R14=0x0000000000000000 is an unknown value
R15=0xffffffffffffffff is an unknown value


Stack: [0x0000000014c10000,0x0000000014d10000],  sp=0x0000000014d0f290,  free space=1020k
Native frames: (J=compiled Java code, j=interpreted, Vv=VM code, C=native code)
C  [KERNELBASE.dll+0x33c58]
C  [MSVCR110.dll+0x5e92c]
C  [MSVCR110.dll+0x1315c]
C  [MSVCR110.dll+0x136a9]
C  [MSVCR110.dll+0x13e9c]
C  [MSVCR110.dll+0x239e]
C  [MSVCR110.dll+0xaf9e]
C  [MSVCP110.dll+0x397b9]
C  [librdi_common.dll+0x14283e]
C  [librdi_common.dll+0x141449]
C  0x00007fff16322400
C  0x00007fff16322682
C  [ntdll.dll+0x2a37f]
C  [ntdll.dll+0x806b]
C  [ntdll.dll+0x7d94]
C  [KERNEL32.DLL+0x1ce6a]
C  [MSVCR100.dll+0x20ccd]
V  [jvm.dll+0x20f135]
V  [jvm.dll+0x247ef7]
V  [jvm.dll+0x247196]
V  [jvm.dll+0x247631]
V  [jvm.dll+0x24784e]
V  [jvm.dll+0x29853a]
C  [MSVCR100.dll+0x21d9f]
C  [MSVCR100.dll+0x21e3b]
C  [KERNEL32.DLL+0x8364]
C  [ntdll.dll+0x67091]

VM_Operation (0x000000000014f500): Exit, mode: safepoint, requested by thread 0x0000000002714000


---------------  P R O C E S S  ---------------

Java Threads: ( => current thread )
  0x0000000016339800 JavaThread "Set STDIO Tab defaults" [_thread_blocked, id=20148, stack(0x0000000074920000,0x0000000074a20000)]
  0x000000001633b000 JavaThread "Set STDIO Tab defaults" [_thread_blocked, id=19916, stack(0x0000000040400000,0x0000000040500000)]
  0x0000000016338800 JavaThread "Set STDIO Tab defaults" [_thread_blocked, id=20244, stack(0x0000000040100000,0x0000000040200000)]
  0x0000000016338000 JavaThread "Set STDIO Tab defaults" [_thread_blocked, id=20352, stack(0x0000000040000000,0x0000000040100000)]
  0x000000002130d800 JavaThread "Set STDIO Tab defaults" [_thread_blocked, id=20048, stack(0x0000000034100000,0x0000000034200000)]
  0x000000002083b000 JavaThread "Set STDIO Tab defaults" [_thread_blocked, id=17684, stack(0x000000002f700000,0x000000002f800000)]
  0x0000000016335800 JavaThread "Thread-18" daemon [_thread_blocked, id=9820, stack(0x0000000029300000,0x0000000029400000)]
  0x0000000020839800 JavaThread "TCF Locator DNS Lookup" daemon [_thread_blocked, id=13348, stack(0x0000000023160000,0x0000000023260000)]
  0x0000000020838800 JavaThread "TCF Locator Timer" daemon [_thread_blocked, id=15632, stack(0x0000000023060000,0x0000000023160000)]
  0x0000000013b96000 JavaThread "TCF Timer Dispatcher" daemon [_thread_blocked, id=8208, stack(0x0000000022d60000,0x0000000022e60000)]
  0x0000000016808000 JavaThread "EMF Reference Cleaner" daemon [_thread_blocked, id=16056, stack(0x00000000186a0000,0x00000000187a0000)]
  0x0000000015452800 JavaThread "Service Thread" daemon [_thread_blocked, id=15264, stack(0x0000000015810000,0x0000000015910000)]
  0x0000000013b96800 JavaThread "C1 CompilerThread2" daemon [_thread_blocked, id=8424, stack(0x0000000015310000,0x0000000015410000)]
  0x0000000013b83800 JavaThread "C2 CompilerThread1" daemon [_thread_blocked, id=15120, stack(0x0000000015210000,0x0000000015310000)]
  0x0000000013b81800 JavaThread "C2 CompilerThread0" daemon [_thread_blocked, id=10668, stack(0x0000000015110000,0x0000000015210000)]
  0x0000000013b92800 JavaThread "Attach Listener" daemon [_thread_blocked, id=15020, stack(0x0000000015010000,0x0000000015110000)]
  0x0000000013b91800 JavaThread "Signal Dispatcher" daemon [_thread_blocked, id=15964, stack(0x0000000014f10000,0x0000000015010000)]
  0x0000000002809800 JavaThread "Finalizer" daemon [_thread_blocked, id=5744, stack(0x0000000014e10000,0x0000000014f10000)]
  0x0000000002801800 JavaThread "Reference Handler" daemon [_thread_blocked, id=13496, stack(0x0000000014d10000,0x0000000014e10000)]
  0x0000000002714000 JavaThread "main" [_thread_blocked, id=4640, stack(0x0000000000050000,0x0000000000150000)]

Other Threads:
=>0x0000000013b48000 VMThread [stack: 0x0000000014c10000,0x0000000014d10000] [id=16160]

VM state:at safepoint (shutting down)

VM Mutex/Monitor currently owned by a thread:  ([mutex/lock_event])
[0x0000000002710fd0] Threads_lock - owner thread: 0x0000000013b48000

Heap:
 PSYoungGen      total 95232K, used 38188K [0x00000000f5580000, 0x00000000fb380000, 0x0000000100000000)
  eden space 94208K, 40% used [0x00000000f5580000,0x00000000f7acb278,0x00000000fb180000)
  from space 1024K, 0% used [0x00000000fb280000,0x00000000fb280000,0x00000000fb380000)
  to   space 1024K, 0% used [0x00000000fb180000,0x00000000fb180000,0x00000000fb280000)
 ParOldGen       total 138752K, used 49750K [0x00000000e0000000, 0x00000000e8780000, 0x00000000f5580000)
  object space 138752K, 35% used [0x00000000e0000000,0x00000000e3095ac0,0x00000000e8780000)
 Metaspace       used 97776K, capacity 104834K, committed 105088K, reserved 1140736K
  class space    used 11527K, capacity 13685K, committed 13696K, reserved 1048576K

Card table byte_map: [0x0000000011bd0000,0x0000000011ce0000] byte_map_base: 0x00000000114d0000

Marking Bits: (ParMarkBitMap*) 0x000000005a044040
 Begin Bits: [0x00000000120e0000, 0x00000000128e0000)
 End Bits:   [0x00000000128e0000, 0x00000000130e0000)

Polling page: 0x0000000002220000

CodeCache: size=245760Kb used=70627Kb max_used=70685Kb free=175132Kb
 bounds [0x0000000002810000, 0x0000000006dc0000, 0x0000000011810000]
 total_blobs=18983 nmethods=18096 adapters=791
 compilation: enabled

Compilation events (10 events):
Event: 17664.662 Thread 0x0000000013b96800 nmethod 24202 0x0000000005fa6450 code [0x0000000005fa6860, 0x0000000005fa8e38]
Event: 17664.664 Thread 0x0000000013b96800 24200       1       org.eclipse.osgi.internal.loader.BundleLoaderProxy::getBasicBundleLoader (5 bytes)
Event: 17664.664 Thread 0x0000000013b96800 nmethod 24200 0x00000000034bf090 code [0x00000000034bf1e0, 0x00000000034bf2f0]
Event: 17664.664 Thread 0x0000000013b96800 24201       1       org.eclipse.osgi.internal.loader.BundleLoaderProxy::getBundleData (5 bytes)
Event: 17664.664 Thread 0x0000000013b96800 nmethod 24201 0x0000000004797f90 code [0x00000000047980e0, 0x00000000047981f0]
Event: 17664.690 Thread 0x0000000013b81800 nmethod 24184 0x00000000059f4c10 code [0x00000000059f4fc0, 0x00000000059f8260]
Event: 17665.517 Thread 0x0000000013b96800 24204   !   3       org.eclipse.osgi.internal.baseadaptor.BaseStorage::compact (215 bytes)
Event: 17665.520 Thread 0x0000000013b96800 nmethod 24204 0x00000000059f0e10 code [0x00000000059f1260, 0x00000000059f3728]
Event: 17667.484 Thread 0x0000000013b96800 24205       3       org.eclipse.osgi.framework.internal.core.AbstractBundle::close (52 bytes)
Event: 17667.485 Thread 0x0000000013b96800 nmethod 24205 0x00000000063fe7d0 code [0x00000000063fea00, 0x00000000063ff708]

GC Heap History (10 events):
Event: 17483.529 GC heap before
{Heap before GC invocations=597 (full 263):
 PSYoungGen      total 95232K, used 160K [0x00000000f5580000, 0x00000000fb380000, 0x0000000100000000)
  eden space 94208K, 0% used [0x00000000f5580000,0x00000000f5580000,0x00000000fb180000)
  from space 1024K, 15% used [0x00000000fb280000,0x00000000fb2a8000,0x00000000fb380000)
  to   space 1024K, 0% used [0x00000000fb180000,0x00000000fb180000,0x00000000fb280000)
 ParOldGen       total 138752K, used 49855K [0x00000000e0000000, 0x00000000e8780000, 0x00000000f5580000)
  object space 138752K, 35% used [0x00000000e0000000,0x00000000e30afe10,0x00000000e8780000)
 Metaspace       used 97288K, capacity 104380K, committed 104576K, reserved 1140736K
  class space    used 11476K, capacity 13620K, committed 13696K, reserved 1048576K
Event: 17483.650 GC heap after
Heap after GC invocations=597 (full 263):
 PSYoungGen      total 95232K, used 0K [0x00000000f5580000, 0x00000000fb380000, 0x0000000100000000)
  eden space 94208K, 0% used [0x00000000f5580000,0x00000000f5580000,0x00000000fb180000)
  from space 1024K, 0% used [0x00000000fb280000,0x00000000fb280000,0x00000000fb380000)
  to   space 1024K, 0% used [0x00000000fb180000,0x00000000fb180000,0x00000000fb280000)
 ParOldGen       total 138752K, used 49699K [0x00000000e0000000, 0x00000000e8780000, 0x00000000f5580000)
  object space 138752K, 35% used [0x00000000e0000000,0x00000000e3088ce0,0x00000000e8780000)
 Metaspace       used 97288K, capacity 104380K, committed 104576K, reserved 1140736K
  class space    used 11476K, capacity 13620K, committed 13696K, reserved 1048576K
}
Event: 17543.529 GC heap before
{Heap before GC invocations=598 (full 263):
 PSYoungGen      total 95232K, used 3571K [0x00000000f5580000, 0x00000000fb380000, 0x0000000100000000)
  eden space 94208K, 3% used [0x00000000f5580000,0x00000000f58fcda0,0x00000000fb180000)
  from space 1024K, 0% used [0x00000000fb280000,0x00000000fb280000,0x00000000fb380000)
  to   space 1024K, 0% used [0x00000000fb180000,0x00000000fb180000,0x00000000fb280000)
 ParOldGen       total 138752K, used 49699K [0x00000000e0000000, 0x00000000e8780000, 0x00000000f5580000)
  object space 138752K, 35% used [0x00000000e0000000,0x00000000e3088ce0,0x00000000e8780000)
 Metaspace       used 97288K, capacity 104380K, committed 104576K, reserved 1140736K
  class space    used 11476K, capacity 13620K, committed 13696K, reserved 1048576K
Event: 17543.534 GC heap after
Heap after GC invocations=598 (full 263):
 PSYoungGen      total 95232K, used 160K [0x00000000f5580000, 0x00000000fb380000, 0x0000000100000000)
  eden space 94208K, 0% used [0x00000000f5580000,0x00000000f5580000,0x00000000fb180000)
  from space 1024K, 15% used [0x00000000fb180000,0x00000000fb1a8000,0x00000000fb280000)
  to   space 1024K, 0% used [0x00000000fb280000,0x00000000fb280000,0x00000000fb380000)
 ParOldGen       total 138752K, used 49699K [0x00000000e0000000, 0x00000000e8780000, 0x00000000f5580000)
  object space 138752K, 35% used [0x00000000e0000000,0x00000000e3088ce0,0x00000000e8780000)
 Metaspace       used 97288K, capacity 104380K, committed 104576K, reserved 1140736K
  class space    used 11476K, capacity 13620K, committed 13696K, reserved 1048576K
}
Event: 17543.534 GC heap before
{Heap before GC invocations=599 (full 264):
 PSYoungGen      total 95232K, used 160K [0x00000000f5580000, 0x00000000fb380000, 0x0000000100000000)
  eden space 94208K, 0% used [0x00000000f5580000,0x00000000f5580000,0x00000000fb180000)
  from space 1024K, 15% used [0x00000000fb180000,0x00000000fb1a8000,0x00000000fb280000)
  to   space 1024K, 0% used [0x00000000fb280000,0x00000000fb280000,0x00000000fb380000)
 ParOldGen       total 138752K, used 49699K [0x00000000e0000000, 0x00000000e8780000, 0x00000000f5580000)
  object space 138752K, 35% used [0x00000000e0000000,0x00000000e3088ce0,0x00000000e8780000)
 Metaspace       used 97288K, capacity 104380K, committed 104576K, reserved 1140736K
  class space    used 11476K, capacity 13620K, committed 13696K, reserved 1048576K
Event: 17543.653 GC heap after
Heap after GC invocations=599 (full 264):
 PSYoungGen      total 95232K, used 0K [0x00000000f5580000, 0x00000000fb380000, 0x0000000100000000)
  eden space 94208K, 0% used [0x00000000f5580000,0x00000000f5580000,0x00000000fb180000)
  from space 1024K, 0% used [0x00000000fb180000,0x00000000fb180000,0x00000000fb280000)
  to   space 1024K, 0% used [0x00000000fb280000,0x00000000fb280000,0x00000000fb380000)
 ParOldGen       total 138752K, used 49699K [0x00000000e0000000, 0x00000000e8780000, 0x00000000f5580000)
  object space 138752K, 35% used [0x00000000e0000000,0x00000000e3088ce0,0x00000000e8780000)
 Metaspace       used 97288K, capacity 104380K, committed 104576K, reserved 1140736K
  class space    used 11476K, capacity 13620K, committed 13696K, reserved 1048576K
}
Event: 17603.538 GC heap before
{Heap before GC invocations=600 (full 264):
 PSYoungGen      total 95232K, used 3570K [0x00000000f5580000, 0x00000000fb380000, 0x0000000100000000)
  eden space 94208K, 3% used [0x00000000f5580000,0x00000000f58fc980,0x00000000fb180000)
  from space 1024K, 0% used [0x00000000fb180000,0x00000000fb180000,0x00000000fb280000)
  to   space 1024K, 0% used [0x00000000fb280000,0x00000000fb280000,0x00000000fb380000)
 ParOldGen       total 138752K, used 49699K [0x00000000e0000000, 0x00000000e8780000, 0x00000000f5580000)
  object space 138752K, 35% used [0x00000000e0000000,0x00000000e3088ce0,0x00000000e8780000)
 Metaspace       used 97288K, capacity 104380K, committed 104576K, reserved 1140736K
  class space    used 11476K, capacity 13620K, committed 13696K, reserved 1048576K
Event: 17603.543 GC heap after
Heap after GC invocations=600 (full 264):
 PSYoungGen      total 95232K, used 192K [0x00000000f5580000, 0x00000000fb380000, 0x0000000100000000)
  eden space 94208K, 0% used [0x00000000f5580000,0x00000000f5580000,0x00000000fb180000)
  from space 1024K, 18% used [0x00000000fb280000,0x00000000fb2b0000,0x00000000fb380000)
  to   space 1024K, 0% used [0x00000000fb180000,0x00000000fb180000,0x00000000fb280000)
 ParOldGen       total 138752K, used 49699K [0x00000000e0000000, 0x00000000e8780000, 0x00000000f5580000)
  object space 138752K, 35% used [0x00000000e0000000,0x00000000e3088ce0,0x00000000e8780000)
 Metaspace       used 97288K, capacity 104380K, committed 104576K, reserved 1140736K
  class space    used 11476K, capacity 13620K, committed 13696K, reserved 1048576K
}
Event: 17603.543 GC heap before
{Heap before GC invocations=601 (full 265):
 PSYoungGen      total 95232K, used 192K [0x00000000f5580000, 0x00000000fb380000, 0x0000000100000000)
  eden space 94208K, 0% used [0x00000000f5580000,0x00000000f5580000,0x00000000fb180000)
  from space 1024K, 18% used [0x00000000fb280000,0x00000000fb2b0000,0x00000000fb380000)
  to   space 1024K, 0% used [0x00000000fb180000,0x00000000fb180000,0x00000000fb280000)
 ParOldGen       total 138752K, used 49699K [0x00000000e0000000, 0x00000000e8780000, 0x00000000f5580000)
  object space 138752K, 35% used [0x00000000e0000000,0x00000000e3088ce0,0x00000000e8780000)
 Metaspace       used 97288K, capacity 104380K, committed 104576K, reserved 1140736K
  class space    used 11476K, capacity 13620K, committed 13696K, reserved 1048576K
Event: 17603.660 GC heap after
Heap after GC invocations=601 (full 265):
 PSYoungGen      total 95232K, used 0K [0x00000000f5580000, 0x00000000fb380000, 0x0000000100000000)
  eden space 94208K, 0% used [0x00000000f5580000,0x00000000f5580000,0x00000000fb180000)
  from space 1024K, 0% used [0x00000000fb280000,0x00000000fb280000,0x00000000fb380000)
  to   space 1024K, 0% used [0x00000000fb180000,0x00000000fb180000,0x00000000fb280000)
 ParOldGen       total 138752K, used 49750K [0x00000000e0000000, 0x00000000e8780000, 0x00000000f5580000)
  object space 138752K, 35% used [0x00000000e0000000,0x00000000e3095ac0,0x00000000e8780000)
 Metaspace       used 97288K, capacity 104380K, committed 104576K, reserved 1140736K
  class space    used 11476K, capacity 13620K, committed 13696K, reserved 1048576K
}

Deoptimization events (10 events):
Event: 17664.537 Thread 0x00000000163c3800 Uncommon trap: reason=unstable_if action=reinterpret pc=0x0000000003281aa0 method=org.eclipse.osgi.framework.internal.core.BundleContextImpl.dispatchEvent(Ljava/lang/Object;Ljava/lang/Object;ILjava/lang/Object;)V @ 16
Event: 17664.620 Thread 0x0000000002714000 Uncommon trap: reason=class_check action=maybe_recompile pc=0x0000000006aaf830 method=java.util.ComparableTimSort.countRunAndMakeAscending([Ljava/lang/Object;II)I @ 36
Event: 17664.639 Thread 0x000000001a0db800 Uncommon trap: reason=unstable_if action=reinterpret pc=0x0000000004ccbce8 method=org.eclipse.core.internal.jobs.JobManager.nextJob()Lorg/eclipse/core/runtime/jobs/Job; @ 80
Event: 17664.639 Thread 0x000000001a0db800 Uncommon trap: reason=unstable_if action=reinterpret pc=0x0000000003e49f54 method=org.eclipse.core.internal.jobs.WorkerPool.startJob(Lorg/eclipse/core/internal/jobs/Worker;)Lorg/eclipse/core/internal/jobs/InternalJob; @ 177
Event: 17664.647 Thread 0x000000001a0da000 Uncommon trap: reason=unstable_if action=reinterpret pc=0x0000000003e49f54 method=org.eclipse.core.internal.jobs.WorkerPool.startJob(Lorg/eclipse/core/internal/jobs/Worker;)Lorg/eclipse/core/internal/jobs/InternalJob; @ 177
Event: 17664.647 Thread 0x000000001a0d9000 Uncommon trap: reason=unstable_if action=reinterpret pc=0x0000000003e49f54 method=org.eclipse.core.internal.jobs.WorkerPool.startJob(Lorg/eclipse/core/internal/jobs/Worker;)Lorg/eclipse/core/internal/jobs/InternalJob; @ 177
Event: 17664.648 Thread 0x000000001a0dd000 Uncommon trap: reason=unstable_if action=reinterpret pc=0x0000000003e49f54 method=org.eclipse.core.internal.jobs.WorkerPool.startJob(Lorg/eclipse/core/internal/jobs/Worker;)Lorg/eclipse/core/internal/jobs/InternalJob; @ 177
Event: 17664.726 Thread 0x0000000002714000 Uncommon trap: reason=class_check action=maybe_recompile pc=0x0000000006aaf830 method=java.util.ComparableTimSort.countRunAndMakeAscending([Ljava/lang/Object;II)I @ 36
Event: 17666.454 Thread 0x0000000013b9a800 Uncommon trap: reason=unstable_if action=reinterpret pc=0x0000000002b03964 method=org.eclipse.tcf.EventQueue.invokeLater(Ljava/lang/Runnable;)V @ 22
Event: 17667.484 Thread 0x0000000002714000 Uncommon trap: reason=unstable_if action=reinterpret pc=0x0000000003e83f68 method=sun.reflect.UnsafeStaticObjectFieldAccessorImpl.set(Ljava/lang/Object;Ljava/lang/Object;)V @ 13

Internal exceptions (10 events):
Event: 17662.598 Thread 0x0000000002714000 Implicit null exception at 0x0000000003f1cb70 to 0x0000000003f1d22d
Event: 17662.605 Thread 0x0000000002714000 Implicit null exception at 0x000000000336dae7 to 0x000000000336db65
Event: 17662.615 Thread 0x0000000002714000 Implicit null exception at 0x0000000005b7d39a to 0x0000000005b7d59d
Event: 17663.423 Thread 0x0000000020840000 Exception <a 'java/lang/InterruptedException'> (0x00000000f7505d10) thrown at [C:\re\workspace\8-2-build-windows-amd64-cygwin\jdk8u45\3627\hotspot\src\share\vm\runtime\objectMonitor.cpp, line 1683]
Event: 17664.537 Thread 0x00000000163c3800 Implicit null exception at 0x0000000004798d42 to 0x0000000004798ed9
Event: 17664.670 Thread 0x0000000016094000 Exception <a 'java/lang/InterruptedException': sleep interrupted> (0x00000000f785b558) thrown at [C:\re\workspace\8-2-build-windows-amd64-cygwin\jdk8u45\3627\hotspot\src\share\vm\prims\jvm.cpp, line 3211]
Event: 17664.727 Thread 0x000000001dd01000 Exception <a 'java/lang/InterruptedException'> (0x00000000f787ba88) thrown at [C:\re\workspace\8-2-build-windows-amd64-cygwin\jdk8u45\3627\hotspot\src\share\vm\runtime\objectMonitor.cpp, line 1683]
Event: 17664.760 Thread 0x000000001606d000 Exception <a 'java/lang/InterruptedException'> (0x00000000f78aeb20) thrown at [C:\re\workspace\8-2-build-windows-amd64-cygwin\jdk8u45\3627\hotspot\src\share\vm\runtime\objectMonitor.cpp, line 1683]
Event: 17667.484 Thread 0x00000000163c3800 Exception <a 'java/lang/InterruptedException'> (0x00000000f785b3d8) thrown at [C:\re\workspace\8-2-build-windows-amd64-cygwin\jdk8u45\3627\hotspot\src\share\vm\runtime\objectMonitor.cpp, line 1683]
Event: 17667.484 Thread 0x0000000002714000 Implicit null exception at 0x0000000003e83b57 to 0x0000000003e83f55

Events (10 events):
Event: 17667.484 Thread 0x0000000002714000 DEOPT PACKING pc=0x0000000003e83f68 sp=0x000000000014eae0
Event: 17667.484 Thread 0x0000000002714000 DEOPT UNPACKING pc=0x000000000285582a sp=0x000000000014ea38 mode 2
Event: 17667.484 Thread 0x0000000015f9a800 Thread exited: 0x0000000015f9a800
Event: 17667.484 loading class java/util/IdentityHashMap$KeyIterator
Event: 17667.509 loading class java/util/IdentityHashMap$IdentityHashMapIterator
Event: 17667.511 loading class java/util/IdentityHashMap$IdentityHashMapIterator done
Event: 17667.511 loading class java/util/IdentityHashMap$KeyIterator done
Event: 17667.511 Thread 0x000000001a0dd000 Thread added: 0x000000001a0dd000
Event: 17667.512 Thread 0x000000001a0dd000 Thread exited: 0x000000001a0dd000
Event: 17667.513 Executing VM operation: Exit


Dynamic libraries:
0x0000000000400000 - 0x000000000044f000 	D:\Xilinx\SDK\2015.4\eclipse\win64.o\eclipse.exe
0x00007fff301a0000 - 0x00007fff30372000 	C:\Windows\SYSTEM32\ntdll.dll
0x00007fff2e140000 - 0x00007fff2e1ec000 	C:\Windows\System32\KERNEL32.DLL
0x00007fff2d510000 - 0x00007fff2d72d000 	C:\Windows\System32\KERNELBASE.dll
0x00007fff2e520000 - 0x00007fff2e685000 	C:\Windows\System32\USER32.dll
0x00007fff2d4f0000 - 0x00007fff2d50e000 	C:\Windows\System32\win32u.dll
0x00007fff2fba0000 - 0x00007fff2fbd4000 	C:\Windows\System32\GDI32.dll
0x00007fff2c6a0000 - 0x00007fff2c820000 	C:\Windows\System32\gdi32full.dll
0x00007fff2fcc0000 - 0x00007fff2fd5e000 	C:\Windows\System32\msvcrt.dll
0x00007fff18f30000 - 0x00007fff191aa000 	C:\Windows\WinSxS\amd64_microsoft.windows.common-controls_6595b64144ccf1df_6.0.14393.953_none_42151e83c686086b\COMCTL32.dll
0x00007fff2d730000 - 0x00007fff2d9f8000 	C:\Windows\System32\combase.dll
0x00007fff2d160000 - 0x00007fff2d255000 	C:\Windows\System32\ucrtbase.dll
0x00007fff30020000 - 0x00007fff30141000 	C:\Windows\System32\RPCRT4.dll
0x00007fff2d430000 - 0x00007fff2d49a000 	C:\Windows\System32\bcryptPrimitives.dll
0x00007fff30150000 - 0x00007fff3017e000 	C:\Windows\System32\IMM32.DLL
0x0000000072000000 - 0x0000000072012000 	D:\Xilinx\SDK\2015.4\eclipse\win64.o\plugins\org.eclipse.equinox.launcher.win32.win32.x86_64_1.1.200.v20140116-2212\eclipse_1503.dll
0x00007fff2fdc0000 - 0x00007fff2fe62000 	C:\Windows\System32\ADVAPI32.dll
0x00007fff2e420000 - 0x00007fff2e479000 	C:\Windows\System32\sechost.dll
0x00007fff282d0000 - 0x00007fff282da000 	C:\Windows\SYSTEM32\VERSION.dll
0x00007fff2aed0000 - 0x00007fff2af65000 	C:\Windows\system32\uxtheme.dll
0x00007fff2e2c0000 - 0x00007fff2e41a000 	C:\Windows\System32\MSCTF.dll
0x00007fff2e1f0000 - 0x00007fff2e2af000 	C:\Windows\System32\OLEAUT32.dll
0x00007fff2d0c0000 - 0x00007fff2d15c000 	C:\Windows\System32\msvcp_win.dll
0x0000000059840000 - 0x000000005a0c3000 	D:\Xilinx\SDK\2015.4\tps\win64\jre\bin\server\jvm.dll
0x00007fff2dca0000 - 0x00007fff2dca8000 	C:\Windows\System32\PSAPI.DLL
0x00007fff24de0000 - 0x00007fff24de9000 	C:\Windows\SYSTEM32\WSOCK32.dll
0x00007fff2a9a0000 - 0x00007fff2a9c3000 	C:\Windows\SYSTEM32\WINMM.dll
0x000000005d290000 - 0x000000005d362000 	C:\Windows\SYSTEM32\MSVCR100.dll
0x00007fff2fc50000 - 0x00007fff2fcba000 	C:\Windows\System32\WS2_32.dll
0x0000000002580000 - 0x00000000025ab000 	C:\Windows\SYSTEM32\WINMMBASE.dll
0x00007fff2d4a0000 - 0x00007fff2d4e2000 	C:\Windows\System32\cfgmgr32.dll
0x000000005c740000 - 0x000000005c74f000 	D:\Xilinx\SDK\2015.4\tps\win64\jre\bin\verify.dll
0x000000005c710000 - 0x000000005c739000 	D:\Xilinx\SDK\2015.4\tps\win64\jre\bin\java.dll
0x000000005c6f0000 - 0x000000005c706000 	D:\Xilinx\SDK\2015.4\tps\win64\jre\bin\zip.dll
0x00007fff2e690000 - 0x00007fff2fb98000 	C:\Windows\System32\SHELL32.dll
0x00007fff2c930000 - 0x00007fff2d008000 	C:\Windows\System32\windows.storage.dll
0x00007fff2c630000 - 0x00007fff2c67c000 	C:\Windows\System32\powrprof.dll
0x00007fff2fe70000 - 0x00007fff2fec2000 	C:\Windows\System32\shlwapi.dll
0x00007fff2c690000 - 0x00007fff2c69f000 	C:\Windows\System32\kernel.appcore.dll
0x00007fff2c880000 - 0x00007fff2c929000 	C:\Windows\System32\shcore.dll
0x00007fff2c610000 - 0x00007fff2c624000 	C:\Windows\System32\profapi.dll
0x00007fff2c090000 - 0x00007fff2c0a7000 	C:\Windows\SYSTEM32\CRYPTSP.dll
0x00007fff2bae0000 - 0x00007fff2bb13000 	C:\Windows\system32\rsaenh.dll
0x00007fff2c550000 - 0x00007fff2c57b000 	C:\Windows\SYSTEM32\bcrypt.dll
0x00007fff2bd60000 - 0x00007fff2bd7f000 	C:\Windows\SYSTEM32\USERENV.dll
0x00007fff2c080000 - 0x00007fff2c08b000 	C:\Windows\SYSTEM32\CRYPTBASE.dll
0x000000005c6d0000 - 0x000000005c6ea000 	D:\Xilinx\SDK\2015.4\tps\win64\jre\bin\net.dll
0x00007fff2bee0000 - 0x00007fff2bf3c000 	C:\Windows\system32\mswsock.dll
0x00007fff2bc60000 - 0x00007fff2bc98000 	C:\Windows\SYSTEM32\IPHLPAPI.DLL
0x00007fff2e2b0000 - 0x00007fff2e2b8000 	C:\Windows\System32\NSI.dll
0x00007fff24590000 - 0x00007fff245a6000 	C:\Windows\SYSTEM32\dhcpcsvc6.DLL
0x00007fff24860000 - 0x00007fff2487a000 	C:\Windows\SYSTEM32\dhcpcsvc.DLL
0x000000005c6b0000 - 0x000000005c6c1000 	D:\Xilinx\SDK\2015.4\tps\win64\jre\bin\nio.dll
0x00007fff196c0000 - 0x00007fff196d6000 	C:\Windows\system32\napinsp.dll
0x00007fff196e0000 - 0x00007fff196fa000 	C:\Windows\system32\pnrpnsp.dll
0x00007fff28800000 - 0x00007fff28818000 	C:\Windows\system32\NLAapi.dll
0x00007fff2bca0000 - 0x00007fff2bd41000 	C:\Windows\SYSTEM32\DNSAPI.dll
0x00007fff1eba0000 - 0x00007fff1ebae000 	C:\Windows\System32\winrnr.dll
0x0000000063560000 - 0x0000000063569000 	C:\Program Files\National Instruments\Shared\mDNS Responder\nimdnsNSP.dll
0x0000000063550000 - 0x000000006355e000 	C:\Windows\SYSTEM32\nimdnsResponder.dll
0x000000005d540000 - 0x000000005d5e3000 	C:\Windows\WinSxS\amd64_microsoft.vc90.crt_1fc8b3b9a1e18e3b_9.0.30729.9247_none_08e394a1a83e212f\MSVCR90.dll
0x000000005d510000 - 0x000000005d536000 	C:\Program Files\Bonjour\mdnsNSP.dll
0x00007fff22f20000 - 0x00007fff22f2a000 	C:\Windows\System32\rasadhlp.dll
0x00007fff245c0000 - 0x00007fff2462a000 	C:\Windows\System32\fwpuclnt.dll
0x0000000017740000 - 0x00000000177e8000 	C:\Users\4230\.Xilinx\SDK\2015.4\org.eclipse.osgi\bundles\303\1\.cp\swt-win32-4335.dll
0x00007fff2fee0000 - 0x00007fff30018000 	C:\Windows\System32\ole32.dll
0x00007fff2da00000 - 0x00007fff2dafa000 	C:\Windows\System32\comdlg32.dll
0x00007fff2d260000 - 0x00007fff2d429000 	C:\Windows\System32\CRYPT32.dll
0x00007fff2c680000 - 0x00007fff2c690000 	C:\Windows\System32\MSASN1.dll
0x00007fff23580000 - 0x00007fff23606000 	C:\Windows\SYSTEM32\WINSPOOL.DRV
0x00007fff2aa30000 - 0x00007fff2aa49000 	C:\Windows\SYSTEM32\USP10.dll
0x00007fff16050000 - 0x00007fff1631a000 	C:\Windows\SYSTEM32\WININET.dll
0x00007fff2a300000 - 0x00007fff2a326000 	C:\Windows\system32\dwmapi.dll
0x00007fff2a0b0000 - 0x00007fff2a235000 	C:\Windows\SYSTEM32\propsys.dll
0x00007fff2e480000 - 0x00007fff2e51f000 	C:\Windows\System32\clbcatq.dll
0x00000000183a0000 - 0x00000000183be000 	C:\Users\4230\.Xilinx\SDK\2015.4\org.eclipse.osgi\bundles\303\1\.cp\swt-gdip-win32-4335.dll
0x00007fff157c0000 - 0x00007fff15959000 	C:\Windows\WinSxS\amd64_microsoft.windows.gdiplus_6595b64144ccf1df_1.1.14393.1715_none_aec701fbddd850fa\gdiplus.dll
0x00007fff297a0000 - 0x00007fff29948000 	C:\Windows\SYSTEM32\WindowsCodecs.dll
0x0000000180000000 - 0x0000000180012000 	C:\Users\4230\.Xilinx\SDK\2015.4\org.eclipse.osgi\bundles\121\1\.cp\os\win32\x86_64\localfile_1_0_0.dll
0x00007fff27340000 - 0x00007fff27351000 	C:\Users\4230\.Xilinx\SDK\2015.4\org.eclipse.osgi\bundles\124\1\.cp\jWinHttp-1.0.0.dll
0x00007fff29950000 - 0x00007fff29a1d000 	C:\Windows\SYSTEM32\WINHTTP.dll
0x00007fff22490000 - 0x00007fff224f5000 	C:\Windows\SYSTEM32\oleacc.dll
0x00007fff24e20000 - 0x00007fff24e69000 	C:\Windows\system32\dataexchange.dll
0x00007fff2a440000 - 0x00007fff2a591000 	C:\Windows\system32\dcomp.dll
0x00007fff289c0000 - 0x00007fff28c76000 	C:\Windows\system32\d3d11.dll
0x00007fff2b6a0000 - 0x00007fff2b73f000 	C:\Windows\system32\dxgi.dll
0x00007fff2b070000 - 0x00007fff2b18c000 	C:\Windows\system32\twinapi.appcore.dll
0x00007fff215a0000 - 0x00007fff215df000 	C:\Windows\system32\mlang.dll
0x00007fff2aab0000 - 0x00007fff2aabf000 	D:\Xilinx\SDK\2015.4\lib\win64.o\librdi_repo_manager.dll
0x00007fff272e0000 - 0x00007fff2730a000 	D:\Xilinx\SDK\2015.4\lib\win64.o\libisl_sysinfo.dll
0x00007ffee3f60000 - 0x00007ffee48ed000 	D:\Xilinx\SDK\2015.4\lib\win64.o\librdi_common.dll
0x00007fff27280000 - 0x00007fff272d4000 	D:\Xilinx\SDK\2015.4\lib\win64.o\librdi_commonxillic.dll
0x00007fff26eb0000 - 0x00007fff26f57000 	C:\Windows\SYSTEM32\MSVCP110.dll
0x00007fff0fdc0000 - 0x00007fff0ffac000 	D:\Xilinx\SDK\2015.4\lib\win64.o\librdi_hsm.dll
0x00007fff27710000 - 0x00007fff277e4000 	C:\Windows\SYSTEM32\MSVCR110.dll
0x00007ffee9670000 - 0x00007ffee99de000 	D:\Xilinx\SDK\2015.4\lib\win64.o\libCOIN-all.dll
0x00007fff2aa80000 - 0x00007fff2aa90000 	D:\Xilinx\SDK\2015.4\lib\win64.o\libboost_date_time.dll
0x00007fff26d30000 - 0x00007fff26d52000 	D:\Xilinx\SDK\2015.4\lib\win64.o\libboost_filesystem.dll
0x00007fff26970000 - 0x00007fff269e4000 	D:\Xilinx\SDK\2015.4\lib\win64.o\libboost_program_options.dll
0x00007fff17db0000 - 0x00007fff17eaa000 	D:\Xilinx\SDK\2015.4\lib\win64.o\libboost_regex.dll
0x00007fff20f50000 - 0x00007fff20f63000 	D:\Xilinx\SDK\2015.4\lib\win64.o\libboost_signals.dll
0x00007fff2aa20000 - 0x00007fff2aa29000 	D:\Xilinx\SDK\2015.4\lib\win64.o\libboost_system.dll
0x00007fff1f8a0000 - 0x00007fff1f8bd000 	D:\Xilinx\SDK\2015.4\lib\win64.o\libboost_thread.dll
0x00007fff28630000 - 0x00007fff2863b000 	D:\Xilinx\SDK\2015.4\lib\win64.o\libboost_xilinx.dll
0x00007fff148a0000 - 0x00007fff14920000 	D:\Xilinx\SDK\2015.4\lib\win64.o\libhdlpsolve.dll
0x00007fff13ab0000 - 0x00007fff13b4a000 	D:\Xilinx\SDK\2015.4\lib\win64.o\libhdxml.dll
0x00007ffee3b20000 - 0x00007ffee3f54e00 	D:\Xilinx\SDK\2015.4\lib\win64.o\libisl_iostreams.dll
0x00007fff182f0000 - 0x00007fff18305000 	D:\Xilinx\SDK\2015.4\lib\win64.o\pthreadVC2.dll
0x00007fff13530000 - 0x00007fff13660000 	D:\Xilinx\SDK\2015.4\lib\win64.o\librdi_curl.dll
0x00007fff182d0000 - 0x00007fff182e8000 	D:\Xilinx\SDK\2015.4\lib\win64.o\librdiconfig.dll
0x00007fff17d80000 - 0x00007fff17da3000 	D:\Xilinx\SDK\2015.4\lib\win64.o\librdizlib.dll
0x000000005c750000 - 0x000000005c877000 	D:\Xilinx\SDK\2015.4\lib\win64.o\tcl85t.dll
0x00007fff20c30000 - 0x00007fff20df3000 	C:\Windows\SYSTEM32\urlmon.dll
0x0000000023e30000 - 0x0000000024093000 	D:\Xilinx\SDK\2015.4\lib\win64.o\xerces-c_3_1.dll
0x00007fff08270000 - 0x00007fff08293000 	C:\Windows\SYSTEM32\VCOMP110.DLL
0x00007fff07260000 - 0x00007fff0747e000 	D:\Xilinx\SDK\2015.4\lib\win64.o\libXil_lmgr11.dll
0x00007fff2c820000 - 0x00007fff2c875000 	C:\Windows\System32\WINTRUST.dll
0x00007fff13a60000 - 0x00007fff13aa3000 	D:\Xilinx\SDK\2015.4\lib\win64.o\librdi_hdf.dll
0x00007ffee38c0000 - 0x00007ffee3b15000 	D:\Xilinx\SDK\2015.4\lib\win64.o\librdi_ippcw.dll
0x00007fff22090000 - 0x00007fff2209b000 	D:\Xilinx\SDK\2015.4\lib\win64.o\libboost_chrono.dll
0x00007fff17d60000 - 0x00007fff17d76000 	D:\Xilinx\SDK\2015.4\lib\win64.o\libboost_iostreams.dll
0x00007fff14ab0000 - 0x00007fff14ad3000 	D:\Xilinx\SDK\2015.4\lib\win64.o\libisl_iosutils.dll
0x00007fff255c0000 - 0x00007fff25865000 	C:\Windows\SYSTEM32\iertutil.dll
0x00007fff22f00000 - 0x00007fff22f18000 	C:\Windows\SYSTEM32\NETAPI32.dll
0x00007fff2aaa0000 - 0x00007fff2aaa7000 	C:\Windows\SYSTEM32\msimg32.dll
0x00007fff24540000 - 0x00007fff24582000 	C:\Windows\SYSTEM32\edputil.dll
0x00007ffee2870000 - 0x00007ffee3080000 	D:\Xilinx\SDK\2015.4\lib\win64.o\libXil_lmgr11FNP.dll
0x00007fff2dd10000 - 0x00007fff2e139000 	C:\Windows\System32\SETUPAPI.dll

VM Arguments:
jvm_args: -Dcom.xilinx.sdk.args.hwspec=D:/SMartCart/SMartCart/hdl_prj/vivado_ip_prj/vivado_prj.sdk/system_top_wrapper.hdf -Xms64m -Xmx512m & 
java_command: <unknown>
java_class_path (initial): D:\Xilinx\SDK\2015.4\eclipse\win64.o\\plugins/org.eclipse.equinox.launcher_1.3.0.v20130327-1440.jar
Launcher Type: generic

Environment Variables:
JAVA_HOME=C:\Program Files\Java\jdk1.8.0_121
USERNAME=4230
OS=Windows_NT
PROCESSOR_IDENTIFIER=Intel64 Family 6 Model 94 Stepping 3, GenuineIntel



---------------  S Y S T E M  ---------------

OS: Windows 10.0 , 64 bit Build 14393 (10.0.14393.1198)

CPU:total 4 (4 cores per cpu, 1 threads per core) family 6 model 94 stepping 3, cmov, cx8, fxsr, mmx, sse, sse2, sse3, ssse3, sse4.1, sse4.2, popcnt, avx, avx2, aes, clmul, erms, 3dnowpref, lzcnt, tsc, tscinvbit, bmi1, bmi2, adx

Memory: 4k page, physical 8343204k(2663140k free), swap 9784996k(2928072k free)

vm_info: Java HotSpot(TM) 64-Bit Server VM (25.45-b02) for windows-amd64 JRE (1.8.0_45-b15), built on Apr 30 2015 12:40:44 by "java_re" with MS VC++ 10.0 (VS2010)

time: Tue Nov 21 13:37:17 2017
elapsed time: 17668 seconds (0d 4h 54m 28s)

