#
# A fatal error has been detected by the Java Runtime Environment:
#
#  EXCEPTION_UNCAUGHT_CXX_EXCEPTION (0xe06d7363) at pc=0x00007fff2d543c58, pid=15932, tid=14836
#
# JRE version: Java(TM) SE Runtime Environment (8.0_45-b15) (build 1.8.0_45-b15)
# Java VM: Java HotSpot(TM) 64-Bit Server VM (25.45-b02 mixed mode windows-amd64 compressed oops)
# Problematic frame:
# C  [KERNELBASE.dll+0x33c58]
#
# Failed to write core dump. Minidumps are not enabled by default on client versions of Windows
#
# If you would like to submit a bug report, please visit:
#   http://bugreport.java.com/bugreport/crash.jsp
#

---------------  T H R E A D  ---------------

Current thread (0x0000000013b18000):  VMThread [stack: 0x0000000014bb0000,0x0000000014cb0000] [id=14836]

siginfo: ExceptionCode=0xe06d7363, ExceptionInformation=0x0000000019930520 0x0000000014caf648 0x00007fff08c12cb8 0x00007fff08b60000 

Registers:
RAX=0x004c0044002e006c, RBX=0x00007fff08c12cb8, RCX=0x000000000000004c, RDX=0x0000000000000000
RSP=0x0000000014caf490, RBP=0x0000000014caf5d0, RSI=0x00000000ffffffff, RDI=0x000000000057cca0
R8 =0x0000000000000000, R9 =0x0000000000000000, R10=0x0000000000000000, R11=0x0000000000000000
R12=0x0000000000000001, R13=0x0000000000000008, R14=0x0000000000000000, R15=0xffffffffffffffff
RIP=0x00007fff2d543c58, EFLAGS=0x0000000000000206

Top of Stack: (sp=0x0000000014caf490)
0x0000000014caf490:   0000000000000000 00007fff08c12cb8
0x0000000014caf4a0:   00000000ffffffff 000000000057cca0
0x0000000014caf4b0:   00000001e06d7363 0000000000000000
0x0000000014caf4c0:   00007fff2d543c58 0000000000000004
0x0000000014caf4d0:   0000000019930520 0000000014caf648
0x0000000014caf4e0:   00007fff08c12cb8 00007fff08b60000
0x0000000014caf4f0:   0000000000000008 0000000000000001
0x0000000014caf500:   000000000057cca0 00000000ffffffff
0x0000000014caf510:   0000000014caf5d0 00007fff301ec28f
0x0000000014caf520:   0000000014caf5e0 0000000000000000
0x0000000014caf530:   00002361227697d2 0000000000000001
0x0000000014caf540:   00007fff08c29000 00007fff08b60000
0x0000000014caf550:   0000abd141184198 000000000000003f
0x0000000014caf560:   00007fff08c12cb8 00007fff08bbe92c
0x0000000014caf570:   000000000000001f 0000000000000008
0x0000000014caf580:   0000000000000001 000000000057cca0 

Instructions: (pc=0x00007fff2d543c58)
0x00007fff2d543c38:   49 8b d1 44 0f 47 c0 44 89 44 24 38 49 c1 e0 03
0x00007fff2d543c48:   e8 47 90 04 00 48 8d 4c 24 20 ff 15 c0 44 11 00
0x00007fff2d543c58:   48 8b 8c 24 c0 00 00 00 48 33 cc e8 d8 55 04 00
0x00007fff2d543c68:   48 81 c4 d8 00 00 00 c3 83 64 24 38 00 eb d6 cc 


Register to memory mapping:

RAX=0x004c0044002e006c is an unknown value
RBX=0x00007fff08c12cb8 is an unknown value
RCX=0x000000000000004c is an unknown value
RDX=0x0000000000000000 is an unknown value
RSP=0x0000000014caf490 is an unknown value
RBP=0x0000000014caf5d0 is an unknown value
RSI=0x00000000ffffffff is an unallocated location in the heap
RDI=0x000000000057cca0 is an unknown value
R8 =0x0000000000000000 is an unknown value
R9 =0x0000000000000000 is an unknown value
R10=0x0000000000000000 is an unknown value
R11=0x0000000000000000 is an unknown value
R12=0x0000000000000001 is an unknown value
R13=0x0000000000000008 is an unknown value
R14=0x0000000000000000 is an unknown value
R15=0xffffffffffffffff is an unknown value


Stack: [0x0000000014bb0000,0x0000000014cb0000],  sp=0x0000000014caf490,  free space=1021k
Native frames: (J=compiled Java code, j=interpreted, Vv=VM code, C=native code)
C  [KERNELBASE.dll+0x33c58]
C  [MSVCR110.dll+0x5e92c]
C  [MSVCR110.dll+0x1315c]
C  [MSVCR110.dll+0x136a9]
C  [MSVCR110.dll+0x13e9c]
C  [MSVCR110.dll+0x239e]
C  [MSVCR110.dll+0xaf9e]
C  [MSVCP110.dll+0x397b9]
C  [librdi_common.dll+0x14283e]
C  [librdi_common.dll+0x141449]
C  0x00007fff24662400
C  0x00007fff24662682
C  [ntdll.dll+0x2a37f]
C  [ntdll.dll+0x806b]
C  [ntdll.dll+0x7d94]
C  [KERNEL32.DLL+0x1ce6a]
C  [MSVCR100.dll+0x20ccd]
V  [jvm.dll+0x20f135]
V  [jvm.dll+0x247ef7]
V  [jvm.dll+0x247196]
V  [jvm.dll+0x247631]
V  [jvm.dll+0x24784e]
V  [jvm.dll+0x29853a]
C  [MSVCR100.dll+0x21d9f]
C  [MSVCR100.dll+0x21e3b]
C  [KERNEL32.DLL+0x8364]
C  [ntdll.dll+0x67091]

VM_Operation (0x000000000014f500): Exit, mode: safepoint, requested by thread 0x0000000002634000


---------------  P R O C E S S  ---------------

Java Threads: ( => current thread )
  0x00000000156f9800 JavaThread "Spawner Reaper" daemon [_thread_in_native, id=13988, stack(0x000000002c1a0000,0x000000002c2a0000)]
  0x000000001aa25000 JavaThread "Thread-22" daemon [_thread_blocked, id=10696, stack(0x0000000028aa0000,0x0000000028ba0000)]
  0x000000001aa1f000 JavaThread "TCF Locator DNS Lookup" daemon [_thread_blocked, id=15768, stack(0x0000000023520000,0x0000000023620000)]
  0x000000001aa1e800 JavaThread "TCF Locator Timer" daemon [_thread_blocked, id=16056, stack(0x0000000023420000,0x0000000023520000)]
  0x0000000017996800 JavaThread "TCF Timer Dispatcher" daemon [_thread_blocked, id=15800, stack(0x0000000022e20000,0x0000000022f20000)]
  0x00000000162b9000 JavaThread "EMF Reference Cleaner" daemon [_thread_blocked, id=8604, stack(0x00000000187a0000,0x00000000188a0000)]
  0x00000000153c8800 JavaThread "Service Thread" daemon [_thread_blocked, id=14768, stack(0x00000000157b0000,0x00000000158b0000)]
  0x0000000013b62000 JavaThread "C1 CompilerThread2" daemon [_thread_blocked, id=14764, stack(0x00000000152b0000,0x00000000153b0000)]
  0x0000000013b5e800 JavaThread "C2 CompilerThread1" daemon [_thread_blocked, id=9072, stack(0x00000000151b0000,0x00000000152b0000)]
  0x0000000013b5c800 JavaThread "C2 CompilerThread0" daemon [_thread_blocked, id=14660, stack(0x00000000150b0000,0x00000000151b0000)]
  0x0000000013b57000 JavaThread "Attach Listener" daemon [_thread_blocked, id=14680, stack(0x0000000014fb0000,0x00000000150b0000)]
  0x0000000013b55800 JavaThread "Signal Dispatcher" daemon [_thread_blocked, id=16132, stack(0x0000000014eb0000,0x0000000014fb0000)]
  0x0000000002729800 JavaThread "Finalizer" daemon [_thread_blocked, id=1508, stack(0x0000000014db0000,0x0000000014eb0000)]
  0x0000000002721800 JavaThread "Reference Handler" daemon [_thread_blocked, id=14620, stack(0x0000000014cb0000,0x0000000014db0000)]
  0x0000000002634000 JavaThread "main" [_thread_blocked, id=14900, stack(0x0000000000050000,0x0000000000150000)]

Other Threads:
=>0x0000000013b18000 VMThread [stack: 0x0000000014bb0000,0x0000000014cb0000] [id=14836]

VM state:at safepoint (shutting down)

VM Mutex/Monitor currently owned by a thread:  ([mutex/lock_event])
[0x00000000026306d0] Threads_lock - owner thread: 0x0000000013b18000

Heap:
 PSYoungGen      total 64512K, used 37314K [0x00000000f5580000, 0x00000000fab80000, 0x0000000100000000)
  eden space 56832K, 52% used [0x00000000f5580000,0x00000000f72e7970,0x00000000f8d00000)
  from space 7680K, 93% used [0x00000000fa400000,0x00000000fab08eb0,0x00000000fab80000)
  to   space 13312K, 0% used [0x00000000f9180000,0x00000000f9180000,0x00000000f9e80000)
 ParOldGen       total 60928K, used 52783K [0x00000000e0000000, 0x00000000e3b80000, 0x00000000f5580000)
  object space 60928K, 86% used [0x00000000e0000000,0x00000000e338bf50,0x00000000e3b80000)
 Metaspace       used 88939K, capacity 95848K, committed 96000K, reserved 1132544K
  class space    used 11212K, capacity 13312K, committed 13312K, reserved 1048576K

Card table byte_map: [0x0000000011af0000,0x0000000011c00000] byte_map_base: 0x00000000113f0000

Marking Bits: (ParMarkBitMap*) 0x0000000056d24040
 Begin Bits: [0x00000000120b0000, 0x00000000128b0000)
 End Bits:   [0x00000000128b0000, 0x00000000130b0000)

Polling page: 0x0000000000470000

CodeCache: size=245760Kb used=31953Kb max_used=32178Kb free=213806Kb
 bounds [0x0000000002730000, 0x00000000046e0000, 0x0000000011730000]
 total_blobs=10016 nmethods=9160 adapters=763
 compilation: enabled

Compilation events (10 events):
Event: 494.407 Thread 0x0000000013b62000 11238       3       java.io.File::list (33 bytes)
Event: 494.407 Thread 0x0000000013b62000 nmethod 11238 0x0000000003325d10 code [0x0000000003325ee0, 0x0000000003326628]
Event: 494.580 Thread 0x0000000013b62000 11239   !   3       org.eclipse.osgi.internal.baseadaptor.BaseStorage::compact (215 bytes)
Event: 494.582 Thread 0x0000000013b62000 nmethod 11239 0x00000000031bf6d0 code [0x00000000031bfb20, 0x00000000031c1fe8]
Event: 495.124 Thread 0x0000000013b5c800 11240       4       java.io.File::isDirectory (43 bytes)
Event: 495.128 Thread 0x0000000013b5c800 nmethod 11240 0x0000000002acfe10 code [0x0000000002acff60, 0x0000000002ad0168]
Event: 495.172 Thread 0x0000000013b62000 11241       3       org.eclipse.osgi.framework.internal.core.AbstractBundle::close (52 bytes)
Event: 495.172 Thread 0x0000000013b62000 nmethod 11241 0x0000000004469c90 code [0x0000000004469ec0, 0x000000000446abc8]
Event: 495.173 Thread 0x0000000013b62000 11242   !   3       java.lang.ThreadGroup::remove (94 bytes)
Event: 495.173 Thread 0x0000000013b62000 nmethod 11242 0x0000000002dd5190 code [0x0000000002dd5340, 0x0000000002dd5a08]

GC Heap History (10 events):
Event: 214.631 GC heap before
{Heap before GC invocations=31 (full 5):
 PSYoungGen      total 64512K, used 192K [0x00000000f5580000, 0x00000000fa380000, 0x0000000100000000)
  eden space 50688K, 0% used [0x00000000f5580000,0x00000000f5580000,0x00000000f8700000)
  from space 13824K, 1% used [0x00000000f9500000,0x00000000f9530000,0x00000000fa280000)
  to   space 14336K, 0% used [0x00000000f8700000,0x00000000f8700000,0x00000000f9500000)
 ParOldGen       total 60928K, used 49886K [0x00000000e0000000, 0x00000000e3b80000, 0x00000000f5580000)
  object space 60928K, 81% used [0x00000000e0000000,0x00000000e30b7ac8,0x00000000e3b80000)
 Metaspace       used 77775K, capacity 84384K, committed 84608K, reserved 1122304K
  class space    used 9749K, capacity 11832K, committed 11904K, reserved 1048576K
Event: 214.864 GC heap after
Heap after GC invocations=31 (full 5):
 PSYoungGen      total 64512K, used 0K [0x00000000f5580000, 0x00000000fa380000, 0x0000000100000000)
  eden space 50688K, 0% used [0x00000000f5580000,0x00000000f5580000,0x00000000f8700000)
  from space 13824K, 0% used [0x00000000f9500000,0x00000000f9500000,0x00000000fa280000)
  to   space 14336K, 0% used [0x00000000f8700000,0x00000000f8700000,0x00000000f9500000)
 ParOldGen       total 60928K, used 49298K [0x00000000e0000000, 0x00000000e3b80000, 0x00000000f5580000)
  object space 60928K, 80% used [0x00000000e0000000,0x00000000e3024818,0x00000000e3b80000)
 Metaspace       used 77775K, capacity 84384K, committed 84608K, reserved 1122304K
  class space    used 9749K, capacity 11832K, committed 11904K, reserved 1048576K
}
Event: 249.257 GC heap before
{Heap before GC invocations=32 (full 5):
 PSYoungGen      total 64512K, used 50688K [0x00000000f5580000, 0x00000000fa380000, 0x0000000100000000)
  eden space 50688K, 100% used [0x00000000f5580000,0x00000000f8700000,0x00000000f8700000)
  from space 13824K, 0% used [0x00000000f9500000,0x00000000f9500000,0x00000000fa280000)
  to   space 14336K, 0% used [0x00000000f8700000,0x00000000f8700000,0x00000000f9500000)
 ParOldGen       total 60928K, used 49298K [0x00000000e0000000, 0x00000000e3b80000, 0x00000000f5580000)
  object space 60928K, 80% used [0x00000000e0000000,0x00000000e3024818,0x00000000e3b80000)
 Metaspace       used 79259K, capacity 85972K, committed 86400K, reserved 1124352K
  class space    used 9914K, capacity 12039K, committed 12160K, reserved 1048576K
Event: 249.260 GC heap after
Heap after GC invocations=32 (full 5):
 PSYoungGen      total 65024K, used 4013K [0x00000000f5580000, 0x00000000fab00000, 0x0000000100000000)
  eden space 50688K, 0% used [0x00000000f5580000,0x00000000f5580000,0x00000000f8700000)
  from space 14336K, 27% used [0x00000000f8700000,0x00000000f8aeb568,0x00000000f9500000)
  to   space 13824K, 0% used [0x00000000f9d80000,0x00000000f9d80000,0x00000000fab00000)
 ParOldGen       total 60928K, used 49306K [0x00000000e0000000, 0x00000000e3b80000, 0x00000000f5580000)
  object space 60928K, 80% used [0x00000000e0000000,0x00000000e3026818,0x00000000e3b80000)
 Metaspace       used 79259K, capacity 85972K, committed 86400K, reserved 1124352K
  class space    used 9914K, capacity 12039K, committed 12160K, reserved 1048576K
}
Event: 263.078 GC heap before
{Heap before GC invocations=33 (full 5):
 PSYoungGen      total 65024K, used 54701K [0x00000000f5580000, 0x00000000fab00000, 0x0000000100000000)
  eden space 50688K, 100% used [0x00000000f5580000,0x00000000f8700000,0x00000000f8700000)
  from space 14336K, 27% used [0x00000000f8700000,0x00000000f8aeb568,0x00000000f9500000)
  to   space 13824K, 0% used [0x00000000f9d80000,0x00000000f9d80000,0x00000000fab00000)
 ParOldGen       total 60928K, used 49306K [0x00000000e0000000, 0x00000000e3b80000, 0x00000000f5580000)
  object space 60928K, 80% used [0x00000000e0000000,0x00000000e3026818,0x00000000e3b80000)
 Metaspace       used 83544K, capacity 90326K, committed 90496K, reserved 1126400K
  class space    used 10621K, capacity 12670K, committed 12672K, reserved 1048576K
Event: 263.085 GC heap after
Heap after GC invocations=33 (full 5):
 PSYoungGen      total 70656K, used 6882K [0x00000000f5580000, 0x00000000fa900000, 0x0000000100000000)
  eden space 58880K, 0% used [0x00000000f5580000,0x00000000f5580000,0x00000000f8f00000)
  from space 11776K, 58% used [0x00000000f9d80000,0x00000000fa438b70,0x00000000fa900000)
  to   space 13312K, 0% used [0x00000000f8f00000,0x00000000f8f00000,0x00000000f9c00000)
 ParOldGen       total 60928K, used 50937K [0x00000000e0000000, 0x00000000e3b80000, 0x00000000f5580000)
  object space 60928K, 83% used [0x00000000e0000000,0x00000000e31be610,0x00000000e3b80000)
 Metaspace       used 83544K, capacity 90326K, committed 90496K, reserved 1126400K
  class space    used 10621K, capacity 12670K, committed 12672K, reserved 1048576K
}
Event: 293.226 GC heap before
{Heap before GC invocations=34 (full 5):
 PSYoungGen      total 70656K, used 65762K [0x00000000f5580000, 0x00000000fa900000, 0x0000000100000000)
  eden space 58880K, 100% used [0x00000000f5580000,0x00000000f8f00000,0x00000000f8f00000)
  from space 11776K, 58% used [0x00000000f9d80000,0x00000000fa438b70,0x00000000fa900000)
  to   space 13312K, 0% used [0x00000000f8f00000,0x00000000f8f00000,0x00000000f9c00000)
 ParOldGen       total 60928K, used 50937K [0x00000000e0000000, 0x00000000e3b80000, 0x00000000f5580000)
  object space 60928K, 83% used [0x00000000e0000000,0x00000000e31be610,0x00000000e3b80000)
 Metaspace       used 84439K, capacity 91380K, committed 91648K, reserved 1128448K
  class space    used 10673K, capacity 12740K, committed 12800K, reserved 1048576K
Event: 293.230 GC heap after
Heap after GC invocations=34 (full 5):
 PSYoungGen      total 72192K, used 2848K [0x00000000f5580000, 0x00000000fb100000, 0x0000000100000000)
  eden space 58880K, 0% used [0x00000000f5580000,0x00000000f5580000,0x00000000f8f00000)
  from space 13312K, 21% used [0x00000000f8f00000,0x00000000f91c8000,0x00000000f9c00000)
  to   space 13312K, 0% used [0x00000000fa400000,0x00000000fa400000,0x00000000fb100000)
 ParOldGen       total 60928K, used 52775K [0x00000000e0000000, 0x00000000e3b80000, 0x00000000f5580000)
  object space 60928K, 86% used [0x00000000e0000000,0x00000000e3389f50,0x00000000e3b80000)
 Metaspace       used 84439K, capacity 91380K, committed 91648K, reserved 1128448K
  class space    used 10673K, capacity 12740K, committed 12800K, reserved 1048576K
}
Event: 311.598 GC heap before
{Heap before GC invocations=35 (full 5):
 PSYoungGen      total 72192K, used 61728K [0x00000000f5580000, 0x00000000fb100000, 0x0000000100000000)
  eden space 58880K, 100% used [0x00000000f5580000,0x00000000f8f00000,0x00000000f8f00000)
  from space 13312K, 21% used [0x00000000f8f00000,0x00000000f91c8000,0x00000000f9c00000)
  to   space 13312K, 0% used [0x00000000fa400000,0x00000000fa400000,0x00000000fb100000)
 ParOldGen       total 60928K, used 52775K [0x00000000e0000000, 0x00000000e3b80000, 0x00000000f5580000)
  object space 60928K, 86% used [0x00000000e0000000,0x00000000e3389f50,0x00000000e3b80000)
 Metaspace       used 88047K, capacity 95048K, committed 95232K, reserved 1130496K
  class space    used 11117K, capacity 13216K, committed 13312K, reserved 1048576K
Event: 311.605 GC heap after
Heap after GC invocations=35 (full 5):
 PSYoungGen      total 64512K, used 7203K [0x00000000f5580000, 0x00000000fab80000, 0x0000000100000000)
  eden space 56832K, 0% used [0x00000000f5580000,0x00000000f5580000,0x00000000f8d00000)
  from space 7680K, 93% used [0x00000000fa400000,0x00000000fab08eb0,0x00000000fab80000)
  to   space 13312K, 0% used [0x00000000f9180000,0x00000000f9180000,0x00000000f9e80000)
 ParOldGen       total 60928K, used 52783K [0x00000000e0000000, 0x00000000e3b80000, 0x00000000f5580000)
  object space 60928K, 86% used [0x00000000e0000000,0x00000000e338bf50,0x00000000e3b80000)
 Metaspace       used 88047K, capacity 95048K, committed 95232K, reserved 1130496K
  class space    used 11117K, capacity 13216K, committed 13312K, reserved 1048576K
}

Deoptimization events (10 events):
Event: 312.000 Thread 0x0000000002634000 Uncommon trap: reason=class_check action=maybe_recompile pc=0x0000000002fa0754 method=org.eclipse.e4.core.internal.contexts.ContextObjectSupplier$ContextInjectionListener.update(Lorg/eclipse/e4/core/contexts/IEclipseContext;I[Ljava/lang/Object;)Z @ 173
Event: 312.000 Thread 0x0000000002634000 Uncommon trap: reason=class_check action=maybe_recompile pc=0x00000000046401e8 method=org.eclipse.e4.core.internal.contexts.TrackableComputationExt.update(Lorg/eclipse/e4/core/internal/contexts/ContextChangeEvent;)Z @ 62
Event: 312.000 Thread 0x0000000002634000 Uncommon trap: reason=class_check action=maybe_recompile pc=0x0000000002fa0754 method=org.eclipse.e4.core.internal.contexts.ContextObjectSupplier$ContextInjectionListener.update(Lorg/eclipse/e4/core/contexts/IEclipseContext;I[Ljava/lang/Object;)Z @ 173
Event: 493.248 Thread 0x000000001aa24800 Uncommon trap: reason=unstable_if action=reinterpret pc=0x0000000004068aa4 method=java.io.BufferedReader.read()I @ 34
Event: 493.340 Thread 0x0000000002634000 Uncommon trap: reason=unstable_if action=reinterpret pc=0x0000000003bf287c method=sun.nio.cs.UTF_8$Encoder.encodeArrayLoop(Ljava/nio/CharBuffer;Ljava/nio/ByteBuffer;)Ljava/nio/charset/CoderResult; @ 87
Event: 494.097 Thread 0x0000000002634000 Uncommon trap: reason=null_check action=make_not_entrant pc=0x00000000030a4044 method=org.eclipse.core.runtime.internal.adaptor.EclipseLazyStarter.shouldActivateFor(Ljava/lang/String;Lorg/eclipse/osgi/baseadaptor/BaseData;Lorg/eclipse/core/runtime/internal
Event: 494.099 Thread 0x0000000002634000 Uncommon trap: reason=predicate action=maybe_recompile pc=0x00000000042f6ef0 method=java.io.OutputStream.write([BII)V @ 62
Event: 494.128 Thread 0x00000000156ea800 Uncommon trap: reason=null_check action=maybe_recompile pc=0x0000000003ffccdc method=com.xilinx.sdk.targetmanager.internal.json.XMDJSONProcess.issueCommand(Ljava/lang/String;)Lcom/xilinx/sdk/targetmanager/internal/IXMDResult; @ 3
Event: 494.192 Thread 0x0000000002634000 Uncommon trap: reason=null_check action=maybe_recompile pc=0x0000000003ffccdc method=com.xilinx.sdk.targetmanager.internal.json.XMDJSONProcess.issueCommand(Ljava/lang/String;)Lcom/xilinx/sdk/targetmanager/internal/IXMDResult; @ 3
Event: 495.172 Thread 0x0000000002634000 Uncommon trap: reason=unstable_if action=reinterpret pc=0x000000000446b840 method=sun.reflect.UnsafeStaticObjectFieldAccessorImpl.set(Ljava/lang/Object;Ljava/lang/Object;)V @ 13

Internal exceptions (10 events):
Event: 494.129 Thread 0x00000000156ea800 Exception <a 'java/io/IOException'> (0x00000000f6f22180) thrown at [C:\re\workspace\8-2-build-windows-amd64-cygwin\jdk8u45\3627\hotspot\src\share\vm\prims\jni.cpp, line 709]
Event: 494.129 Thread 0x00000000156ea800 Exception <a 'java/io/IOException'> (0x00000000f6f223a8) thrown at [C:\re\workspace\8-2-build-windows-amd64-cygwin\jdk8u45\3627\hotspot\src\share\vm\prims\jni.cpp, line 709]
Event: 494.192 Thread 0x0000000002634000 Exception <a 'java/lang/NullPointerException'> (0x00000000f6e6ea60) thrown at [C:\re\workspace\8-2-build-windows-amd64-cygwin\jdk8u45\3627\hotspot\src\share\vm\prims\jvm.cpp, line 1386]
Event: 494.219 Thread 0x00000000156f0800 Exception <a 'java/net/ConnectException': Connection refused: connect> (0x00000000f60f1468) thrown at [C:\re\workspace\8-2-build-windows-amd64-cygwin\jdk8u45\3627\hotspot\src\share\vm\prims\jni.cpp, line 735]
Event: 494.247 Thread 0x0000000015fca000 Exception <a 'java/lang/InterruptedException': sleep interrupted> (0x00000000f70599e0) thrown at [C:\re\workspace\8-2-build-windows-amd64-cygwin\jdk8u45\3627\hotspot\src\share\vm\prims\jvm.cpp, line 3211]
Event: 494.247 Thread 0x000000001564e000 Exception <a 'java/lang/InterruptedException'> (0x00000000f70e7ae0) thrown at [C:\re\workspace\8-2-build-windows-amd64-cygwin\jdk8u45\3627\hotspot\src\share\vm\runtime\objectMonitor.cpp, line 1683]
Event: 494.249 Thread 0x00000000154d1800 Exception <a 'java/lang/InterruptedException'> (0x00000000f70f1710) thrown at [C:\re\workspace\8-2-build-windows-amd64-cygwin\jdk8u45\3627\hotspot\src\share\vm\runtime\objectMonitor.cpp, line 1683]
Event: 495.172 Thread 0x0000000015672800 Exception <a 'java/lang/InterruptedException'> (0x00000000f7059860) thrown at [C:\re\workspace\8-2-build-windows-amd64-cygwin\jdk8u45\3627\hotspot\src\share\vm\runtime\objectMonitor.cpp, line 1683]
Event: 495.172 Thread 0x0000000002634000 Implicit null exception at 0x000000000446b4f7 to 0x000000000446b82d
Event: 495.173 Thread 0x00000000156f0800 Exception <a 'java/io/IOException'> (0x00000000f72d8cc8) thrown at [C:\re\workspace\8-2-build-windows-amd64-cygwin\jdk8u45\3627\hotspot\src\share\vm\prims\jni.cpp, line 709]

Events (10 events):
Event: 495.172 Executing VM operation: RevokeBias
Event: 495.172 Executing VM operation: RevokeBias done
Event: 495.173 Executing VM operation: RevokeBias
Event: 495.173 Executing VM operation: RevokeBias done
Event: 495.173 Executing VM operation: RevokeBias
Event: 495.173 Executing VM operation: RevokeBias done
Event: 495.173 Executing VM operation: RevokeBias
Event: 495.173 Executing VM operation: RevokeBias done
Event: 495.173 Thread 0x00000000156f0800 Thread exited: 0x00000000156f0800
Event: 495.173 Executing VM operation: Exit


Dynamic libraries:
0x0000000000400000 - 0x000000000044f000 	D:\Xilinx\SDK\2015.4\eclipse\win64.o\eclipse.exe
0x00007fff301a0000 - 0x00007fff30372000 	C:\Windows\SYSTEM32\ntdll.dll
0x00007fff2e140000 - 0x00007fff2e1ec000 	C:\Windows\System32\KERNEL32.DLL
0x00007fff2d510000 - 0x00007fff2d72d000 	C:\Windows\System32\KERNELBASE.dll
0x00007fff2e520000 - 0x00007fff2e685000 	C:\Windows\System32\USER32.dll
0x00007fff2d4f0000 - 0x00007fff2d50e000 	C:\Windows\System32\win32u.dll
0x00007fff2fba0000 - 0x00007fff2fbd4000 	C:\Windows\System32\GDI32.dll
0x00007fff2c6a0000 - 0x00007fff2c820000 	C:\Windows\System32\gdi32full.dll
0x00007fff2fcc0000 - 0x00007fff2fd5e000 	C:\Windows\System32\msvcrt.dll
0x00007fff18f30000 - 0x00007fff191aa000 	C:\Windows\WinSxS\amd64_microsoft.windows.common-controls_6595b64144ccf1df_6.0.14393.953_none_42151e83c686086b\COMCTL32.dll
0x00007fff2d730000 - 0x00007fff2d9f8000 	C:\Windows\System32\combase.dll
0x00007fff2d160000 - 0x00007fff2d255000 	C:\Windows\System32\ucrtbase.dll
0x00007fff30020000 - 0x00007fff30141000 	C:\Windows\System32\RPCRT4.dll
0x00007fff2d430000 - 0x00007fff2d49a000 	C:\Windows\System32\bcryptPrimitives.dll
0x00007fff30150000 - 0x00007fff3017e000 	C:\Windows\System32\IMM32.DLL
0x0000000072000000 - 0x0000000072012000 	D:\Xilinx\SDK\2015.4\eclipse\win64.o\plugins\org.eclipse.equinox.launcher.win32.win32.x86_64_1.1.200.v20140116-2212\eclipse_1503.dll
0x00007fff2fdc0000 - 0x00007fff2fe62000 	C:\Windows\System32\ADVAPI32.dll
0x00007fff2e420000 - 0x00007fff2e479000 	C:\Windows\System32\sechost.dll
0x00007fff282d0000 - 0x00007fff282da000 	C:\Windows\SYSTEM32\VERSION.dll
0x00007fff2aed0000 - 0x00007fff2af65000 	C:\Windows\system32\uxtheme.dll
0x00007fff2e2c0000 - 0x00007fff2e41a000 	C:\Windows\System32\MSCTF.dll
0x00007fff2e1f0000 - 0x00007fff2e2af000 	C:\Windows\System32\OLEAUT32.dll
0x00007fff2d0c0000 - 0x00007fff2d15c000 	C:\Windows\System32\msvcp_win.dll
0x0000000056520000 - 0x0000000056da3000 	D:\Xilinx\SDK\2015.4\tps\win64\jre\bin\server\jvm.dll
0x00007fff2dca0000 - 0x00007fff2dca8000 	C:\Windows\System32\PSAPI.DLL
0x00007fff122a0000 - 0x00007fff122a9000 	C:\Windows\SYSTEM32\WSOCK32.dll
0x00007fff2a9a0000 - 0x00007fff2a9c3000 	C:\Windows\SYSTEM32\WINMM.dll
0x000000005d290000 - 0x000000005d362000 	C:\Windows\SYSTEM32\MSVCR100.dll
0x00007fff2fc50000 - 0x00007fff2fcba000 	C:\Windows\System32\WS2_32.dll
0x00007fff2a930000 - 0x00007fff2a95b000 	C:\Windows\SYSTEM32\WINMMBASE.dll
0x00007fff2d4a0000 - 0x00007fff2d4e2000 	C:\Windows\System32\cfgmgr32.dll
0x00000000563e0000 - 0x00000000563ef000 	D:\Xilinx\SDK\2015.4\tps\win64\jre\bin\verify.dll
0x00000000563b0000 - 0x00000000563d9000 	D:\Xilinx\SDK\2015.4\tps\win64\jre\bin\java.dll
0x0000000056390000 - 0x00000000563a6000 	D:\Xilinx\SDK\2015.4\tps\win64\jre\bin\zip.dll
0x00007fff2e690000 - 0x00007fff2fb98000 	C:\Windows\System32\SHELL32.dll
0x00007fff2c930000 - 0x00007fff2d008000 	C:\Windows\System32\windows.storage.dll
0x00007fff2c630000 - 0x00007fff2c67c000 	C:\Windows\System32\powrprof.dll
0x00007fff2fe70000 - 0x00007fff2fec2000 	C:\Windows\System32\shlwapi.dll
0x00007fff2c690000 - 0x00007fff2c69f000 	C:\Windows\System32\kernel.appcore.dll
0x00007fff2c880000 - 0x00007fff2c929000 	C:\Windows\System32\shcore.dll
0x00007fff2c610000 - 0x00007fff2c624000 	C:\Windows\System32\profapi.dll
0x00007fff2c090000 - 0x00007fff2c0a7000 	C:\Windows\SYSTEM32\CRYPTSP.dll
0x00007fff2bae0000 - 0x00007fff2bb13000 	C:\Windows\system32\rsaenh.dll
0x00007fff2c550000 - 0x00007fff2c57b000 	C:\Windows\SYSTEM32\bcrypt.dll
0x00007fff2bd60000 - 0x00007fff2bd7f000 	C:\Windows\SYSTEM32\USERENV.dll
0x00007fff2c080000 - 0x00007fff2c08b000 	C:\Windows\SYSTEM32\CRYPTBASE.dll
0x0000000056370000 - 0x000000005638a000 	D:\Xilinx\SDK\2015.4\tps\win64\jre\bin\net.dll
0x00007fff2bee0000 - 0x00007fff2bf3c000 	C:\Windows\system32\mswsock.dll
0x00007fff2bc60000 - 0x00007fff2bc98000 	C:\Windows\SYSTEM32\IPHLPAPI.DLL
0x00007fff2e2b0000 - 0x00007fff2e2b8000 	C:\Windows\System32\NSI.dll
0x00007fff24590000 - 0x00007fff245a6000 	C:\Windows\SYSTEM32\dhcpcsvc6.DLL
0x00007fff24860000 - 0x00007fff2487a000 	C:\Windows\SYSTEM32\dhcpcsvc.DLL
0x0000000056350000 - 0x0000000056361000 	D:\Xilinx\SDK\2015.4\tps\win64\jre\bin\nio.dll
0x00007fff196c0000 - 0x00007fff196d6000 	C:\Windows\system32\napinsp.dll
0x00007fff196e0000 - 0x00007fff196fa000 	C:\Windows\system32\pnrpnsp.dll
0x00007fff28800000 - 0x00007fff28818000 	C:\Windows\system32\NLAapi.dll
0x00007fff2bca0000 - 0x00007fff2bd41000 	C:\Windows\SYSTEM32\DNSAPI.dll
0x00007fff1eba0000 - 0x00007fff1ebae000 	C:\Windows\System32\winrnr.dll
0x0000000063560000 - 0x0000000063569000 	C:\Program Files\National Instruments\Shared\mDNS Responder\nimdnsNSP.dll
0x0000000063550000 - 0x000000006355e000 	C:\Windows\SYSTEM32\nimdnsResponder.dll
0x000000005d540000 - 0x000000005d5e3000 	C:\Windows\WinSxS\amd64_microsoft.vc90.crt_1fc8b3b9a1e18e3b_9.0.30729.9247_none_08e394a1a83e212f\MSVCR90.dll
0x000000005d510000 - 0x000000005d536000 	C:\Program Files\Bonjour\mdnsNSP.dll
0x00007fff22f20000 - 0x00007fff22f2a000 	C:\Windows\System32\rasadhlp.dll
0x00007fff245c0000 - 0x00007fff2462a000 	C:\Windows\System32\fwpuclnt.dll
0x0000000016dd0000 - 0x0000000016e78000 	C:\Users\4230\.Xilinx\SDK\2015.4\org.eclipse.osgi\bundles\303\1\.cp\swt-win32-4335.dll
0x00007fff2fee0000 - 0x00007fff30018000 	C:\Windows\System32\ole32.dll
0x00007fff2da00000 - 0x00007fff2dafa000 	C:\Windows\System32\comdlg32.dll
0x00007fff2d260000 - 0x00007fff2d429000 	C:\Windows\System32\CRYPT32.dll
0x00007fff2c680000 - 0x00007fff2c690000 	C:\Windows\System32\MSASN1.dll
0x00007fff23580000 - 0x00007fff23606000 	C:\Windows\SYSTEM32\WINSPOOL.DRV
0x00007fff16050000 - 0x00007fff1631a000 	C:\Windows\SYSTEM32\WININET.dll
0x00007fff13c30000 - 0x00007fff13c49000 	C:\Windows\SYSTEM32\USP10.dll
0x00007fff2a300000 - 0x00007fff2a326000 	C:\Windows\system32\dwmapi.dll
0x00007fff2a0b0000 - 0x00007fff2a235000 	C:\Windows\SYSTEM32\propsys.dll
0x00007fff2e480000 - 0x00007fff2e51f000 	C:\Windows\System32\clbcatq.dll
0x0000000016e80000 - 0x0000000016e9e000 	C:\Users\4230\.Xilinx\SDK\2015.4\org.eclipse.osgi\bundles\303\1\.cp\swt-gdip-win32-4335.dll
0x00007fff157c0000 - 0x00007fff15959000 	C:\Windows\WinSxS\amd64_microsoft.windows.gdiplus_6595b64144ccf1df_1.1.14393.1715_none_aec701fbddd850fa\gdiplus.dll
0x00007fff297a0000 - 0x00007fff29948000 	C:\Windows\SYSTEM32\WindowsCodecs.dll
0x0000000180000000 - 0x0000000180012000 	C:\Users\4230\.Xilinx\SDK\2015.4\org.eclipse.osgi\bundles\121\1\.cp\os\win32\x86_64\localfile_1_0_0.dll
0x00007fff13c10000 - 0x00007fff13c21000 	C:\Users\4230\.Xilinx\SDK\2015.4\org.eclipse.osgi\bundles\124\1\.cp\jWinHttp-1.0.0.dll
0x00007fff29950000 - 0x00007fff29a1d000 	C:\Windows\SYSTEM32\WINHTTP.dll
0x00007fff13db0000 - 0x00007fff13e15000 	C:\Windows\SYSTEM32\oleacc.dll
0x00007fff283a0000 - 0x00007fff283a7000 	C:\Windows\SYSTEM32\msimg32.dll
0x00007fff25430000 - 0x00007fff2543f000 	D:\Xilinx\SDK\2015.4\lib\win64.o\librdi_repo_manager.dll
0x00007fff13bb0000 - 0x00007fff13c04000 	D:\Xilinx\SDK\2015.4\lib\win64.o\librdi_commonxillic.dll
0x00007fff13b80000 - 0x00007fff13baa000 	D:\Xilinx\SDK\2015.4\lib\win64.o\libisl_sysinfo.dll
0x00007ffedc280000 - 0x00007ffedcc0d000 	D:\Xilinx\SDK\2015.4\lib\win64.o\librdi_common.dll
0x00007fff08a60000 - 0x00007fff08b07000 	C:\Windows\SYSTEM32\MSVCP110.dll
0x00007fff08b60000 - 0x00007fff08c34000 	C:\Windows\SYSTEM32\MSVCR110.dll
0x00007ffee1ea0000 - 0x00007ffee20be000 	D:\Xilinx\SDK\2015.4\lib\win64.o\libXil_lmgr11.dll
0x00007ffee22d0000 - 0x00007ffee23ca000 	D:\Xilinx\SDK\2015.4\lib\win64.o\libboost_regex.dll
0x00007fff13b50000 - 0x00007fff13b72000 	D:\Xilinx\SDK\2015.4\lib\win64.o\libboost_filesystem.dll
0x00007fff2c820000 - 0x00007fff2c875000 	C:\Windows\System32\WINTRUST.dll
0x00007fff253a0000 - 0x00007fff253a9000 	D:\Xilinx\SDK\2015.4\lib\win64.o\libboost_system.dll
0x00007ffedbf10000 - 0x00007ffedc27e000 	D:\Xilinx\SDK\2015.4\lib\win64.o\libCOIN-all.dll
0x00007fff25280000 - 0x00007fff25290000 	D:\Xilinx\SDK\2015.4\lib\win64.o\libboost_date_time.dll
0x00007ffee2250000 - 0x00007ffee22c4000 	D:\Xilinx\SDK\2015.4\lib\win64.o\libboost_program_options.dll
0x00007fff13940000 - 0x00007fff13953000 	D:\Xilinx\SDK\2015.4\lib\win64.o\libboost_signals.dll
0x00007fff11d80000 - 0x00007fff11d9d000 	D:\Xilinx\SDK\2015.4\lib\win64.o\libboost_thread.dll
0x00007fff24fc0000 - 0x00007fff24fcb000 	D:\Xilinx\SDK\2015.4\lib\win64.o\libboost_xilinx.dll
0x00007ffee1970000 - 0x00007ffee19f0000 	D:\Xilinx\SDK\2015.4\lib\win64.o\libhdlpsolve.dll
0x00007ffee18d0000 - 0x00007ffee196a000 	D:\Xilinx\SDK\2015.4\lib\win64.o\libhdxml.dll
0x00007ffedbad0000 - 0x00007ffedbf04e00 	D:\Xilinx\SDK\2015.4\lib\win64.o\libisl_iostreams.dll
0x00007ffee1660000 - 0x00007ffee1790000 	D:\Xilinx\SDK\2015.4\lib\win64.o\librdi_curl.dll
0x00007fff07f00000 - 0x00007fff07f18000 	D:\Xilinx\SDK\2015.4\lib\win64.o\librdiconfig.dll
0x00007ffee2aa0000 - 0x00007ffee2ac3000 	D:\Xilinx\SDK\2015.4\lib\win64.o\librdizlib.dll
0x00000000563f0000 - 0x0000000056517000 	D:\Xilinx\SDK\2015.4\lib\win64.o\tcl85t.dll
0x00007fff20c30000 - 0x00007fff20df3000 	C:\Windows\SYSTEM32\urlmon.dll
0x0000000024200000 - 0x0000000024463000 	D:\Xilinx\SDK\2015.4\lib\win64.o\xerces-c_3_1.dll
0x00007fff10be0000 - 0x00007fff10c03000 	C:\Windows\SYSTEM32\VCOMP110.DLL
0x00007fff22f00000 - 0x00007fff22f18000 	C:\Windows\SYSTEM32\NETAPI32.dll
0x00007fff24680000 - 0x00007fff2468b000 	D:\Xilinx\SDK\2015.4\lib\win64.o\libboost_chrono.dll
0x00007fff06bc0000 - 0x00007fff06bd6000 	D:\Xilinx\SDK\2015.4\lib\win64.o\libboost_iostreams.dll
0x00007ffee2220000 - 0x00007ffee2243000 	D:\Xilinx\SDK\2015.4\lib\win64.o\libisl_iosutils.dll
0x00007fff255c0000 - 0x00007fff25865000 	C:\Windows\SYSTEM32\iertutil.dll
0x00007fff06010000 - 0x00007fff06025000 	D:\Xilinx\SDK\2015.4\lib\win64.o\pthreadVC2.dll
0x00007ffedb8e0000 - 0x00007ffedbacc000 	D:\Xilinx\SDK\2015.4\lib\win64.o\librdi_hsm.dll
0x00007ffee1880000 - 0x00007ffee18c3000 	D:\Xilinx\SDK\2015.4\lib\win64.o\librdi_hdf.dll
0x00007ffedb680000 - 0x00007ffedb8d5000 	D:\Xilinx\SDK\2015.4\lib\win64.o\librdi_ippcw.dll
0x00007fff11f60000 - 0x00007fff11fa2000 	C:\Windows\SYSTEM32\edputil.dll
0x00007ffeda470000 - 0x00007ffedac80000 	D:\Xilinx\SDK\2015.4\lib\win64.o\libXil_lmgr11FNP.dll
0x00007fff2dd10000 - 0x00007fff2e139000 	C:\Windows\System32\SETUPAPI.dll
0x00007fff288f0000 - 0x00007fff288fc000 	C:\Windows\SYSTEM32\snmpapi.dll
0x00007fff2c280000 - 0x00007fff2c2ac000 	C:\Windows\SYSTEM32\SspiCli.dll
0x00007fff2b2e0000 - 0x00007fff2b308000 	C:\Windows\SYSTEM32\DEVOBJ.dll
0x00007fff175d0000 - 0x00007fff175e6000 	D:\Xilinx\SDK\2015.4\eclipse\win64.o\plugins\org.eclipse.cdt.core.win32.x86_64_5.2.0.201402142303\os\win32\x86_64\spawner.dll
0x0000000071080000 - 0x00000000710a6000 	D:\Xilinx\SDK\2015.4\eclipse\win64.o\plugins\gnu.io.rxtx.win32.x86_64_2.1.7.3_v20071015\os\win32\x86_64\rxtxSerial.dll
0x00007fff253e0000 - 0x00007fff253ea000 	D:\Xilinx\SDK\2015.4\lib\win64.o\librdi_jtag_settings.dll

VM Arguments:
jvm_args: -Dcom.xilinx.sdk.args.hwspec=D:/simka/project_1/project_1.sdk/system_top_wrapper.hdf -Xms64m -Xmx512m & 
java_command: <unknown>
java_class_path (initial): D:\Xilinx\SDK\2015.4\eclipse\win64.o\\plugins/org.eclipse.equinox.launcher_1.3.0.v20130327-1440.jar
Launcher Type: generic

Environment Variables:
JAVA_HOME=C:\Program Files\Java\jdk1.8.0_121
USERNAME=4230
OS=Windows_NT
PROCESSOR_IDENTIFIER=Intel64 Family 6 Model 94 Stepping 3, GenuineIntel



---------------  S Y S T E M  ---------------

OS: Windows 10.0 , 64 bit Build 14393 (10.0.14393.1198)

CPU:total 4 (4 cores per cpu, 1 threads per core) family 6 model 94 stepping 3, cmov, cx8, fxsr, mmx, sse, sse2, sse3, ssse3, sse4.1, sse4.2, popcnt, avx, avx2, aes, clmul, erms, 3dnowpref, lzcnt, tsc, tscinvbit, bmi1, bmi2, adx

Memory: 4k page, physical 8343204k(2814204k free), swap 9784996k(2778084k free)

vm_info: Java HotSpot(TM) 64-Bit Server VM (25.45-b02) for windows-amd64 JRE (1.8.0_45-b15), built on Apr 30 2015 12:40:44 by "java_re" with MS VC++ 10.0 (VS2010)

time: Mon Nov 20 13:35:59 2017
elapsed time: 495 seconds (0d 0h 8m 15s)

