#
# A fatal error has been detected by the Java Runtime Environment:
#
#  EXCEPTION_UNCAUGHT_CXX_EXCEPTION (0xe06d7363) at pc=0x00007ffbd77d3c58, pid=15780, tid=4568
#
# JRE version: Java(TM) SE Runtime Environment (8.0_45-b15) (build 1.8.0_45-b15)
# Java VM: Java HotSpot(TM) 64-Bit Server VM (25.45-b02 mixed mode windows-amd64 compressed oops)
# Problematic frame:
# C  [KERNELBASE.dll+0x33c58]
#
# Failed to write core dump. Minidumps are not enabled by default on client versions of Windows
#
# If you would like to submit a bug report, please visit:
#   http://bugreport.java.com/bugreport/crash.jsp
#

---------------  T H R E A D  ---------------

Current thread (0x0000000013bd8000):  VMThread [stack: 0x0000000014c60000,0x0000000014d60000] [id=4568]

siginfo: ExceptionCode=0xe06d7363, ExceptionInformation=0x0000000019930520 0x0000000014d5f648 0x00007ffbd0542cb8 0x00007ffbd0490000 

Registers:
RAX=0x004c0044002e006c, RBX=0x00007ffbd0542cb8, RCX=0x000000000000004c, RDX=0x0000000000000000
RSP=0x0000000014d5f490, RBP=0x0000000014d5f5d0, RSI=0x00000000ffffffff, RDI=0x000000001f736cc0
R8 =0x0000000000000000, R9 =0x0000000000000000, R10=0x0000000000000000, R11=0x0000000000000000
R12=0x0000000000000001, R13=0x0000000000000008, R14=0x0000000000000000, R15=0xffffffffffffffff
RIP=0x00007ffbd77d3c58, EFLAGS=0x0000000000000206

Top of Stack: (sp=0x0000000014d5f490)
0x0000000014d5f490:   0000000000000000 00007ffbd0542cb8
0x0000000014d5f4a0:   00000000ffffffff 000000001f736cc0
0x0000000014d5f4b0:   00000001e06d7363 0000000000000000
0x0000000014d5f4c0:   00007ffbd77d3c58 0000000000000004
0x0000000014d5f4d0:   0000000019930520 0000000014d5f648
0x0000000014d5f4e0:   00007ffbd0542cb8 00007ffbd0490000
0x0000000014d5f4f0:   0000000000000008 0000000000000001
0x0000000014d5f500:   000000001f736cc0 00000000ffffffff
0x0000000014d5f510:   0000000014d5f5d0 00007ffbda47c28f
0x0000000014d5f520:   0000000014d5f5e0 0000000000000000
0x0000000014d5f530:   00001097d4997e87 0000000000000001
0x0000000014d5f540:   00007ffbd0559000 00007ffbd0490000
0x0000000014d5f550:   00001059adfacd91 000000000000003f
0x0000000014d5f560:   00007ffbd0542cb8 00007ffbd04ee92c
0x0000000014d5f570:   000000000000001f 0000000000000008
0x0000000014d5f580:   0000000000000001 000000001f736cc0 

Instructions: (pc=0x00007ffbd77d3c58)
0x00007ffbd77d3c38:   49 8b d1 44 0f 47 c0 44 89 44 24 38 49 c1 e0 03
0x00007ffbd77d3c48:   e8 47 90 04 00 48 8d 4c 24 20 ff 15 c0 44 11 00
0x00007ffbd77d3c58:   48 8b 8c 24 c0 00 00 00 48 33 cc e8 d8 55 04 00
0x00007ffbd77d3c68:   48 81 c4 d8 00 00 00 c3 83 64 24 38 00 eb d6 cc 


Register to memory mapping:

RAX=0x004c0044002e006c is an unknown value
RBX=0x00007ffbd0542cb8 is an unknown value
RCX=0x000000000000004c is an unknown value
RDX=0x0000000000000000 is an unknown value
RSP=0x0000000014d5f490 is an unknown value
RBP=0x0000000014d5f5d0 is an unknown value
RSI=0x00000000ffffffff is an unallocated location in the heap
RDI=0x000000001f736cc0 is an unknown value
R8 =0x0000000000000000 is an unknown value
R9 =0x0000000000000000 is an unknown value
R10=0x0000000000000000 is an unknown value
R11=0x0000000000000000 is an unknown value
R12=0x0000000000000001 is an unknown value
R13=0x0000000000000008 is an unknown value
R14=0x0000000000000000 is an unknown value
R15=0xffffffffffffffff is an unknown value


Stack: [0x0000000014c60000,0x0000000014d60000],  sp=0x0000000014d5f490,  free space=1021k
Native frames: (J=compiled Java code, j=interpreted, Vv=VM code, C=native code)
C  [KERNELBASE.dll+0x33c58]
C  [MSVCR110.dll+0x5e92c]
C  [MSVCR110.dll+0x1315c]
C  [MSVCR110.dll+0x136a9]
C  [MSVCR110.dll+0x13e9c]
C  [MSVCR110.dll+0x239e]
C  [MSVCR110.dll+0xaf9e]
C  [MSVCP110.dll+0x397b9]
C  [librdi_common.dll+0x14283e]
C  [librdi_common.dll+0x141449]
C  0x00007ffbd3bc2400
C  0x00007ffbd3bc2682
C  [ntdll.dll+0x2a37f]
C  [ntdll.dll+0x806b]
C  [ntdll.dll+0x7d94]
C  [KERNEL32.DLL+0x1ce6a]
C  [MSVCR100.dll+0x20ccd]
V  [jvm.dll+0x20f135]
V  [jvm.dll+0x247ef7]
V  [jvm.dll+0x247196]
V  [jvm.dll+0x247631]
V  [jvm.dll+0x24784e]
V  [jvm.dll+0x29853a]
C  [MSVCR100.dll+0x21d9f]
C  [MSVCR100.dll+0x21e3b]
C  [KERNEL32.DLL+0x8364]
C  [ntdll.dll+0x67091]

VM_Operation (0x000000000014f500): Exit, mode: safepoint, requested by thread 0x00000000025f4000


---------------  P R O C E S S  ---------------

Java Threads: ( => current thread )
  0x0000000016927000 JavaThread "Thread-423" daemon [_thread_blocked, id=11328, stack(0x0000000054450000,0x0000000054550000)]
  0x0000000016c59800 JavaThread "TCF Locator DNS Lookup" daemon [_thread_blocked, id=11788, stack(0x0000000023f10000,0x0000000024010000)]
  0x0000000016c5b000 JavaThread "TCF Locator Timer" daemon [_thread_blocked, id=10760, stack(0x0000000023e10000,0x0000000023f10000)]
  0x0000000019454800 JavaThread "TCF Locator Receiver" daemon [_thread_in_native, id=16420, stack(0x0000000023d10000,0x0000000023e10000)]
  0x0000000019457800 JavaThread "TCF Timer Dispatcher" daemon [_thread_blocked, id=18872, stack(0x0000000023b10000,0x0000000023c10000)]
  0x00000000162ff800 JavaThread "EMF Reference Cleaner" daemon [_thread_blocked, id=11664, stack(0x00000000183f0000,0x00000000184f0000)]
  0x000000001547b000 JavaThread "Service Thread" daemon [_thread_blocked, id=20204, stack(0x0000000015860000,0x0000000015960000)]
  0x0000000013c23800 JavaThread "C1 CompilerThread2" daemon [_thread_blocked, id=10808, stack(0x0000000015360000,0x0000000015460000)]
  0x0000000013c1e800 JavaThread "C2 CompilerThread1" daemon [_thread_blocked, id=11892, stack(0x0000000015260000,0x0000000015360000)]
  0x0000000013c1c800 JavaThread "C2 CompilerThread0" daemon [_thread_blocked, id=19440, stack(0x0000000015160000,0x0000000015260000)]
  0x0000000013c17000 JavaThread "Attach Listener" daemon [_thread_blocked, id=20144, stack(0x0000000015060000,0x0000000015160000)]
  0x0000000013c15800 JavaThread "Signal Dispatcher" daemon [_thread_blocked, id=17184, stack(0x0000000014f60000,0x0000000015060000)]
  0x00000000026ea800 JavaThread "Finalizer" daemon [_thread_blocked, id=5048, stack(0x0000000014e60000,0x0000000014f60000)]
  0x00000000026e1800 JavaThread "Reference Handler" daemon [_thread_blocked, id=19788, stack(0x0000000014d60000,0x0000000014e60000)]
  0x00000000025f4000 JavaThread "main" [_thread_blocked, id=18824, stack(0x0000000000050000,0x0000000000150000)]

Other Threads:
=>0x0000000013bd8000 VMThread [stack: 0x0000000014c60000,0x0000000014d60000] [id=4568]

VM state:at safepoint (shutting down)

VM Mutex/Monitor currently owned by a thread:  ([mutex/lock_event])
[0x00000000025f04d0] Threads_lock - owner thread: 0x0000000013bd8000

Heap:
 PSYoungGen      total 54272K, used 47383K [0x00000000f5580000, 0x00000000f9500000, 0x0000000100000000)
  eden space 45568K, 91% used [0x00000000f5580000,0x00000000f7e340a8,0x00000000f8200000)
  from space 8704K, 65% used [0x00000000f8c80000,0x00000000f9211da8,0x00000000f9500000)
  to   space 9728K, 0% used [0x00000000f8200000,0x00000000f8200000,0x00000000f8b80000)
 ParOldGen       total 75776K, used 58559K [0x00000000e0000000, 0x00000000e4a00000, 0x00000000f5580000)
  object space 75776K, 77% used [0x00000000e0000000,0x00000000e392ffc8,0x00000000e4a00000)
 Metaspace       used 96588K, capacity 103602K, committed 103936K, reserved 1140736K
  class space    used 11026K, capacity 13187K, committed 13312K, reserved 1048576K

Card table byte_map: [0x0000000002770000,0x0000000002880000] byte_map_base: 0x0000000002070000

Marking Bits: (ParMarkBitMap*) 0x000000005ba84040
 Begin Bits: [0x0000000012170000, 0x0000000012970000)
 End Bits:   [0x0000000012970000, 0x0000000013170000)

Polling page: 0x0000000000560000

CodeCache: size=245760Kb used=89011Kb max_used=89067Kb free=156748Kb
 bounds [0x0000000002900000, 0x00000000080d0000, 0x0000000011900000]
 total_blobs=21959 nmethods=21093 adapters=771
 compilation: enabled

Compilation events (10 events):
Event: 9158.059 Thread 0x0000000013c23800 nmethod 29097 0x00000000032ce110 code [0x00000000032ce260, 0x00000000032ce3b0]
Event: 9158.060 Thread 0x0000000013c23800 29089   !   3       org.eclipse.osgi.framework.internal.core.Framework::suspendBundle (124 bytes)
Event: 9158.061 Thread 0x0000000013c23800 nmethod 29089 0x00000000080b6650 code [0x00000000080b69a0, 0x00000000080b8c88]
Event: 9158.063 Thread 0x0000000013c1e800 nmethod 29077 0x00000000080b9b50 code [0x00000000080b9ea0, 0x00000000080bcda0]
Event: 9158.063 Thread 0x0000000013c23800 29090   !   3       org.eclipse.osgi.framework.internal.core.AbstractBundle::suspend (41 bytes)
Event: 9158.063 Thread 0x0000000013c23800 nmethod 29090 0x0000000004235410 code [0x00000000042355a0, 0x0000000004235ad8]
Event: 9158.330 Thread 0x0000000013c23800 29098   !   3       org.eclipse.osgi.internal.baseadaptor.BaseStorage::compact (215 bytes)
Event: 9158.332 Thread 0x0000000013c23800 nmethod 29098 0x0000000006cd6f10 code [0x0000000006cd7360, 0x0000000006cd9828]
Event: 9158.578 Thread 0x0000000013c23800 29099       3       org.eclipse.osgi.framework.internal.core.AbstractBundle::close (52 bytes)
Event: 9158.580 Thread 0x0000000013c23800 nmethod 29099 0x0000000006cdc8d0 code [0x0000000006cdcb00, 0x0000000006cdd808]

GC Heap History (10 events):
Event: 8538.144 GC heap before
{Heap before GC invocations=419 (full 79):
 PSYoungGen      total 57344K, used 50396K [0x00000000f5580000, 0x00000000f9680000, 0x0000000100000000)
  eden space 48128K, 100% used [0x00000000f5580000,0x00000000f8480000,0x00000000f8480000)
  from space 9216K, 24% used [0x00000000f8480000,0x00000000f86b72e0,0x00000000f8d80000)
  to   space 8704K, 0% used [0x00000000f8e00000,0x00000000f8e00000,0x00000000f9680000)
 ParOldGen       total 75776K, used 58551K [0x00000000e0000000, 0x00000000e4a00000, 0x00000000f5580000)
  object space 75776K, 77% used [0x00000000e0000000,0x00000000e392dfc8,0x00000000e4a00000)
 Metaspace       used 96002K, capacity 102924K, committed 103296K, reserved 1138688K
  class space    used 10964K, capacity 13154K, committed 13184K, reserved 1048576K
Event: 8538.147 GC heap after
Heap after GC invocations=419 (full 79):
 PSYoungGen      total 56832K, used 2612K [0x00000000f5580000, 0x00000000f9600000, 0x0000000100000000)
  eden space 48640K, 0% used [0x00000000f5580000,0x00000000f5580000,0x00000000f8500000)
  from space 8192K, 31% used [0x00000000f8e00000,0x00000000f908d1c0,0x00000000f9600000)
  to   space 8704K, 0% used [0x00000000f8500000,0x00000000f8500000,0x00000000f8d80000)
 ParOldGen       total 75776K, used 58551K [0x00000000e0000000, 0x00000000e4a00000, 0x00000000f5580000)
  object space 75776K, 77% used [0x00000000e0000000,0x00000000e392dfc8,0x00000000e4a00000)
 Metaspace       used 96002K, capacity 102924K, committed 103296K, reserved 1138688K
  class space    used 10964K, capacity 13154K, committed 13184K, reserved 1048576K
}
Event: 8545.647 GC heap before
{Heap before GC invocations=420 (full 79):
 PSYoungGen      total 56832K, used 51252K [0x00000000f5580000, 0x00000000f9600000, 0x0000000100000000)
  eden space 48640K, 100% used [0x00000000f5580000,0x00000000f8500000,0x00000000f8500000)
  from space 8192K, 31% used [0x00000000f8e00000,0x00000000f908d1c0,0x00000000f9600000)
  to   space 8704K, 0% used [0x00000000f8500000,0x00000000f8500000,0x00000000f8d80000)
 ParOldGen       total 75776K, used 58551K [0x00000000e0000000, 0x00000000e4a00000, 0x00000000f5580000)
  object space 75776K, 77% used [0x00000000e0000000,0x00000000e392dfc8,0x00000000e4a00000)
 Metaspace       used 96006K, capacity 102988K, committed 103296K, reserved 1138688K
  class space    used 10964K, capacity 13154K, committed 13184K, reserved 1048576K
Event: 8545.660 GC heap after
Heap after GC invocations=420 (full 79):
 PSYoungGen      total 57344K, used 6174K [0x00000000f5580000, 0x00000000f9800000, 0x0000000100000000)
  eden space 48640K, 0% used [0x00000000f5580000,0x00000000f5580000,0x00000000f8500000)
  from space 8704K, 70% used [0x00000000f8500000,0x00000000f8b07bf0,0x00000000f8d80000)
  to   space 9216K, 0% used [0x00000000f8f00000,0x00000000f8f00000,0x00000000f9800000)
 ParOldGen       total 75776K, used 58551K [0x00000000e0000000, 0x00000000e4a00000, 0x00000000f5580000)
  object space 75776K, 77% used [0x00000000e0000000,0x00000000e392dfc8,0x00000000e4a00000)
 Metaspace       used 96006K, capacity 102988K, committed 103296K, reserved 1138688K
  class space    used 10964K, capacity 13154K, committed 13184K, reserved 1048576K
}
Event: 8772.087 GC heap before
{Heap before GC invocations=421 (full 79):
 PSYoungGen      total 57344K, used 54814K [0x00000000f5580000, 0x00000000f9800000, 0x0000000100000000)
  eden space 48640K, 100% used [0x00000000f5580000,0x00000000f8500000,0x00000000f8500000)
  from space 8704K, 70% used [0x00000000f8500000,0x00000000f8b07bf0,0x00000000f8d80000)
  to   space 9216K, 0% used [0x00000000f8f00000,0x00000000f8f00000,0x00000000f9800000)
 ParOldGen       total 75776K, used 58551K [0x00000000e0000000, 0x00000000e4a00000, 0x00000000f5580000)
  object space 75776K, 77% used [0x00000000e0000000,0x00000000e392dfc8,0x00000000e4a00000)
 Metaspace       used 96008K, capacity 102988K, committed 103296K, reserved 1138688K
  class space    used 10964K, capacity 13154K, committed 13184K, reserved 1048576K
Event: 8772.101 GC heap after
Heap after GC invocations=421 (full 79):
 PSYoungGen      total 55808K, used 6859K [0x00000000f5580000, 0x00000000f9700000, 0x0000000100000000)
  eden space 47616K, 0% used [0x00000000f5580000,0x00000000f5580000,0x00000000f8400000)
  from space 8192K, 83% used [0x00000000f8f00000,0x00000000f95b2dd0,0x00000000f9700000)
  to   space 9728K, 0% used [0x00000000f8400000,0x00000000f8400000,0x00000000f8d80000)
 ParOldGen       total 75776K, used 58551K [0x00000000e0000000, 0x00000000e4a00000, 0x00000000f5580000)
  object space 75776K, 77% used [0x00000000e0000000,0x00000000e392dfc8,0x00000000e4a00000)
 Metaspace       used 96008K, capacity 102988K, committed 103296K, reserved 1138688K
  class space    used 10964K, capacity 13154K, committed 13184K, reserved 1048576K
}
Event: 9145.816 GC heap before
{Heap before GC invocations=422 (full 79):
 PSYoungGen      total 55808K, used 54475K [0x00000000f5580000, 0x00000000f9700000, 0x0000000100000000)
  eden space 47616K, 100% used [0x00000000f5580000,0x00000000f8400000,0x00000000f8400000)
  from space 8192K, 83% used [0x00000000f8f00000,0x00000000f95b2dd0,0x00000000f9700000)
  to   space 9728K, 0% used [0x00000000f8400000,0x00000000f8400000,0x00000000f8d80000)
 ParOldGen       total 75776K, used 58551K [0x00000000e0000000, 0x00000000e4a00000, 0x00000000f5580000)
  object space 75776K, 77% used [0x00000000e0000000,0x00000000e392dfc8,0x00000000e4a00000)
 Metaspace       used 96013K, capacity 102988K, committed 103296K, reserved 1138688K
  class space    used 10964K, capacity 13154K, committed 13184K, reserved 1048576K
Event: 9145.829 GC heap after
Heap after GC invocations=422 (full 79):
 PSYoungGen      total 51712K, used 5053K [0x00000000f5580000, 0x00000000f9600000, 0x0000000100000000)
  eden space 46592K, 0% used [0x00000000f5580000,0x00000000f5580000,0x00000000f8300000)
  from space 5120K, 98% used [0x00000000f8400000,0x00000000f88ef708,0x00000000f8900000)
  to   space 9728K, 0% used [0x00000000f8c80000,0x00000000f8c80000,0x00000000f9600000)
 ParOldGen       total 75776K, used 58559K [0x00000000e0000000, 0x00000000e4a00000, 0x00000000f5580000)
  object space 75776K, 77% used [0x00000000e0000000,0x00000000e392ffc8,0x00000000e4a00000)
 Metaspace       used 96013K, capacity 102988K, committed 103296K, reserved 1138688K
  class space    used 10964K, capacity 13154K, committed 13184K, reserved 1048576K
}
Event: 9151.872 GC heap before
{Heap before GC invocations=423 (full 79):
 PSYoungGen      total 51712K, used 51645K [0x00000000f5580000, 0x00000000f9600000, 0x0000000100000000)
  eden space 46592K, 100% used [0x00000000f5580000,0x00000000f8300000,0x00000000f8300000)
  from space 5120K, 98% used [0x00000000f8400000,0x00000000f88ef708,0x00000000f8900000)
  to   space 9728K, 0% used [0x00000000f8c80000,0x00000000f8c80000,0x00000000f9600000)
 ParOldGen       total 75776K, used 58559K [0x00000000e0000000, 0x00000000e4a00000, 0x00000000f5580000)
  object space 75776K, 77% used [0x00000000e0000000,0x00000000e392ffc8,0x00000000e4a00000)
 Metaspace       used 96017K, capacity 102988K, committed 103296K, reserved 1138688K
  class space    used 10964K, capacity 13154K, committed 13184K, reserved 1048576K
Event: 9151.877 GC heap after
Heap after GC invocations=423 (full 79):
 PSYoungGen      total 54272K, used 5703K [0x00000000f5580000, 0x00000000f9500000, 0x0000000100000000)
  eden space 45568K, 0% used [0x00000000f5580000,0x00000000f5580000,0x00000000f8200000)
  from space 8704K, 65% used [0x00000000f8c80000,0x00000000f9211da8,0x00000000f9500000)
  to   space 9728K, 0% used [0x00000000f8200000,0x00000000f8200000,0x00000000f8b80000)
 ParOldGen       total 75776K, used 58559K [0x00000000e0000000, 0x00000000e4a00000, 0x00000000f5580000)
  object space 75776K, 77% used [0x00000000e0000000,0x00000000e392ffc8,0x00000000e4a00000)
 Metaspace       used 96017K, capacity 102988K, committed 103296K, reserved 1138688K
  class space    used 10964K, capacity 13154K, committed 13184K, reserved 1048576K
}

Deoptimization events (10 events):
Event: 9158.042 Thread 0x00000000025f4000 Uncommon trap: reason=class_check action=maybe_recompile pc=0x000000000626ee44 method=java.util.ComparableTimSort.countRunAndMakeAscending([Ljava/lang/Object;II)I @ 36
Event: 9158.046 Thread 0x0000000016b58000 Uncommon trap: reason=unstable_if action=reinterpret pc=0x000000000493557c method=org.eclipse.core.internal.jobs.JobManager.nextJob()Lorg/eclipse/core/runtime/jobs/Job; @ 80
Event: 9158.046 Thread 0x0000000016b58000 Uncommon trap: reason=unstable_if action=reinterpret pc=0x0000000003f84f60 method=org.eclipse.core.internal.jobs.WorkerPool.startJob(Lorg/eclipse/core/internal/jobs/Worker;)Lorg/eclipse/core/internal/jobs/InternalJob; @ 177
Event: 9158.047 Thread 0x000000001da76000 Uncommon trap: reason=unstable_if action=reinterpret pc=0x0000000003f84f60 method=org.eclipse.core.internal.jobs.WorkerPool.startJob(Lorg/eclipse/core/internal/jobs/Worker;)Lorg/eclipse/core/internal/jobs/InternalJob; @ 177
Event: 9158.047 Thread 0x0000000016b59800 Uncommon trap: reason=unstable_if action=reinterpret pc=0x0000000003f84f60 method=org.eclipse.core.internal.jobs.WorkerPool.startJob(Lorg/eclipse/core/internal/jobs/Worker;)Lorg/eclipse/core/internal/jobs/InternalJob; @ 177
Event: 9158.048 Thread 0x000000001f0fb800 Uncommon trap: reason=unstable_if action=reinterpret pc=0x0000000003f84f60 method=org.eclipse.core.internal.jobs.WorkerPool.startJob(Lorg/eclipse/core/internal/jobs/Worker;)Lorg/eclipse/core/internal/jobs/InternalJob; @ 177
Event: 9158.048 Thread 0x000000001f0fb000 Uncommon trap: reason=unstable_if action=reinterpret pc=0x0000000003f84f60 method=org.eclipse.core.internal.jobs.WorkerPool.startJob(Lorg/eclipse/core/internal/jobs/Worker;)Lorg/eclipse/core/internal/jobs/InternalJob; @ 177
Event: 9158.048 Thread 0x000000001f0f7000 Uncommon trap: reason=unstable_if action=reinterpret pc=0x0000000003f84f60 method=org.eclipse.core.internal.jobs.WorkerPool.startJob(Lorg/eclipse/core/internal/jobs/Worker;)Lorg/eclipse/core/internal/jobs/InternalJob; @ 177
Event: 9158.056 Thread 0x00000000025f4000 Uncommon trap: reason=class_check action=maybe_recompile pc=0x000000000626ee44 method=java.util.ComparableTimSort.countRunAndMakeAscending([Ljava/lang/Object;II)I @ 36
Event: 9158.578 Thread 0x00000000025f4000 Uncommon trap: reason=unstable_if action=reinterpret pc=0x0000000004656dcc method=sun.reflect.UnsafeStaticObjectFieldAccessorImpl.set(Ljava/lang/Object;Ljava/lang/Object;)V @ 13

Internal exceptions (10 events):
Event: 9156.209 Thread 0x00000000025f4000 Implicit null exception at 0x000000000687bbe7 to 0x000000000687bc65
Event: 9156.210 Thread 0x00000000025f4000 Implicit null exception at 0x0000000003d1749a to 0x0000000003d1769d
Event: 9156.210 Thread 0x00000000025f4000 Implicit null exception at 0x0000000004cb3824 to 0x0000000004cb3869
Event: 9156.897 Thread 0x00000000025f4000 Implicit null exception at 0x0000000007719f1c to 0x000000000771a031
Event: 9157.037 Thread 0x0000000016924800 Exception <a 'java/lang/InterruptedException'> (0x00000000f794d250) thrown at [C:\re\workspace\8-2-build-windows-amd64-cygwin\jdk8u45\3627\hotspot\src\share\vm\runtime\objectMonitor.cpp, line 1683]
Event: 9158.055 Thread 0x0000000015da2800 Exception <a 'java/lang/InterruptedException': sleep interrupted> (0x00000000f7c52670) thrown at [C:\re\workspace\8-2-build-windows-amd64-cygwin\jdk8u45\3627\hotspot\src\share\vm\prims\jvm.cpp, line 3211]
Event: 9158.056 Thread 0x000000001556d000 Exception <a 'java/lang/InterruptedException'> (0x00000000f7c52e48) thrown at [C:\re\workspace\8-2-build-windows-amd64-cygwin\jdk8u45\3627\hotspot\src\share\vm\runtime\objectMonitor.cpp, line 1683]
Event: 9158.057 Thread 0x000000001558e800 Exception <a 'java/lang/InterruptedException'> (0x00000000f7c5eee8) thrown at [C:\re\workspace\8-2-build-windows-amd64-cygwin\jdk8u45\3627\hotspot\src\share\vm\runtime\objectMonitor.cpp, line 1683]
Event: 9158.578 Thread 0x0000000015645000 Exception <a 'java/lang/InterruptedException'> (0x00000000f7bf1310) thrown at [C:\re\workspace\8-2-build-windows-amd64-cygwin\jdk8u45\3627\hotspot\src\share\vm\runtime\objectMonitor.cpp, line 1683]
Event: 9158.578 Thread 0x00000000025f4000 Implicit null exception at 0x0000000004656acf to 0x0000000004656db9

Events (10 events):
Event: 9158.579 loading class java/util/IdentityHashMap$IdentityHashMapIterator
Event: 9158.579 loading class java/util/IdentityHashMap$IdentityHashMapIterator done
Event: 9158.579 loading class java/util/IdentityHashMap$KeyIterator done
Event: 9158.579 Thread 0x000000001f0fb000 Thread added: 0x000000001f0fb000
Event: 9158.579 Executing VM operation: RevokeBias
Event: 9158.579 Executing VM operation: RevokeBias done
Event: 9158.580 Executing VM operation: RevokeBias
Event: 9158.580 Executing VM operation: RevokeBias done
Event: 9158.580 Thread 0x000000001f0fb000 Thread exited: 0x000000001f0fb000
Event: 9158.581 Executing VM operation: Exit


Dynamic libraries:
0x0000000000400000 - 0x000000000044f000 	D:\Xilinx\SDK\2015.4\eclipse\win64.o\eclipse.exe
0x00007ffbda430000 - 0x00007ffbda602000 	C:\Windows\SYSTEM32\ntdll.dll
0x00007ffbd7a90000 - 0x00007ffbd7b3c000 	C:\Windows\System32\KERNEL32.DLL
0x00007ffbd77a0000 - 0x00007ffbd79bd000 	C:\Windows\System32\KERNELBASE.dll
0x00007ffbd9250000 - 0x00007ffbd93b5000 	C:\Windows\System32\USER32.dll
0x00007ffbd7330000 - 0x00007ffbd734e000 	C:\Windows\System32\win32u.dll
0x00007ffbd7b40000 - 0x00007ffbd7b74000 	C:\Windows\System32\GDI32.dll
0x00007ffbd7350000 - 0x00007ffbd74d0000 	C:\Windows\System32\gdi32full.dll
0x00007ffbd79f0000 - 0x00007ffbd7a8e000 	C:\Windows\System32\msvcrt.dll
0x00007ffbc1bb0000 - 0x00007ffbc1e2a000 	C:\Windows\WinSxS\amd64_microsoft.windows.common-controls_6595b64144ccf1df_6.0.14393.953_none_42151e83c686086b\COMCTL32.dll
0x00007ffbd9f20000 - 0x00007ffbda1e8000 	C:\Windows\System32\combase.dll
0x00007ffbd76a0000 - 0x00007ffbd7795000 	C:\Windows\System32\ucrtbase.dll
0x00007ffbda1f0000 - 0x00007ffbda311000 	C:\Windows\System32\RPCRT4.dll
0x00007ffbd69e0000 - 0x00007ffbd6a4a000 	C:\Windows\System32\bcryptPrimitives.dll
0x00007ffbd79c0000 - 0x00007ffbd79ee000 	C:\Windows\System32\IMM32.DLL
0x0000000072000000 - 0x0000000072012000 	D:\Xilinx\SDK\2015.4\eclipse\win64.o\plugins\org.eclipse.equinox.launcher.win32.win32.x86_64_1.1.200.v20140116-2212\eclipse_1503.dll
0x00007ffbd9cb0000 - 0x00007ffbd9d52000 	C:\Windows\System32\ADVAPI32.dll
0x00007ffbd9eb0000 - 0x00007ffbd9f09000 	C:\Windows\System32\sechost.dll
0x00007ffbd4ef0000 - 0x00007ffbd4efa000 	C:\Windows\SYSTEM32\VERSION.dll
0x00007ffbd47b0000 - 0x00007ffbd4845000 	C:\Windows\system32\uxtheme.dll
0x00007ffbd9430000 - 0x00007ffbd958a000 	C:\Windows\System32\MSCTF.dll
0x00007ffbd9bf0000 - 0x00007ffbd9caf000 	C:\Windows\System32\OLEAUT32.dll
0x00007ffbd71e0000 - 0x00007ffbd727c000 	C:\Windows\System32\msvcp_win.dll
0x000000005b280000 - 0x000000005bb03000 	D:\Xilinx\SDK\2015.4\tps\win64\jre\bin\server\jvm.dll
0x00007ffbd9d60000 - 0x00007ffbd9d68000 	C:\Windows\System32\PSAPI.DLL
0x00007ffbd1c50000 - 0x00007ffbd1c59000 	C:\Windows\SYSTEM32\WSOCK32.dll
0x00007ffbd42c0000 - 0x00007ffbd42e3000 	C:\Windows\SYSTEM32\WINMM.dll
0x000000005dd20000 - 0x000000005ddf2000 	C:\Windows\SYSTEM32\MSVCR100.dll
0x00007ffbd93c0000 - 0x00007ffbd942a000 	C:\Windows\System32\WS2_32.dll
0x00007ffbd4110000 - 0x00007ffbd413b000 	C:\Windows\SYSTEM32\WINMMBASE.dll
0x00007ffbd6930000 - 0x00007ffbd6972000 	C:\Windows\System32\cfgmgr32.dll
0x000000005ccb0000 - 0x000000005ccbf000 	D:\Xilinx\SDK\2015.4\tps\win64\jre\bin\verify.dll
0x000000005cc80000 - 0x000000005cca9000 	D:\Xilinx\SDK\2015.4\tps\win64\jre\bin\java.dll
0x000000005cc60000 - 0x000000005cc76000 	D:\Xilinx\SDK\2015.4\tps\win64\jre\bin\zip.dll
0x00007ffbd7c40000 - 0x00007ffbd9148000 	C:\Windows\System32\SHELL32.dll
0x00007ffbd6b00000 - 0x00007ffbd71d8000 	C:\Windows\System32\windows.storage.dll
0x00007ffbd68e0000 - 0x00007ffbd692c000 	C:\Windows\System32\powrprof.dll
0x00007ffbd7be0000 - 0x00007ffbd7c32000 	C:\Windows\System32\shlwapi.dll
0x00007ffbd68c0000 - 0x00007ffbd68cf000 	C:\Windows\System32\kernel.appcore.dll
0x00007ffbd6a50000 - 0x00007ffbd6af9000 	C:\Windows\System32\shcore.dll
0x00007ffbd68a0000 - 0x00007ffbd68b4000 	C:\Windows\System32\profapi.dll
0x00007ffbd6470000 - 0x00007ffbd6487000 	C:\Windows\SYSTEM32\CRYPTSP.dll
0x00007ffbd5a70000 - 0x00007ffbd5aa3000 	C:\Windows\system32\rsaenh.dll
0x00007ffbd67e0000 - 0x00007ffbd680b000 	C:\Windows\SYSTEM32\bcrypt.dll
0x00007ffbd5cf0000 - 0x00007ffbd5d0f000 	C:\Windows\SYSTEM32\USERENV.dll
0x00007ffbd6010000 - 0x00007ffbd601b000 	C:\Windows\SYSTEM32\CRYPTBASE.dll
0x000000005c6f0000 - 0x000000005c70a000 	D:\Xilinx\SDK\2015.4\tps\win64\jre\bin\net.dll
0x00007ffbd5e70000 - 0x00007ffbd5ecc000 	C:\Windows\system32\mswsock.dll
0x00007ffbd5bf0000 - 0x00007ffbd5c28000 	C:\Windows\SYSTEM32\IPHLPAPI.DLL
0x00007ffbd9f10000 - 0x00007ffbd9f18000 	C:\Windows\System32\NSI.dll
0x00007ffbd1cb0000 - 0x00007ffbd1cc6000 	C:\Windows\SYSTEM32\dhcpcsvc6.DLL
0x00007ffbd1c80000 - 0x00007ffbd1c9a000 	C:\Windows\SYSTEM32\dhcpcsvc.DLL
0x000000005c6d0000 - 0x000000005c6e1000 	D:\Xilinx\SDK\2015.4\tps\win64\jre\bin\nio.dll
0x00007ffbc9e30000 - 0x00007ffbc9e46000 	C:\Windows\system32\napinsp.dll
0x00007ffbc9e50000 - 0x00007ffbc9e6a000 	C:\Windows\system32\pnrpnsp.dll
0x00007ffbd4090000 - 0x00007ffbd40a8000 	C:\Windows\system32\NLAapi.dll
0x00007ffbd5c30000 - 0x00007ffbd5cd1000 	C:\Windows\SYSTEM32\DNSAPI.dll
0x00007ffbd5600000 - 0x00007ffbd560e000 	C:\Windows\System32\winrnr.dll
0x0000000063560000 - 0x0000000063569000 	C:\Program Files\National Instruments\Shared\mDNS Responder\nimdnsNSP.dll
0x0000000063550000 - 0x000000006355e000 	C:\Windows\SYSTEM32\nimdnsResponder.dll
0x000000005e040000 - 0x000000005e0e3000 	C:\Windows\WinSxS\amd64_microsoft.vc90.crt_1fc8b3b9a1e18e3b_9.0.30729.9247_none_08e394a1a83e212f\MSVCR90.dll
0x000000005e010000 - 0x000000005e036000 	C:\Program Files\Bonjour\mdnsNSP.dll
0x00007ffbcd420000 - 0x00007ffbcd42a000 	C:\Windows\System32\rasadhlp.dll
0x00007ffbce6d0000 - 0x00007ffbce73a000 	C:\Windows\System32\fwpuclnt.dll
0x0000000017470000 - 0x0000000017518000 	C:\Users\4230\.Xilinx\SDK\2015.4\org.eclipse.osgi\bundles\303\1\.cp\swt-win32-4335.dll
0x00007ffbd9d70000 - 0x00007ffbd9ea8000 	C:\Windows\System32\ole32.dll
0x00007ffbd9150000 - 0x00007ffbd924a000 	C:\Windows\System32\comdlg32.dll
0x00007ffbd74d0000 - 0x00007ffbd7699000 	C:\Windows\System32\CRYPT32.dll
0x00007ffbd68d0000 - 0x00007ffbd68e0000 	C:\Windows\System32\MSASN1.dll
0x00007ffbcd820000 - 0x00007ffbcd8a6000 	C:\Windows\SYSTEM32\WINSPOOL.DRV
0x00007ffbbf140000 - 0x00007ffbbf159000 	C:\Windows\SYSTEM32\USP10.dll
0x00007ffbb92f0000 - 0x00007ffbb95ba000 	C:\Windows\SYSTEM32\WININET.dll
0x00007ffbd3c90000 - 0x00007ffbd3cb6000 	C:\Windows\system32\dwmapi.dll
0x00007ffbd3710000 - 0x00007ffbd3895000 	C:\Windows\SYSTEM32\propsys.dll
0x00007ffbda320000 - 0x00007ffbda3bf000 	C:\Windows\System32\clbcatq.dll
0x0000000017660000 - 0x000000001767e000 	C:\Users\4230\.Xilinx\SDK\2015.4\org.eclipse.osgi\bundles\303\1\.cp\swt-gdip-win32-4335.dll
0x00007ffbd0570000 - 0x00007ffbd0709000 	C:\Windows\WinSxS\amd64_microsoft.windows.gdiplus_6595b64144ccf1df_1.1.14393.1715_none_aec701fbddd850fa\gdiplus.dll
0x00007ffbd2b70000 - 0x00007ffbd2d18000 	C:\Windows\SYSTEM32\WindowsCodecs.dll
0x0000000180000000 - 0x0000000180012000 	C:\Users\4230\.Xilinx\SDK\2015.4\org.eclipse.osgi\bundles\121\1\.cp\os\win32\x86_64\localfile_1_0_0.dll
0x00007ffbbcd00000 - 0x00007ffbbcd11000 	C:\Users\4230\.Xilinx\SDK\2015.4\org.eclipse.osgi\bundles\124\1\.cp\jWinHttp-1.0.0.dll
0x00007ffbd2d20000 - 0x00007ffbd2ded000 	C:\Windows\SYSTEM32\WINHTTP.dll
0x00007ffbc85b0000 - 0x00007ffbc8615000 	C:\Windows\SYSTEM32\oleacc.dll
0x00007ffbd0400000 - 0x00007ffbd040f000 	D:\Xilinx\SDK\2015.4\lib\win64.o\librdi_repo_manager.dll
0x00007ffbb13e0000 - 0x00007ffbb1434000 	D:\Xilinx\SDK\2015.4\lib\win64.o\librdi_commonxillic.dll
0x00007ffbbc280000 - 0x00007ffbbc2aa000 	D:\Xilinx\SDK\2015.4\lib\win64.o\libisl_sysinfo.dll
0x00007ffbd16e0000 - 0x00007ffbd1787000 	C:\Windows\SYSTEM32\MSVCP110.dll
0x00007ffb88be0000 - 0x00007ffb8956d000 	D:\Xilinx\SDK\2015.4\lib\win64.o\librdi_common.dll
0x00007ffbd0490000 - 0x00007ffbd0564000 	C:\Windows\SYSTEM32\MSVCR110.dll
0x00007ffbae490000 - 0x00007ffbae6ae000 	D:\Xilinx\SDK\2015.4\lib\win64.o\libXil_lmgr11.dll
0x00007ffb88680000 - 0x00007ffb8886c000 	D:\Xilinx\SDK\2015.4\lib\win64.o\librdi_hsm.dll
0x00007ffbbbd60000 - 0x00007ffbbbd82000 	D:\Xilinx\SDK\2015.4\lib\win64.o\libboost_filesystem.dll
0x00007ffbd6980000 - 0x00007ffbd69d5000 	C:\Windows\System32\WINTRUST.dll
0x00007ffbad2f0000 - 0x00007ffbad3ea000 	D:\Xilinx\SDK\2015.4\lib\win64.o\libboost_regex.dll
0x00007ffbd01b0000 - 0x00007ffbd01b9000 	D:\Xilinx\SDK\2015.4\lib\win64.o\libboost_system.dll
0x00007ffb88870000 - 0x00007ffb88bde000 	D:\Xilinx\SDK\2015.4\lib\win64.o\libCOIN-all.dll
0x00007ffbcef30000 - 0x00007ffbcef40000 	D:\Xilinx\SDK\2015.4\lib\win64.o\libboost_date_time.dll
0x00007ffbaf7e0000 - 0x00007ffbaf854000 	D:\Xilinx\SDK\2015.4\lib\win64.o\libboost_program_options.dll
0x00007ffbce460000 - 0x00007ffbce473000 	D:\Xilinx\SDK\2015.4\lib\win64.o\libboost_signals.dll
0x00007ffbb95c0000 - 0x00007ffbb95dd000 	D:\Xilinx\SDK\2015.4\lib\win64.o\libboost_thread.dll
0x00007ffbce7a0000 - 0x00007ffbce7ab000 	D:\Xilinx\SDK\2015.4\lib\win64.o\libboost_xilinx.dll
0x00007ffbaed40000 - 0x00007ffbaedc0000 	D:\Xilinx\SDK\2015.4\lib\win64.o\libhdlpsolve.dll
0x00007ffbaae90000 - 0x00007ffbaaf2a000 	D:\Xilinx\SDK\2015.4\lib\win64.o\libhdxml.dll
0x00007ffb88160000 - 0x00007ffb88594e00 	D:\Xilinx\SDK\2015.4\lib\win64.o\libisl_iostreams.dll
0x00007ffbaad60000 - 0x00007ffbaae90000 	D:\Xilinx\SDK\2015.4\lib\win64.o\librdi_curl.dll
0x00007ffbb6100000 - 0x00007ffbb6118000 	D:\Xilinx\SDK\2015.4\lib\win64.o\librdiconfig.dll
0x00007ffbb4450000 - 0x00007ffbb4473000 	D:\Xilinx\SDK\2015.4\lib\win64.o\librdizlib.dll
0x000000005b150000 - 0x000000005b277000 	D:\Xilinx\SDK\2015.4\lib\win64.o\tcl85t.dll
0x00007ffbcaad0000 - 0x00007ffbcac93000 	C:\Windows\SYSTEM32\urlmon.dll
0x0000000024a80000 - 0x0000000024ce3000 	D:\Xilinx\SDK\2015.4\lib\win64.o\xerces-c_3_1.dll
0x00007ffbcef40000 - 0x00007ffbcef63000 	C:\Windows\SYSTEM32\VCOMP110.DLL
0x00007ffbcd240000 - 0x00007ffbcd258000 	C:\Windows\SYSTEM32\NETAPI32.dll
0x00007ffbce610000 - 0x00007ffbce61b000 	D:\Xilinx\SDK\2015.4\lib\win64.o\libboost_chrono.dll
0x00007ffbb4a80000 - 0x00007ffbb4a96000 	D:\Xilinx\SDK\2015.4\lib\win64.o\libboost_iostreams.dll
0x00007ffbaf780000 - 0x00007ffbaf7a3000 	D:\Xilinx\SDK\2015.4\lib\win64.o\libisl_iosutils.dll
0x00007ffbcfe50000 - 0x00007ffbd00f5000 	C:\Windows\SYSTEM32\iertutil.dll
0x00007ffbb4430000 - 0x00007ffbb4445000 	D:\Xilinx\SDK\2015.4\lib\win64.o\pthreadVC2.dll
0x00007ffb87a80000 - 0x00007ffb87cd5000 	D:\Xilinx\SDK\2015.4\lib\win64.o\librdi_ippcw.dll
0x00007ffbaec20000 - 0x00007ffbaec63000 	D:\Xilinx\SDK\2015.4\lib\win64.o\librdi_hdf.dll
0x00007ffbd5560000 - 0x00007ffbd5567000 	C:\Windows\SYSTEM32\msimg32.dll
0x00007ffbd3c30000 - 0x00007ffbd3c72000 	C:\Windows\SYSTEM32\edputil.dll
0x00007ffb861e0000 - 0x00007ffb869f0000 	D:\Xilinx\SDK\2015.4\lib\win64.o\libXil_lmgr11FNP.dll
0x00007ffbd9590000 - 0x00007ffbd99b9000 	C:\Windows\System32\SETUPAPI.dll
0x00007ffbcdc20000 - 0x00007ffbcdc2c000 	C:\Windows\SYSTEM32\snmpapi.dll
0x00007ffbd62a0000 - 0x00007ffbd62cc000 	C:\Windows\SYSTEM32\SspiCli.dll
0x00007ffbd4c00000 - 0x00007ffbd4c28000 	C:\Windows\SYSTEM32\DEVOBJ.dll
0x00007ffbd5210000 - 0x00007ffbd5226000 	D:\Xilinx\SDK\2015.4\eclipse\win64.o\plugins\org.eclipse.cdt.core.win32.x86_64_5.2.0.201402142303\os\win32\x86_64\spawner.dll
0x00007ffbd3c00000 - 0x00007ffbd3c0a000 	D:\Xilinx\SDK\2015.4\lib\win64.o\librdi_jtag_settings.dll
0x00007ffbcf0d0000 - 0x00007ffbcf0f9000 	D:\Xilinx\SDK\2015.4\lib\win64.o\librdi_debug_dialog.dll

VM Arguments:
jvm_args: -Dcom.xilinx.sdk.args.hwspec=D:/SMartCart/SMartCart/hdl_prj/vivado_ip_prj/vivado_prj.sdk/system_top_wrapper.hdf -Xms64m -Xmx512m & 
java_command: <unknown>
java_class_path (initial): D:\Xilinx\SDK\2015.4\eclipse\win64.o\\plugins/org.eclipse.equinox.launcher_1.3.0.v20130327-1440.jar
Launcher Type: generic

Environment Variables:
JAVA_HOME=C:\Program Files\Java\jdk1.8.0_121
USERNAME=4230
OS=Windows_NT
PROCESSOR_IDENTIFIER=Intel64 Family 6 Model 94 Stepping 3, GenuineIntel



---------------  S Y S T E M  ---------------

OS: Windows 10.0 , 64 bit Build 14393 (10.0.14393.1198)

CPU:total 4 (4 cores per cpu, 1 threads per core) family 6 model 94 stepping 3, cmov, cx8, fxsr, mmx, sse, sse2, sse3, ssse3, sse4.1, sse4.2, popcnt, avx, avx2, aes, clmul, erms, 3dnowpref, lzcnt, tsc, tscinvbit, bmi1, bmi2, adx

Memory: 4k page, physical 8343204k(3687300k free), swap 9981604k(4514224k free)

vm_info: Java HotSpot(TM) 64-Bit Server VM (25.45-b02) for windows-amd64 JRE (1.8.0_45-b15), built on Apr 30 2015 12:40:44 by "java_re" with MS VC++ 10.0 (VS2010)

time: Wed Nov 15 10:41:11 2017
elapsed time: 9159 seconds (0d 2h 32m 39s)

