#
# A fatal error has been detected by the Java Runtime Environment:
#
#  Internal Error (0xc000000d), pid=3328, tid=3712
#
# JRE version: Java(TM) SE Runtime Environment (8.0_25-b18) (build 1.8.0_25-b18)
# Java VM: Java HotSpot(TM) 64-Bit Server VM (25.25-b02 mixed mode windows-amd64 compressed oops)
# Problematic frame:
# C  [ntdll.dll+0x95fba]
#
# Failed to write core dump. Minidumps are not enabled by default on client versions of Windows
#
# If you would like to submit a bug report, please visit:
#   http://bugreport.sun.com/bugreport/crash.jsp
#

---------------  T H R E A D  ---------------

Current thread (0x00000000139b7800):  VMThread [stack: 0x0000000014a20000,0x0000000014b20000] [id=3712]

siginfo: ExceptionCode=0xc000000d

Registers:
RAX=0x000000006295bcd0, RBX=0x0000000000000000, RCX=0x0000000014b1ed10, RDX=0x0000000000000000
RSP=0x0000000014b1f320, RBP=0x000000001631cd70, RSI=0x000007fee3227408, RDI=0x0000000014b1f468
R8 =0x0000000000000000, R9 =0x0000000000000000, R10=0x0000000000000000, R11=0x0000000000000246
R12=0x000000000028ca00, R13=0x000000000028bcd0, R14=0x000000001631ce78, R15=0x0000000000000000
RIP=0x0000000076e35fba, EFLAGS=0x0000000000000202

Top of Stack: (sp=0x0000000014b1f320)
0x0000000014b1f320:   0000000000000000 000007fee3227408
0x0000000014b1f330:   0000000014b1f468 0000000000000003
0x0000000014b1f340:   00000000230d0900 0000000000000080
0x0000000014b1f350:   0000000000000000 0000000000000000
0x0000000014b1f360:   0000000000000002 00000000001a8870
0x0000000014b1f370:   00000000c000000d 0000000000000000
0x0000000014b1f380:   0000000076e35fba 0000000000000000
0x0000000014b1f390:   0000000000000000 0000000000000000
0x0000000014b1f3a0:   0000000000000000 0000000000000000
0x0000000014b1f3b0:   0000000000000000 0000000000000000
0x0000000014b1f3c0:   0000000000000000 0000000000000000
0x0000000014b1f3d0:   0000000000000000 0000000000000000
0x0000000014b1f3e0:   0000000000000000 0000000000000000
0x0000000014b1f3f0:   0000000000000000 0000000000000000
0x0000000014b1f400:   0000000000000000 00000000001a88a8
0x0000000014b1f410:   0000000000000b38 0000000076bc3418 

Instructions: (pc=0x0000000076e35fba)
0x0000000076e35f9a:   72 7a fb ff b9 57 00 00 00 c7 44 24 50 0d 00 00
0x0000000076e35faa:   c0 e8 60 7d fb ff 48 8d 4c 24 50 e8 d6 29 f8 ff
0x0000000076e35fba:   4c 8b 1d 17 64 09 00 4d 85 db 74 5b 65 48 8b 04
0x0000000076e35fca:   25 30 00 00 00 f6 80 ee 17 00 00 08 74 12 65 48 


Register to memory mapping:

RAX=0x000000006295bcd0 is an unknown value
RBX=0x0000000000000000 is an unknown value
RCX=0x0000000014b1ed10 is an unknown value
RDX=0x0000000000000000 is an unknown value
RSP=0x0000000014b1f320 is an unknown value
RBP=0x000000001631cd70 is an unknown value
RSI=0x000007fee3227408 is an unknown value
RDI=0x0000000014b1f468 is an unknown value
R8 =0x0000000000000000 is an unknown value
R9 =0x0000000000000000 is an unknown value
R10=0x0000000000000000 is an unknown value
R11=0x0000000000000246 is an unknown value
R12=0x000000000028ca00 is an unknown value
R13=0x000000000028bcd0 is an unknown value
R14=0x000000001631ce78 is an unknown value
R15=0x0000000000000000 is an unknown value


Stack: [0x0000000014a20000,0x0000000014b20000],  sp=0x0000000014b1f320,  free space=1020k
Native frames: (J=compiled Java code, j=interpreted, Vv=VM code, C=native code)
C  [ntdll.dll+0x95fba]
C  [kernel32.dll+0x43418]
C  [MSVCR110.dll+0x752d]
C  [MSVCR110.dll+0x14cde]
C  [MSVCR110.dll+0x13edc]
C  [MSVCR110.dll+0x239e]
C  [MSVCR110.dll+0xaf9e]
C  [MSVCP110.dll+0x397b9]
C  [librdi_common.dll+0x135d02]
C  [librdi_common.dll+0x13447b]
C  [librdi_commontasks.dll+0x1cc33c]
C  [librdi_commontasks.dll+0x1cc5be]
C  [ntdll.dll+0x22b31]
C  [ntdll.dll+0x22940]
C  [MSVCR100.dll+0x20ccd]
V  [jvm.dll+0x1f9c55]
V  [jvm.dll+0x2325e7]
V  [jvm.dll+0x231826]
V  [jvm.dll+0x231cc1]
V  [jvm.dll+0x231ede]
V  [jvm.dll+0x2852fa]
C  [MSVCR100.dll+0x21d9f]
C  [MSVCR100.dll+0x21e3b]
C  [kernel32.dll+0x159dd]
C  [ntdll.dll+0x2a631]

VM_Operation (0x000000000012f500): Exit, mode: safepoint, requested by thread 0x00000000023ba800


---------------  P R O C E S S  ---------------

Java Threads: ( => current thread )
  0x000000001ff0a000 JavaThread "Spawner Reaper" daemon [_thread_in_native, id=5332, stack(0x0000000021bf0000,0x0000000021cf0000)]
  0x000000001cc11000 JavaThread "TCF Locator DNS Lookup" daemon [_thread_blocked, id=5816, stack(0x000000001f510000,0x000000001f610000)]
  0x000000001cc10800 JavaThread "TCF Locator Timer" daemon [_thread_blocked, id=2780, stack(0x000000001f410000,0x000000001f510000)]
  0x000000001cc0f800 JavaThread "TCF Locator Receiver" daemon [_thread_in_native, id=5212, stack(0x000000001f310000,0x000000001f410000)]
  0x000000001cc0f000 JavaThread "TCF Timer Dispatcher" daemon [_thread_blocked, id=4876, stack(0x00000000187c0000,0x00000000188c0000)]
  0x00000000174ea000 JavaThread "EMF Reference Cleaner" daemon [_thread_blocked, id=5764, stack(0x0000000019080000,0x0000000019180000)]
  0x0000000013a2f000 JavaThread "Service Thread" daemon [_thread_blocked, id=5264, stack(0x0000000015620000,0x0000000015720000)]
  0x0000000013a28800 JavaThread "C1 CompilerThread2" daemon [_thread_blocked, id=6088, stack(0x0000000015520000,0x0000000015620000)]
  0x0000000014d3b000 JavaThread "C2 CompilerThread1" daemon [_thread_blocked, id=3852, stack(0x0000000015420000,0x0000000015520000)]
  0x0000000014d26000 JavaThread "C2 CompilerThread0" daemon [_thread_blocked, id=3956, stack(0x0000000015320000,0x0000000015420000)]
  0x0000000014d24800 JavaThread "Attach Listener" daemon [_thread_blocked, id=5232, stack(0x0000000015220000,0x0000000015320000)]
  0x0000000013a27000 JavaThread "Signal Dispatcher" daemon [_thread_blocked, id=3472, stack(0x0000000015120000,0x0000000015220000)]
  0x00000000139c4800 JavaThread "Finalizer" daemon [_thread_blocked, id=1436, stack(0x0000000014c20000,0x0000000014d20000)]
  0x00000000139bb800 JavaThread "Reference Handler" daemon [_thread_blocked, id=5632, stack(0x0000000014b20000,0x0000000014c20000)]
  0x00000000023ba800 JavaThread "main" [_thread_blocked, id=5932, stack(0x0000000000030000,0x0000000000130000)]

Other Threads:
=>0x00000000139b7800 VMThread [stack: 0x0000000014a20000,0x0000000014b20000] [id=3712]

VM state:at safepoint (shutting down)

VM Mutex/Monitor currently owned by a thread:  ([mutex/lock_event])
[0x00000000023b8880] Threads_lock - owner thread: 0x00000000139b7800

Heap:
 PSYoungGen      total 82944K, used 51410K [0x00000000f5580000, 0x00000000fb700000, 0x0000000100000000)
  eden space 82432K, 62% used [0x00000000f5580000,0x00000000f87b4870,0x00000000fa600000)
  from space 512K, 0% used [0x00000000fa600000,0x00000000fa600000,0x00000000fa680000)
  to   space 8704K, 0% used [0x00000000fae80000,0x00000000fae80000,0x00000000fb700000)
 ParOldGen       total 110080K, used 35976K [0x00000000e0000000, 0x00000000e6b80000, 0x00000000f5580000)
  object space 110080K, 32% used [0x00000000e0000000,0x00000000e23220f0,0x00000000e6b80000)
 Metaspace       used 82319K, capacity 87818K, committed 88084K, reserved 1126400K
  class space    used 10135K, capacity 11961K, committed 12052K, reserved 1048576K

Card table byte_map: [0x0000000002530000,0x0000000002640000] byte_map_base: 0x0000000001e30000

Marking Bits: (ParMarkBitMap*) 0x0000000060b2d490
 Begin Bits: [0x0000000011f30000, 0x0000000012730000)
 End Bits:   [0x0000000012730000, 0x0000000012f30000)

Polling page: 0x00000000005d0000

CodeCache: size=245760Kb used=31456Kb max_used=31556Kb free=214303Kb
 bounds [0x00000000026c0000, 0x00000000045d0000, 0x00000000116c0000]
 total_blobs=9789 nmethods=8939 adapters=758
 compilation: enabled

Compilation events (10 events):
Event: 1664.011 Thread 0x0000000013a28800 nmethod 11140 0x00000000041eb110 code [0x00000000041eb500, 0x00000000041eda78]
Event: 1664.013 Thread 0x0000000013a28800 11139       1       org.eclipse.osgi.internal.loader.BundleLoaderProxy::getBundleData (5 bytes)
Event: 1664.013 Thread 0x0000000013a28800 nmethod 11139 0x0000000002db8650 code [0x0000000002db87a0, 0x0000000002db88b0]
Event: 1664.022 Thread 0x0000000013a28800 11142       3       java.io.File::list (33 bytes)
Event: 1664.023 Thread 0x0000000013a28800 nmethod 11142 0x00000000038f6850 code [0x00000000038f6a20, 0x00000000038f7148]
Event: 1664.039 Thread 0x0000000013a28800 11143   !   3       org.eclipse.osgi.internal.baseadaptor.BaseStorage::compact (215 bytes)
Event: 1664.041 Thread 0x0000000013a28800 nmethod 11143 0x00000000041e7490 code [0x00000000041e78c0, 0x00000000041e9d28]
Event: 1664.041 Thread 0x0000000014d3b000 nmethod 11121 0x00000000045c95d0 code [0x00000000045c9960, 0x00000000045cc100]
Event: 1664.057 Thread 0x0000000013a28800 11144       3       org.eclipse.osgi.framework.internal.core.AbstractBundle::close (52 bytes)
Event: 1664.058 Thread 0x0000000013a28800 nmethod 11144 0x00000000045c6810 code [0x00000000045c6a40, 0x00000000045c7728]

GC Heap History (10 events):
Event: 1502.555 GC heap before
{Heap before GC invocations=65 (full 28):
 PSYoungGen      total 82944K, used 128K [0x00000000f5580000, 0x00000000fba00000, 0x0000000100000000)
  eden space 82432K, 0% used [0x00000000f5580000,0x00000000f5580000,0x00000000fa600000)
  from space 512K, 25% used [0x00000000fa600000,0x00000000fa620000,0x00000000fa680000)
  to   space 10240K, 0% used [0x00000000fb000000,0x00000000fb000000,0x00000000fba00000)
 ParOldGen       total 110080K, used 35984K [0x00000000e0000000, 0x00000000e6b80000, 0x00000000f5580000)
  object space 110080K, 32% used [0x00000000e0000000,0x00000000e2324390,0x00000000e6b80000)
 Metaspace       used 78902K, capacity 84646K, committed 84884K, reserved 1122304K
  class space    used 9768K, capacity 11632K, committed 11668K, reserved 1048576K
Event: 1502.681 GC heap after
Heap after GC invocations=65 (full 28):
 PSYoungGen      total 82944K, used 0K [0x00000000f5580000, 0x00000000fba00000, 0x0000000100000000)
  eden space 82432K, 0% used [0x00000000f5580000,0x00000000f5580000,0x00000000fa600000)
  from space 512K, 0% used [0x00000000fa600000,0x00000000fa600000,0x00000000fa680000)
  to   space 10240K, 0% used [0x00000000fb000000,0x00000000fb000000,0x00000000fba00000)
 ParOldGen       total 110080K, used 35984K [0x00000000e0000000, 0x00000000e6b80000, 0x00000000f5580000)
  object space 110080K, 32% used [0x00000000e0000000,0x00000000e2324390,0x00000000e6b80000)
 Metaspace       used 78902K, capacity 84646K, committed 84884K, reserved 1122304K
  class space    used 9768K, capacity 11632K, committed 11668K, reserved 1048576K
}
Event: 1562.564 GC heap before
{Heap before GC invocations=66 (full 28):
 PSYoungGen      total 82944K, used 8415K [0x00000000f5580000, 0x00000000fba00000, 0x0000000100000000)
  eden space 82432K, 10% used [0x00000000f5580000,0x00000000f5db7ff8,0x00000000fa600000)
  from space 512K, 0% used [0x00000000fa600000,0x00000000fa600000,0x00000000fa680000)
  to   space 10240K, 0% used [0x00000000fb000000,0x00000000fb000000,0x00000000fba00000)
 ParOldGen       total 110080K, used 35984K [0x00000000e0000000, 0x00000000e6b80000, 0x00000000f5580000)
  object space 110080K, 32% used [0x00000000e0000000,0x00000000e2324390,0x00000000e6b80000)
 Metaspace       used 78936K, capacity 84710K, committed 84884K, reserved 1122304K
  class space    used 9768K, capacity 11632K, committed 11668K, reserved 1048576K
Event: 1562.572 GC heap after
Heap after GC invocations=66 (full 28):
 PSYoungGen      total 91648K, used 512K [0x00000000f5580000, 0x00000000fb900000, 0x0000000100000000)
  eden space 82432K, 0% used [0x00000000f5580000,0x00000000f5580000,0x00000000fa600000)
  from space 9216K, 5% used [0x00000000fb000000,0x00000000fb080000,0x00000000fb900000)
  to   space 9728K, 0% used [0x00000000fa600000,0x00000000fa600000,0x00000000faf80000)
 ParOldGen       total 110080K, used 35984K [0x00000000e0000000, 0x00000000e6b80000, 0x00000000f5580000)
  object space 110080K, 32% used [0x00000000e0000000,0x00000000e2324390,0x00000000e6b80000)
 Metaspace       used 78936K, capacity 84710K, committed 84884K, reserved 1122304K
  class space    used 9768K, capacity 11632K, committed 11668K, reserved 1048576K
}
Event: 1562.572 GC heap before
{Heap before GC invocations=67 (full 29):
 PSYoungGen      total 91648K, used 512K [0x00000000f5580000, 0x00000000fb900000, 0x0000000100000000)
  eden space 82432K, 0% used [0x00000000f5580000,0x00000000f5580000,0x00000000fa600000)
  from space 9216K, 5% used [0x00000000fb000000,0x00000000fb080000,0x00000000fb900000)
  to   space 9728K, 0% used [0x00000000fa600000,0x00000000fa600000,0x00000000faf80000)
 ParOldGen       total 110080K, used 35984K [0x00000000e0000000, 0x00000000e6b80000, 0x00000000f5580000)
  object space 110080K, 32% used [0x00000000e0000000,0x00000000e2324390,0x00000000e6b80000)
 Metaspace       used 78936K, capacity 84710K, committed 84884K, reserved 1122304K
  class space    used 9768K, capacity 11632K, committed 11668K, reserved 1048576K
Event: 1562.711 GC heap after
Heap after GC invocations=67 (full 29):
 PSYoungGen      total 91648K, used 0K [0x00000000f5580000, 0x00000000fb900000, 0x0000000100000000)
  eden space 82432K, 0% used [0x00000000f5580000,0x00000000f5580000,0x00000000fa600000)
  from space 9216K, 0% used [0x00000000fb000000,0x00000000fb000000,0x00000000fb900000)
  to   space 9728K, 0% used [0x00000000fa600000,0x00000000fa600000,0x00000000faf80000)
 ParOldGen       total 110080K, used 36131K [0x00000000e0000000, 0x00000000e6b80000, 0x00000000f5580000)
  object space 110080K, 32% used [0x00000000e0000000,0x00000000e2348ef8,0x00000000e6b80000)
 Metaspace       used 78936K, capacity 84710K, committed 84884K, reserved 1122304K
  class space    used 9768K, capacity 11632K, committed 11668K, reserved 1048576K
}
Event: 1622.576 GC heap before
{Heap before GC invocations=68 (full 29):
 PSYoungGen      total 91648K, used 2934K [0x00000000f5580000, 0x00000000fb900000, 0x0000000100000000)
  eden space 82432K, 3% used [0x00000000f5580000,0x00000000f585d998,0x00000000fa600000)
  from space 9216K, 0% used [0x00000000fb000000,0x00000000fb000000,0x00000000fb900000)
  to   space 9728K, 0% used [0x00000000fa600000,0x00000000fa600000,0x00000000faf80000)
 ParOldGen       total 110080K, used 36131K [0x00000000e0000000, 0x00000000e6b80000, 0x00000000f5580000)
  object space 110080K, 32% used [0x00000000e0000000,0x00000000e2348ef8,0x00000000e6b80000)
 Metaspace       used 78936K, capacity 84710K, committed 84884K, reserved 1122304K
  class space    used 9768K, capacity 11632K, committed 11668K, reserved 1048576K
Event: 1622.579 GC heap after
Heap after GC invocations=68 (full 29):
 PSYoungGen      total 82944K, used 128K [0x00000000f5580000, 0x00000000fb700000, 0x0000000100000000)
  eden space 82432K, 0% used [0x00000000f5580000,0x00000000f5580000,0x00000000fa600000)
  from space 512K, 25% used [0x00000000fa600000,0x00000000fa620000,0x00000000fa680000)
  to   space 8704K, 0% used [0x00000000fae80000,0x00000000fae80000,0x00000000fb700000)
 ParOldGen       total 110080K, used 36131K [0x00000000e0000000, 0x00000000e6b80000, 0x00000000f5580000)
  object space 110080K, 32% used [0x00000000e0000000,0x00000000e2348ef8,0x00000000e6b80000)
 Metaspace       used 78936K, capacity 84710K, committed 84884K, reserved 1122304K
  class space    used 9768K, capacity 11632K, committed 11668K, reserved 1048576K
}
Event: 1622.579 GC heap before
{Heap before GC invocations=69 (full 30):
 PSYoungGen      total 82944K, used 128K [0x00000000f5580000, 0x00000000fb700000, 0x0000000100000000)
  eden space 82432K, 0% used [0x00000000f5580000,0x00000000f5580000,0x00000000fa600000)
  from space 512K, 25% used [0x00000000fa600000,0x00000000fa620000,0x00000000fa680000)
  to   space 8704K, 0% used [0x00000000fae80000,0x00000000fae80000,0x00000000fb700000)
 ParOldGen       total 110080K, used 36131K [0x00000000e0000000, 0x00000000e6b80000, 0x00000000f5580000)
  object space 110080K, 32% used [0x00000000e0000000,0x00000000e2348ef8,0x00000000e6b80000)
 Metaspace       used 78936K, capacity 84710K, committed 84884K, reserved 1122304K
  class space    used 9768K, capacity 11632K, committed 11668K, reserved 1048576K
Event: 1622.708 GC heap after
Heap after GC invocations=69 (full 30):
 PSYoungGen      total 82944K, used 0K [0x00000000f5580000, 0x00000000fb700000, 0x0000000100000000)
  eden space 82432K, 0% used [0x00000000f5580000,0x00000000f5580000,0x00000000fa600000)
  from space 512K, 0% used [0x00000000fa600000,0x00000000fa600000,0x00000000fa680000)
  to   space 8704K, 0% used [0x00000000fae80000,0x00000000fae80000,0x00000000fb700000)
 ParOldGen       total 110080K, used 35976K [0x00000000e0000000, 0x00000000e6b80000, 0x00000000f5580000)
  object space 110080K, 32% used [0x00000000e0000000,0x00000000e23220f0,0x00000000e6b80000)
 Metaspace       used 78936K, capacity 84710K, committed 84884K, reserved 1122304K
  class space    used 9768K, capacity 11632K, committed 11668K, reserved 1048576K
}

Deoptimization events (10 events):
Event: 1663.005 Thread 0x00000000023ba800 Uncommon trap: reason=class_check action=maybe_recompile pc=0x0000000003ada454 method=org.eclipse.emf.ecore.util.EcoreEList.contains(Ljava/lang/Object;)Z @ 61
Event: 1663.015 Thread 0x00000000023ba800 Uncommon trap: reason=unloaded action=reinterpret pc=0x00000000043eb908 method=org.eclipse.emf.ecore.impl.BasicEObjectImpl.eBasicSetContainer(Lorg/eclipse/emf/ecore/InternalEObject;ILorg/eclipse/emf/common/notify/NotificationChain;)Lorg/eclipse/emf/common/
Event: 1663.015 Thread 0x00000000023ba800 Uncommon trap: reason=null_check action=make_not_entrant pc=0x0000000003a362b8 method=org.eclipse.jface.action.ActionContributionItem.equals(Ljava/lang/Object;)Z @ 1
Event: 1663.032 Thread 0x00000000023ba800 Uncommon trap: reason=class_check action=maybe_recompile pc=0x0000000003ada454 method=org.eclipse.emf.ecore.util.EcoreEList.contains(Ljava/lang/Object;)Z @ 61
Event: 1663.120 Thread 0x00000000023ba800 Uncommon trap: reason=unreached action=reinterpret pc=0x0000000003ce493c method=org.eclipse.ui.internal.services.ServiceLocator.getService(Ljava/lang/Class;)Ljava/lang/Object; @ 38
Event: 1663.252 Thread 0x00000000023ba800 Uncommon trap: reason=unreached action=reinterpret pc=0x00000000037c74dc method=org.eclipse.e4.ui.internal.workbench.swt.PartRenderingEngine.someAreVisible(Ljava/util/List;)Z @ 41
Event: 1663.278 Thread 0x00000000023ba800 Uncommon trap: reason=unreached action=reinterpret pc=0x000000000445495c method=org.eclipse.emf.ecore.impl.MinimalEObjectImpl.setField(ILjava/lang/Object;)V @ 9
Event: 1663.278 Thread 0x00000000023ba800 Uncommon trap: reason=unreached action=reinterpret pc=0x0000000004416688 method=org.eclipse.emf.ecore.impl.MinimalEObjectImpl.setField(ILjava/lang/Object;)V @ 9
Event: 1663.946 Thread 0x00000000023ba800 Uncommon trap: reason=null_check action=make_not_entrant pc=0x0000000003215b50 method=org.eclipse.core.runtime.internal.adaptor.EclipseLazyStarter.shouldActivateFor(Ljava/lang/String;Lorg/eclipse/osgi/baseadaptor/BaseData;Lorg/eclipse/core/runtime/internallÛø(Ìÿ™@
Event: 1663.949 Thread 0x00000000023ba800 Uncommon trap: reason=predicate action=maybe_recompile pc=0x000000000438c6f0 method=java.io.OutputStream.write([BII)V @ 62

Internal exceptions (10 events):
Event: 1662.988 Thread 0x000000001ff0b800 Exception <a 'java/net/SocketException': Connection reset by peer: socket write error> (0x00000000f739d3e0) thrown at [D:\re\workspace\8-2-build-windows-amd64-cygwin\jdk8u25\1677\hotspot\src\share\vm\prims\jni.cpp, line 742]
Event: 1662.989 Thread 0x000000001a453000 Exception <a 'java/lang/InterruptedException'> (0x00000000f74b1428) thrown at [D:\re\workspace\8-2-build-windows-amd64-cygwin\jdk8u25\1677\hotspot\src\share\vm\runtime\objectMonitor.cpp, line 1682]
Event: 1662.998 Thread 0x000000001ff0b800 Exception <a 'java/net/SocketException': Socket closed> (0x00000000f74f6030) thrown at [D:\re\workspace\8-2-build-windows-amd64-cygwin\jdk8u25\1677\hotspot\src\share\vm\prims\jni.cpp, line 742]
Event: 1663.015 Thread 0x00000000023ba800 Implicit null exception at 0x0000000003a3624c to 0x0000000003a362a9
Event: 1663.120 Thread 0x00000000023ba800 Implicit null exception at 0x0000000003ce45c9 to 0x0000000003ce491d
Event: 1663.946 Thread 0x00000000023ba800 Implicit null exception at 0x0000000003215277 to 0x0000000003215b41
Event: 1664.010 Thread 0x0000000015ddd000 Exception <a 'java/lang/InterruptedException'> (0x00000000f861ac80) thrown at [D:\re\workspace\8-2-build-windows-amd64-cygwin\jdk8u25\1677\hotspot\src\share\vm\runtime\objectMonitor.cpp, line 1682]
Event: 1664.013 Thread 0x0000000019dd3000 Exception <a 'java/lang/InterruptedException'> (0x00000000f8697be8) thrown at [D:\re\workspace\8-2-build-windows-amd64-cygwin\jdk8u25\1677\hotspot\src\share\vm\runtime\objectMonitor.cpp, line 1682]
Event: 1664.013 Thread 0x0000000015954000 Exception <a 'java/lang/InterruptedException': sleep interrupted> (0x00000000f86c0fc8) thrown at [D:\re\workspace\8-2-build-windows-amd64-cygwin\jdk8u25\1677\hotspot\src\share\vm\prims\jvm.cpp, line 3141]
Event: 1664.057 Thread 0x0000000015e92800 Exception <a 'java/lang/InterruptedException'> (0x00000000f853f988) thrown at [D:\re\workspace\8-2-build-windows-amd64-cygwin\jdk8u25\1677\hotspot\src\share\vm\runtime\objectMonitor.cpp, line 1682]

Events (10 events):
Event: 1664.058 loading class java/util/IdentityHashMap$IdentityHashMapIterator
Event: 1664.058 loading class java/util/IdentityHashMap$IdentityHashMapIterator done
Event: 1664.058 loading class java/util/IdentityHashMap$KeyIterator done
Event: 1664.058 Thread 0x000000001ff09000 Thread added: 0x000000001ff09000
Event: 1664.058 Executing VM operation: RevokeBias
Event: 1664.058 Executing VM operation: RevokeBias done
Event: 1664.058 Executing VM operation: RevokeBias
Event: 1664.059 Executing VM operation: RevokeBias done
Event: 1664.059 Thread 0x000000001ff09000 Thread exited: 0x000000001ff09000
Event: 1664.059 Executing VM operation: Exit


Dynamic libraries:
0x0000000000400000 - 0x000000000044f000 	D:\Xilinx\SDK\2015.2\eclipse\win64.o\eclipse.exe
0x0000000076da0000 - 0x0000000076f49000 	C:\Windows\SYSTEM32\ntdll.dll
0x0000000076b80000 - 0x0000000076ca0000 	C:\Windows\system32\kernel32.dll
0x000007fefce90000 - 0x000007fefcefb000 	C:\Windows\system32\KERNELBASE.dll
0x0000000076ca0000 - 0x0000000076d9a000 	C:\Windows\system32\USER32.dll
0x000007fefe320000 - 0x000007fefe387000 	C:\Windows\system32\GDI32.dll
0x000007fefe6d0000 - 0x000007fefe6de000 	C:\Windows\system32\LPK.dll
0x000007fefefb0000 - 0x000007feff079000 	C:\Windows\system32\USP10.dll
0x000007fefd020000 - 0x000007fefd0bf000 	C:\Windows\system32\msvcrt.dll
0x000007fefb580000 - 0x000007fefb774000 	C:\Windows\WinSxS\amd64_microsoft.windows.common-controls_6595b64144ccf1df_6.0.7601.18837_none_fa3b1e3d17594757\COMCTL32.dll
0x000007fefe390000 - 0x000007fefe401000 	C:\Windows\system32\SHLWAPI.dll
0x000007feff080000 - 0x000007feff0ae000 	C:\Windows\system32\IMM32.DLL
0x000007fefd0c0000 - 0x000007fefd1c9000 	C:\Windows\system32\MSCTF.dll
0x0000000072000000 - 0x0000000072012000 	D:\Xilinx\SDK\2015.2\eclipse\win64.o\plugins\org.eclipse.equinox.launcher.win32.win32.x86_64_1.1.200.v20140116-2212\eclipse_1503.dll
0x000007fefe410000 - 0x000007fefe4eb000 	C:\Windows\system32\ADVAPI32.dll
0x000007fefe300000 - 0x000007fefe31f000 	C:\Windows\SYSTEM32\sechost.dll
0x000007fefea00000 - 0x000007fefeb2d000 	C:\Windows\system32\RPCRT4.dll
0x000007fefbc30000 - 0x000007fefbc3c000 	C:\Windows\system32\VERSION.dll
0x000007fefb3a0000 - 0x000007fefb3f6000 	C:\Windows\system32\uxtheme.dll
0x0000000060350000 - 0x0000000060baa000 	D:\Xilinx\SDK\2015.2\tps\win64\jre\bin\server\jvm.dll
0x000007fef5130000 - 0x000007fef5139000 	C:\Windows\system32\WSOCK32.dll
0x000007fefe6e0000 - 0x000007fefe72d000 	C:\Windows\system32\WS2_32.dll
0x000007fefe2f0000 - 0x000007fefe2f8000 	C:\Windows\system32\NSI.dll
0x000007fef8c70000 - 0x000007fef8cab000 	C:\Windows\system32\WINMM.dll
0x0000000076f60000 - 0x0000000076f67000 	C:\Windows\system32\PSAPI.DLL
0x0000000070af0000 - 0x0000000070bc2000 	C:\Windows\system32\MSVCR100.dll
0x000000006f870000 - 0x000000006f87f000 	D:\Xilinx\SDK\2015.2\tps\win64\jre\bin\verify.dll
0x000000006f7b0000 - 0x000000006f7d8000 	D:\Xilinx\SDK\2015.2\tps\win64\jre\bin\java.dll
0x000000006f7f0000 - 0x000000006f806000 	D:\Xilinx\SDK\2015.2\tps\win64\jre\bin\zip.dll
0x000007fefd250000 - 0x000007fefdfd9000 	C:\Windows\system32\SHELL32.dll
0x000007fefeda0000 - 0x000007fefefa3000 	C:\Windows\system32\ole32.dll
0x000007fefcb50000 - 0x000007fefcb5f000 	C:\Windows\system32\profapi.dll
0x000007fefc380000 - 0x000007fefc398000 	C:\Windows\system32\CRYPTSP.dll
0x000007fefc040000 - 0x000007fefc087000 	C:\Windows\system32\rsaenh.dll
0x000007fefcc40000 - 0x000007fefcc5e000 	C:\Windows\system32\USERENV.dll
0x000007fefc980000 - 0x000007fefc98f000 	C:\Windows\system32\CRYPTBASE.dll
0x000000006f790000 - 0x000000006f7aa000 	D:\Xilinx\SDK\2015.2\tps\win64\jre\bin\net.dll
0x000007fefc320000 - 0x000007fefc375000 	C:\Windows\system32\mswsock.dll
0x000007fefc310000 - 0x000007fefc317000 	C:\Windows\System32\wship6.dll
0x000007fef9100000 - 0x000007fef9127000 	C:\Windows\system32\IPHLPAPI.DLL
0x000007fef90f0000 - 0x000007fef90fb000 	C:\Windows\system32\WINNSI.DLL
0x000007fef8f70000 - 0x000007fef8f88000 	C:\Windows\system32\dhcpcsvc.DLL
0x000007fef8f50000 - 0x000007fef8f61000 	C:\Windows\system32\dhcpcsvc6.DLL
0x000000006f770000 - 0x000000006f781000 	D:\Xilinx\SDK\2015.2\tps\win64\jre\bin\nio.dll
0x000007fefcf80000 - 0x000007fefd019000 	C:\Windows\system32\CLBCatQ.DLL
0x000007fefdfe0000 - 0x000007fefe0b7000 	C:\Windows\system32\OLEAUT32.dll
0x000007fef93c0000 - 0x000007fef93d5000 	C:\Windows\system32\NLAapi.dll
0x000007fef8110000 - 0x000007fef8125000 	C:\Windows\system32\napinsp.dll
0x000007fef8130000 - 0x000007fef8149000 	C:\Windows\system32\pnrpnsp.dll
0x000007fefc1a0000 - 0x000007fefc1fb000 	C:\Windows\system32\DNSAPI.dll
0x000007fef8c60000 - 0x000007fef8c6b000 	C:\Windows\System32\winrnr.dll
0x000007fefbd00000 - 0x000007fefbd07000 	C:\Windows\System32\wshtcpip.dll
0x000007fef8150000 - 0x000007fef8158000 	C:\Windows\system32\rasadhlp.dll
0x000007fef8fa0000 - 0x000007fef8ff3000 	C:\Windows\System32\fwpuclnt.dll
0x0000000016cb0000 - 0x0000000016d58000 	C:\Users\Admin\.Xilinx\SDK\2015.2\org.eclipse.osgi\bundles\287\1\.cp\swt-win32-4335.dll
0x000007fefe0c0000 - 0x000007fefe157000 	C:\Windows\system32\comdlg32.dll
0x000007fef3770000 - 0x000007fef37e1000 	C:\Windows\system32\WINSPOOL.DRV
0x000007fefeb30000 - 0x000007fefed99000 	C:\Windows\system32\WININET.dll
0x000007fefcc70000 - 0x000007fefcc74000 	C:\Windows\system32\api-ms-win-downlevel-user32-l1-1-0.dll
0x000007fefce40000 - 0x000007fefce44000 	C:\Windows\system32\api-ms-win-downlevel-shlwapi-l1-1-0.dll
0x000007fefce50000 - 0x000007fefce54000 	C:\Windows\system32\api-ms-win-downlevel-version-l1-1-0.dll
0x000007fefcc60000 - 0x000007fefcc63000 	C:\Windows\system32\api-ms-win-downlevel-normaliz-l1-1-0.dll
0x0000000076f70000 - 0x0000000076f73000 	C:\Windows\system32\normaliz.DLL
0x000007fefe730000 - 0x000007fefe9f7000 	C:\Windows\system32\iertutil.dll
0x000007fefce30000 - 0x000007fefce35000 	C:\Windows\system32\api-ms-win-downlevel-advapi32-l1-1-0.dll
0x000007fefcc80000 - 0x000007fefcded000 	C:\Windows\system32\CRYPT32.dll
0x000007fefcb40000 - 0x000007fefcb4f000 	C:\Windows\system32\MSASN1.dll
0x000007fefaf70000 - 0x000007fefaf88000 	C:\Windows\system32\dwmapi.dll
0x000007fefb400000 - 0x000007fefb52c000 	C:\Windows\system32\propsys.dll
0x0000000016280000 - 0x000000001629e000 	C:\Users\Admin\.Xilinx\SDK\2015.2\org.eclipse.osgi\bundles\287\1\.cp\swt-gdip-win32-4335.dll
0x000007fefb180000 - 0x000007fefb396000 	C:\Windows\WinSxS\amd64_microsoft.windows.gdiplus_6595b64144ccf1df_1.1.7601.19054_none_2b28591471e9a18f\gdiplus.dll
0x000007fefadc0000 - 0x000007fefaf21000 	C:\Windows\system32\WindowsCodecs.dll
0x0000000180000000 - 0x0000000180012000 	C:\Users\Admin\.Xilinx\SDK\2015.2\org.eclipse.osgi\bundles\113\1\.cp\os\win32\x86_64\localfile_1_0_0.dll
0x000007fec3810000 - 0x000007fec3821000 	C:\Users\Admin\.Xilinx\SDK\2015.2\org.eclipse.osgi\bundles\116\1\.cp\jWinHttp-1.0.0.dll
0x000007fefa770000 - 0x000007fefa7e1000 	C:\Windows\system32\WINHTTP.dll
0x000007fefa340000 - 0x000007fefa3a4000 	C:\Windows\system32\webio.dll
0x000007fefc950000 - 0x000007fefc975000 	C:\Windows\system32\SspiCli.dll
0x000007fefbf10000 - 0x000007fefbf1a000 	C:\Windows\system32\credssp.dll
0x000007fefa980000 - 0x000007fefa9d4000 	C:\Windows\system32\oleacc.dll
0x000007fefca90000 - 0x000007fefcaa4000 	C:\Windows\system32\RpcRtRemote.dll
0x000007fefca30000 - 0x000007fefca87000 	C:\Windows\system32\apphelp.dll
0x000007feeb410000 - 0x000007feeb420000 	D:\Xilinx\SDK\2015.2\lib\win64.o\librdi_repo_manager.dll
0x000007febff10000 - 0x000007febff3a000 	D:\Xilinx\SDK\2015.2\lib\win64.o\libisl_sysinfo.dll
0x000007fee3220000 - 0x000007fee32f4000 	C:\Windows\system32\MSVCR110.dll
0x000007fee2b70000 - 0x000007fee2c17000 	C:\Windows\system32\MSVCP110.dll
0x000007fec0ca0000 - 0x000007fec15e3000 	D:\Xilinx\SDK\2015.2\lib\win64.o\librdi_common.dll
0x000007fec09f0000 - 0x000007fec0c98000 	D:\Xilinx\SDK\2015.2\lib\win64.o\libCOIN-all.dll
0x000007fec07d0000 - 0x000007fec09f0000 	D:\Xilinx\SDK\2015.2\lib\win64.o\libXil_lmgr11.dll
0x000007fefac60000 - 0x000007fefac76000 	C:\Windows\system32\NETAPI32.dll
0x000007fefac50000 - 0x000007fefac5c000 	C:\Windows\system32\netutils.dll
0x000007fefc620000 - 0x000007fefc643000 	C:\Windows\system32\srvcli.dll
0x000007fefac30000 - 0x000007fefac45000 	C:\Windows\system32\wkscli.dll
0x000007fefcb60000 - 0x000007fefcb9b000 	C:\Windows\system32\WINTRUST.dll
0x000007feeb720000 - 0x000007feeb730000 	D:\Xilinx\SDK\2015.2\lib\win64.o\libboost_date_time.dll
0x000007fec3760000 - 0x000007fec3782000 	D:\Xilinx\SDK\2015.2\lib\win64.o\libboost_filesystem.dll
0x000007fef29d0000 - 0x000007fef29d9000 	D:\Xilinx\SDK\2015.2\lib\win64.o\libboost_system.dll
0x000007fec36e0000 - 0x000007fec3754000 	D:\Xilinx\SDK\2015.2\lib\win64.o\libboost_program_options.dll
0x000007fec06d0000 - 0x000007fec07ca000 	D:\Xilinx\SDK\2015.2\lib\win64.o\libboost_regex.dll
0x000007fec37d0000 - 0x000007fec37e3000 	D:\Xilinx\SDK\2015.2\lib\win64.o\libboost_signals.dll
0x000007fec23a0000 - 0x000007fec23bd000 	D:\Xilinx\SDK\2015.2\lib\win64.o\libboost_thread.dll
0x000007feeb0c0000 - 0x000007feeb0cb000 	D:\Xilinx\SDK\2015.2\lib\win64.o\libboost_chrono.dll
0x000007fec0650000 - 0x000007fec06d0000 	D:\Xilinx\SDK\2015.2\lib\win64.o\libhdlpsolve.dll
0x000007fec05b0000 - 0x000007fec064a000 	D:\Xilinx\SDK\2015.2\lib\win64.o\libhdxml.dll
0x000007febffa0000 - 0x000007fec05aa200 	D:\Xilinx\SDK\2015.2\lib\win64.o\libisl_iostreams.dll
0x000007fec18e0000 - 0x000007fec18f6000 	D:\Xilinx\SDK\2015.2\lib\win64.o\libboost_iostreams.dll
0x000007febff70000 - 0x000007febff93000 	D:\Xilinx\SDK\2015.2\lib\win64.o\librdizlib.dll
0x000007febff40000 - 0x000007febff63000 	D:\Xilinx\SDK\2015.2\lib\win64.o\libisl_iosutils.dll
0x000007fec37f0000 - 0x000007fec3805000 	D:\Xilinx\SDK\2015.2\lib\win64.o\pthreadVC2.dll
0x000007febfeb0000 - 0x000007febff04000 	D:\Xilinx\SDK\2015.2\lib\win64.o\librdi_commonxillic.dll
0x000007febfc70000 - 0x000007febfda0000 	D:\Xilinx\SDK\2015.2\lib\win64.o\librdi_curl.dll
0x000007fec2130000 - 0x000007fec2148000 	D:\Xilinx\SDK\2015.2\lib\win64.o\librdiconfig.dll
0x0000000066140000 - 0x0000000066267000 	D:\Xilinx\SDK\2015.2\lib\win64.o\tcl85t.dll
0x0000000021e10000 - 0x0000000022073000 	D:\Xilinx\SDK\2015.2\lib\win64.o\xerces-c_3_1.dll
0x000007fefe160000 - 0x000007fefe2e5000 	C:\Windows\system32\urlmon.dll
0x000007fefce80000 - 0x000007fefce84000 	C:\Windows\system32\api-ms-win-downlevel-ole32-l1-1-0.dll
0x000007feeb420000 - 0x000007feeb443000 	C:\Windows\system32\VCOMP110.DLL
0x000007febeac0000 - 0x000007febeca8000 	D:\Xilinx\SDK\2015.2\lib\win64.o\librdi_hsm.dll
0x000007febfe60000 - 0x000007febfea3000 	D:\Xilinx\SDK\2015.2\lib\win64.o\librdi_hdf.dll
0x000007febe900000 - 0x000007febeaba000 	D:\Xilinx\SDK\2015.2\lib\win64.o\librdi_ippcw.dll
0x000007febfe40000 - 0x000007febfe5c000 	D:\Xilinx\SDK\2015.2\lib\win64.o\librdi_hw_platform.dll
0x000007fefa880000 - 0x000007fefa887000 	C:\Windows\system32\msimg32.dll
0x000007febf860000 - 0x000007febfc6a000 	D:\Xilinx\SDK\2015.2\lib\win64.o\librdi_commontasks.dll
0x000007febf050000 - 0x000007febf860000 	D:\Xilinx\SDK\2015.2\lib\win64.o\libXil_lmgr11FNP.dll
0x000007fef3430000 - 0x000007fef343b000 	C:\Windows\system32\snmpapi.dll
0x000007fefe4f0000 - 0x000007fefe6c7000 	C:\Windows\system32\SETUPAPI.dll
0x000007fefcdf0000 - 0x000007fefce26000 	C:\Windows\system32\CFGMGR32.dll
0x000007fefce60000 - 0x000007fefce7a000 	C:\Windows\system32\DEVOBJ.dll
0x000007febecb0000 - 0x000007febf045000 	D:\Xilinx\SDK\2015.2\lib\win64.o\librdi_hsmtasks.dll

VM Arguments:
jvm_args: -Dcom.xilinx.sdk.args.hwspec=D:/Smart/SMART_CARD/Smart_cardt/SMartCart/hdl_prj/vivado_ip_prj/vivado_prj.sdk/system_top_wrapper.hdf -Xms64m -Xmx512m & 
java_command: <unknown>
java_class_path (initial): D:\Xilinx\SDK\2015.2\eclipse\win64.o\\plugins/org.eclipse.equinox.launcher_1.3.0.v20130327-1440.jar
Launcher Type: generic

Environment Variables:
USERNAME=Admin
OS=Windows_NT
PROCESSOR_IDENTIFIER=Intel64 Family 6 Model 60 Stepping 3, GenuineIntel



---------------  S Y S T E M  ---------------

OS: Windows 7 , 64 bit Build 7601 Service Pack 1

CPU:total 4 (2 cores per cpu, 2 threads per core) family 6 model 60 stepping 3, cmov, cx8, fxsr, mmx, sse, sse2, sse3, ssse3, sse4.1, sse4.2, popcnt, avx, avx2, aes, clmul, erms, lzcnt, ht, tsc, tscinvbit, bmi1, bmi2

Memory: 4k page, physical 8286312k(2224404k free), swap 16570768k(10029144k free)

vm_info: Java HotSpot(TM) 64-Bit Server VM (25.25-b02) for windows-amd64 JRE (1.8.0_25-b18), built on Oct  7 2014 14:25:37 by "java_re" with MS VC++ 10.0 (VS2010)

time: Tue Oct 31 13:54:23 2017
elapsed time: 1664 seconds (0d 0h 27m 44s)

