#
# A fatal error has been detected by the Java Runtime Environment:
#
#  EXCEPTION_UNCAUGHT_CXX_EXCEPTION (0xe06d7363) at pc=0x00007ffb70463c58, pid=185020, tid=159900
#
# JRE version: Java(TM) SE Runtime Environment (8.0_45-b15) (build 1.8.0_45-b15)
# Java VM: Java HotSpot(TM) 64-Bit Server VM (25.45-b02 mixed mode windows-amd64 compressed oops)
# Problematic frame:
# C  [KERNELBASE.dll+0x33c58]
#
# Failed to write core dump. Minidumps are not enabled by default on client versions of Windows
#
# If you would like to submit a bug report, please visit:
#   http://bugreport.java.com/bugreport/crash.jsp
#

---------------  T H R E A D  ---------------

Current thread (0x0000000014398000):  VMThread [stack: 0x0000000015430000,0x0000000015530000] [id=159900]

siginfo: ExceptionCode=0xe06d7363, ExceptionInformation=0x0000000019930520 0x000000001552f648 0x00007ffb4fdc2cb8 0x00007ffb4fd10000 

Registers:
RAX=0x004c0044002e006c, RBX=0x00007ffb4fdc2cb8, RCX=0x000000000000004c, RDX=0x0000000000000000
RSP=0x000000001552f490, RBP=0x000000001552f5d0, RSI=0x00000000ffffffff, RDI=0x0000000028b27700
R8 =0x0000000000000000, R9 =0x0000000000000000, R10=0x0000000000000000, R11=0x0000000000000000
R12=0x0000000000000001, R13=0x0000000000000008, R14=0x0000000000000000, R15=0xffffffffffffffff
RIP=0x00007ffb70463c58, EFLAGS=0x0000000000000206

Top of Stack: (sp=0x000000001552f490)
0x000000001552f490:   0000000000000000 00007ffb4fdc2cb8
0x000000001552f4a0:   00000000ffffffff 0000000028b27700
0x000000001552f4b0:   00000001e06d7363 0000000000000000
0x000000001552f4c0:   00007ffb70463c58 0000000000000004
0x000000001552f4d0:   0000000019930520 000000001552f648
0x000000001552f4e0:   00007ffb4fdc2cb8 00007ffb4fd10000
0x000000001552f4f0:   0000000000000008 0000000000000001
0x000000001552f500:   0000000028b27700 00000000ffffffff
0x000000001552f510:   000000001552f5d0 00007ffb7332c28f
0x000000001552f520:   000000001552f5e0 0000000000000000
0x000000001552f530:   00002c2a08caf56c 0000000000000001
0x000000001552f540:   00007ffb4fdd9000 00007ffb4fd10000
0x000000001552f550:   0000d3969a490056 000000000000003f
0x000000001552f560:   00007ffb4fdc2cb8 00007ffb4fd6e92c
0x000000001552f570:   000000000000001f 0000000000000008
0x000000001552f580:   0000000000000001 0000000028b27700 

Instructions: (pc=0x00007ffb70463c58)
0x00007ffb70463c38:   49 8b d1 44 0f 47 c0 44 89 44 24 38 49 c1 e0 03
0x00007ffb70463c48:   e8 47 90 04 00 48 8d 4c 24 20 ff 15 c0 44 11 00
0x00007ffb70463c58:   48 8b 8c 24 c0 00 00 00 48 33 cc e8 d8 55 04 00
0x00007ffb70463c68:   48 81 c4 d8 00 00 00 c3 83 64 24 38 00 eb d6 cc 


Register to memory mapping:

RAX=0x004c0044002e006c is an unknown value
RBX=0x00007ffb4fdc2cb8 is an unknown value
RCX=0x000000000000004c is an unknown value
RDX=0x0000000000000000 is an unknown value
RSP=0x000000001552f490 is an unknown value
RBP=0x000000001552f5d0 is an unknown value
RSI=0x00000000ffffffff is an unallocated location in the heap
RDI=0x0000000028b27700 is an unknown value
R8 =0x0000000000000000 is an unknown value
R9 =0x0000000000000000 is an unknown value
R10=0x0000000000000000 is an unknown value
R11=0x0000000000000000 is an unknown value
R12=0x0000000000000001 is an unknown value
R13=0x0000000000000008 is an unknown value
R14=0x0000000000000000 is an unknown value
R15=0xffffffffffffffff is an unknown value


Stack: [0x0000000015430000,0x0000000015530000],  sp=0x000000001552f490,  free space=1021k
Native frames: (J=compiled Java code, j=interpreted, Vv=VM code, C=native code)
C  [KERNELBASE.dll+0x33c58]
C  [MSVCR110.dll+0x5e92c]
C  [MSVCR110.dll+0x1315c]
C  [MSVCR110.dll+0x136a9]
C  [MSVCR110.dll+0x13e9c]
C  [MSVCR110.dll+0x239e]
C  [MSVCR110.dll+0xaf9e]
C  [MSVCP110.dll+0x397b9]
C  [librdi_common.dll+0x14283e]
C  [librdi_common.dll+0x141449]
C  0x00007ffb6a312400
C  0x00007ffb6a312682
C  [ntdll.dll+0x2a37f]
C  [ntdll.dll+0x806b]
C  [ntdll.dll+0x7d94]
C  [KERNEL32.DLL+0x1ce6a]
C  [MSVCR100.dll+0x20ccd]
V  [jvm.dll+0x20f135]
V  [jvm.dll+0x247ef7]
V  [jvm.dll+0x247196]
V  [jvm.dll+0x247631]
V  [jvm.dll+0x24784e]
V  [jvm.dll+0x29853a]
C  [MSVCR100.dll+0x21d9f]
C  [MSVCR100.dll+0x21e3b]
C  [KERNEL32.DLL+0x8364]
C  [ntdll.dll+0x67091]

VM_Operation (0x000000000014f500): Exit, mode: safepoint, requested by thread 0x0000000002f24000


---------------  P R O C E S S  ---------------

Java Threads: ( => current thread )
  0x000000001e6da000 JavaThread "pool-2-thread-9" [_thread_blocked, id=72244, stack(0x000000003c7f0000,0x000000003c8f0000)]
  0x000000001e6d7000 JavaThread "pool-2-thread-8" [_thread_blocked, id=205348, stack(0x000000007b330000,0x000000007b430000)]
  0x00000000168a4800 JavaThread "pool-2-thread-7" [_thread_blocked, id=171896, stack(0x0000000078830000,0x0000000078930000)]
  0x00000000168a6000 JavaThread "pool-2-thread-6" [_thread_blocked, id=143052, stack(0x0000000076730000,0x0000000076830000)]
  0x000000001b61e800 JavaThread "pool-2-thread-5" [_thread_blocked, id=223956, stack(0x000000004f5f0000,0x000000004f6f0000)]
  0x000000001b623000 JavaThread "pool-2-thread-4" [_thread_blocked, id=227544, stack(0x000000004d7f0000,0x000000004d8f0000)]
  0x000000001b618800 JavaThread "pool-2-thread-3" [_thread_blocked, id=160316, stack(0x000000004b7f0000,0x000000004b8f0000)]
  0x000000001b621800 JavaThread "pool-2-thread-2" [_thread_blocked, id=12164, stack(0x000000004a8f0000,0x000000004a9f0000)]
  0x00000000168ad000 JavaThread "pool-2-thread-1" [_thread_blocked, id=48820, stack(0x00000000485f0000,0x00000000486f0000)]
  0x000000001b61d800 JavaThread "Thread-33" daemon [_thread_blocked, id=185792, stack(0x000000002adf0000,0x000000002aef0000)]
  0x000000001b619000 JavaThread "Output Stream Monitor" daemon [_thread_in_native, id=81308, stack(0x000000002a9f0000,0x000000002aaf0000)]
  0x0000000019c31800 JavaThread "Output Stream Monitor" daemon [_thread_in_native, id=27276, stack(0x000000002a8f0000,0x000000002a9f0000)]
  0x0000000019c2d000 JavaThread "TCF Locator DNS Lookup" daemon [_thread_blocked, id=163276, stack(0x0000000024af0000,0x0000000024bf0000)]
  0x0000000019c2c000 JavaThread "TCF Locator Timer" daemon [_thread_blocked, id=231120, stack(0x00000000249f0000,0x0000000024af0000)]
  0x0000000019c2a800 JavaThread "TCF Locator Receiver" daemon [_thread_in_native, id=18276, stack(0x00000000248f0000,0x00000000249f0000)]
  0x000000001897c800 JavaThread "TCF Timer Dispatcher" daemon [_thread_blocked, id=162084, stack(0x00000000246f0000,0x00000000247f0000)]
  0x0000000017ca4800 JavaThread "EMF Reference Cleaner" daemon [_thread_blocked, id=182160, stack(0x0000000018e80000,0x0000000018f80000)]
  0x0000000015c48800 JavaThread "Service Thread" daemon [_thread_blocked, id=120588, stack(0x0000000016030000,0x0000000016130000)]
  0x00000000143d9000 JavaThread "C1 CompilerThread2" daemon [_thread_blocked, id=53612, stack(0x0000000015b30000,0x0000000015c30000)]
  0x00000000143d6000 JavaThread "C2 CompilerThread1" daemon [_thread_blocked, id=192568, stack(0x0000000015a30000,0x0000000015b30000)]
  0x00000000143d4000 JavaThread "C2 CompilerThread0" daemon [_thread_blocked, id=202760, stack(0x0000000015930000,0x0000000015a30000)]
  0x00000000143e1000 JavaThread "Attach Listener" daemon [_thread_blocked, id=149808, stack(0x0000000015830000,0x0000000015930000)]
  0x00000000143e0000 JavaThread "Signal Dispatcher" daemon [_thread_blocked, id=160484, stack(0x0000000015730000,0x0000000015830000)]
  0x0000000003019800 JavaThread "Finalizer" daemon [_thread_blocked, id=138960, stack(0x0000000015630000,0x0000000015730000)]
  0x0000000003011800 JavaThread "Reference Handler" daemon [_thread_blocked, id=129988, stack(0x0000000015530000,0x0000000015630000)]
  0x0000000002f24000 JavaThread "main" [_thread_blocked, id=188488, stack(0x0000000000050000,0x0000000000150000)]

Other Threads:
=>0x0000000014398000 VMThread [stack: 0x0000000015430000,0x0000000015530000] [id=159900]

VM state:at safepoint (shutting down)

VM Mutex/Monitor currently owned by a thread:  ([mutex/lock_event])
[0x0000000002f20450] Threads_lock - owner thread: 0x0000000014398000

Heap:
 PSYoungGen      total 29696K, used 26049K [0x00000000f5580000, 0x00000000f7880000, 0x0000000100000000)
  eden space 23552K, 92% used [0x00000000f5580000,0x00000000f6ad1a58,0x00000000f6c80000)
  from space 6144K, 68% used [0x00000000f6c80000,0x00000000f709ebf0,0x00000000f7280000)
  to   space 6144K, 0% used [0x00000000f7280000,0x00000000f7280000,0x00000000f7880000)
 ParOldGen       total 75264K, used 62622K [0x00000000e0000000, 0x00000000e4980000, 0x00000000f5580000)
  object space 75264K, 83% used [0x00000000e0000000,0x00000000e3d27998,0x00000000e4980000)
 Metaspace       used 96459K, capacity 103140K, committed 103552K, reserved 1140736K
  class space    used 10787K, capacity 12920K, committed 12928K, reserved 1048576K

Card table byte_map: [0x0000000012420000,0x0000000012530000] byte_map_base: 0x0000000011d20000

Marking Bits: (ParMarkBitMap*) 0x0000000002e94040
 Begin Bits: [0x0000000012930000, 0x0000000013130000)
 End Bits:   [0x0000000013130000, 0x0000000013930000)

Polling page: 0x0000000002590000

CodeCache: size=245760Kb used=97021Kb max_used=97131Kb free=148738Kb
 bounds [0x0000000003060000, 0x0000000009010000, 0x0000000012060000]
 total_blobs=23777 nmethods=22912 adapters=771
 compilation: enabled

Compilation events (10 events):
Event: 38227.533 Thread 0x00000000143d9000 31435       3       org.eclipse.equinox.log.internal.LogServiceManager::bundleChanged (38 bytes)
Event: 38227.534 Thread 0x00000000143d9000 nmethod 31435 0x0000000005751ad0 code [0x0000000005751cc0, 0x0000000005752348]
Event: 38227.534 Thread 0x00000000143d9000 31436       3       org.eclipse.equinox.log.internal.ExtendedLogServiceFactory::bundleChanged (18 bytes)
Event: 38227.534 Thread 0x00000000143d9000 nmethod 31436 0x00000000071c4bd0 code [0x00000000071c4d60, 0x00000000071c5208]
Event: 38227.534 Thread 0x00000000143d9000 31437       1       java.lang.reflect.Method::getMethodAccessor (5 bytes)
Event: 38227.534 Thread 0x00000000143d9000 nmethod 31437 0x0000000005354b10 code [0x0000000005354c60, 0x0000000005354d70]
Event: 38227.985 Thread 0x00000000143d9000 31442   !   3       org.eclipse.osgi.internal.baseadaptor.BaseStorage::compact (215 bytes)
Event: 38227.987 Thread 0x00000000143d9000 nmethod 31442 0x0000000005e93b90 code [0x0000000005e93fe0, 0x0000000005e964a8]
Event: 38228.488 Thread 0x00000000143d9000 31443       3       org.eclipse.osgi.framework.internal.core.AbstractBundle::close (52 bytes)
Event: 38228.490 Thread 0x00000000143d9000 nmethod 31443 0x0000000008ff8ed0 code [0x0000000008ff9100, 0x0000000008ff9e08]

GC Heap History (10 events):
Event: 37869.949 GC heap before
{Heap before GC invocations=1678 (full 413):
 PSYoungGen      total 29184K, used 26127K [0x00000000f5580000, 0x00000000f7780000, 0x0000000100000000)
  eden space 23552K, 100% used [0x00000000f5580000,0x00000000f6c80000,0x00000000f6c80000)
  from space 5632K, 45% used [0x00000000f7200000,0x00000000f7483c38,0x00000000f7780000)
  to   space 5632K, 0% used [0x00000000f6c80000,0x00000000f6c80000,0x00000000f7200000)
 ParOldGen       total 75264K, used 62374K [0x00000000e0000000, 0x00000000e4980000, 0x00000000f5580000)
  object space 75264K, 82% used [0x00000000e0000000,0x00000000e3ce9998,0x00000000e4980000)
 Metaspace       used 95893K, capacity 102540K, committed 102784K, reserved 1138688K
  class space    used 10726K, capacity 12852K, committed 12928K, reserved 1048576K
Event: 37869.960 GC heap after
Heap after GC invocations=1678 (full 413):
 PSYoungGen      total 29184K, used 4730K [0x00000000f5580000, 0x00000000f7780000, 0x0000000100000000)
  eden space 23552K, 0% used [0x00000000f5580000,0x00000000f5580000,0x00000000f6c80000)
  from space 5632K, 84% used [0x00000000f6c80000,0x00000000f711eb90,0x00000000f7200000)
  to   space 5632K, 0% used [0x00000000f7200000,0x00000000f7200000,0x00000000f7780000)
 ParOldGen       total 75264K, used 62422K [0x00000000e0000000, 0x00000000e4980000, 0x00000000f5580000)
  object space 75264K, 82% used [0x00000000e0000000,0x00000000e3cf5998,0x00000000e4980000)
 Metaspace       used 95893K, capacity 102540K, committed 102784K, reserved 1138688K
  class space    used 10726K, capacity 12852K, committed 12928K, reserved 1048576K
}
Event: 38088.687 GC heap before
{Heap before GC invocations=1679 (full 413):
 PSYoungGen      total 29184K, used 28282K [0x00000000f5580000, 0x00000000f7780000, 0x0000000100000000)
  eden space 23552K, 100% used [0x00000000f5580000,0x00000000f6c80000,0x00000000f6c80000)
  from space 5632K, 84% used [0x00000000f6c80000,0x00000000f711eb90,0x00000000f7200000)
  to   space 5632K, 0% used [0x00000000f7200000,0x00000000f7200000,0x00000000f7780000)
 ParOldGen       total 75264K, used 62422K [0x00000000e0000000, 0x00000000e4980000, 0x00000000f5580000)
  object space 75264K, 82% used [0x00000000e0000000,0x00000000e3cf5998,0x00000000e4980000)
 Metaspace       used 95893K, capacity 102540K, committed 102784K, reserved 1138688K
  class space    used 10726K, capacity 12852K, committed 12928K, reserved 1048576K
Event: 38088.692 GC heap after
Heap after GC invocations=1679 (full 413):
 PSYoungGen      total 29184K, used 3040K [0x00000000f5580000, 0x00000000f7780000, 0x0000000100000000)
  eden space 23552K, 0% used [0x00000000f5580000,0x00000000f5580000,0x00000000f6c80000)
  from space 5632K, 53% used [0x00000000f7200000,0x00000000f74f8370,0x00000000f7780000)
  to   space 5632K, 0% used [0x00000000f6c80000,0x00000000f6c80000,0x00000000f7200000)
 ParOldGen       total 75264K, used 62454K [0x00000000e0000000, 0x00000000e4980000, 0x00000000f5580000)
  object space 75264K, 82% used [0x00000000e0000000,0x00000000e3cfd998,0x00000000e4980000)
 Metaspace       used 95893K, capacity 102540K, committed 102784K, reserved 1138688K
  class space    used 10726K, capacity 12852K, committed 12928K, reserved 1048576K
}
Event: 38089.244 GC heap before
{Heap before GC invocations=1680 (full 413):
 PSYoungGen      total 29184K, used 26592K [0x00000000f5580000, 0x00000000f7780000, 0x0000000100000000)
  eden space 23552K, 100% used [0x00000000f5580000,0x00000000f6c80000,0x00000000f6c80000)
  from space 5632K, 53% used [0x00000000f7200000,0x00000000f74f8370,0x00000000f7780000)
  to   space 5632K, 0% used [0x00000000f6c80000,0x00000000f6c80000,0x00000000f7200000)
 ParOldGen       total 75264K, used 62454K [0x00000000e0000000, 0x00000000e4980000, 0x00000000f5580000)
  object space 75264K, 82% used [0x00000000e0000000,0x00000000e3cfd998,0x00000000e4980000)
 Metaspace       used 95893K, capacity 102540K, committed 102784K, reserved 1138688K
  class space    used 10726K, capacity 12852K, committed 12928K, reserved 1048576K
Event: 38089.248 GC heap after
Heap after GC invocations=1680 (full 413):
 PSYoungGen      total 29184K, used 4953K [0x00000000f5580000, 0x00000000f7880000, 0x0000000100000000)
  eden space 23552K, 0% used [0x00000000f5580000,0x00000000f5580000,0x00000000f6c80000)
  from space 5632K, 87% used [0x00000000f6c80000,0x00000000f7156458,0x00000000f7200000)
  to   space 6144K, 0% used [0x00000000f7280000,0x00000000f7280000,0x00000000f7880000)
 ParOldGen       total 75264K, used 62494K [0x00000000e0000000, 0x00000000e4980000, 0x00000000f5580000)
  object space 75264K, 83% used [0x00000000e0000000,0x00000000e3d07998,0x00000000e4980000)
 Metaspace       used 95893K, capacity 102540K, committed 102784K, reserved 1138688K
  class space    used 10726K, capacity 12852K, committed 12928K, reserved 1048576K
}
Event: 38222.077 GC heap before
{Heap before GC invocations=1681 (full 413):
 PSYoungGen      total 29184K, used 28505K [0x00000000f5580000, 0x00000000f7880000, 0x0000000100000000)
  eden space 23552K, 100% used [0x00000000f5580000,0x00000000f6c80000,0x00000000f6c80000)
  from space 5632K, 87% used [0x00000000f6c80000,0x00000000f7156458,0x00000000f7200000)
  to   space 6144K, 0% used [0x00000000f7280000,0x00000000f7280000,0x00000000f7880000)
 ParOldGen       total 75264K, used 62494K [0x00000000e0000000, 0x00000000e4980000, 0x00000000f5580000)
  object space 75264K, 83% used [0x00000000e0000000,0x00000000e3d07998,0x00000000e4980000)
 Metaspace       used 95898K, capacity 102540K, committed 102784K, reserved 1138688K
  class space    used 10726K, capacity 12852K, committed 12928K, reserved 1048576K
Event: 38222.081 GC heap after
Heap after GC invocations=1681 (full 413):
 PSYoungGen      total 29696K, used 4635K [0x00000000f5580000, 0x00000000f7880000, 0x0000000100000000)
  eden space 23552K, 0% used [0x00000000f5580000,0x00000000f5580000,0x00000000f6c80000)
  from space 6144K, 75% used [0x00000000f7280000,0x00000000f7706c10,0x00000000f7880000)
  to   space 6144K, 0% used [0x00000000f6c80000,0x00000000f6c80000,0x00000000f7280000)
 ParOldGen       total 75264K, used 62574K [0x00000000e0000000, 0x00000000e4980000, 0x00000000f5580000)
  object space 75264K, 83% used [0x00000000e0000000,0x00000000e3d1b998,0x00000000e4980000)
 Metaspace       used 95898K, capacity 102540K, committed 102784K, reserved 1138688K
  class space    used 10726K, capacity 12852K, committed 12928K, reserved 1048576K
}
Event: 38225.549 GC heap before
{Heap before GC invocations=1682 (full 413):
 PSYoungGen      total 29696K, used 28187K [0x00000000f5580000, 0x00000000f7880000, 0x0000000100000000)
  eden space 23552K, 100% used [0x00000000f5580000,0x00000000f6c80000,0x00000000f6c80000)
  from space 6144K, 75% used [0x00000000f7280000,0x00000000f7706c10,0x00000000f7880000)
  to   space 6144K, 0% used [0x00000000f6c80000,0x00000000f6c80000,0x00000000f7280000)
 ParOldGen       total 75264K, used 62574K [0x00000000e0000000, 0x00000000e4980000, 0x00000000f5580000)
  object space 75264K, 83% used [0x00000000e0000000,0x00000000e3d1b998,0x00000000e4980000)
 Metaspace       used 95958K, capacity 102546K, committed 103040K, reserved 1138688K
  class space    used 10733K, capacity 12853K, committed 12928K, reserved 1048576K
Event: 38225.555 GC heap after
Heap after GC invocations=1682 (full 413):
 PSYoungGen      total 29696K, used 4218K [0x00000000f5580000, 0x00000000f7880000, 0x0000000100000000)
  eden space 23552K, 0% used [0x00000000f5580000,0x00000000f5580000,0x00000000f6c80000)
  from space 6144K, 68% used [0x00000000f6c80000,0x00000000f709ebf0,0x00000000f7280000)
  to   space 6144K, 0% used [0x00000000f7280000,0x00000000f7280000,0x00000000f7880000)
 ParOldGen       total 75264K, used 62622K [0x00000000e0000000, 0x00000000e4980000, 0x00000000f5580000)
  object space 75264K, 83% used [0x00000000e0000000,0x00000000e3d27998,0x00000000e4980000)
 Metaspace       used 95958K, capacity 102546K, committed 103040K, reserved 1138688K
  class space    used 10733K, capacity 12853K, committed 12928K, reserved 1048576K
}

Deoptimization events (10 events):
Event: 38227.518 Thread 0x000000001f5f8000 Uncommon trap: reason=unstable_if action=reinterpret pc=0x0000000005ce3778 method=org.eclipse.core.internal.jobs.JobManager.nextJob()Lorg/eclipse/core/runtime/jobs/Job; @ 80
Event: 38227.518 Thread 0x000000001f5f8000 Uncommon trap: reason=unstable_if action=reinterpret pc=0x000000000843e8a4 method=org.eclipse.core.internal.jobs.WorkerPool.startJob(Lorg/eclipse/core/internal/jobs/Worker;)Lorg/eclipse/core/internal/jobs/InternalJob; @ 177
Event: 38227.518 Thread 0x000000001f5f7000 Uncommon trap: reason=unstable_if action=reinterpret pc=0x0000000005ce3778 method=org.eclipse.core.internal.jobs.JobManager.nextJob()Lorg/eclipse/core/runtime/jobs/Job; @ 80
Event: 38227.518 Thread 0x000000001e18c800 Uncommon trap: reason=unstable_if action=reinterpret pc=0x000000000843e8a4 method=org.eclipse.core.internal.jobs.WorkerPool.startJob(Lorg/eclipse/core/internal/jobs/Worker;)Lorg/eclipse/core/internal/jobs/InternalJob; @ 177
Event: 38227.519 Thread 0x00000000183b0800 Uncommon trap: reason=unstable_if action=reinterpret pc=0x000000000843e8a4 method=org.eclipse.core.internal.jobs.WorkerPool.startJob(Lorg/eclipse/core/internal/jobs/Worker;)Lorg/eclipse/core/internal/jobs/InternalJob; @ 177
Event: 38227.519 Thread 0x000000001f5f7000 Uncommon trap: reason=unstable_if action=reinterpret pc=0x000000000843e8a4 method=org.eclipse.core.internal.jobs.WorkerPool.startJob(Lorg/eclipse/core/internal/jobs/Worker;)Lorg/eclipse/core/internal/jobs/InternalJob; @ 177
Event: 38227.519 Thread 0x000000001f5f5800 Uncommon trap: reason=unstable_if action=reinterpret pc=0x000000000843e8a4 method=org.eclipse.core.internal.jobs.WorkerPool.startJob(Lorg/eclipse/core/internal/jobs/Worker;)Lorg/eclipse/core/internal/jobs/InternalJob; @ 177
Event: 38227.519 Thread 0x00000000183b3000 Uncommon trap: reason=unstable_if action=reinterpret pc=0x000000000843e8a4 method=org.eclipse.core.internal.jobs.WorkerPool.startJob(Lorg/eclipse/core/internal/jobs/Worker;)Lorg/eclipse/core/internal/jobs/InternalJob; @ 177
Event: 38227.519 Thread 0x000000001b6aa000 Uncommon trap: reason=unstable_if action=reinterpret pc=0x000000000843e8a4 method=org.eclipse.core.internal.jobs.WorkerPool.startJob(Lorg/eclipse/core/internal/jobs/Worker;)Lorg/eclipse/core/internal/jobs/InternalJob; @ 177
Event: 38228.488 Thread 0x0000000002f24000 Uncommon trap: reason=unstable_if action=reinterpret pc=0x0000000003d80880 method=sun.reflect.UnsafeStaticObjectFieldAccessorImpl.set(Ljava/lang/Object;Ljava/lang/Object;)V @ 13

Internal exceptions (10 events):
Event: 38225.696 Thread 0x0000000019c30000 Exception <a 'java/lang/InterruptedException'> (0x00000000f5e28478) thrown at [C:\re\workspace\8-2-build-windows-amd64-cygwin\jdk8u45\3627\hotspot\src\share\vm\runtime\objectMonitor.cpp, line 1683]
Event: 38226.011 Thread 0x0000000002f24000 Implicit null exception at 0x00000000081bdfdc to 0x00000000081be0f1
Event: 38226.075 Thread 0x0000000002f24000 Implicit null exception at 0x0000000007b5ab63 to 0x0000000007b5bed1
Event: 38226.092 Thread 0x000000001b6aa000 Implicit null exception at 0x0000000008c485cb to 0x0000000008c49f89
Event: 38226.214 Thread 0x000000001b61d000 Exception <a 'java/lang/InterruptedException'> (0x00000000f6657b38) thrown at [C:\re\workspace\8-2-build-windows-amd64-cygwin\jdk8u45\3627\hotspot\src\share\vm\runtime\objectMonitor.cpp, line 1683]
Event: 38227.527 Thread 0x000000001698e800 Exception <a 'java/lang/InterruptedException': sleep interrupted> (0x00000000f6921d58) thrown at [C:\re\workspace\8-2-build-windows-amd64-cygwin\jdk8u45\3627\hotspot\src\share\vm\prims\jvm.cpp, line 3211]
Event: 38227.528 Thread 0x0000000017fef800 Exception <a 'java/lang/InterruptedException'> (0x00000000f687b5f8) thrown at [C:\re\workspace\8-2-build-windows-amd64-cygwin\jdk8u45\3627\hotspot\src\share\vm\runtime\objectMonitor.cpp, line 1683]
Event: 38227.538 Thread 0x0000000016d7c000 Exception <a 'java/lang/InterruptedException'> (0x00000000f6922530) thrown at [C:\re\workspace\8-2-build-windows-amd64-cygwin\jdk8u45\3627\hotspot\src\share\vm\runtime\objectMonitor.cpp, line 1683]
Event: 38228.488 Thread 0x000000001666d800 Exception <a 'java/lang/InterruptedException'> (0x00000000f6921a70) thrown at [C:\re\workspace\8-2-build-windows-amd64-cygwin\jdk8u45\3627\hotspot\src\share\vm\runtime\objectMonitor.cpp, line 1683]
Event: 38228.488 Thread 0x0000000002f24000 Implicit null exception at 0x0000000003d80537 to 0x0000000003d8086d

Events (10 events):
Event: 38228.489 loading class java/util/IdentityHashMap$IdentityHashMapIterator
Event: 38228.505 loading class java/util/IdentityHashMap$IdentityHashMapIterator done
Event: 38228.505 loading class java/util/IdentityHashMap$KeyIterator done
Event: 38228.505 Thread 0x000000001f5f8000 Thread added: 0x000000001f5f8000
Event: 38228.505 Executing VM operation: RevokeBias
Event: 38228.506 Executing VM operation: RevokeBias done
Event: 38228.506 Executing VM operation: RevokeBias
Event: 38228.506 Executing VM operation: RevokeBias done
Event: 38228.506 Thread 0x000000001f5f8000 Thread exited: 0x000000001f5f8000
Event: 38228.508 Executing VM operation: Exit


Dynamic libraries:
0x0000000000400000 - 0x000000000044f000 	D:\Xilinx\SDK\2015.4\eclipse\win64.o\eclipse.exe
0x00007ffb732e0000 - 0x00007ffb734b2000 	C:\Windows\SYSTEM32\ntdll.dll
0x00007ffb724b0000 - 0x00007ffb7255c000 	C:\Windows\System32\KERNEL32.DLL
0x00007ffb70430000 - 0x00007ffb7064d000 	C:\Windows\System32\KERNELBASE.dll
0x00007ffb72100000 - 0x00007ffb72265000 	C:\Windows\System32\USER32.dll
0x00007ffb70650000 - 0x00007ffb7066e000 	C:\Windows\System32\win32u.dll
0x00007ffb73070000 - 0x00007ffb730a4000 	C:\Windows\System32\GDI32.dll
0x00007ffb6f9a0000 - 0x00007ffb6fb20000 	C:\Windows\System32\gdi32full.dll
0x00007ffb708f0000 - 0x00007ffb7098e000 	C:\Windows\System32\msvcrt.dll
0x00007ffb5af40000 - 0x00007ffb5b1ba000 	C:\Windows\WinSxS\amd64_microsoft.windows.common-controls_6595b64144ccf1df_6.0.14393.953_none_42151e83c686086b\COMCTL32.dll
0x00007ffb72da0000 - 0x00007ffb73068000 	C:\Windows\System32\combase.dll
0x00007ffb6f7e0000 - 0x00007ffb6f8d5000 	C:\Windows\System32\ucrtbase.dll
0x00007ffb731b0000 - 0x00007ffb732d1000 	C:\Windows\System32\RPCRT4.dll
0x00007ffb6f8e0000 - 0x00007ffb6f94a000 	C:\Windows\System32\bcryptPrimitives.dll
0x00007ffb72070000 - 0x00007ffb7209e000 	C:\Windows\System32\IMM32.DLL
0x0000000072000000 - 0x0000000072012000 	D:\Xilinx\SDK\2015.4\eclipse\win64.o\plugins\org.eclipse.equinox.launcher.win32.win32.x86_64_1.1.200.v20140116-2212\eclipse_1503.dll
0x00007ffb72720000 - 0x00007ffb727c2000 	C:\Windows\System32\ADVAPI32.dll
0x00007ffb722f0000 - 0x00007ffb72349000 	C:\Windows\System32\sechost.dll
0x00007ffb6aac0000 - 0x00007ffb6aaca000 	C:\Windows\SYSTEM32\VERSION.dll
0x00007ffb6e010000 - 0x00007ffb6e0a5000 	C:\Windows\system32\uxtheme.dll
0x00007ffb72350000 - 0x00007ffb724aa000 	C:\Windows\System32\MSCTF.dll
0x00007ffb72560000 - 0x00007ffb7261f000 	C:\Windows\System32\OLEAUT32.dll
0x00007ffb70720000 - 0x00007ffb707bc000 	C:\Windows\System32\msvcp_win.dll
0x0000000002690000 - 0x0000000002f13000 	D:\Xilinx\SDK\2015.4\tps\win64\jre\bin\server\jvm.dll
0x00007ffb70870000 - 0x00007ffb70878000 	C:\Windows\System32\PSAPI.DLL
0x00007ffb69b10000 - 0x00007ffb69b19000 	C:\Windows\SYSTEM32\WSOCK32.dll
0x00007ffb6d610000 - 0x00007ffb6d633000 	C:\Windows\SYSTEM32\WINMM.dll
0x0000000074f30000 - 0x0000000075002000 	C:\Windows\SYSTEM32\MSVCR100.dll
0x00007ffb70880000 - 0x00007ffb708ea000 	C:\Windows\System32\WS2_32.dll
0x00007ffb6d570000 - 0x00007ffb6d59b000 	C:\Windows\SYSTEM32\WINMMBASE.dll
0x00007ffb6f950000 - 0x00007ffb6f992000 	C:\Windows\System32\cfgmgr32.dll
0x0000000072380000 - 0x000000007238f000 	D:\Xilinx\SDK\2015.4\tps\win64\jre\bin\verify.dll
0x0000000071910000 - 0x0000000071939000 	D:\Xilinx\SDK\2015.4\tps\win64\jre\bin\java.dll
0x00000000718f0000 - 0x0000000071906000 	D:\Xilinx\SDK\2015.4\tps\win64\jre\bin\zip.dll
0x00007ffb70990000 - 0x00007ffb71e98000 	C:\Windows\System32\SHELL32.dll
0x00007ffb6fb20000 - 0x00007ffb701f8000 	C:\Windows\System32\windows.storage.dll
0x00007ffb6f750000 - 0x00007ffb6f79c000 	C:\Windows\System32\powrprof.dll
0x00007ffb720a0000 - 0x00007ffb720f2000 	C:\Windows\System32\shlwapi.dll
0x00007ffb6f7c0000 - 0x00007ffb6f7cf000 	C:\Windows\System32\kernel.appcore.dll
0x00007ffb707c0000 - 0x00007ffb70869000 	C:\Windows\System32\shcore.dll
0x00007ffb6f7a0000 - 0x00007ffb6f7b4000 	C:\Windows\System32\profapi.dll
0x00007ffb6f1d0000 - 0x00007ffb6f1e7000 	C:\Windows\SYSTEM32\CRYPTSP.dll
0x00007ffb6ec20000 - 0x00007ffb6ec53000 	C:\Windows\system32\rsaenh.dll
0x00007ffb6f690000 - 0x00007ffb6f6bb000 	C:\Windows\SYSTEM32\bcrypt.dll
0x00007ffb6eea0000 - 0x00007ffb6eebf000 	C:\Windows\SYSTEM32\USERENV.dll
0x00007ffb6f1c0000 - 0x00007ffb6f1cb000 	C:\Windows\SYSTEM32\CRYPTBASE.dll
0x00000000718d0000 - 0x00000000718ea000 	D:\Xilinx\SDK\2015.4\tps\win64\jre\bin\net.dll
0x00007ffb6f020000 - 0x00007ffb6f07c000 	C:\Windows\system32\mswsock.dll
0x00007ffb6eda0000 - 0x00007ffb6edd8000 	C:\Windows\SYSTEM32\IPHLPAPI.DLL
0x00007ffb722e0000 - 0x00007ffb722e8000 	C:\Windows\System32\NSI.dll
0x00007ffb673e0000 - 0x00007ffb673f6000 	C:\Windows\SYSTEM32\dhcpcsvc6.DLL
0x00007ffb67320000 - 0x00007ffb6733a000 	C:\Windows\SYSTEM32\dhcpcsvc.DLL
0x00000000718b0000 - 0x00000000718c1000 	D:\Xilinx\SDK\2015.4\tps\win64\jre\bin\nio.dll
0x00007ffb5c310000 - 0x00007ffb5c326000 	C:\Windows\system32\napinsp.dll
0x00007ffb5c350000 - 0x00007ffb5c36a000 	C:\Windows\system32\pnrpnsp.dll
0x00007ffb6b8e0000 - 0x00007ffb6b8f8000 	C:\Windows\system32\NLAapi.dll
0x00007ffb6ede0000 - 0x00007ffb6ee81000 	C:\Windows\SYSTEM32\DNSAPI.dll
0x00007ffb629c0000 - 0x00007ffb629ce000 	C:\Windows\System32\winrnr.dll
0x0000000063560000 - 0x0000000063569000 	C:\Program Files\National Instruments\Shared\mDNS Responder\nimdnsNSP.dll
0x0000000063550000 - 0x000000006355e000 	C:\Windows\SYSTEM32\nimdnsResponder.dll
0x0000000075380000 - 0x0000000075423000 	C:\Windows\WinSxS\amd64_microsoft.vc90.crt_1fc8b3b9a1e18e3b_9.0.30729.9247_none_08e394a1a83e212f\MSVCR90.dll
0x0000000075350000 - 0x0000000075376000 	C:\Program Files\Bonjour\mdnsNSP.dll
0x00007ffb660d0000 - 0x00007ffb660da000 	C:\Windows\System32\rasadhlp.dll
0x00007ffb67b70000 - 0x00007ffb67bda000 	C:\Windows\System32\fwpuclnt.dll
0x00000000176b0000 - 0x0000000017758000 	C:\Users\4230\.Xilinx\SDK\2015.4\org.eclipse.osgi\bundles\303\1\.cp\swt-win32-4335.dll
0x00007ffb727d0000 - 0x00007ffb72908000 	C:\Windows\System32\ole32.dll
0x00007ffb730b0000 - 0x00007ffb731aa000 	C:\Windows\System32\comdlg32.dll
0x00007ffb70260000 - 0x00007ffb70429000 	C:\Windows\System32\CRYPT32.dll
0x00007ffb650e0000 - 0x00007ffb65166000 	C:\Windows\SYSTEM32\WINSPOOL.DRV
0x00007ffb6f7d0000 - 0x00007ffb6f7e0000 	C:\Windows\System32\MSASN1.dll
0x00007ffb66ed0000 - 0x00007ffb66ee9000 	C:\Windows\SYSTEM32\USP10.dll
0x00007ffb54480000 - 0x00007ffb5474a000 	C:\Windows\SYSTEM32\WININET.dll
0x00007ffb6d530000 - 0x00007ffb6d556000 	C:\Windows\system32\dwmapi.dll
0x00007ffb6d0a0000 - 0x00007ffb6d225000 	C:\Windows\SYSTEM32\propsys.dll
0x00007ffb72620000 - 0x00007ffb726bf000 	C:\Windows\System32\clbcatq.dll
0x0000000017140000 - 0x000000001715e000 	C:\Users\4230\.Xilinx\SDK\2015.4\org.eclipse.osgi\bundles\303\1\.cp\swt-gdip-win32-4335.dll
0x00007ffb53950000 - 0x00007ffb53ae9000 	C:\Windows\WinSxS\amd64_microsoft.windows.gdiplus_6595b64144ccf1df_1.1.14393.1715_none_aec701fbddd850fa\gdiplus.dll
0x00007ffb6c520000 - 0x00007ffb6c6c8000 	C:\Windows\SYSTEM32\WindowsCodecs.dll
0x0000000180000000 - 0x0000000180012000 	C:\Users\4230\.Xilinx\SDK\2015.4\org.eclipse.osgi\bundles\121\1\.cp\os\win32\x86_64\localfile_1_0_0.dll
0x00007ffb5acc0000 - 0x00007ffb5acd1000 	C:\Users\4230\.Xilinx\SDK\2015.4\org.eclipse.osgi\bundles\124\1\.cp\jWinHttp-1.0.0.dll
0x00007ffb6c420000 - 0x00007ffb6c4ed000 	C:\Windows\SYSTEM32\WINHTTP.dll
0x00007ffb65db0000 - 0x00007ffb65e15000 	C:\Windows\SYSTEM32\oleacc.dll
0x00007ffb6a2b0000 - 0x00007ffb6a2bf000 	D:\Xilinx\SDK\2015.4\lib\win64.o\librdi_repo_manager.dll
0x00007ffb1fff0000 - 0x00007ffb201dc000 	D:\Xilinx\SDK\2015.4\lib\win64.o\librdi_hsm.dll
0x00007ffb20750000 - 0x00007ffb210dd000 	D:\Xilinx\SDK\2015.4\lib\win64.o\librdi_common.dll
0x00007ffb4a9d0000 - 0x00007ffb4a9fa000 	D:\Xilinx\SDK\2015.4\lib\win64.o\libisl_sysinfo.dll
0x00007ffb4fc60000 - 0x00007ffb4fd07000 	C:\Windows\SYSTEM32\MSVCP110.dll
0x00007ffb4fd10000 - 0x00007ffb4fde4000 	C:\Windows\SYSTEM32\MSVCR110.dll
0x00007ffb4a970000 - 0x00007ffb4a9c4000 	D:\Xilinx\SDK\2015.4\lib\win64.o\librdi_commonxillic.dll
0x00007ffb24ea0000 - 0x00007ffb2520e000 	D:\Xilinx\SDK\2015.4\lib\win64.o\libCOIN-all.dll
0x00007ffb479b0000 - 0x00007ffb47bce000 	D:\Xilinx\SDK\2015.4\lib\win64.o\libXil_lmgr11.dll
0x00007ffb70200000 - 0x00007ffb70255000 	C:\Windows\System32\WINTRUST.dll
0x00007ffb66260000 - 0x00007ffb66270000 	D:\Xilinx\SDK\2015.4\lib\win64.o\libboost_date_time.dll
0x00007ffb4a940000 - 0x00007ffb4a962000 	D:\Xilinx\SDK\2015.4\lib\win64.o\libboost_filesystem.dll
0x00007ffb49780000 - 0x00007ffb497f4000 	D:\Xilinx\SDK\2015.4\lib\win64.o\libboost_program_options.dll
0x00007ffb47e80000 - 0x00007ffb47f7a000 	D:\Xilinx\SDK\2015.4\lib\win64.o\libboost_regex.dll
0x00007ffb4b010000 - 0x00007ffb4b023000 	D:\Xilinx\SDK\2015.4\lib\win64.o\libboost_signals.dll
0x00007ffb5ada0000 - 0x00007ffb5ada9000 	D:\Xilinx\SDK\2015.4\lib\win64.o\libboost_system.dll
0x00007ffb4a920000 - 0x00007ffb4a93d000 	D:\Xilinx\SDK\2015.4\lib\win64.o\libboost_thread.dll
0x00007ffb5ac90000 - 0x00007ffb5ac9b000 	D:\Xilinx\SDK\2015.4\lib\win64.o\libboost_xilinx.dll
0x00007ffb49700000 - 0x00007ffb49780000 	D:\Xilinx\SDK\2015.4\lib\win64.o\libhdlpsolve.dll
0x00007ffb20310000 - 0x00007ffb20744e00 	D:\Xilinx\SDK\2015.4\lib\win64.o\libisl_iostreams.dll
0x00007ffb47de0000 - 0x00007ffb47e7a000 	D:\Xilinx\SDK\2015.4\lib\win64.o\libhdxml.dll
0x00007ffb201e0000 - 0x00007ffb20310000 	D:\Xilinx\SDK\2015.4\lib\win64.o\librdi_curl.dll
0x00007ffb498a0000 - 0x00007ffb498b8000 	D:\Xilinx\SDK\2015.4\lib\win64.o\librdiconfig.dll
0x00007ffb49870000 - 0x00007ffb49893000 	D:\Xilinx\SDK\2015.4\lib\win64.o\librdizlib.dll
0x0000000071940000 - 0x0000000071a67000 	D:\Xilinx\SDK\2015.4\lib\win64.o\tcl85t.dll
0x00007ffb642f0000 - 0x00007ffb644b3000 	C:\Windows\SYSTEM32\urlmon.dll
0x00000000255b0000 - 0x0000000025813000 	D:\Xilinx\SDK\2015.4\lib\win64.o\xerces-c_3_1.dll
0x00007ffb50f70000 - 0x00007ffb50f93000 	C:\Windows\SYSTEM32\VCOMP110.DLL
0x00007ffb66fd0000 - 0x00007ffb66fe8000 	C:\Windows\SYSTEM32\NETAPI32.dll
0x00007ffb5ac50000 - 0x00007ffb5ac5b000 	D:\Xilinx\SDK\2015.4\lib\win64.o\libboost_chrono.dll
0x00007ffb48950000 - 0x00007ffb48966000 	D:\Xilinx\SDK\2015.4\lib\win64.o\libboost_iostreams.dll
0x00007ffb47db0000 - 0x00007ffb47dd3000 	D:\Xilinx\SDK\2015.4\lib\win64.o\libisl_iosutils.dll
0x00007ffb68e60000 - 0x00007ffb69105000 	C:\Windows\SYSTEM32\iertutil.dll
0x00007ffb48930000 - 0x00007ffb48945000 	D:\Xilinx\SDK\2015.4\lib\win64.o\pthreadVC2.dll
0x00007ffb47960000 - 0x00007ffb479a3000 	D:\Xilinx\SDK\2015.4\lib\win64.o\librdi_hdf.dll
0x00007ffb1fd90000 - 0x00007ffb1ffe5000 	D:\Xilinx\SDK\2015.4\lib\win64.o\librdi_ippcw.dll
0x00007ffb6db70000 - 0x00007ffb6db77000 	C:\Windows\SYSTEM32\msimg32.dll
0x00007ffb6d250000 - 0x00007ffb6d292000 	C:\Windows\SYSTEM32\edputil.dll
0x00007ffb1ed40000 - 0x00007ffb1f550000 	D:\Xilinx\SDK\2015.4\lib\win64.o\libXil_lmgr11FNP.dll
0x00007ffb72910000 - 0x00007ffb72d39000 	C:\Windows\System32\SETUPAPI.dll
0x00007ffb55630000 - 0x00007ffb5563c000 	C:\Windows\SYSTEM32\snmpapi.dll
0x00007ffb6f3c0000 - 0x00007ffb6f3ec000 	C:\Windows\SYSTEM32\SspiCli.dll
0x00007ffb6e480000 - 0x00007ffb6e4a8000 	C:\Windows\SYSTEM32\DEVOBJ.dll
0x00007ffb6a3b0000 - 0x00007ffb6a3c6000 	D:\Xilinx\SDK\2015.4\eclipse\win64.o\plugins\org.eclipse.cdt.core.win32.x86_64_5.2.0.201402142303\os\win32\x86_64\spawner.dll
0x00007ffb6a3a0000 - 0x00007ffb6a3aa000 	D:\Xilinx\SDK\2015.4\lib\win64.o\librdi_jtag_settings.dll
0x00007ffb6a320000 - 0x00007ffb6a349000 	D:\Xilinx\SDK\2015.4\lib\win64.o\librdi_debug_dialog.dll

VM Arguments:
jvm_args: -Dcom.xilinx.sdk.args.hwspec=D:/SMartCart/SMartCart/hdl_prj/vivado_ip_prj/vivado_prj.sdk/system_top_wrapper.hdf -Xms64m -Xmx512m & 
java_command: <unknown>
java_class_path (initial): D:\Xilinx\SDK\2015.4\eclipse\win64.o\\plugins/org.eclipse.equinox.launcher_1.3.0.v20130327-1440.jar
Launcher Type: generic

Environment Variables:
JAVA_HOME=C:\Program Files\Java\jdk1.8.0_121
USERNAME=4230
OS=Windows_NT
PROCESSOR_IDENTIFIER=Intel64 Family 6 Model 94 Stepping 3, GenuineIntel



---------------  S Y S T E M  ---------------

OS: Windows 10.0 , 64 bit Build 14393 (10.0.14393.1198)

CPU:total 4 (4 cores per cpu, 1 threads per core) family 6 model 94 stepping 3, cmov, cx8, fxsr, mmx, sse, sse2, sse3, ssse3, sse4.1, sse4.2, popcnt, avx, avx2, aes, clmul, erms, 3dnowpref, lzcnt, tsc, tscinvbit, bmi1, bmi2, adx

Memory: 4k page, physical 8343204k(2685492k free), swap 10984764k(4454868k free)

vm_info: Java HotSpot(TM) 64-Bit Server VM (25.45-b02) for windows-amd64 JRE (1.8.0_45-b15), built on Apr 30 2015 12:40:44 by "java_re" with MS VC++ 10.0 (VS2010)

time: Wed Nov 08 18:42:33 2017
elapsed time: 38229 seconds (0d 10h 37m 9s)

