#
# A fatal error has been detected by the Java Runtime Environment:
#
#  EXCEPTION_UNCAUGHT_CXX_EXCEPTION (0xe06d7363) at pc=0x00007fff2d543c58, pid=12832, tid=16188
#
# JRE version: Java(TM) SE Runtime Environment (8.0_45-b15) (build 1.8.0_45-b15)
# Java VM: Java HotSpot(TM) 64-Bit Server VM (25.45-b02 mixed mode windows-amd64 compressed oops)
# Problematic frame:
# C  [KERNELBASE.dll+0x33c58]
#
# Failed to write core dump. Minidumps are not enabled by default on client versions of Windows
#
# If you would like to submit a bug report, please visit:
#   http://bugreport.java.com/bugreport/crash.jsp
#

---------------  T H R E A D  ---------------

Current thread (0x0000000013b18000):  VMThread [stack: 0x0000000014ba0000,0x0000000014ca0000] [id=16188]

siginfo: ExceptionCode=0xe06d7363, ExceptionInformation=0x0000000019930520 0x0000000014c9f448 0x00007fff08c12cb8 0x00007fff08b60000 

Registers:
RAX=0x004c0044002e006c, RBX=0x00007fff08c12cb8, RCX=0x000000000000004c, RDX=0x0000000000000000
RSP=0x0000000014c9f290, RBP=0x0000000014c9f3d0, RSI=0x00000000ffffffff, RDI=0x000000000053bd80
R8 =0x0000000000000000, R9 =0x0000000000000000, R10=0x0000000000000000, R11=0x0000000000000000
R12=0x0000000000000001, R13=0x0000000000000008, R14=0x0000000000000000, R15=0xffffffffffffffff
RIP=0x00007fff2d543c58, EFLAGS=0x0000000000000202

Top of Stack: (sp=0x0000000014c9f290)
0x0000000014c9f290:   0000000000000000 00007fff08c12cb8
0x0000000014c9f2a0:   00000000ffffffff 000000000053bd80
0x0000000014c9f2b0:   00000001e06d7363 0000000000000000
0x0000000014c9f2c0:   00007fff2d543c58 0000000000000004
0x0000000014c9f2d0:   0000000019930520 0000000014c9f448
0x0000000014c9f2e0:   00007fff08c12cb8 00007fff08b60000
0x0000000014c9f2f0:   0000000000000008 0000000000000001
0x0000000014c9f300:   000000000053bd80 00000000ffffffff
0x0000000014c9f310:   0000000014c9f3d0 00007fff301ec28f
0x0000000014c9f320:   0000000014c9f3e0 0000000000000000
0x0000000014c9f330:   0000a9cf4cdf16b9 0000000000000001
0x0000000014c9f340:   00007fff08c29000 00007fff08b60000
0x0000000014c9f350:   0000abb01f44077e 000000000000003f
0x0000000014c9f360:   00007fff08c12cb8 00007fff08bbe92c
0x0000000014c9f370:   000000000000001f 0000000000000008
0x0000000014c9f380:   0000000000000001 000000000053bd80 

Instructions: (pc=0x00007fff2d543c58)
0x00007fff2d543c38:   49 8b d1 44 0f 47 c0 44 89 44 24 38 49 c1 e0 03
0x00007fff2d543c48:   e8 47 90 04 00 48 8d 4c 24 20 ff 15 c0 44 11 00
0x00007fff2d543c58:   48 8b 8c 24 c0 00 00 00 48 33 cc e8 d8 55 04 00
0x00007fff2d543c68:   48 81 c4 d8 00 00 00 c3 83 64 24 38 00 eb d6 cc 


Register to memory mapping:

RAX=0x004c0044002e006c is an unknown value
RBX=0x00007fff08c12cb8 is an unknown value
RCX=0x000000000000004c is an unknown value
RDX=0x0000000000000000 is an unknown value
RSP=0x0000000014c9f290 is an unknown value
RBP=0x0000000014c9f3d0 is an unknown value
RSI=0x00000000ffffffff is an unallocated location in the heap
RDI=0x000000000053bd80 is an unknown value
R8 =0x0000000000000000 is an unknown value
R9 =0x0000000000000000 is an unknown value
R10=0x0000000000000000 is an unknown value
R11=0x0000000000000000 is an unknown value
R12=0x0000000000000001 is an unknown value
R13=0x0000000000000008 is an unknown value
R14=0x0000000000000000 is an unknown value
R15=0xffffffffffffffff is an unknown value


Stack: [0x0000000014ba0000,0x0000000014ca0000],  sp=0x0000000014c9f290,  free space=1020k
Native frames: (J=compiled Java code, j=interpreted, Vv=VM code, C=native code)
C  [KERNELBASE.dll+0x33c58]
C  [MSVCR110.dll+0x5e92c]
C  [MSVCR110.dll+0x1315c]
C  [MSVCR110.dll+0x136a9]
C  [MSVCR110.dll+0x13e9c]
C  [MSVCR110.dll+0x239e]
C  [MSVCR110.dll+0xaf9e]
C  [MSVCP110.dll+0x397b9]
C  [librdi_common.dll+0x14283e]
C  [librdi_common.dll+0x141449]
C  0x00007fff24662400
C  0x00007fff24662682
C  [ntdll.dll+0x2a37f]
C  [ntdll.dll+0x806b]
C  [ntdll.dll+0x7d94]
C  [KERNEL32.DLL+0x1ce6a]
C  [MSVCR100.dll+0x20ccd]
V  [jvm.dll+0x20f135]
V  [jvm.dll+0x247ef7]
V  [jvm.dll+0x247196]
V  [jvm.dll+0x247631]
V  [jvm.dll+0x24784e]
V  [jvm.dll+0x29853a]
C  [MSVCR100.dll+0x21d9f]
C  [MSVCR100.dll+0x21e3b]
C  [KERNEL32.DLL+0x8364]
C  [ntdll.dll+0x67091]

VM_Operation (0x000000000014f500): Exit, mode: safepoint, requested by thread 0x0000000002614000


---------------  P R O C E S S  ---------------

Java Threads: ( => current thread )
  0x0000000021dfa800 JavaThread "Thread-18" daemon [_thread_blocked, id=13396, stack(0x000000002a410000,0x000000002a510000)]
  0x0000000021df6000 JavaThread "TCF Locator DNS Lookup" daemon [_thread_blocked, id=2580, stack(0x00000000246e0000,0x00000000247e0000)]
  0x0000000021df4800 JavaThread "TCF Locator Timer" daemon [_thread_blocked, id=12904, stack(0x00000000245e0000,0x00000000246e0000)]
  0x0000000021df2800 JavaThread "TCF Locator Receiver" daemon [_thread_in_native, id=14640, stack(0x00000000244e0000,0x00000000245e0000)]
  0x000000001e825000 JavaThread "TCF Timer Dispatcher" daemon [_thread_blocked, id=15980, stack(0x0000000023f10000,0x0000000024010000)]
  0x000000001609f000 JavaThread "EMF Reference Cleaner" daemon [_thread_blocked, id=16752, stack(0x0000000018550000,0x0000000018650000)]
  0x00000000153c8800 JavaThread "Service Thread" daemon [_thread_blocked, id=17068, stack(0x00000000157a0000,0x00000000158a0000)]
  0x0000000013b58800 JavaThread "C1 CompilerThread2" daemon [_thread_blocked, id=6884, stack(0x00000000152a0000,0x00000000153a0000)]
  0x0000000013b53800 JavaThread "C2 CompilerThread1" daemon [_thread_blocked, id=12828, stack(0x00000000151a0000,0x00000000152a0000)]
  0x0000000013b51800 JavaThread "C2 CompilerThread0" daemon [_thread_blocked, id=10064, stack(0x00000000150a0000,0x00000000151a0000)]
  0x0000000013b63000 JavaThread "Attach Listener" daemon [_thread_blocked, id=10308, stack(0x0000000014fa0000,0x00000000150a0000)]
  0x0000000013b61800 JavaThread "Signal Dispatcher" daemon [_thread_blocked, id=14508, stack(0x0000000014ea0000,0x0000000014fa0000)]
  0x0000000002709800 JavaThread "Finalizer" daemon [_thread_blocked, id=16092, stack(0x0000000014da0000,0x0000000014ea0000)]
  0x0000000002701800 JavaThread "Reference Handler" daemon [_thread_blocked, id=14860, stack(0x0000000014ca0000,0x0000000014da0000)]
  0x0000000002614000 JavaThread "main" [_thread_blocked, id=11368, stack(0x0000000000050000,0x0000000000150000)]

Other Threads:
=>0x0000000013b18000 VMThread [stack: 0x0000000014ba0000,0x0000000014ca0000] [id=16188]

VM state:at safepoint (shutting down)

VM Mutex/Monitor currently owned by a thread:  ([mutex/lock_event])
[0x00000000026105d0] Threads_lock - owner thread: 0x0000000013b18000

Heap:
 PSYoungGen      total 96768K, used 69302K [0x00000000f5580000, 0x00000000fd400000, 0x0000000100000000)
  eden space 71680K, 62% used [0x00000000f5580000,0x00000000f81853c8,0x00000000f9b80000)
  from space 25088K, 96% used [0x00000000fb700000,0x00000000fcea8530,0x00000000fcf80000)
  to   space 28160K, 0% used [0x00000000f9b80000,0x00000000f9b80000,0x00000000fb700000)
 ParOldGen       total 98304K, used 40536K [0x00000000e0000000, 0x00000000e6000000, 0x00000000f5580000)
  object space 98304K, 41% used [0x00000000e0000000,0x00000000e2796218,0x00000000e6000000)
 Metaspace       used 79922K, capacity 86450K, committed 86656K, reserved 1124352K
  class space    used 10048K, capacity 12125K, committed 12160K, reserved 1048576K

Card table byte_map: [0x0000000011af0000,0x0000000011c00000] byte_map_base: 0x00000000113f0000

Marking Bits: (ParMarkBitMap*) 0x0000000056d24040
 Begin Bits: [0x00000000120b0000, 0x00000000128b0000)
 End Bits:   [0x00000000128b0000, 0x00000000130b0000)

Polling page: 0x00000000025c0000

CodeCache: size=245760Kb used=25623Kb max_used=25825Kb free=220136Kb
 bounds [0x0000000002730000, 0x00000000040a0000, 0x0000000011730000]
 total_blobs=8355 nmethods=7507 adapters=755
 compilation: enabled

Compilation events (10 events):
Event: 53.163 Thread 0x0000000013b58800 nmethod 9186 0x0000000003a57e50 code [0x0000000003a58020, 0x0000000003a58768]
Event: 53.177 Thread 0x0000000013b58800 9187   !   3       org.eclipse.osgi.internal.baseadaptor.BaseStorage::compact (215 bytes)
Event: 53.177 Thread 0x0000000013b51800 nmethod 9147 0x0000000003d77210 code [0x0000000003d776e0, 0x0000000003d7dc30]
Event: 53.178 Thread 0x0000000013b53800 9188       4       java.io.WinNTFileSystem::resolve (231 bytes)
Event: 53.178 Thread 0x0000000013b58800 nmethod 9187 0x0000000003d73410 code [0x0000000003d73860, 0x0000000003d75d28]
Event: 53.184 Thread 0x0000000013b53800 nmethod 9188 0x0000000002a75c10 code [0x0000000002a75da0, 0x0000000002a76678]
Event: 53.222 Thread 0x0000000013b51800 9189       4       java.io.File::<init> (113 bytes)
Event: 53.224 Thread 0x0000000013b51800 nmethod 9189 0x00000000035490d0 code [0x0000000003549240, 0x00000000035495f8]
Event: 53.249 Thread 0x0000000013b58800 9190       3       org.eclipse.osgi.framework.internal.core.AbstractBundle::close (52 bytes)
Event: 53.250 Thread 0x0000000013b58800 nmethod 9190 0x000000000406db10 code [0x000000000406dd40, 0x000000000406ea48]

GC Heap History (10 events):
Event: 8.787 GC heap before
{Heap before GC invocations=13 (full 3):
 PSYoungGen      total 75776K, used 16880K [0x00000000f5580000, 0x00000000fba00000, 0x0000000100000000)
  eden space 58880K, 0% used [0x00000000f5580000,0x00000000f5580000,0x00000000f8f00000)
  from space 16896K, 99% used [0x00000000fa300000,0x00000000fb37c108,0x00000000fb380000)
  to   space 20480K, 0% used [0x00000000f8f00000,0x00000000f8f00000,0x00000000fa300000)
 ParOldGen       total 67072K, used 28546K [0x00000000e0000000, 0x00000000e4180000, 0x00000000f5580000)
  object space 67072K, 42% used [0x00000000e0000000,0x00000000e1be0ae0,0x00000000e4180000)
 Metaspace       used 54556K, capacity 59094K, committed 59160K, reserved 1099776K
  class space    used 6676K, capacity 8052K, committed 8064K, reserved 1048576K
Event: 8.915 GC heap after
Heap after GC invocations=13 (full 3):
 PSYoungGen      total 75776K, used 0K [0x00000000f5580000, 0x00000000fba00000, 0x0000000100000000)
  eden space 58880K, 0% used [0x00000000f5580000,0x00000000f5580000,0x00000000f8f00000)
  from space 16896K, 0% used [0x00000000fa300000,0x00000000fa300000,0x00000000fb380000)
  to   space 20480K, 0% used [0x00000000f8f00000,0x00000000f8f00000,0x00000000fa300000)
 ParOldGen       total 98304K, used 40504K [0x00000000e0000000, 0x00000000e6000000, 0x00000000f5580000)
  object space 98304K, 41% used [0x00000000e0000000,0x00000000e278e218,0x00000000e6000000)
 Metaspace       used 54556K, capacity 59094K, committed 59160K, reserved 1099776K
  class space    used 6676K, capacity 8052K, committed 8064K, reserved 1048576K
}
Event: 9.948 GC heap before
{Heap before GC invocations=14 (full 3):
 PSYoungGen      total 75776K, used 58880K [0x00000000f5580000, 0x00000000fba00000, 0x0000000100000000)
  eden space 58880K, 100% used [0x00000000f5580000,0x00000000f8f00000,0x00000000f8f00000)
  from space 16896K, 0% used [0x00000000fa300000,0x00000000fa300000,0x00000000fb380000)
  to   space 20480K, 0% used [0x00000000f8f00000,0x00000000f8f00000,0x00000000fa300000)
 ParOldGen       total 98304K, used 40504K [0x00000000e0000000, 0x00000000e6000000, 0x00000000f5580000)
  object space 98304K, 41% used [0x00000000e0000000,0x00000000e278e218,0x00000000e6000000)
 Metaspace       used 66077K, capacity 71324K, committed 71552K, reserved 1112064K
  class space    used 8233K, capacity 9768K, committed 9856K, reserved 1048576K
Event: 9.955 GC heap after
Heap after GC invocations=14 (full 3):
 PSYoungGen      total 79360K, used 16346K [0x00000000f5580000, 0x00000000fc300000, 0x0000000100000000)
  eden space 58880K, 0% used [0x00000000f5580000,0x00000000f5580000,0x00000000f8f00000)
  from space 20480K, 79% used [0x00000000f8f00000,0x00000000f9ef6b20,0x00000000fa300000)
  to   space 22016K, 0% used [0x00000000fad80000,0x00000000fad80000,0x00000000fc300000)
 ParOldGen       total 98304K, used 40512K [0x00000000e0000000, 0x00000000e6000000, 0x00000000f5580000)
  object space 98304K, 41% used [0x00000000e0000000,0x00000000e2790218,0x00000000e6000000)
 Metaspace       used 66077K, capacity 71324K, committed 71552K, reserved 1112064K
  class space    used 8233K, capacity 9768K, committed 9856K, reserved 1048576K
}
Event: 11.810 GC heap before
{Heap before GC invocations=15 (full 3):
 PSYoungGen      total 79360K, used 75226K [0x00000000f5580000, 0x00000000fc300000, 0x0000000100000000)
  eden space 58880K, 100% used [0x00000000f5580000,0x00000000f8f00000,0x00000000f8f00000)
  from space 20480K, 79% used [0x00000000f8f00000,0x00000000f9ef6b20,0x00000000fa300000)
  to   space 22016K, 0% used [0x00000000fad80000,0x00000000fad80000,0x00000000fc300000)
 ParOldGen       total 98304K, used 40512K [0x00000000e0000000, 0x00000000e6000000, 0x00000000f5580000)
  object space 98304K, 41% used [0x00000000e0000000,0x00000000e2790218,0x00000000e6000000)
 Metaspace       used 68944K, capacity 74626K, committed 74880K, reserved 1114112K
  class space    used 8622K, capacity 10302K, committed 10368K, reserved 1048576K
Event: 11.820 GC heap after
Heap after GC invocations=15 (full 3):
 PSYoungGen      total 89088K, used 16386K [0x00000000f5580000, 0x00000000fc400000, 0x0000000100000000)
  eden space 67072K, 0% used [0x00000000f5580000,0x00000000f5580000,0x00000000f9700000)
  from space 22016K, 74% used [0x00000000fad80000,0x00000000fbd80a00,0x00000000fc300000)
  to   space 23040K, 0% used [0x00000000f9700000,0x00000000f9700000,0x00000000fad80000)
 ParOldGen       total 98304K, used 40520K [0x00000000e0000000, 0x00000000e6000000, 0x00000000f5580000)
  object space 98304K, 41% used [0x00000000e0000000,0x00000000e2792218,0x00000000e6000000)
 Metaspace       used 68944K, capacity 74626K, committed 74880K, reserved 1114112K
  class space    used 8622K, capacity 10302K, committed 10368K, reserved 1048576K
}
Event: 17.478 GC heap before
{Heap before GC invocations=16 (full 3):
 PSYoungGen      total 89088K, used 83458K [0x00000000f5580000, 0x00000000fc400000, 0x0000000100000000)
  eden space 67072K, 100% used [0x00000000f5580000,0x00000000f9700000,0x00000000f9700000)
  from space 22016K, 74% used [0x00000000fad80000,0x00000000fbd80a00,0x00000000fc300000)
  to   space 23040K, 0% used [0x00000000f9700000,0x00000000f9700000,0x00000000fad80000)
 ParOldGen       total 98304K, used 40520K [0x00000000e0000000, 0x00000000e6000000, 0x00000000f5580000)
  object space 98304K, 41% used [0x00000000e0000000,0x00000000e2792218,0x00000000e6000000)
 Metaspace       used 71733K, capacity 77892K, committed 78208K, reserved 1116160K
  class space    used 8926K, capacity 10755K, committed 10880K, reserved 1048576K
Event: 17.490 GC heap after
Heap after GC invocations=16 (full 3):
 PSYoungGen      total 90112K, used 19758K [0x00000000f5580000, 0x00000000fcf80000, 0x0000000100000000)
  eden space 67072K, 0% used [0x00000000f5580000,0x00000000f5580000,0x00000000f9700000)
  from space 23040K, 85% used [0x00000000f9700000,0x00000000faa4b9c0,0x00000000fad80000)
  to   space 25088K, 0% used [0x00000000fb700000,0x00000000fb700000,0x00000000fcf80000)
 ParOldGen       total 98304K, used 40528K [0x00000000e0000000, 0x00000000e6000000, 0x00000000f5580000)
  object space 98304K, 41% used [0x00000000e0000000,0x00000000e2794218,0x00000000e6000000)
 Metaspace       used 71733K, capacity 77892K, committed 78208K, reserved 1116160K
  class space    used 8926K, capacity 10755K, committed 10880K, reserved 1048576K
}
Event: 39.909 GC heap before
{Heap before GC invocations=17 (full 3):
 PSYoungGen      total 90112K, used 86830K [0x00000000f5580000, 0x00000000fcf80000, 0x0000000100000000)
  eden space 67072K, 100% used [0x00000000f5580000,0x00000000f9700000,0x00000000f9700000)
  from space 23040K, 85% used [0x00000000f9700000,0x00000000faa4b9c0,0x00000000fad80000)
  to   space 25088K, 0% used [0x00000000fb700000,0x00000000fb700000,0x00000000fcf80000)
 ParOldGen       total 98304K, used 40528K [0x00000000e0000000, 0x00000000e6000000, 0x00000000f5580000)
  object space 98304K, 41% used [0x00000000e0000000,0x00000000e2794218,0x00000000e6000000)
 Metaspace       used 77712K, capacity 83950K, committed 84096K, reserved 1122304K
  class space    used 9793K, capacity 11804K, committed 11904K, reserved 1048576K
Event: 39.937 GC heap after
Heap after GC invocations=17 (full 3):
 PSYoungGen      total 96768K, used 24225K [0x00000000f5580000, 0x00000000fd400000, 0x0000000100000000)
  eden space 71680K, 0% used [0x00000000f5580000,0x00000000f5580000,0x00000000f9b80000)
  from space 25088K, 96% used [0x00000000fb700000,0x00000000fcea8530,0x00000000fcf80000)
  to   space 28160K, 0% used [0x00000000f9b80000,0x00000000f9b80000,0x00000000fb700000)
 ParOldGen       total 98304K, used 40536K [0x00000000e0000000, 0x00000000e6000000, 0x00000000f5580000)
  object space 98304K, 41% used [0x00000000e0000000,0x00000000e2796218,0x00000000e6000000)
 Metaspace       used 77712K, capacity 83950K, committed 84096K, reserved 1122304K
  class space    used 9793K, capacity 11804K, committed 11904K, reserved 1048576K
}

Deoptimization events (10 events):
Event: 51.739 Thread 0x0000000016e85000 Uncommon trap: reason=bimorphic action=maybe_recompile pc=0x0000000003ac6658 method=com.sun.org.apache.xalan.internal.xsltc.trax.DOM2TO.parse(Lorg/w3c/dom/Node;)V @ 173
Event: 51.834 Thread 0x0000000016e85000 Uncommon trap: reason=bimorphic action=maybe_recompile pc=0x0000000003312c98 method=java.util.Properties.load0(Ljava/util/Properties$LineReader;)V @ 242
Event: 51.845 Thread 0x0000000002614000 Uncommon trap: reason=unstable_if action=reinterpret pc=0x0000000002bf14c4 method=java.util.ArrayList.toArray([Ljava/lang/Object;)[Ljava/lang/Object; @ 48
Event: 51.878 Thread 0x0000000002614000 Uncommon trap: reason=unstable_if action=reinterpret pc=0x0000000003f69210 method=org.eclipse.e4.ui.model.application.impl.ApplicationElementImpl.eIsSet(I)Z @ 132
Event: 52.412 Thread 0x0000000021dfc000 Uncommon trap: reason=unstable_if action=reinterpret pc=0x0000000003a820e4 method=java.io.BufferedReader.read()I @ 34
Event: 52.412 Thread 0x0000000021dfc000 Uncommon trap: reason=unstable_if action=reinterpret pc=0x000000000289f664 method=sun.nio.cs.SingleByte$Encoder.encode(C)I @ 13
Event: 52.977 Thread 0x0000000002614000 Uncommon trap: reason=unstable_if action=reinterpret pc=0x00000000032571e0 method=org.eclipse.core.runtime.internal.adaptor.EclipseLazyStarter.shouldActivateFor(Ljava/lang/String;Lorg/eclipse/osgi/baseadaptor/BaseData;Lorg/eclipse/core/runtime/internal/ada‡§g™}J@
Event: 52.981 Thread 0x00000000156ca000 Uncommon trap: reason=unstable_if action=reinterpret pc=0x0000000003025310 method=org.eclipse.osgi.framework.internal.core.BundleContextImpl.dispatchEvent(Ljava/lang/Object;Ljava/lang/Object;ILjava/lang/Object;)V @ 16
Event: 53.006 Thread 0x0000000016e81000 Uncommon trap: reason=unstable_if action=reinterpret pc=0x0000000002fffa10 method=org.eclipse.osgi.baseadaptor.loader.ClasspathManager.lockClassName(Ljava/lang/String;)Z @ 57
Event: 53.250 Thread 0x0000000002614000 Uncommon trap: reason=unstable_if action=reinterpret pc=0x0000000002ada25c method=sun.reflect.UnsafeStaticObjectFieldAccessorImpl.set(Ljava/lang/Object;Ljava/lang/Object;)V @ 13

Internal exceptions (10 events):
Event: 51.497 Thread 0x0000000016e85800 Exception <a 'java/net/SocketException': Socket closed> (0x00000000f6676bd8) thrown at [C:\re\workspace\8-2-build-windows-amd64-cygwin\jdk8u45\3627\hotspot\src\share\vm\prims\jni.cpp, line 735]
Event: 51.497 Thread 0x0000000021df3000 Exception <a 'java/lang/InterruptedException'> (0x00000000f6688a60) thrown at [C:\re\workspace\8-2-build-windows-amd64-cygwin\jdk8u45\3627\hotspot\src\share\vm\runtime\objectMonitor.cpp, line 1683]
Event: 51.562 Thread 0x0000000002614000 Implicit null exception at 0x0000000002df1c8c to 0x0000000002df1ce9
Event: 52.411 Thread 0x0000000021dfd800 Exception <a 'java/lang/InterruptedException'> (0x00000000f79b6638) thrown at [C:\re\workspace\8-2-build-windows-amd64-cygwin\jdk8u45\3627\hotspot\src\share\vm\runtime\objectMonitor.cpp, line 1683]
Event: 52.993 Thread 0x0000000016e8a000 Exception <a 'java/lang/InterruptedException'> (0x00000000f7bfedf8) thrown at [C:\re\workspace\8-2-build-windows-amd64-cygwin\jdk8u45\3627\hotspot\src\share\vm\runtime\objectMonitor.cpp, line 1683]
Event: 53.102 Thread 0x0000000015ee2800 Exception <a 'java/lang/InterruptedException': sleep interrupted> (0x00000000f7f252b0) thrown at [C:\re\workspace\8-2-build-windows-amd64-cygwin\jdk8u45\3627\hotspot\src\share\vm\prims\jvm.cpp, line 3211]
Event: 53.105 Thread 0x000000001ad4b000 Exception <a 'java/lang/InterruptedException'> (0x00000000f7e6b3f0) thrown at [C:\re\workspace\8-2-build-windows-amd64-cygwin\jdk8u45\3627\hotspot\src\share\vm\runtime\objectMonitor.cpp, line 1683]
Event: 53.106 Thread 0x000000001614b800 Exception <a 'java/lang/InterruptedException'> (0x00000000f7fd8598) thrown at [C:\re\workspace\8-2-build-windows-amd64-cygwin\jdk8u45\3627\hotspot\src\share\vm\runtime\objectMonitor.cpp, line 1683]
Event: 53.249 Thread 0x00000000156ca000 Exception <a 'java/lang/InterruptedException'> (0x00000000f7e8d020) thrown at [C:\re\workspace\8-2-build-windows-amd64-cygwin\jdk8u45\3627\hotspot\src\share\vm\runtime\objectMonitor.cpp, line 1683]
Event: 53.250 Thread 0x0000000002614000 Implicit null exception at 0x0000000002ad9e57 to 0x0000000002ada249

Events (10 events):
Event: 53.250 loading class java/util/IdentityHashMap$KeyIterator done
Event: 53.250 Thread 0x0000000016e88000 Thread added: 0x0000000016e88000
Event: 53.250 Executing VM operation: RevokeBias
Event: 53.250 Executing VM operation: RevokeBias done
Event: 53.250 Executing VM operation: RevokeBias
Event: 53.250 Executing VM operation: RevokeBias done
Event: 53.250 Executing VM operation: RevokeBias
Event: 53.250 Executing VM operation: RevokeBias done
Event: 53.251 Thread 0x0000000016e88000 Thread exited: 0x0000000016e88000
Event: 53.251 Executing VM operation: Exit


Dynamic libraries:
0x0000000000400000 - 0x000000000044f000 	D:\Xilinx\SDK\2015.4\eclipse\win64.o\eclipse.exe
0x00007fff301a0000 - 0x00007fff30372000 	C:\Windows\SYSTEM32\ntdll.dll
0x00007fff2e140000 - 0x00007fff2e1ec000 	C:\Windows\System32\KERNEL32.DLL
0x00007fff2d510000 - 0x00007fff2d72d000 	C:\Windows\System32\KERNELBASE.dll
0x00007fff2e520000 - 0x00007fff2e685000 	C:\Windows\System32\USER32.dll
0x00007fff2d4f0000 - 0x00007fff2d50e000 	C:\Windows\System32\win32u.dll
0x00007fff2fba0000 - 0x00007fff2fbd4000 	C:\Windows\System32\GDI32.dll
0x00007fff2c6a0000 - 0x00007fff2c820000 	C:\Windows\System32\gdi32full.dll
0x00007fff2fcc0000 - 0x00007fff2fd5e000 	C:\Windows\System32\msvcrt.dll
0x00007fff18f30000 - 0x00007fff191aa000 	C:\Windows\WinSxS\amd64_microsoft.windows.common-controls_6595b64144ccf1df_6.0.14393.953_none_42151e83c686086b\COMCTL32.dll
0x00007fff2d730000 - 0x00007fff2d9f8000 	C:\Windows\System32\combase.dll
0x00007fff2d160000 - 0x00007fff2d255000 	C:\Windows\System32\ucrtbase.dll
0x00007fff30020000 - 0x00007fff30141000 	C:\Windows\System32\RPCRT4.dll
0x00007fff2d430000 - 0x00007fff2d49a000 	C:\Windows\System32\bcryptPrimitives.dll
0x00007fff30150000 - 0x00007fff3017e000 	C:\Windows\System32\IMM32.DLL
0x0000000072000000 - 0x0000000072012000 	D:\Xilinx\SDK\2015.4\eclipse\win64.o\plugins\org.eclipse.equinox.launcher.win32.win32.x86_64_1.1.200.v20140116-2212\eclipse_1503.dll
0x00007fff2fdc0000 - 0x00007fff2fe62000 	C:\Windows\System32\ADVAPI32.dll
0x00007fff2e420000 - 0x00007fff2e479000 	C:\Windows\System32\sechost.dll
0x00007fff282d0000 - 0x00007fff282da000 	C:\Windows\SYSTEM32\VERSION.dll
0x00007fff2aed0000 - 0x00007fff2af65000 	C:\Windows\system32\uxtheme.dll
0x00007fff2e2c0000 - 0x00007fff2e41a000 	C:\Windows\System32\MSCTF.dll
0x00007fff2e1f0000 - 0x00007fff2e2af000 	C:\Windows\System32\OLEAUT32.dll
0x00007fff2d0c0000 - 0x00007fff2d15c000 	C:\Windows\System32\msvcp_win.dll
0x0000000056520000 - 0x0000000056da3000 	D:\Xilinx\SDK\2015.4\tps\win64\jre\bin\server\jvm.dll
0x00007fff2dca0000 - 0x00007fff2dca8000 	C:\Windows\System32\PSAPI.DLL
0x00007fff122a0000 - 0x00007fff122a9000 	C:\Windows\SYSTEM32\WSOCK32.dll
0x00007fff2a9a0000 - 0x00007fff2a9c3000 	C:\Windows\SYSTEM32\WINMM.dll
0x000000005d290000 - 0x000000005d362000 	C:\Windows\SYSTEM32\MSVCR100.dll
0x00007fff2fc50000 - 0x00007fff2fcba000 	C:\Windows\System32\WS2_32.dll
0x0000000002590000 - 0x00000000025bb000 	C:\Windows\SYSTEM32\WINMMBASE.dll
0x00007fff2d4a0000 - 0x00007fff2d4e2000 	C:\Windows\System32\cfgmgr32.dll
0x00000000563e0000 - 0x00000000563ef000 	D:\Xilinx\SDK\2015.4\tps\win64\jre\bin\verify.dll
0x00000000563b0000 - 0x00000000563d9000 	D:\Xilinx\SDK\2015.4\tps\win64\jre\bin\java.dll
0x0000000056390000 - 0x00000000563a6000 	D:\Xilinx\SDK\2015.4\tps\win64\jre\bin\zip.dll
0x00007fff2e690000 - 0x00007fff2fb98000 	C:\Windows\System32\SHELL32.dll
0x00007fff2c930000 - 0x00007fff2d008000 	C:\Windows\System32\windows.storage.dll
0x00007fff2c630000 - 0x00007fff2c67c000 	C:\Windows\System32\powrprof.dll
0x00007fff2fe70000 - 0x00007fff2fec2000 	C:\Windows\System32\shlwapi.dll
0x00007fff2c690000 - 0x00007fff2c69f000 	C:\Windows\System32\kernel.appcore.dll
0x00007fff2c880000 - 0x00007fff2c929000 	C:\Windows\System32\shcore.dll
0x00007fff2c610000 - 0x00007fff2c624000 	C:\Windows\System32\profapi.dll
0x00007fff2c090000 - 0x00007fff2c0a7000 	C:\Windows\SYSTEM32\CRYPTSP.dll
0x00007fff2bae0000 - 0x00007fff2bb13000 	C:\Windows\system32\rsaenh.dll
0x00007fff2c550000 - 0x00007fff2c57b000 	C:\Windows\SYSTEM32\bcrypt.dll
0x00007fff2bd60000 - 0x00007fff2bd7f000 	C:\Windows\SYSTEM32\USERENV.dll
0x00007fff2c080000 - 0x00007fff2c08b000 	C:\Windows\SYSTEM32\CRYPTBASE.dll
0x0000000056370000 - 0x000000005638a000 	D:\Xilinx\SDK\2015.4\tps\win64\jre\bin\net.dll
0x00007fff2bee0000 - 0x00007fff2bf3c000 	C:\Windows\system32\mswsock.dll
0x00007fff2bc60000 - 0x00007fff2bc98000 	C:\Windows\SYSTEM32\IPHLPAPI.DLL
0x00007fff2e2b0000 - 0x00007fff2e2b8000 	C:\Windows\System32\NSI.dll
0x00007fff24590000 - 0x00007fff245a6000 	C:\Windows\SYSTEM32\dhcpcsvc6.DLL
0x00007fff24860000 - 0x00007fff2487a000 	C:\Windows\SYSTEM32\dhcpcsvc.DLL
0x0000000056350000 - 0x0000000056361000 	D:\Xilinx\SDK\2015.4\tps\win64\jre\bin\nio.dll
0x00007fff196c0000 - 0x00007fff196d6000 	C:\Windows\system32\napinsp.dll
0x00007fff196e0000 - 0x00007fff196fa000 	C:\Windows\system32\pnrpnsp.dll
0x00007fff28800000 - 0x00007fff28818000 	C:\Windows\system32\NLAapi.dll
0x00007fff2bca0000 - 0x00007fff2bd41000 	C:\Windows\SYSTEM32\DNSAPI.dll
0x00007fff1eba0000 - 0x00007fff1ebae000 	C:\Windows\System32\winrnr.dll
0x0000000063560000 - 0x0000000063569000 	C:\Program Files\National Instruments\Shared\mDNS Responder\nimdnsNSP.dll
0x0000000063550000 - 0x000000006355e000 	C:\Windows\SYSTEM32\nimdnsResponder.dll
0x000000005d540000 - 0x000000005d5e3000 	C:\Windows\WinSxS\amd64_microsoft.vc90.crt_1fc8b3b9a1e18e3b_9.0.30729.9247_none_08e394a1a83e212f\MSVCR90.dll
0x000000005d510000 - 0x000000005d536000 	C:\Program Files\Bonjour\mdnsNSP.dll
0x00007fff22f20000 - 0x00007fff22f2a000 	C:\Windows\System32\rasadhlp.dll
0x00007fff245c0000 - 0x00007fff2462a000 	C:\Windows\System32\fwpuclnt.dll
0x0000000018650000 - 0x00000000186f8000 	C:\Users\4230\.Xilinx\SDK\2015.4\org.eclipse.osgi\bundles\303\1\.cp\swt-win32-4335.dll
0x00007fff2fee0000 - 0x00007fff30018000 	C:\Windows\System32\ole32.dll
0x00007fff2da00000 - 0x00007fff2dafa000 	C:\Windows\System32\comdlg32.dll
0x00007fff2d260000 - 0x00007fff2d429000 	C:\Windows\System32\CRYPT32.dll
0x00007fff23580000 - 0x00007fff23606000 	C:\Windows\SYSTEM32\WINSPOOL.DRV
0x00007fff2c680000 - 0x00007fff2c690000 	C:\Windows\System32\MSASN1.dll
0x00007fff288c0000 - 0x00007fff288d9000 	C:\Windows\SYSTEM32\USP10.dll
0x00007fff16050000 - 0x00007fff1631a000 	C:\Windows\SYSTEM32\WININET.dll
0x00007fff2a300000 - 0x00007fff2a326000 	C:\Windows\system32\dwmapi.dll
0x00007fff2a0b0000 - 0x00007fff2a235000 	C:\Windows\SYSTEM32\propsys.dll
0x00007fff2e480000 - 0x00007fff2e51f000 	C:\Windows\System32\clbcatq.dll
0x0000000018290000 - 0x00000000182ae000 	C:\Users\4230\.Xilinx\SDK\2015.4\org.eclipse.osgi\bundles\303\1\.cp\swt-gdip-win32-4335.dll
0x00007fff157c0000 - 0x00007fff15959000 	C:\Windows\WinSxS\amd64_microsoft.windows.gdiplus_6595b64144ccf1df_1.1.14393.1715_none_aec701fbddd850fa\gdiplus.dll
0x00007fff297a0000 - 0x00007fff29948000 	C:\Windows\SYSTEM32\WindowsCodecs.dll
0x0000000180000000 - 0x0000000180012000 	C:\Users\4230\.Xilinx\SDK\2015.4\org.eclipse.osgi\bundles\121\1\.cp\os\win32\x86_64\localfile_1_0_0.dll
0x00007fff253e0000 - 0x00007fff253f1000 	C:\Users\4230\.Xilinx\SDK\2015.4\org.eclipse.osgi\bundles\124\1\.cp\jWinHttp-1.0.0.dll
0x00007fff29950000 - 0x00007fff29a1d000 	C:\Windows\SYSTEM32\WINHTTP.dll
0x00007fff13db0000 - 0x00007fff13e15000 	C:\Windows\SYSTEM32\oleacc.dll
0x00007fff25480000 - 0x00007fff2548f000 	D:\Xilinx\SDK\2015.4\lib\win64.o\librdi_repo_manager.dll
0x00007fff253b0000 - 0x00007fff253da000 	D:\Xilinx\SDK\2015.4\lib\win64.o\libisl_sysinfo.dll
0x00007ffedfc50000 - 0x00007ffee05dd000 	D:\Xilinx\SDK\2015.4\lib\win64.o\librdi_common.dll
0x00007fff13bf0000 - 0x00007fff13c44000 	D:\Xilinx\SDK\2015.4\lib\win64.o\librdi_commonxillic.dll
0x00007fff08a60000 - 0x00007fff08b07000 	C:\Windows\SYSTEM32\MSVCP110.dll
0x00007ffee22e0000 - 0x00007ffee24cc000 	D:\Xilinx\SDK\2015.4\lib\win64.o\librdi_hsm.dll
0x00007fff08b60000 - 0x00007fff08c34000 	C:\Windows\SYSTEM32\MSVCR110.dll
0x00007ffee1ea0000 - 0x00007ffee20be000 	D:\Xilinx\SDK\2015.4\lib\win64.o\libXil_lmgr11.dll
0x00007ffedf8e0000 - 0x00007ffedfc4e000 	D:\Xilinx\SDK\2015.4\lib\win64.o\libCOIN-all.dll
0x00007fff2c820000 - 0x00007fff2c875000 	C:\Windows\System32\WINTRUST.dll
0x00007fff25430000 - 0x00007fff25440000 	D:\Xilinx\SDK\2015.4\lib\win64.o\libboost_date_time.dll
0x00007fff175e0000 - 0x00007fff17602000 	D:\Xilinx\SDK\2015.4\lib\win64.o\libboost_filesystem.dll
0x00007fff13b70000 - 0x00007fff13be4000 	D:\Xilinx\SDK\2015.4\lib\win64.o\libboost_program_options.dll
0x00007ffee2c40000 - 0x00007ffee2d3a000 	D:\Xilinx\SDK\2015.4\lib\win64.o\libboost_regex.dll
0x00007fff253a0000 - 0x00007fff253a9000 	D:\Xilinx\SDK\2015.4\lib\win64.o\libboost_system.dll
0x00007fff176a0000 - 0x00007fff176b3000 	D:\Xilinx\SDK\2015.4\lib\win64.o\libboost_signals.dll
0x00007fff25390000 - 0x00007fff2539b000 	D:\Xilinx\SDK\2015.4\lib\win64.o\libboost_xilinx.dll
0x00007fff175c0000 - 0x00007fff175dd000 	D:\Xilinx\SDK\2015.4\lib\win64.o\libboost_thread.dll
0x00007ffee2ba0000 - 0x00007ffee2c3a000 	D:\Xilinx\SDK\2015.4\lib\win64.o\libhdxml.dll
0x00007ffede370000 - 0x00007ffede7a4e00 	D:\Xilinx\SDK\2015.4\lib\win64.o\libisl_iostreams.dll
0x00007fff13b50000 - 0x00007fff13b65000 	D:\Xilinx\SDK\2015.4\lib\win64.o\pthreadVC2.dll
0x00007ffee18c0000 - 0x00007ffee19f0000 	D:\Xilinx\SDK\2015.4\lib\win64.o\librdi_curl.dll
0x00007fff13990000 - 0x00007fff139a8000 	D:\Xilinx\SDK\2015.4\lib\win64.o\librdiconfig.dll
0x00007fff13960000 - 0x00007fff13983000 	D:\Xilinx\SDK\2015.4\lib\win64.o\librdizlib.dll
0x00007fff20c30000 - 0x00007fff20df3000 	C:\Windows\SYSTEM32\urlmon.dll
0x00000000563f0000 - 0x0000000056517000 	D:\Xilinx\SDK\2015.4\lib\win64.o\tcl85t.dll
0x0000000025cf0000 - 0x0000000025f53000 	D:\Xilinx\SDK\2015.4\lib\win64.o\xerces-c_3_1.dll
0x00007fff10be0000 - 0x00007fff10c03000 	C:\Windows\SYSTEM32\VCOMP110.DLL
0x00007fff0fed0000 - 0x00007fff0ff13000 	D:\Xilinx\SDK\2015.4\lib\win64.o\librdi_hdf.dll
0x00007ffede110000 - 0x00007ffede365000 	D:\Xilinx\SDK\2015.4\lib\win64.o\librdi_ippcw.dll
0x00007fff22f00000 - 0x00007fff22f18000 	C:\Windows\SYSTEM32\NETAPI32.dll
0x00007fff25280000 - 0x00007fff2528b000 	D:\Xilinx\SDK\2015.4\lib\win64.o\libboost_chrono.dll
0x00007fff13940000 - 0x00007fff13956000 	D:\Xilinx\SDK\2015.4\lib\win64.o\libboost_iostreams.dll
0x00007ffee2aa0000 - 0x00007ffee2ac3000 	D:\Xilinx\SDK\2015.4\lib\win64.o\libisl_iosutils.dll
0x00007fff255c0000 - 0x00007fff25865000 	C:\Windows\SYSTEM32\iertutil.dll
0x00007ffee2260000 - 0x00007ffee22e0000 	D:\Xilinx\SDK\2015.4\lib\win64.o\libhdlpsolve.dll
0x00007fff283a0000 - 0x00007fff283a7000 	C:\Windows\SYSTEM32\msimg32.dll
0x00007fff11f60000 - 0x00007fff11fa2000 	C:\Windows\SYSTEM32\edputil.dll
0x00007ffedd0c0000 - 0x00007ffedd8d0000 	D:\Xilinx\SDK\2015.4\lib\win64.o\libXil_lmgr11FNP.dll
0x00007fff2dd10000 - 0x00007fff2e139000 	C:\Windows\System32\SETUPAPI.dll
0x00007fff288f0000 - 0x00007fff288fc000 	C:\Windows\SYSTEM32\snmpapi.dll
0x00007fff2c280000 - 0x00007fff2c2ac000 	C:\Windows\SYSTEM32\SspiCli.dll
0x00007fff2b2e0000 - 0x00007fff2b308000 	C:\Windows\SYSTEM32\DEVOBJ.dll
0x00007fff11d80000 - 0x00007fff11d96000 	D:\Xilinx\SDK\2015.4\eclipse\win64.o\plugins\org.eclipse.cdt.core.win32.x86_64_5.2.0.201402142303\os\win32\x86_64\spawner.dll
0x00007fff24680000 - 0x00007fff2468a000 	D:\Xilinx\SDK\2015.4\lib\win64.o\librdi_jtag_settings.dll
0x00007ffee1e70000 - 0x00007ffee1e99000 	D:\Xilinx\SDK\2015.4\lib\win64.o\librdi_debug_dialog.dll

VM Arguments:
jvm_args: -Dcom.xilinx.sdk.args.hwspec=D:/SMartCart/SMartCart/hdl_prj/vivado_ip_prj/vivado_prj.sdk/system_top_wrapper.hdf -Xms64m -Xmx512m & 
java_command: <unknown>
java_class_path (initial): D:\Xilinx\SDK\2015.4\eclipse\win64.o\\plugins/org.eclipse.equinox.launcher_1.3.0.v20130327-1440.jar
Launcher Type: generic

Environment Variables:
JAVA_HOME=C:\Program Files\Java\jdk1.8.0_121
USERNAME=4230
OS=Windows_NT
PROCESSOR_IDENTIFIER=Intel64 Family 6 Model 94 Stepping 3, GenuineIntel



---------------  S Y S T E M  ---------------

OS: Windows 10.0 , 64 bit Build 14393 (10.0.14393.1198)

CPU:total 4 (4 cores per cpu, 1 threads per core) family 6 model 94 stepping 3, cmov, cx8, fxsr, mmx, sse, sse2, sse3, ssse3, sse4.1, sse4.2, popcnt, avx, avx2, aes, clmul, erms, 3dnowpref, lzcnt, tsc, tscinvbit, bmi1, bmi2, adx

Memory: 4k page, physical 8343204k(3362988k free), swap 9784996k(3468080k free)

vm_info: Java HotSpot(TM) 64-Bit Server VM (25.45-b02) for windows-amd64 JRE (1.8.0_45-b15), built on Apr 30 2015 12:40:44 by "java_re" with MS VC++ 10.0 (VS2010)

time: Mon Nov 20 14:13:47 2017
elapsed time: 53 seconds (0d 0h 0m 53s)

