#
# A fatal error has been detected by the Java Runtime Environment:
#
#  EXCEPTION_UNCAUGHT_CXX_EXCEPTION (0xe06d7363) at pc=0x00007ffb70463c58, pid=196132, tid=192480
#
# JRE version: Java(TM) SE Runtime Environment (8.0_45-b15) (build 1.8.0_45-b15)
# Java VM: Java HotSpot(TM) 64-Bit Server VM (25.45-b02 mixed mode windows-amd64 compressed oops)
# Problematic frame:
# C  [KERNELBASE.dll+0x33c58]
#
# Failed to write core dump. Minidumps are not enabled by default on client versions of Windows
#
# If you would like to submit a bug report, please visit:
#   http://bugreport.java.com/bugreport/crash.jsp
#

---------------  T H R E A D  ---------------

Current thread (0x0000000013af8000):  VMThread [stack: 0x0000000014b90000,0x0000000014c90000] [id=192480]

siginfo: ExceptionCode=0xe06d7363, ExceptionInformation=0x0000000019930520 0x0000000014c8f648 0x00007ffb45092cb8 0x00007ffb44fe0000 

Registers:
RAX=0x004c0044002e006c, RBX=0x00007ffb45092cb8, RCX=0x000000000000004c, RDX=0x0000000000000000
RSP=0x0000000014c8f490, RBP=0x0000000014c8f5d0, RSI=0x00000000ffffffff, RDI=0x000000002673b480
R8 =0x0000000000000000, R9 =0x0000000000000000, R10=0x0000000000000000, R11=0x0000000000000000
R12=0x0000000000000001, R13=0x0000000000000008, R14=0x0000000000000000, R15=0xffffffffffffffff
RIP=0x00007ffb70463c58, EFLAGS=0x0000000000000206

Top of Stack: (sp=0x0000000014c8f490)
0x0000000014c8f490:   0000000000000000 00007ffb45092cb8
0x0000000014c8f4a0:   00000000ffffffff 000000002673b480
0x0000000014c8f4b0:   00000001e06d7363 0000000000000000
0x0000000014c8f4c0:   00007ffb70463c58 0000000000000004
0x0000000014c8f4d0:   0000000019930520 0000000014c8f648
0x0000000014c8f4e0:   00007ffb45092cb8 00007ffb44fe0000
0x0000000014c8f4f0:   0000000000000008 0000000000000001
0x0000000014c8f500:   000000002673b480 00000000ffffffff
0x0000000014c8f510:   0000000014c8f5d0 00007ffb7332c28f
0x0000000014c8f520:   0000000014c8f5e0 0000000000000000
0x0000000014c8f530:   0000391439e9dd1b 0000000000000001
0x0000000014c8f540:   00007ffb450a9000 00007ffb44fe0000
0x0000000014c8f550:   0000fc60303d73dd 000000000000003f
0x0000000014c8f560:   00007ffb45092cb8 00007ffb4503e92c
0x0000000014c8f570:   000000000000001f 0000000000000008
0x0000000014c8f580:   0000000000000001 000000002673b480 

Instructions: (pc=0x00007ffb70463c58)
0x00007ffb70463c38:   49 8b d1 44 0f 47 c0 44 89 44 24 38 49 c1 e0 03
0x00007ffb70463c48:   e8 47 90 04 00 48 8d 4c 24 20 ff 15 c0 44 11 00
0x00007ffb70463c58:   48 8b 8c 24 c0 00 00 00 48 33 cc e8 d8 55 04 00
0x00007ffb70463c68:   48 81 c4 d8 00 00 00 c3 83 64 24 38 00 eb d6 cc 


Register to memory mapping:

RAX=0x004c0044002e006c is an unknown value
RBX=0x00007ffb45092cb8 is an unknown value
RCX=0x000000000000004c is an unknown value
RDX=0x0000000000000000 is an unknown value
RSP=0x0000000014c8f490 is an unknown value
RBP=0x0000000014c8f5d0 is an unknown value
RSI=0x00000000ffffffff is an unallocated location in the heap
RDI=0x000000002673b480 is an unknown value
R8 =0x0000000000000000 is an unknown value
R9 =0x0000000000000000 is an unknown value
R10=0x0000000000000000 is an unknown value
R11=0x0000000000000000 is an unknown value
R12=0x0000000000000001 is an unknown value
R13=0x0000000000000008 is an unknown value
R14=0x0000000000000000 is an unknown value
R15=0xffffffffffffffff is an unknown value


Stack: [0x0000000014b90000,0x0000000014c90000],  sp=0x0000000014c8f490,  free space=1021k
Native frames: (J=compiled Java code, j=interpreted, Vv=VM code, C=native code)
C  [KERNELBASE.dll+0x33c58]
C  [MSVCR110.dll+0x5e92c]
C  [MSVCR110.dll+0x1315c]
C  [MSVCR110.dll+0x136a9]
C  [MSVCR110.dll+0x13e9c]
C  [MSVCR110.dll+0x239e]
C  [MSVCR110.dll+0xaf9e]
C  [MSVCP110.dll+0x397b9]
C  [librdi_common.dll+0x14283e]
C  [librdi_common.dll+0x141449]
C  0x00007ffb6a462400
C  0x00007ffb6a462682
C  [ntdll.dll+0x2a37f]
C  [ntdll.dll+0x806b]
C  [ntdll.dll+0x7d94]
C  [KERNEL32.DLL+0x1ce6a]
C  [MSVCR100.dll+0x20ccd]
V  [jvm.dll+0x20f135]
V  [jvm.dll+0x247ef7]
V  [jvm.dll+0x247196]
V  [jvm.dll+0x247631]
V  [jvm.dll+0x24784e]
V  [jvm.dll+0x29853a]
C  [MSVCR100.dll+0x21d9f]
C  [MSVCR100.dll+0x21e3b]
C  [KERNEL32.DLL+0x8364]
C  [ntdll.dll+0x67091]

VM_Operation (0x000000000014f500): Exit, mode: safepoint, requested by thread 0x00000000025f4000


---------------  P R O C E S S  ---------------

Java Threads: ( => current thread )
  0x000000001b63c000 JavaThread "Spawner Reaper" daemon [_thread_in_native, id=43580, stack(0x0000000065e70000,0x0000000065f70000)]
  0x0000000016f7c800 JavaThread "pool-2-thread-4" [_thread_blocked, id=54004, stack(0x0000000044250000,0x0000000044350000)]
  0x000000001b635000 JavaThread "pool-2-thread-3" [_thread_blocked, id=151840, stack(0x000000006e470000,0x000000006e570000)]
  0x0000000015edc800 JavaThread "pool-2-thread-2" [_thread_blocked, id=90416, stack(0x0000000057750000,0x0000000057850000)]
  0x0000000015ede000 JavaThread "pool-2-thread-1" [_thread_blocked, id=10012, stack(0x000000003b750000,0x000000003b850000)]
  0x0000000016f7f800 JavaThread "Thread-24" daemon [_thread_blocked, id=223060, stack(0x000000002ba50000,0x000000002bb50000)]
  0x0000000016f7e800 JavaThread "Set STDIO Tab defaults" [_thread_blocked, id=216224, stack(0x0000000029f50000,0x000000002a050000)]
  0x000000001553b800 JavaThread "TCF Locator DNS Lookup" daemon [_thread_blocked, id=133640, stack(0x0000000023740000,0x0000000023840000)]
  0x0000000015536000 JavaThread "TCF Locator Timer" daemon [_thread_blocked, id=196884, stack(0x0000000023640000,0x0000000023740000)]
  0x000000001553a800 JavaThread "TCF Timer Dispatcher" daemon [_thread_blocked, id=195712, stack(0x0000000023340000,0x0000000023440000)]
  0x0000000016ab4000 JavaThread "EMF Reference Cleaner" daemon [_thread_blocked, id=136588, stack(0x0000000018670000,0x0000000018770000)]
  0x0000000013b8e000 JavaThread "Service Thread" daemon [_thread_blocked, id=196484, stack(0x0000000015790000,0x0000000015890000)]
  0x0000000013b3a000 JavaThread "C1 CompilerThread2" daemon [_thread_blocked, id=181980, stack(0x0000000015290000,0x0000000015390000)]
  0x0000000013b37000 JavaThread "C2 CompilerThread1" daemon [_thread_blocked, id=194876, stack(0x0000000015190000,0x0000000015290000)]
  0x0000000013b35000 JavaThread "C2 CompilerThread0" daemon [_thread_blocked, id=194904, stack(0x0000000015090000,0x0000000015190000)]
  0x0000000013b44800 JavaThread "Attach Listener" daemon [_thread_blocked, id=196556, stack(0x0000000014f90000,0x0000000015090000)]
  0x0000000013b43800 JavaThread "Signal Dispatcher" daemon [_thread_blocked, id=189140, stack(0x0000000014e90000,0x0000000014f90000)]
  0x00000000026eb800 JavaThread "Finalizer" daemon [_thread_blocked, id=196456, stack(0x0000000014d90000,0x0000000014e90000)]
  0x00000000026e2800 JavaThread "Reference Handler" daemon [_thread_blocked, id=196288, stack(0x0000000014c90000,0x0000000014d90000)]
  0x00000000025f4000 JavaThread "main" [_thread_blocked, id=179388, stack(0x0000000000050000,0x0000000000150000)]

Other Threads:
=>0x0000000013af8000 VMThread [stack: 0x0000000014b90000,0x0000000014c90000] [id=192480]

VM state:at safepoint (shutting down)

VM Mutex/Monitor currently owned by a thread:  ([mutex/lock_event])
[0x00000000025f0150] Threads_lock - owner thread: 0x0000000013af8000

Heap:
 PSYoungGen      total 35840K, used 8081K [0x00000000f5580000, 0x00000000f7e80000, 0x0000000100000000)
  eden space 30208K, 17% used [0x00000000f5580000,0x00000000f5a985b0,0x00000000f7300000)
  from space 5632K, 50% used [0x00000000f7300000,0x00000000f75cc010,0x00000000f7880000)
  to   space 5632K, 0% used [0x00000000f7900000,0x00000000f7900000,0x00000000f7e80000)
 ParOldGen       total 97792K, used 66559K [0x00000000e0000000, 0x00000000e5f80000, 0x00000000f5580000)
  object space 97792K, 68% used [0x00000000e0000000,0x00000000e40ffe98,0x00000000e5f80000)
 Metaspace       used 109274K, capacity 117548K, committed 117888K, reserved 1153024K
  class space    used 12418K, capacity 14948K, committed 14976K, reserved 1048576K

Card table byte_map: [0x0000000011ad0000,0x0000000011be0000] byte_map_base: 0x00000000113d0000

Marking Bits: (ParMarkBitMap*) 0x000000006f414040
 Begin Bits: [0x0000000012090000, 0x0000000012890000)
 End Bits:   [0x0000000012890000, 0x0000000013090000)

Polling page: 0x00000000004a0000

CodeCache: size=245760Kb used=108011Kb max_used=108220Kb free=137748Kb
 bounds [0x0000000002710000, 0x00000000091b0000, 0x0000000011710000]
 total_blobs=26239 nmethods=25342 adapters=801
 compilation: enabled

Compilation events (10 events):
Event: 27909.502 Thread 0x0000000013b3a000 nmethod 35504 0x00000000091937d0 code [0x0000000009193920, 0x0000000009193a70]
Event: 27909.503 Thread 0x0000000013b3a000 35503       1       org.eclipse.osgi.internal.loader.BundleLoaderProxy::getBundleData (5 bytes)
Event: 27909.504 Thread 0x0000000013b3a000 nmethod 35503 0x0000000002f75990 code [0x0000000002f75ae0, 0x0000000002f75bf0]
Event: 27909.505 Thread 0x0000000013b3a000 35499       3       org.eclipse.equinox.internal.event.mapper.EventAdapter::putBundleProperties (54 bytes)
Event: 27909.505 Thread 0x0000000013b3a000 nmethod 35499 0x00000000039390d0 code [0x00000000039392a0, 0x00000000039399a8]
Event: 27909.529 Thread 0x0000000013b35000 nmethod 35493 0x000000000919bdd0 code [0x000000000919c120, 0x000000000919eec0]
Event: 27909.981 Thread 0x0000000013b3a000 35505   !   3       org.eclipse.osgi.internal.baseadaptor.BaseStorage::compact (215 bytes)
Event: 27909.986 Thread 0x0000000013b3a000 nmethod 35505 0x0000000009197fd0 code [0x0000000009198420, 0x000000000919a8e8]
Event: 27911.219 Thread 0x0000000013b3a000 35506       3       org.eclipse.osgi.framework.internal.core.AbstractBundle::close (52 bytes)
Event: 27911.220 Thread 0x0000000013b3a000 nmethod 35506 0x0000000005501550 code [0x0000000005501780, 0x0000000005502488]

GC Heap History (10 events):
Event: 27857.492 GC heap before
{Heap before GC invocations=1417 (full 176):
 PSYoungGen      total 34304K, used 31328K [0x00000000f5580000, 0x00000000f7d00000, 0x0000000100000000)
  eden space 29184K, 100% used [0x00000000f5580000,0x00000000f7200000,0x00000000f7200000)
  from space 5120K, 41% used [0x00000000f7800000,0x00000000f7a18000,0x00000000f7d00000)
  to   space 5632K, 0% used [0x00000000f7200000,0x00000000f7200000,0x00000000f7780000)
 ParOldGen       total 97792K, used 66559K [0x00000000e0000000, 0x00000000e5f80000, 0x00000000f5580000)
  object space 97792K, 68% used [0x00000000e0000000,0x00000000e40ffe98,0x00000000e5f80000)
 Metaspace       used 108687K, capacity 116872K, committed 117120K, reserved 1150976K
  class space    used 12353K, capacity 14912K, committed 14976K, reserved 1048576K
Event: 27857.494 GC heap after
Heap after GC invocations=1417 (full 176):
 PSYoungGen      total 34816K, used 2384K [0x00000000f5580000, 0x00000000f7d80000, 0x0000000100000000)
  eden space 29184K, 0% used [0x00000000f5580000,0x00000000f5580000,0x00000000f7200000)
  from space 5632K, 42% used [0x00000000f7200000,0x00000000f7454120,0x00000000f7780000)
  to   space 5632K, 0% used [0x00000000f7800000,0x00000000f7800000,0x00000000f7d80000)
 ParOldGen       total 97792K, used 66559K [0x00000000e0000000, 0x00000000e5f80000, 0x00000000f5580000)
  object space 97792K, 68% used [0x00000000e0000000,0x00000000e40ffe98,0x00000000e5f80000)
 Metaspace       used 108687K, capacity 116872K, committed 117120K, reserved 1150976K
  class space    used 12353K, capacity 14912K, committed 14976K, reserved 1048576K
}
Event: 27861.818 GC heap before
{Heap before GC invocations=1418 (full 176):
 PSYoungGen      total 34816K, used 31568K [0x00000000f5580000, 0x00000000f7d80000, 0x0000000100000000)
  eden space 29184K, 100% used [0x00000000f5580000,0x00000000f7200000,0x00000000f7200000)
  from space 5632K, 42% used [0x00000000f7200000,0x00000000f7454120,0x00000000f7780000)
  to   space 5632K, 0% used [0x00000000f7800000,0x00000000f7800000,0x00000000f7d80000)
 ParOldGen       total 97792K, used 66559K [0x00000000e0000000, 0x00000000e5f80000, 0x00000000f5580000)
  object space 97792K, 68% used [0x00000000e0000000,0x00000000e40ffe98,0x00000000e5f80000)
 Metaspace       used 108689K, capacity 116872K, committed 117120K, reserved 1150976K
  class space    used 12353K, capacity 14912K, committed 14976K, reserved 1048576K
Event: 27861.822 GC heap after
Heap after GC invocations=1418 (full 176):
 PSYoungGen      total 35328K, used 3230K [0x00000000f5580000, 0x00000000f7d80000, 0x0000000100000000)
  eden space 29696K, 0% used [0x00000000f5580000,0x00000000f5580000,0x00000000f7280000)
  from space 5632K, 57% used [0x00000000f7800000,0x00000000f7b278d0,0x00000000f7d80000)
  to   space 5632K, 0% used [0x00000000f7280000,0x00000000f7280000,0x00000000f7800000)
 ParOldGen       total 97792K, used 66559K [0x00000000e0000000, 0x00000000e5f80000, 0x00000000f5580000)
  object space 97792K, 68% used [0x00000000e0000000,0x00000000e40ffe98,0x00000000e5f80000)
 Metaspace       used 108689K, capacity 116872K, committed 117120K, reserved 1150976K
  class space    used 12353K, capacity 14912K, committed 14976K, reserved 1048576K
}
Event: 27888.755 GC heap before
{Heap before GC invocations=1419 (full 176):
 PSYoungGen      total 35328K, used 32926K [0x00000000f5580000, 0x00000000f7d80000, 0x0000000100000000)
  eden space 29696K, 100% used [0x00000000f5580000,0x00000000f7280000,0x00000000f7280000)
  from space 5632K, 57% used [0x00000000f7800000,0x00000000f7b278d0,0x00000000f7d80000)
  to   space 5632K, 0% used [0x00000000f7280000,0x00000000f7280000,0x00000000f7800000)
 ParOldGen       total 97792K, used 66559K [0x00000000e0000000, 0x00000000e5f80000, 0x00000000f5580000)
  object space 97792K, 68% used [0x00000000e0000000,0x00000000e40ffe98,0x00000000e5f80000)
 Metaspace       used 108689K, capacity 116872K, committed 117120K, reserved 1150976K
  class space    used 12353K, capacity 14912K, committed 14976K, reserved 1048576K
Event: 27888.761 GC heap after
Heap after GC invocations=1419 (full 176):
 PSYoungGen      total 35328K, used 4141K [0x00000000f5580000, 0x00000000f7e00000, 0x0000000100000000)
  eden space 29696K, 0% used [0x00000000f5580000,0x00000000f5580000,0x00000000f7280000)
  from space 5632K, 73% used [0x00000000f7280000,0x00000000f768b5e8,0x00000000f7800000)
  to   space 5632K, 0% used [0x00000000f7880000,0x00000000f7880000,0x00000000f7e00000)
 ParOldGen       total 97792K, used 66559K [0x00000000e0000000, 0x00000000e5f80000, 0x00000000f5580000)
  object space 97792K, 68% used [0x00000000e0000000,0x00000000e40ffe98,0x00000000e5f80000)
 Metaspace       used 108689K, capacity 116872K, committed 117120K, reserved 1150976K
  class space    used 12353K, capacity 14912K, committed 14976K, reserved 1048576K
}
Event: 27904.659 GC heap before
{Heap before GC invocations=1420 (full 176):
 PSYoungGen      total 35328K, used 33837K [0x00000000f5580000, 0x00000000f7e00000, 0x0000000100000000)
  eden space 29696K, 100% used [0x00000000f5580000,0x00000000f7280000,0x00000000f7280000)
  from space 5632K, 73% used [0x00000000f7280000,0x00000000f768b5e8,0x00000000f7800000)
  to   space 5632K, 0% used [0x00000000f7880000,0x00000000f7880000,0x00000000f7e00000)
 ParOldGen       total 97792K, used 66559K [0x00000000e0000000, 0x00000000e5f80000, 0x00000000f5580000)
  object space 97792K, 68% used [0x00000000e0000000,0x00000000e40ffe98,0x00000000e5f80000)
 Metaspace       used 108845K, capacity 117096K, committed 117376K, reserved 1150976K
  class space    used 12373K, capacity 14944K, committed 14976K, reserved 1048576K
Event: 27904.663 GC heap after
Heap after GC invocations=1420 (full 176):
 PSYoungGen      total 35840K, used 3646K [0x00000000f5580000, 0x00000000f7e00000, 0x0000000100000000)
  eden space 30208K, 0% used [0x00000000f5580000,0x00000000f5580000,0x00000000f7300000)
  from space 5632K, 64% used [0x00000000f7880000,0x00000000f7c0fa00,0x00000000f7e00000)
  to   space 5632K, 0% used [0x00000000f7300000,0x00000000f7300000,0x00000000f7880000)
 ParOldGen       total 97792K, used 66559K [0x00000000e0000000, 0x00000000e5f80000, 0x00000000f5580000)
  object space 97792K, 68% used [0x00000000e0000000,0x00000000e40ffe98,0x00000000e5f80000)
 Metaspace       used 108845K, capacity 117096K, committed 117376K, reserved 1150976K
  class space    used 12373K, capacity 14944K, committed 14976K, reserved 1048576K
}
Event: 27907.260 GC heap before
{Heap before GC invocations=1421 (full 176):
 PSYoungGen      total 35840K, used 33854K [0x00000000f5580000, 0x00000000f7e00000, 0x0000000100000000)
  eden space 30208K, 100% used [0x00000000f5580000,0x00000000f7300000,0x00000000f7300000)
  from space 5632K, 64% used [0x00000000f7880000,0x00000000f7c0fa00,0x00000000f7e00000)
  to   space 5632K, 0% used [0x00000000f7300000,0x00000000f7300000,0x00000000f7880000)
 ParOldGen       total 97792K, used 66559K [0x00000000e0000000, 0x00000000e5f80000, 0x00000000f5580000)
  object space 97792K, 68% used [0x00000000e0000000,0x00000000e40ffe98,0x00000000e5f80000)
 Metaspace       used 108985K, capacity 117224K, committed 117376K, reserved 1150976K
  class space    used 12386K, capacity 14944K, committed 14976K, reserved 1048576K
Event: 27907.267 GC heap after
Heap after GC invocations=1421 (full 176):
 PSYoungGen      total 35840K, used 2864K [0x00000000f5580000, 0x00000000f7e80000, 0x0000000100000000)
  eden space 30208K, 0% used [0x00000000f5580000,0x00000000f5580000,0x00000000f7300000)
  from space 5632K, 50% used [0x00000000f7300000,0x00000000f75cc010,0x00000000f7880000)
  to   space 5632K, 0% used [0x00000000f7900000,0x00000000f7900000,0x00000000f7e80000)
 ParOldGen       total 97792K, used 66559K [0x00000000e0000000, 0x00000000e5f80000, 0x00000000f5580000)
  object space 97792K, 68% used [0x00000000e0000000,0x00000000e40ffe98,0x00000000e5f80000)
 Metaspace       used 108985K, capacity 117224K, committed 117376K, reserved 1150976K
  class space    used 12386K, capacity 14944K, committed 14976K, reserved 1048576K
}

Deoptimization events (10 events):
Event: 27909.492 Thread 0x000000001b639800 Uncommon trap: reason=unstable_if action=reinterpret pc=0x000000000510b1d4 method=org.eclipse.core.internal.jobs.WorkerPool.startJob(Lorg/eclipse/core/internal/jobs/Worker;)Lorg/eclipse/core/internal/jobs/InternalJob; @ 177
Event: 27909.493 Thread 0x0000000015edf800 Uncommon trap: reason=unstable_if action=reinterpret pc=0x000000000510b1d4 method=org.eclipse.core.internal.jobs.WorkerPool.startJob(Lorg/eclipse/core/internal/jobs/Worker;)Lorg/eclipse/core/internal/jobs/InternalJob; @ 177
Event: 27909.493 Thread 0x0000000015ede800 Uncommon trap: reason=unstable_if action=reinterpret pc=0x000000000510b1d4 method=org.eclipse.core.internal.jobs.WorkerPool.startJob(Lorg/eclipse/core/internal/jobs/Worker;)Lorg/eclipse/core/internal/jobs/InternalJob; @ 177
Event: 27909.493 Thread 0x0000000016f82800 Uncommon trap: reason=unstable_if action=reinterpret pc=0x000000000510b1d4 method=org.eclipse.core.internal.jobs.WorkerPool.startJob(Lorg/eclipse/core/internal/jobs/Worker;)Lorg/eclipse/core/internal/jobs/InternalJob; @ 177
Event: 27909.493 Thread 0x0000000015f24000 Uncommon trap: reason=unstable_if action=reinterpret pc=0x000000000510b1d4 method=org.eclipse.core.internal.jobs.WorkerPool.startJob(Lorg/eclipse/core/internal/jobs/Worker;)Lorg/eclipse/core/internal/jobs/InternalJob; @ 177
Event: 27909.493 Thread 0x0000000016a29000 Uncommon trap: reason=unstable_if action=reinterpret pc=0x000000000510b1d4 method=org.eclipse.core.internal.jobs.WorkerPool.startJob(Lorg/eclipse/core/internal/jobs/Worker;)Lorg/eclipse/core/internal/jobs/InternalJob; @ 177
Event: 27909.493 Thread 0x0000000016a22800 Uncommon trap: reason=unstable_if action=reinterpret pc=0x000000000510b1d4 method=org.eclipse.core.internal.jobs.WorkerPool.startJob(Lorg/eclipse/core/internal/jobs/Worker;)Lorg/eclipse/core/internal/jobs/InternalJob; @ 177
Event: 27910.067 Thread 0x0000000015535800 Uncommon trap: reason=unstable_if action=reinterpret pc=0x000000000633d6a4 method=org.eclipse.tcf.EventQueue.invokeLater(Ljava/lang/Runnable;)V @ 22
Event: 27911.219 Thread 0x00000000025f4000 Uncommon trap: reason=unstable_if action=reinterpret pc=0x00000000037a2c00 method=sun.reflect.UnsafeStaticObjectFieldAccessorImpl.set(Ljava/lang/Object;Ljava/lang/Object;)V @ 13
Event: 27911.219 Thread 0x00000000025f4000 Uncommon trap: reason=unstable_if action=reinterpret pc=0x000000000378f5a8 method=sun.reflect.UnsafeStaticObjectFieldAccessorImpl.set(Ljava/lang/Object;Ljava/lang/Object;)V @ 13

Internal exceptions (10 events):
Event: 27906.794 Thread 0x0000000015f24000 Implicit null exception at 0x00000000050e124f to 0x00000000050e4185
Event: 27907.309 Thread 0x0000000015539000 Exception <a 'java/lang/InterruptedException'> (0x00000000f55fea38) thrown at [C:\re\workspace\8-2-build-windows-amd64-cygwin\jdk8u45\3627\hotspot\src\share\vm\runtime\objectMonitor.cpp, line 1683]
Event: 27909.268 Thread 0x00000000169d0000 Exception <a 'java/io/IOException'> (0x00000000f580fdb8) thrown at [C:\re\workspace\8-2-build-windows-amd64-cygwin\jdk8u45\3627\hotspot\src\share\vm\prims\jni.cpp, line 709]
Event: 27909.537 Thread 0x0000000015e55800 Exception <a 'java/lang/InterruptedException': sleep interrupted> (0x00000000f5910f78) thrown at [C:\re\workspace\8-2-build-windows-amd64-cygwin\jdk8u45\3627\hotspot\src\share\vm\prims\jvm.cpp, line 3211]
Event: 27909.573 Thread 0x000000001ddb0800 Exception <a 'java/lang/InterruptedException'> (0x00000000f5911750) thrown at [C:\re\workspace\8-2-build-windows-amd64-cygwin\jdk8u45\3627\hotspot\src\share\vm\runtime\objectMonitor.cpp, line 1683]
Event: 27909.583 Thread 0x0000000015fba800 Exception <a 'java/lang/InterruptedException'> (0x00000000f5916a68) thrown at [C:\re\workspace\8-2-build-windows-amd64-cygwin\jdk8u45\3627\hotspot\src\share\vm\runtime\objectMonitor.cpp, line 1683]
Event: 27911.219 Thread 0x000000001543c800 Exception <a 'java/lang/InterruptedException'> (0x00000000f58a1628) thrown at [C:\re\workspace\8-2-build-windows-amd64-cygwin\jdk8u45\3627\hotspot\src\share\vm\runtime\objectMonitor.cpp, line 1683]
Event: 27911.219 Thread 0x00000000025f4000 Implicit null exception at 0x00000000037a2813 to 0x00000000037a2bed
Event: 27911.219 Thread 0x00000000025f4000 Implicit null exception at 0x000000000378f49a to 0x000000000378f595
Event: 27911.390 Thread 0x000000001b637800 Exception <a 'java/io/IOException'> (0x00000000f5a91f00) thrown at [C:\re\workspace\8-2-build-windows-amd64-cygwin\jdk8u45\3627\hotspot\src\share\vm\prims\jni.cpp, line 709]

Events (10 events):
Event: 27911.389 Executing VM operation: RevokeBias
Event: 27911.389 Executing VM operation: RevokeBias done
Event: 27911.389 Executing VM operation: RevokeBias
Event: 27911.389 Executing VM operation: RevokeBias done
Event: 27911.389 Executing VM operation: RevokeBias
Event: 27911.389 Executing VM operation: RevokeBias done
Event: 27911.390 Executing VM operation: RevokeBias
Event: 27911.390 Executing VM operation: RevokeBias done
Event: 27911.390 Thread 0x000000001b637800 Thread exited: 0x000000001b637800
Event: 27911.392 Executing VM operation: Exit


Dynamic libraries:
0x0000000000400000 - 0x000000000044f000 	D:\Xilinx\SDK\2015.4\eclipse\win64.o\eclipse.exe
0x00007ffb732e0000 - 0x00007ffb734b2000 	C:\Windows\SYSTEM32\ntdll.dll
0x00007ffb724b0000 - 0x00007ffb7255c000 	C:\Windows\System32\KERNEL32.DLL
0x00007ffb70430000 - 0x00007ffb7064d000 	C:\Windows\System32\KERNELBASE.dll
0x00007ffb72100000 - 0x00007ffb72265000 	C:\Windows\System32\USER32.dll
0x00007ffb70650000 - 0x00007ffb7066e000 	C:\Windows\System32\win32u.dll
0x00007ffb73070000 - 0x00007ffb730a4000 	C:\Windows\System32\GDI32.dll
0x00007ffb6f9a0000 - 0x00007ffb6fb20000 	C:\Windows\System32\gdi32full.dll
0x00007ffb708f0000 - 0x00007ffb7098e000 	C:\Windows\System32\msvcrt.dll
0x00007ffb5af40000 - 0x00007ffb5b1ba000 	C:\Windows\WinSxS\amd64_microsoft.windows.common-controls_6595b64144ccf1df_6.0.14393.953_none_42151e83c686086b\COMCTL32.dll
0x00007ffb72da0000 - 0x00007ffb73068000 	C:\Windows\System32\combase.dll
0x00007ffb6f7e0000 - 0x00007ffb6f8d5000 	C:\Windows\System32\ucrtbase.dll
0x00007ffb731b0000 - 0x00007ffb732d1000 	C:\Windows\System32\RPCRT4.dll
0x00007ffb6f8e0000 - 0x00007ffb6f94a000 	C:\Windows\System32\bcryptPrimitives.dll
0x00007ffb72070000 - 0x00007ffb7209e000 	C:\Windows\System32\IMM32.DLL
0x0000000072000000 - 0x0000000072012000 	D:\Xilinx\SDK\2015.4\eclipse\win64.o\plugins\org.eclipse.equinox.launcher.win32.win32.x86_64_1.1.200.v20140116-2212\eclipse_1503.dll
0x00007ffb72720000 - 0x00007ffb727c2000 	C:\Windows\System32\ADVAPI32.dll
0x00007ffb722f0000 - 0x00007ffb72349000 	C:\Windows\System32\sechost.dll
0x00007ffb6aac0000 - 0x00007ffb6aaca000 	C:\Windows\SYSTEM32\VERSION.dll
0x00007ffb6e010000 - 0x00007ffb6e0a5000 	C:\Windows\system32\uxtheme.dll
0x00007ffb72350000 - 0x00007ffb724aa000 	C:\Windows\System32\MSCTF.dll
0x00007ffb72560000 - 0x00007ffb7261f000 	C:\Windows\System32\OLEAUT32.dll
0x00007ffb70720000 - 0x00007ffb707bc000 	C:\Windows\System32\msvcp_win.dll
0x000000006ec10000 - 0x000000006f493000 	D:\Xilinx\SDK\2015.4\tps\win64\jre\bin\server\jvm.dll
0x00007ffb70870000 - 0x00007ffb70878000 	C:\Windows\System32\PSAPI.DLL
0x00007ffb66d90000 - 0x00007ffb66d99000 	C:\Windows\SYSTEM32\WSOCK32.dll
0x00007ffb6d610000 - 0x00007ffb6d633000 	C:\Windows\SYSTEM32\WINMM.dll
0x0000000074f30000 - 0x0000000075002000 	C:\Windows\SYSTEM32\MSVCR100.dll
0x00007ffb70880000 - 0x00007ffb708ea000 	C:\Windows\System32\WS2_32.dll
0x00007ffb6d570000 - 0x00007ffb6d59b000 	C:\Windows\SYSTEM32\WINMMBASE.dll
0x00007ffb6f950000 - 0x00007ffb6f992000 	C:\Windows\System32\cfgmgr32.dll
0x0000000074210000 - 0x000000007421f000 	D:\Xilinx\SDK\2015.4\tps\win64\jre\bin\verify.dll
0x00000000741e0000 - 0x0000000074209000 	D:\Xilinx\SDK\2015.4\tps\win64\jre\bin\java.dll
0x00000000741c0000 - 0x00000000741d6000 	D:\Xilinx\SDK\2015.4\tps\win64\jre\bin\zip.dll
0x00007ffb70990000 - 0x00007ffb71e98000 	C:\Windows\System32\SHELL32.dll
0x00007ffb6fb20000 - 0x00007ffb701f8000 	C:\Windows\System32\windows.storage.dll
0x00007ffb6f750000 - 0x00007ffb6f79c000 	C:\Windows\System32\powrprof.dll
0x00007ffb720a0000 - 0x00007ffb720f2000 	C:\Windows\System32\shlwapi.dll
0x00007ffb6f7c0000 - 0x00007ffb6f7cf000 	C:\Windows\System32\kernel.appcore.dll
0x00007ffb707c0000 - 0x00007ffb70869000 	C:\Windows\System32\shcore.dll
0x00007ffb6f7a0000 - 0x00007ffb6f7b4000 	C:\Windows\System32\profapi.dll
0x00007ffb6f1d0000 - 0x00007ffb6f1e7000 	C:\Windows\SYSTEM32\CRYPTSP.dll
0x00007ffb6ec20000 - 0x00007ffb6ec53000 	C:\Windows\system32\rsaenh.dll
0x00007ffb6f690000 - 0x00007ffb6f6bb000 	C:\Windows\SYSTEM32\bcrypt.dll
0x00007ffb6eea0000 - 0x00007ffb6eebf000 	C:\Windows\SYSTEM32\USERENV.dll
0x00007ffb6f1c0000 - 0x00007ffb6f1cb000 	C:\Windows\SYSTEM32\CRYPTBASE.dll
0x00000000741a0000 - 0x00000000741ba000 	D:\Xilinx\SDK\2015.4\tps\win64\jre\bin\net.dll
0x00007ffb6f020000 - 0x00007ffb6f07c000 	C:\Windows\system32\mswsock.dll
0x00007ffb6eda0000 - 0x00007ffb6edd8000 	C:\Windows\SYSTEM32\IPHLPAPI.DLL
0x00007ffb722e0000 - 0x00007ffb722e8000 	C:\Windows\System32\NSI.dll
0x00007ffb673e0000 - 0x00007ffb673f6000 	C:\Windows\SYSTEM32\dhcpcsvc6.DLL
0x00007ffb67320000 - 0x00007ffb6733a000 	C:\Windows\SYSTEM32\dhcpcsvc.DLL
0x0000000074180000 - 0x0000000074191000 	D:\Xilinx\SDK\2015.4\tps\win64\jre\bin\nio.dll
0x00007ffb5c310000 - 0x00007ffb5c326000 	C:\Windows\system32\napinsp.dll
0x00007ffb5c350000 - 0x00007ffb5c36a000 	C:\Windows\system32\pnrpnsp.dll
0x00007ffb6b8e0000 - 0x00007ffb6b8f8000 	C:\Windows\system32\NLAapi.dll
0x00007ffb6ede0000 - 0x00007ffb6ee81000 	C:\Windows\SYSTEM32\DNSAPI.dll
0x00007ffb629c0000 - 0x00007ffb629ce000 	C:\Windows\System32\winrnr.dll
0x0000000063560000 - 0x0000000063569000 	C:\Program Files\National Instruments\Shared\mDNS Responder\nimdnsNSP.dll
0x0000000063550000 - 0x000000006355e000 	C:\Windows\SYSTEM32\nimdnsResponder.dll
0x0000000075380000 - 0x0000000075423000 	C:\Windows\WinSxS\amd64_microsoft.vc90.crt_1fc8b3b9a1e18e3b_9.0.30729.9247_none_08e394a1a83e212f\MSVCR90.dll
0x0000000075350000 - 0x0000000075376000 	C:\Program Files\Bonjour\mdnsNSP.dll
0x00007ffb660d0000 - 0x00007ffb660da000 	C:\Windows\System32\rasadhlp.dll
0x00007ffb67b70000 - 0x00007ffb67bda000 	C:\Windows\System32\fwpuclnt.dll
0x0000000017870000 - 0x0000000017918000 	C:\Users\4230\.Xilinx\SDK\2015.4\org.eclipse.osgi\bundles\303\1\.cp\swt-win32-4335.dll
0x00007ffb727d0000 - 0x00007ffb72908000 	C:\Windows\System32\ole32.dll
0x00007ffb730b0000 - 0x00007ffb731aa000 	C:\Windows\System32\comdlg32.dll
0x00007ffb70260000 - 0x00007ffb70429000 	C:\Windows\System32\CRYPT32.dll
0x00007ffb6f7d0000 - 0x00007ffb6f7e0000 	C:\Windows\System32\MSASN1.dll
0x00007ffb650e0000 - 0x00007ffb65166000 	C:\Windows\SYSTEM32\WINSPOOL.DRV
0x00007ffb6a3a0000 - 0x00007ffb6a3b9000 	C:\Windows\SYSTEM32\USP10.dll
0x00007ffb54480000 - 0x00007ffb5474a000 	C:\Windows\SYSTEM32\WININET.dll
0x00007ffb6d530000 - 0x00007ffb6d556000 	C:\Windows\system32\dwmapi.dll
0x00007ffb6d0a0000 - 0x00007ffb6d225000 	C:\Windows\SYSTEM32\propsys.dll
0x00007ffb72620000 - 0x00007ffb726bf000 	C:\Windows\System32\clbcatq.dll
0x0000000017930000 - 0x000000001794e000 	C:\Users\4230\.Xilinx\SDK\2015.4\org.eclipse.osgi\bundles\303\1\.cp\swt-gdip-win32-4335.dll
0x00007ffb53950000 - 0x00007ffb53ae9000 	C:\Windows\WinSxS\amd64_microsoft.windows.gdiplus_6595b64144ccf1df_1.1.14393.1715_none_aec701fbddd850fa\gdiplus.dll
0x00007ffb6c520000 - 0x00007ffb6c6c8000 	C:\Windows\SYSTEM32\WindowsCodecs.dll
0x0000000180000000 - 0x0000000180012000 	C:\Users\4230\.Xilinx\SDK\2015.4\org.eclipse.osgi\bundles\121\1\.cp\os\win32\x86_64\localfile_1_0_0.dll
0x00007ffb6a340000 - 0x00007ffb6a351000 	C:\Users\4230\.Xilinx\SDK\2015.4\org.eclipse.osgi\bundles\124\1\.cp\jWinHttp-1.0.0.dll
0x00007ffb6c420000 - 0x00007ffb6c4ed000 	C:\Windows\SYSTEM32\WINHTTP.dll
0x00007ffb52bd0000 - 0x00007ffb52c35000 	C:\Windows\SYSTEM32\oleacc.dll
0x00007ffb66310000 - 0x00007ffb66359000 	C:\Windows\system32\dataexchange.dll
0x00007ffb6b980000 - 0x00007ffb6bc36000 	C:\Windows\system32\d3d11.dll
0x00007ffb6d8d0000 - 0x00007ffb6da21000 	C:\Windows\system32\dcomp.dll
0x00007ffb6e7e0000 - 0x00007ffb6e87f000 	C:\Windows\system32\dxgi.dll
0x00007ffb6e280000 - 0x00007ffb6e39c000 	C:\Windows\system32\twinapi.appcore.dll
0x00007ffb66060000 - 0x00007ffb6609f000 	C:\Windows\system32\mlang.dll
0x00007ffb6a330000 - 0x00007ffb6a33f000 	D:\Xilinx\SDK\2015.4\lib\win64.o\librdi_repo_manager.dll
0x00007ffb6a300000 - 0x00007ffb6a32a000 	D:\Xilinx\SDK\2015.4\lib\win64.o\libisl_sysinfo.dll
0x00007ffb128f0000 - 0x00007ffb1327d000 	D:\Xilinx\SDK\2015.4\lib\win64.o\librdi_common.dll
0x00007ffb6a040000 - 0x00007ffb6a094000 	D:\Xilinx\SDK\2015.4\lib\win64.o\librdi_commonxillic.dll
0x00007ffb450c0000 - 0x00007ffb45167000 	C:\Windows\SYSTEM32\MSVCP110.dll
0x00007ffb45190000 - 0x00007ffb4537c000 	D:\Xilinx\SDK\2015.4\lib\win64.o\librdi_hsm.dll
0x00007ffb44fe0000 - 0x00007ffb450b4000 	C:\Windows\SYSTEM32\MSVCR110.dll
0x00007ffb12580000 - 0x00007ffb128ee000 	D:\Xilinx\SDK\2015.4\lib\win64.o\libCOIN-all.dll
0x00007ffb6a2f0000 - 0x00007ffb6a300000 	D:\Xilinx\SDK\2015.4\lib\win64.o\libboost_date_time.dll
0x00007ffb6a010000 - 0x00007ffb6a032000 	D:\Xilinx\SDK\2015.4\lib\win64.o\libboost_filesystem.dll
0x00007ffb47ad0000 - 0x00007ffb47bca000 	D:\Xilinx\SDK\2015.4\lib\win64.o\libboost_regex.dll
0x00007ffb6a2d0000 - 0x00007ffb6a2e3000 	D:\Xilinx\SDK\2015.4\lib\win64.o\libboost_signals.dll
0x00007ffb47a50000 - 0x00007ffb47ac4000 	D:\Xilinx\SDK\2015.4\lib\win64.o\libboost_program_options.dll
0x00007ffb69130000 - 0x00007ffb69139000 	D:\Xilinx\SDK\2015.4\lib\win64.o\libboost_system.dll
0x00007ffb672b0000 - 0x00007ffb672bb000 	D:\Xilinx\SDK\2015.4\lib\win64.o\libboost_xilinx.dll
0x00007ffb56480000 - 0x00007ffb5649d000 	D:\Xilinx\SDK\2015.4\lib\win64.o\libboost_thread.dll
0x00007ffb12500000 - 0x00007ffb12580000 	D:\Xilinx\SDK\2015.4\lib\win64.o\libhdlpsolve.dll
0x00007ffb12460000 - 0x00007ffb124fa000 	D:\Xilinx\SDK\2015.4\lib\win64.o\libhdxml.dll
0x00007ffb12020000 - 0x00007ffb12454e00 	D:\Xilinx\SDK\2015.4\lib\win64.o\libisl_iostreams.dll
0x00007ffb52180000 - 0x00007ffb52195000 	D:\Xilinx\SDK\2015.4\lib\win64.o\pthreadVC2.dll
0x00007ffb11ef0000 - 0x00007ffb12020000 	D:\Xilinx\SDK\2015.4\lib\win64.o\librdi_curl.dll
0x00007ffb48440000 - 0x00007ffb48458000 	D:\Xilinx\SDK\2015.4\lib\win64.o\librdiconfig.dll
0x00007ffb47f50000 - 0x00007ffb47f73000 	D:\Xilinx\SDK\2015.4\lib\win64.o\librdizlib.dll
0x0000000074220000 - 0x0000000074347000 	D:\Xilinx\SDK\2015.4\lib\win64.o\tcl85t.dll
0x00000000230a0000 - 0x0000000023303000 	D:\Xilinx\SDK\2015.4\lib\win64.o\xerces-c_3_1.dll
0x00007ffb642f0000 - 0x00007ffb644b3000 	C:\Windows\SYSTEM32\urlmon.dll
0x00007ffb4f8a0000 - 0x00007ffb4f8c3000 	C:\Windows\SYSTEM32\VCOMP110.DLL
0x00007ffb11cd0000 - 0x00007ffb11eee000 	D:\Xilinx\SDK\2015.4\lib\win64.o\libXil_lmgr11.dll
0x00007ffb70200000 - 0x00007ffb70255000 	C:\Windows\System32\WINTRUST.dll
0x00007ffb11c80000 - 0x00007ffb11cc3000 	D:\Xilinx\SDK\2015.4\lib\win64.o\librdi_hdf.dll
0x00007ffb11860000 - 0x00007ffb11ab5000 	D:\Xilinx\SDK\2015.4\lib\win64.o\librdi_ippcw.dll
0x00007ffb631b0000 - 0x00007ffb631bb000 	D:\Xilinx\SDK\2015.4\lib\win64.o\libboost_chrono.dll
0x00007ffb47f30000 - 0x00007ffb47f46000 	D:\Xilinx\SDK\2015.4\lib\win64.o\libboost_iostreams.dll
0x00007ffb47a20000 - 0x00007ffb47a43000 	D:\Xilinx\SDK\2015.4\lib\win64.o\libisl_iosutils.dll
0x00007ffb68e60000 - 0x00007ffb69105000 	C:\Windows\SYSTEM32\iertutil.dll
0x00007ffb66fd0000 - 0x00007ffb66fe8000 	C:\Windows\SYSTEM32\NETAPI32.dll
0x00007ffb6db80000 - 0x00007ffb6db87000 	C:\Windows\SYSTEM32\msimg32.dll
0x00007ffb6dbc0000 - 0x00007ffb6dc02000 	C:\Windows\SYSTEM32\edputil.dll
0x00007ffb10810000 - 0x00007ffb11020000 	D:\Xilinx\SDK\2015.4\lib\win64.o\libXil_lmgr11FNP.dll
0x00007ffb72910000 - 0x00007ffb72d39000 	C:\Windows\System32\SETUPAPI.dll

VM Arguments:
jvm_args: -Dcom.xilinx.sdk.args.hwspec=D:/SMartCart/SMartCart/hdl_prj/vivado_ip_prj/vivado_prj.sdk/system_top_wrapper.hdf -Xms64m -Xmx512m & 
java_command: <unknown>
java_class_path (initial): D:\Xilinx\SDK\2015.4\eclipse\win64.o\\plugins/org.eclipse.equinox.launcher_1.3.0.v20130327-1440.jar
Launcher Type: generic

Environment Variables:
JAVA_HOME=C:\Program Files\Java\jdk1.8.0_121
USERNAME=4230
OS=Windows_NT
PROCESSOR_IDENTIFIER=Intel64 Family 6 Model 94 Stepping 3, GenuineIntel



---------------  S Y S T E M  ---------------

OS: Windows 10.0 , 64 bit Build 14393 (10.0.14393.1198)

CPU:total 4 (4 cores per cpu, 1 threads per core) family 6 model 94 stepping 3, cmov, cx8, fxsr, mmx, sse, sse2, sse3, ssse3, sse4.1, sse4.2, popcnt, avx, avx2, aes, clmul, erms, 3dnowpref, lzcnt, tsc, tscinvbit, bmi1, bmi2, adx

Memory: 4k page, physical 8343204k(3854944k free), swap 10984764k(5289076k free)

vm_info: Java HotSpot(TM) 64-Bit Server VM (25.45-b02) for windows-amd64 JRE (1.8.0_45-b15), built on Apr 30 2015 12:40:44 by "java_re" with MS VC++ 10.0 (VS2010)

time: Thu Nov 02 18:15:06 2017
elapsed time: 27913 seconds (0d 7h 45m 13s)

