#
# A fatal error has been detected by the Java Runtime Environment:
#
#  EXCEPTION_UNCAUGHT_CXX_EXCEPTION (0xe06d7363) at pc=0x000007fefce9adcd, pid=4140, tid=3048
#
# JRE version: Java(TM) SE Runtime Environment (8.0_25-b18) (build 1.8.0_25-b18)
# Java VM: Java HotSpot(TM) 64-Bit Server VM (25.25-b02 mixed mode windows-amd64 compressed oops)
# Problematic frame:
# C  [KERNELBASE.dll+0xadcd]
#
# Failed to write core dump. Minidumps are not enabled by default on client versions of Windows
#
# If you would like to submit a bug report, please visit:
#   http://bugreport.sun.com/bugreport/crash.jsp
#

---------------  T H R E A D  ---------------

Current thread (0x000000001394b800):  VMThread [stack: 0x00000000149b0000,0x0000000014ab0000] [id=3048]

siginfo: ExceptionCode=0xe06d7363, ExceptionInformation=0x0000000019930520 0x0000000014aaf668 0x000007fee32d2cb8 0x000007fee3220000 

Registers:
RAX=0x000000006223aae0, RBX=0x000007fee32d2cb8, RCX=0x0000000014aaeeb0, RDX=0x00000000000000d0
RSP=0x0000000014aaf4c0, RBP=0x0000000014aaf5f0, RSI=0x00000000ffffffff, RDI=0x00000000163298c0
R8 =0x0000000000000000, R9 =0x0000000000000000, R10=0x000007fee3220000, R11=0x0000000014aaf500
R12=0x0000000000000001, R13=0x0000000000000008, R14=0x0000000000000000, R15=0xffffffffffffffff
RIP=0x000007fefce9adcd, EFLAGS=0x0000000000000202

Top of Stack: (sp=0x0000000014aaf4c0)
0x0000000014aaf4c0:   000007fee32d2cb8 00000000ffffffff
0x0000000014aaf4d0:   00000000163298c0 000000002163c790
0x0000000014aaf4e0:   00000001e06d7363 0000000000000000
0x0000000014aaf4f0:   000007fefce9adcd 000007fe00000004
0x0000000014aaf500:   0000000019930520 0000000014aaf668
0x0000000014aaf510:   000007fee32d2cb8 000007fee3220000
0x0000000014aaf520:   0000000000000000 0000000014aaf5a8
0x0000000014aaf530:   0000000000000028 00000000163298b0
0x0000000014aaf540:   000000002181aaf0 0000000000000000
0x0000000014aaf550:   000007fffffd3000 0000000076def5d3
0x0000000014aaf560:   0000000000000000 0000000000000008
0x0000000014aaf570:   0000000000000001 00000000163298c0
0x0000000014aaf580:   00000000ffffffff 000007fee327e92c
0x0000000014aaf590:   000007fee32d2cb8 0000000014aaf600
0x0000000014aaf5a0:   0000000000000001 000007fee32200f8
0x0000000014aaf5b0:   00000001e06d7363 0000000000000000 

Instructions: (pc=0x000007fefce9adcd)
0x000007fefce9adad:   54 24 24 48 89 4c 24 28 4d 85 c9 0f 85 8a 08 01
0x000007fefce9adbd:   00 89 4c 24 38 48 8d 4c 24 20 ff 15 d3 04 04 00
0x000007fefce9adcd:   48 81 c4 c8 00 00 00 c3 90 90 90 90 90 90 90 90
0x000007fefce9addd:   90 90 90 ff f3 56 57 41 54 41 55 41 56 41 57 48 


Register to memory mapping:

RAX=0x000000006223aae0 is an unknown value
RBX=0x000007fee32d2cb8 is an unknown value
RCX=0x0000000014aaeeb0 is an unknown value
RDX=0x00000000000000d0 is an unknown value
RSP=0x0000000014aaf4c0 is an unknown value
RBP=0x0000000014aaf5f0 is an unknown value
RSI=0x00000000ffffffff is an unallocated location in the heap
RDI=0x00000000163298c0 is an unknown value
R8 =0x0000000000000000 is an unknown value
R9 =0x0000000000000000 is an unknown value
R10=0x000007fee3220000 is an unknown value
R11=0x0000000014aaf500 is an unknown value
R12=0x0000000000000001 is an unknown value
R13=0x0000000000000008 is an unknown value
R14=0x0000000000000000 is an unknown value
R15=0xffffffffffffffff is an unknown value


Stack: [0x00000000149b0000,0x0000000014ab0000],  sp=0x0000000014aaf4c0,  free space=1021k
Native frames: (J=compiled Java code, j=interpreted, Vv=VM code, C=native code)
C  [KERNELBASE.dll+0xadcd]
C  [MSVCR110.dll+0x5e92c]
C  [MSVCR110.dll+0x1315c]
C  [MSVCR110.dll+0x136a9]
C  [MSVCR110.dll+0x13e9c]
C  [MSVCR110.dll+0x239e]
C  [MSVCR110.dll+0xaf9e]
C  [MSVCP110.dll+0x397b9]
C  [librdi_common.dll+0x135d02]
C  [librdi_common.dll+0x13447b]
C  0x000007febf99c33c
C  0x000007febf99c5be
C  [ntdll.dll+0x22b31]
C  [ntdll.dll+0x22940]
C  [MSVCR100.dll+0x20ccd]
V  [jvm.dll+0x1f9c55]
V  [jvm.dll+0x2325e7]
V  [jvm.dll+0x231826]
V  [jvm.dll+0x231cc1]
V  [jvm.dll+0x231ede]
V  [jvm.dll+0x2852fa]
C  [MSVCR100.dll+0x21d9f]
C  [MSVCR100.dll+0x21e3b]
C  [kernel32.dll+0x159dd]
C  [ntdll.dll+0x2a631]

VM_Operation (0x000000000012f500): Exit, mode: safepoint, requested by thread 0x000000000252b000


---------------  P R O C E S S  ---------------

Java Threads: ( => current thread )
  0x0000000018d40000 JavaThread "TCF Locator DNS Lookup" daemon [_thread_blocked, id=3880, stack(0x000000001b0a0000,0x000000001b1a0000)]
  0x0000000018d3e800 JavaThread "TCF Locator Receiver" daemon [_thread_in_native, id=1372, stack(0x000000001aea0000,0x000000001afa0000)]
  0x0000000017a9a000 JavaThread "TCF Timer Dispatcher" daemon [_thread_blocked, id=4820, stack(0x000000001ac80000,0x000000001ad80000)]
  0x00000000158ac800 JavaThread "EMF Reference Cleaner" daemon [_thread_blocked, id=4264, stack(0x0000000018210000,0x0000000018310000)]
  0x0000000014d34800 JavaThread "Service Thread" daemon [_thread_blocked, id=3980, stack(0x00000000155c0000,0x00000000156c0000)]
  0x0000000014cc7000 JavaThread "C1 CompilerThread2" daemon [_thread_blocked, id=5060, stack(0x00000000154c0000,0x00000000155c0000)]
  0x0000000014cc5800 JavaThread "C2 CompilerThread1" daemon [_thread_blocked, id=3156, stack(0x00000000153c0000,0x00000000154c0000)]
  0x0000000014cc0800 JavaThread "C2 CompilerThread0" daemon [_thread_blocked, id=1512, stack(0x00000000152c0000,0x00000000153c0000)]
  0x00000000139bf000 JavaThread "Attach Listener" daemon [_thread_blocked, id=1228, stack(0x00000000151c0000,0x00000000152c0000)]
  0x00000000139be000 JavaThread "Signal Dispatcher" daemon [_thread_blocked, id=2756, stack(0x00000000150c0000,0x00000000151c0000)]
  0x0000000013958000 JavaThread "Finalizer" daemon [_thread_blocked, id=2740, stack(0x0000000014bb0000,0x0000000014cb0000)]
  0x000000001394f800 JavaThread "Reference Handler" daemon [_thread_blocked, id=4712, stack(0x0000000014ab0000,0x0000000014bb0000)]
  0x000000000252b000 JavaThread "main" [_thread_blocked, id=3328, stack(0x0000000000030000,0x0000000000130000)]

Other Threads:
=>0x000000001394b800 VMThread [stack: 0x00000000149b0000,0x0000000014ab0000] [id=3048]

VM state:at safepoint (shutting down)

VM Mutex/Monitor currently owned by a thread:  ([mutex/lock_event])
[0x0000000002529700] Threads_lock - owner thread: 0x000000001394b800

Heap:
 PSYoungGen      total 62464K, used 38063K [0x00000000f5580000, 0x00000000fb000000, 0x0000000100000000)
  eden space 49152K, 77% used [0x00000000f5580000,0x00000000f7aabf98,0x00000000f8580000)
  from space 13312K, 0% used [0x00000000f8580000,0x00000000f8580000,0x00000000f9280000)
  to   space 13824K, 0% used [0x00000000fa280000,0x00000000fa280000,0x00000000fb000000)
 ParOldGen       total 62976K, used 26740K [0x00000000e0000000, 0x00000000e3d80000, 0x00000000f5580000)
  object space 62976K, 42% used [0x00000000e0000000,0x00000000e1a1d2a8,0x00000000e3d80000)
 Metaspace       used 59193K, capacity 64058K, committed 64256K, reserved 1103872K
  class space    used 7346K, capacity 8909K, committed 8960K, reserved 1048576K

Card table byte_map: [0x00000000119b0000,0x0000000011ac0000] byte_map_base: 0x00000000112b0000

Marking Bits: (ParMarkBitMap*) 0x0000000060b2d490
 Begin Bits: [0x0000000011ec0000, 0x00000000126c0000)
 End Bits:   [0x00000000126c0000, 0x0000000012ec0000)

Polling page: 0x0000000002370000

CodeCache: size=245760Kb used=15628Kb max_used=15737Kb free=230131Kb
 bounds [0x00000000025f0000, 0x0000000003580000, 0x00000000115f0000]
 total_blobs=5170 nmethods=4364 adapters=715
 compilation: enabled

Compilation events (10 events):
Event: 247.538 Thread 0x0000000014cc5800 nmethod 5316 0x0000000002d3d810 code [0x0000000002d3d940, 0x0000000002d3d998]
Event: 247.776 Thread 0x0000000014cc7000 5318       3       java.io.File::list (33 bytes)
Event: 247.777 Thread 0x0000000014cc7000 nmethod 5318 0x0000000002e2e090 code [0x0000000002e2e260, 0x0000000002e2e988]
Event: 247.854 Thread 0x0000000014cc7000 5319   !   3       org.eclipse.osgi.internal.baseadaptor.BaseStorage::compact (215 bytes)
Event: 247.856 Thread 0x0000000014cc7000 nmethod 5319 0x0000000002f802d0 code [0x0000000002f80700, 0x0000000002f82b38]
Event: 247.920 Thread 0x0000000014cc0800 nmethod 5300 0x000000000356ab90 code [0x000000000356b080, 0x00000000035706e0]
Event: 248.151 Thread 0x0000000014cc7000 5320       3       org.eclipse.osgi.framework.internal.core.AbstractBundle::close (52 bytes)
Event: 248.152 Thread 0x0000000014cc7000 nmethod 5320 0x00000000033f1910 code [0x00000000033f1b40, 0x00000000033f2828]
Event: 248.152 Thread 0x0000000014cc7000 5321       1       java.util.logging.LogManager$LoggerContext::getOwner (5 bytes)
Event: 248.152 Thread 0x0000000014cc7000 nmethod 5321 0x0000000002b3d850 code [0x0000000002b3d9a0, 0x0000000002b3dab0]

GC Heap History (10 events):
Event: 18.581 GC heap before
{Heap before GC invocations=12 (full 2):
 PSYoungGen      total 39936K, used 27136K [0x00000000f5580000, 0x00000000f9600000, 0x0000000100000000)
  eden space 27136K, 100% used [0x00000000f5580000,0x00000000f7000000,0x00000000f7000000)
  from space 12800K, 0% used [0x00000000f7000000,0x00000000f7000000,0x00000000f7c80000)
  to   space 12288K, 0% used [0x00000000f8a00000,0x00000000f8a00000,0x00000000f9600000)
 ParOldGen       total 48128K, used 17503K [0x00000000e0000000, 0x00000000e2f00000, 0x00000000f5580000)
  object space 48128K, 36% used [0x00000000e0000000,0x00000000e1117e80,0x00000000e2f00000)
 Metaspace       used 37077K, capacity 40290K, committed 40448K, reserved 1083392K
  class space    used 4580K, capacity 5554K, committed 5632K, reserved 1048576K
Event: 18.606 GC heap after
Heap after GC invocations=12 (full 2):
 PSYoungGen      total 45568K, used 6014K [0x00000000f5580000, 0x00000000f9200000, 0x0000000100000000)
  eden space 37376K, 0% used [0x00000000f5580000,0x00000000f5580000,0x00000000f7a00000)
  from space 8192K, 73% used [0x00000000f8a00000,0x00000000f8fdf9d8,0x00000000f9200000)
  to   space 12288K, 0% used [0x00000000f7a00000,0x00000000f7a00000,0x00000000f8600000)
 ParOldGen       total 48128K, used 17511K [0x00000000e0000000, 0x00000000e2f00000, 0x00000000f5580000)
  object space 48128K, 36% used [0x00000000e0000000,0x00000000e1119e80,0x00000000e2f00000)
 Metaspace       used 37077K, capacity 40290K, committed 40448K, reserved 1083392K
  class space    used 4580K, capacity 5554K, committed 5632K, reserved 1048576K
}
Event: 21.386 GC heap before
{Heap before GC invocations=13 (full 2):
 PSYoungGen      total 45568K, used 43390K [0x00000000f5580000, 0x00000000f9200000, 0x0000000100000000)
  eden space 37376K, 100% used [0x00000000f5580000,0x00000000f7a00000,0x00000000f7a00000)
  from space 8192K, 73% used [0x00000000f8a00000,0x00000000f8fdf9d8,0x00000000f9200000)
  to   space 12288K, 0% used [0x00000000f7a00000,0x00000000f7a00000,0x00000000f8600000)
 ParOldGen       total 48128K, used 17511K [0x00000000e0000000, 0x00000000e2f00000, 0x00000000f5580000)
  object space 48128K, 36% used [0x00000000e0000000,0x00000000e1119e80,0x00000000e2f00000)
 Metaspace       used 44475K, capacity 48414K, committed 48640K, reserved 1091584K
  class space    used 5531K, capacity 6828K, committed 6912K, reserved 1048576K
Event: 21.402 GC heap after
Heap after GC invocations=13 (full 2):
 PSYoungGen      total 49664K, used 9875K [0x00000000f5580000, 0x00000000fa000000, 0x0000000100000000)
  eden space 37376K, 0% used [0x00000000f5580000,0x00000000f5580000,0x00000000f7a00000)
  from space 12288K, 80% used [0x00000000f7a00000,0x00000000f83a4d18,0x00000000f8600000)
  to   space 12800K, 0% used [0x00000000f9380000,0x00000000f9380000,0x00000000fa000000)
 ParOldGen       total 48128K, used 19516K [0x00000000e0000000, 0x00000000e2f00000, 0x00000000f5580000)
  object space 48128K, 40% used [0x00000000e0000000,0x00000000e130f3c8,0x00000000e2f00000)
 Metaspace       used 44475K, capacity 48414K, committed 48640K, reserved 1091584K
  class space    used 5531K, capacity 6828K, committed 6912K, reserved 1048576K
}
Event: 52.153 GC heap before
{Heap before GC invocations=14 (full 2):
 PSYoungGen      total 49664K, used 47251K [0x00000000f5580000, 0x00000000fa000000, 0x0000000100000000)
  eden space 37376K, 100% used [0x00000000f5580000,0x00000000f7a00000,0x00000000f7a00000)
  from space 12288K, 80% used [0x00000000f7a00000,0x00000000f83a4d18,0x00000000f8600000)
  to   space 12800K, 0% used [0x00000000f9380000,0x00000000f9380000,0x00000000fa000000)
 ParOldGen       total 48128K, used 19516K [0x00000000e0000000, 0x00000000e2f00000, 0x00000000f5580000)
  object space 48128K, 40% used [0x00000000e0000000,0x00000000e130f3c8,0x00000000e2f00000)
 Metaspace       used 53281K, capacity 57778K, committed 57984K, reserved 1099776K
  class space    used 6665K, capacity 8034K, committed 8064K, reserved 1048576K
Event: 52.166 GC heap after
Heap after GC invocations=14 (full 2):
 PSYoungGen      total 61440K, used 10668K [0x00000000f5580000, 0x00000000f9f80000, 0x0000000100000000)
  eden space 49152K, 0% used [0x00000000f5580000,0x00000000f5580000,0x00000000f8580000)
  from space 12288K, 86% used [0x00000000f9380000,0x00000000f9deb0d0,0x00000000f9f80000)
  to   space 13312K, 0% used [0x00000000f8580000,0x00000000f8580000,0x00000000f9280000)
 ParOldGen       total 48128K, used 23218K [0x00000000e0000000, 0x00000000e2f00000, 0x00000000f5580000)
  object space 48128K, 48% used [0x00000000e0000000,0x00000000e16ac840,0x00000000e2f00000)
 Metaspace       used 53281K, capacity 57778K, committed 57984K, reserved 1099776K
  class space    used 6665K, capacity 8034K, committed 8064K, reserved 1048576K
}
Event: 52.644 GC heap before
{Heap before GC invocations=15 (full 2):
 PSYoungGen      total 61440K, used 15048K [0x00000000f5580000, 0x00000000f9f80000, 0x0000000100000000)
  eden space 49152K, 8% used [0x00000000f5580000,0x00000000f59c7288,0x00000000f8580000)
  from space 12288K, 86% used [0x00000000f9380000,0x00000000f9deb0d0,0x00000000f9f80000)
  to   space 13312K, 0% used [0x00000000f8580000,0x00000000f8580000,0x00000000f9280000)
 ParOldGen       total 48128K, used 23218K [0x00000000e0000000, 0x00000000e2f00000, 0x00000000f5580000)
  object space 48128K, 48% used [0x00000000e0000000,0x00000000e16ac840,0x00000000e2f00000)
 Metaspace       used 54212K, capacity 58942K, committed 59028K, reserved 1099776K
  class space    used 6793K, capacity 8249K, committed 8320K, reserved 1048576K
Event: 52.652 GC heap after
Heap after GC invocations=15 (full 2):
 PSYoungGen      total 62464K, used 1238K [0x00000000f5580000, 0x00000000fb000000, 0x0000000100000000)
  eden space 49152K, 0% used [0x00000000f5580000,0x00000000f5580000,0x00000000f8580000)
  from space 13312K, 9% used [0x00000000f8580000,0x00000000f86b5a50,0x00000000f9280000)
  to   space 13824K, 0% used [0x00000000fa280000,0x00000000fa280000,0x00000000fb000000)
 ParOldGen       total 48128K, used 26654K [0x00000000e0000000, 0x00000000e2f00000, 0x00000000f5580000)
  object space 48128K, 55% used [0x00000000e0000000,0x00000000e1a07888,0x00000000e2f00000)
 Metaspace       used 54212K, capacity 58942K, committed 59028K, reserved 1099776K
  class space    used 6793K, capacity 8249K, committed 8320K, reserved 1048576K
}
Event: 52.652 GC heap before
{Heap before GC invocations=16 (full 3):
 PSYoungGen      total 62464K, used 1238K [0x00000000f5580000, 0x00000000fb000000, 0x0000000100000000)
  eden space 49152K, 0% used [0x00000000f5580000,0x00000000f5580000,0x00000000f8580000)
  from space 13312K, 9% used [0x00000000f8580000,0x00000000f86b5a50,0x00000000f9280000)
  to   space 13824K, 0% used [0x00000000fa280000,0x00000000fa280000,0x00000000fb000000)
 ParOldGen       total 48128K, used 26654K [0x00000000e0000000, 0x00000000e2f00000, 0x00000000f5580000)
  object space 48128K, 55% used [0x00000000e0000000,0x00000000e1a07888,0x00000000e2f00000)
 Metaspace       used 54212K, capacity 58942K, committed 59028K, reserved 1099776K
  class space    used 6793K, capacity 8249K, committed 8320K, reserved 1048576K
Event: 52.920 GC heap after
Heap after GC invocations=16 (full 3):
 PSYoungGen      total 62464K, used 0K [0x00000000f5580000, 0x00000000fb000000, 0x0000000100000000)
  eden space 49152K, 0% used [0x00000000f5580000,0x00000000f5580000,0x00000000f8580000)
  from space 13312K, 0% used [0x00000000f8580000,0x00000000f8580000,0x00000000f9280000)
  to   space 13824K, 0% used [0x00000000fa280000,0x00000000fa280000,0x00000000fb000000)
 ParOldGen       total 62976K, used 26740K [0x00000000e0000000, 0x00000000e3d80000, 0x00000000f5580000)
  object space 62976K, 42% used [0x00000000e0000000,0x00000000e1a1d2a8,0x00000000e3d80000)
 Metaspace       used 54212K, capacity 58942K, committed 59028K, reserved 1099776K
  class space    used 6793K, capacity 8249K, committed 8320K, reserved 1048576K
}

Deoptimization events (10 events):
Event: 246.227 Thread 0x00000000196e7800 Uncommon trap: reason=bimorphic action=maybe_recompile pc=0x0000000002eeeddc method=java.util.Properties.load0(Ljava/util/Properties$LineReader;)V @ 242
Event: 246.231 Thread 0x000000000252b000 Uncommon trap: reason=class_check action=maybe_recompile pc=0x0000000002a47a28 method=org.eclipse.swt.ole.win32.OleFrame$2.run()V @ 6
Event: 246.329 Thread 0x000000000252b000 Uncommon trap: reason=unreached action=reinterpret pc=0x000000000286031c method=org.eclipse.e4.ui.internal.workbench.swt.PartRenderingEngine.someAreVisible(Ljava/util/List;)Z @ 41
Event: 246.487 Thread 0x000000000252b000 Uncommon trap: reason=class_check action=maybe_recompile pc=0x00000000030b9f18 method=org.eclipse.emf.common.util.BasicEMap.ensureEntryDataExists()V @ 37
Event: 246.648 Thread 0x000000000252b000 Uncommon trap: reason=class_check action=maybe_recompile pc=0x0000000002a47a28 method=org.eclipse.swt.ole.win32.OleFrame$2.run()V @ 6
Event: 246.697 Thread 0x000000000252b000 Uncommon trap: reason=class_check action=maybe_recompile pc=0x0000000003460b78 method=org.eclipse.e4.core.internal.contexts.TrackableComputationExt.update(Lorg/eclipse/e4/core/internal/contexts/ContextChangeEvent;)Z @ 62
Event: 246.697 Thread 0x000000000252b000 Uncommon trap: reason=class_check action=maybe_recompile pc=0x0000000003460b78 method=org.eclipse.e4.core.internal.contexts.TrackableComputationExt.update(Lorg/eclipse/e4/core/internal/contexts/ContextChangeEvent;)Z @ 62
Event: 246.697 Thread 0x000000000252b000 Uncommon trap: reason=class_check action=maybe_recompile pc=0x0000000003460b78 method=org.eclipse.e4.core.internal.contexts.TrackableComputationExt.update(Lorg/eclipse/e4/core/internal/contexts/ContextChangeEvent;)Z @ 62
Event: 247.339 Thread 0x000000000252b000 Uncommon trap: reason=null_check action=make_not_entrant pc=0x0000000002e32520 method=org.eclipse.core.runtime.internal.adaptor.EclipseLazyStarter.shouldActivateFor(Ljava/lang/String;Lorg/eclipse/osgi/baseadaptor/BaseData;Lorg/eclipse/core/runtime/internal¯óÊÜ€Ín@
Event: 247.339 Thread 0x000000000252b000 Uncommon trap: reason=bimorphic action=maybe_recompile pc=0x00000000030c56a0 method=java.util.AbstractCollection.isEmpty()Z @ 1

Internal exceptions (10 events):
Event: 245.709 Thread 0x0000000018d41800 Exception <a 'java/lang/InterruptedException'> (0x00000000f6f35228) thrown at [D:\re\workspace\8-2-build-windows-amd64-cygwin\jdk8u25\1677\hotspot\src\share\vm\runtime\objectMonitor.cpp, line 1682]
Event: 245.723 Thread 0x00000000196e8800 Exception <a 'sun/net/ConnectionResetException': > (0x00000000f6b66720) thrown at [D:\re\workspace\8-2-build-windows-amd64-cygwin\jdk8u25\1677\hotspot\src\share\vm\prims\jni.cpp, line 742]
Event: 245.723 Thread 0x00000000196e8800 Exception <a 'sun/net/ConnectionResetException': > (0x00000000f6b668f8) thrown at [D:\re\workspace\8-2-build-windows-amd64-cygwin\jdk8u25\1677\hotspot\src\share\vm\prims\jni.cpp, line 742]
Event: 245.729 Thread 0x00000000196e7800 Exception <a 'java/net/SocketException': Connection reset by peer: socket write error> (0x00000000f6b8c6f0) thrown at [D:\re\workspace\8-2-build-windows-amd64-cygwin\jdk8u25\1677\hotspot\src\share\vm\prims\jni.cpp, line 742]
Event: 245.730 Thread 0x00000000196e7800 Exception <a 'java/net/SocketException': Socket closed> (0x00000000f6f66588) thrown at [D:\re\workspace\8-2-build-windows-amd64-cygwin\jdk8u25\1677\hotspot\src\share\vm\prims\jni.cpp, line 742]
Event: 247.339 Thread 0x000000000252b000 Implicit null exception at 0x0000000002e31093 to 0x0000000002e32515
Event: 247.470 Thread 0x0000000015946000 Exception <a 'java/lang/InterruptedException': sleep interrupted> (0x00000000f78d9fa8) thrown at [D:\re\workspace\8-2-build-windows-amd64-cygwin\jdk8u25\1677\hotspot\src\share\vm\prims\jvm.cpp, line 3141]
Event: 247.472 Thread 0x0000000017a94000 Exception <a 'java/lang/InterruptedException'> (0x00000000f7954d78) thrown at [D:\re\workspace\8-2-build-windows-amd64-cygwin\jdk8u25\1677\hotspot\src\share\vm\runtime\objectMonitor.cpp, line 1682]
Event: 247.472 Thread 0x00000000157fb000 Exception <a 'java/lang/InterruptedException'> (0x00000000f796d6c8) thrown at [D:\re\workspace\8-2-build-windows-amd64-cygwin\jdk8u25\1677\hotspot\src\share\vm\runtime\objectMonitor.cpp, line 1682]
Event: 248.151 Thread 0x0000000014dc2000 Exception <a 'java/lang/InterruptedException'> (0x00000000f78d9450) thrown at [D:\re\workspace\8-2-build-windows-amd64-cygwin\jdk8u25\1677\hotspot\src\share\vm\runtime\objectMonitor.cpp, line 1682]

Events (10 events):
Event: 248.152 Executing VM operation: RevokeBias
Event: 248.152 Executing VM operation: RevokeBias done
Event: 248.152 Executing VM operation: RevokeBias
Event: 248.152 Executing VM operation: RevokeBias done
Event: 248.152 Executing VM operation: RevokeBias
Event: 248.152 Executing VM operation: RevokeBias done
Event: 248.153 Executing VM operation: RevokeBias
Event: 248.153 Executing VM operation: RevokeBias done
Event: 248.153 Thread 0x0000000018d3f000 Thread exited: 0x0000000018d3f000
Event: 248.154 Executing VM operation: Exit


Dynamic libraries:
0x0000000000400000 - 0x000000000044f000 	D:\Xilinx\SDK\2015.2\eclipse\win64.o\eclipse.exe
0x0000000076da0000 - 0x0000000076f49000 	C:\Windows\SYSTEM32\ntdll.dll
0x0000000076b80000 - 0x0000000076ca0000 	C:\Windows\system32\kernel32.dll
0x000007fefce90000 - 0x000007fefcefb000 	C:\Windows\system32\KERNELBASE.dll
0x0000000076ca0000 - 0x0000000076d9a000 	C:\Windows\system32\USER32.dll
0x000007fefe320000 - 0x000007fefe387000 	C:\Windows\system32\GDI32.dll
0x000007fefe6d0000 - 0x000007fefe6de000 	C:\Windows\system32\LPK.dll
0x000007fefefb0000 - 0x000007feff079000 	C:\Windows\system32\USP10.dll
0x000007fefd020000 - 0x000007fefd0bf000 	C:\Windows\system32\msvcrt.dll
0x000007fefb580000 - 0x000007fefb774000 	C:\Windows\WinSxS\amd64_microsoft.windows.common-controls_6595b64144ccf1df_6.0.7601.18837_none_fa3b1e3d17594757\COMCTL32.dll
0x000007fefe390000 - 0x000007fefe401000 	C:\Windows\system32\SHLWAPI.dll
0x000007feff080000 - 0x000007feff0ae000 	C:\Windows\system32\IMM32.DLL
0x000007fefd0c0000 - 0x000007fefd1c9000 	C:\Windows\system32\MSCTF.dll
0x0000000072000000 - 0x0000000072012000 	D:\Xilinx\SDK\2015.2\eclipse\win64.o\plugins\org.eclipse.equinox.launcher.win32.win32.x86_64_1.1.200.v20140116-2212\eclipse_1503.dll
0x000007fefe410000 - 0x000007fefe4eb000 	C:\Windows\system32\ADVAPI32.dll
0x000007fefe300000 - 0x000007fefe31f000 	C:\Windows\SYSTEM32\sechost.dll
0x000007fefea00000 - 0x000007fefeb2d000 	C:\Windows\system32\RPCRT4.dll
0x000007fefbc30000 - 0x000007fefbc3c000 	C:\Windows\system32\VERSION.dll
0x000007fefb3a0000 - 0x000007fefb3f6000 	C:\Windows\system32\uxtheme.dll
0x0000000060350000 - 0x0000000060baa000 	D:\Xilinx\SDK\2015.2\tps\win64\jre\bin\server\jvm.dll
0x000007fef5130000 - 0x000007fef5139000 	C:\Windows\system32\WSOCK32.dll
0x000007fefe6e0000 - 0x000007fefe72d000 	C:\Windows\system32\WS2_32.dll
0x000007fefe2f0000 - 0x000007fefe2f8000 	C:\Windows\system32\NSI.dll
0x000007fef8c70000 - 0x000007fef8cab000 	C:\Windows\system32\WINMM.dll
0x0000000076f60000 - 0x0000000076f67000 	C:\Windows\system32\PSAPI.DLL
0x0000000070af0000 - 0x0000000070bc2000 	C:\Windows\system32\MSVCR100.dll
0x0000000065000000 - 0x000000006500f000 	D:\Xilinx\SDK\2015.2\tps\win64\jre\bin\verify.dll
0x0000000064fd0000 - 0x0000000064ff8000 	D:\Xilinx\SDK\2015.2\tps\win64\jre\bin\java.dll
0x0000000064fb0000 - 0x0000000064fc6000 	D:\Xilinx\SDK\2015.2\tps\win64\jre\bin\zip.dll
0x000007fefd250000 - 0x000007fefdfd9000 	C:\Windows\system32\SHELL32.dll
0x000007fefeda0000 - 0x000007fefefa3000 	C:\Windows\system32\ole32.dll
0x000007fefcb50000 - 0x000007fefcb5f000 	C:\Windows\system32\profapi.dll
0x000007fefc380000 - 0x000007fefc398000 	C:\Windows\system32\CRYPTSP.dll
0x000007fefc040000 - 0x000007fefc087000 	C:\Windows\system32\rsaenh.dll
0x000007fefcc40000 - 0x000007fefcc5e000 	C:\Windows\system32\USERENV.dll
0x000007fefc980000 - 0x000007fefc98f000 	C:\Windows\system32\CRYPTBASE.dll
0x0000000064f90000 - 0x0000000064faa000 	D:\Xilinx\SDK\2015.2\tps\win64\jre\bin\net.dll
0x000007fefc320000 - 0x000007fefc375000 	C:\Windows\system32\mswsock.dll
0x000007fefc310000 - 0x000007fefc317000 	C:\Windows\System32\wship6.dll
0x000007fef9100000 - 0x000007fef9127000 	C:\Windows\system32\IPHLPAPI.DLL
0x000007fef90f0000 - 0x000007fef90fb000 	C:\Windows\system32\WINNSI.DLL
0x000007fef8f70000 - 0x000007fef8f88000 	C:\Windows\system32\dhcpcsvc.DLL
0x000007fef8f50000 - 0x000007fef8f61000 	C:\Windows\system32\dhcpcsvc6.DLL
0x0000000064f70000 - 0x0000000064f81000 	D:\Xilinx\SDK\2015.2\tps\win64\jre\bin\nio.dll
0x000007fefcf80000 - 0x000007fefd019000 	C:\Windows\system32\CLBCatQ.DLL
0x000007fefdfe0000 - 0x000007fefe0b7000 	C:\Windows\system32\OLEAUT32.dll
0x000007fef93c0000 - 0x000007fef93d5000 	C:\Windows\system32\NLAapi.dll
0x000007fef8110000 - 0x000007fef8125000 	C:\Windows\system32\napinsp.dll
0x000007fef8130000 - 0x000007fef8149000 	C:\Windows\system32\pnrpnsp.dll
0x000007fefc1a0000 - 0x000007fefc1fb000 	C:\Windows\system32\DNSAPI.dll
0x000007fef8c60000 - 0x000007fef8c6b000 	C:\Windows\System32\winrnr.dll
0x000007fefbd00000 - 0x000007fefbd07000 	C:\Windows\System32\wshtcpip.dll
0x000007fef8150000 - 0x000007fef8158000 	C:\Windows\system32\rasadhlp.dll
0x000007fef8fa0000 - 0x000007fef8ff3000 	C:\Windows\System32\fwpuclnt.dll
0x00000000168e0000 - 0x0000000016988000 	C:\Users\Admin\.Xilinx\SDK\2015.2\org.eclipse.osgi\bundles\287\1\.cp\swt-win32-4335.dll
0x000007fefe0c0000 - 0x000007fefe157000 	C:\Windows\system32\comdlg32.dll
0x000007fef3770000 - 0x000007fef37e1000 	C:\Windows\system32\WINSPOOL.DRV
0x000007fefeb30000 - 0x000007fefed99000 	C:\Windows\system32\WININET.dll
0x000007fefcc70000 - 0x000007fefcc74000 	C:\Windows\system32\api-ms-win-downlevel-user32-l1-1-0.dll
0x000007fefce40000 - 0x000007fefce44000 	C:\Windows\system32\api-ms-win-downlevel-shlwapi-l1-1-0.dll
0x000007fefce50000 - 0x000007fefce54000 	C:\Windows\system32\api-ms-win-downlevel-version-l1-1-0.dll
0x000007fefcc60000 - 0x000007fefcc63000 	C:\Windows\system32\api-ms-win-downlevel-normaliz-l1-1-0.dll
0x0000000076f70000 - 0x0000000076f73000 	C:\Windows\system32\normaliz.DLL
0x000007fefe730000 - 0x000007fefe9f7000 	C:\Windows\system32\iertutil.dll
0x000007fefce30000 - 0x000007fefce35000 	C:\Windows\system32\api-ms-win-downlevel-advapi32-l1-1-0.dll
0x000007fefcc80000 - 0x000007fefcded000 	C:\Windows\system32\CRYPT32.dll
0x000007fefcb40000 - 0x000007fefcb4f000 	C:\Windows\system32\MSASN1.dll
0x000007fefaf70000 - 0x000007fefaf88000 	C:\Windows\system32\dwmapi.dll
0x000007fefb400000 - 0x000007fefb52c000 	C:\Windows\system32\propsys.dll
0x0000000016100000 - 0x000000001611e000 	C:\Users\Admin\.Xilinx\SDK\2015.2\org.eclipse.osgi\bundles\287\1\.cp\swt-gdip-win32-4335.dll
0x000007fefb180000 - 0x000007fefb396000 	C:\Windows\WinSxS\amd64_microsoft.windows.gdiplus_6595b64144ccf1df_1.1.7601.19054_none_2b28591471e9a18f\gdiplus.dll
0x000007fefadc0000 - 0x000007fefaf21000 	C:\Windows\system32\WindowsCodecs.dll
0x000007fec15f0000 - 0x000007fec1601000 	C:\Users\Admin\.Xilinx\SDK\2015.2\org.eclipse.osgi\bundles\116\1\.cp\jWinHttp-1.0.0.dll
0x000007fefa770000 - 0x000007fefa7e1000 	C:\Windows\system32\WINHTTP.dll
0x000007fefa340000 - 0x000007fefa3a4000 	C:\Windows\system32\webio.dll
0x000007fefc950000 - 0x000007fefc975000 	C:\Windows\system32\SspiCli.dll
0x000007fefbf10000 - 0x000007fefbf1a000 	C:\Windows\system32\credssp.dll
0x000007fefa980000 - 0x000007fefa9d4000 	C:\Windows\system32\oleacc.dll
0x000007feebd20000 - 0x000007feebd5b000 	C:\Windows\system32\mlang.dll
0x000007fefca90000 - 0x000007fefcaa4000 	C:\Windows\system32\RpcRtRemote.dll
0x000007fefca30000 - 0x000007fefca87000 	C:\Windows\system32\apphelp.dll
0x0000000180000000 - 0x0000000180012000 	C:\Users\Admin\.Xilinx\SDK\2015.2\org.eclipse.osgi\bundles\113\1\.cp\os\win32\x86_64\localfile_1_0_0.dll
0x000007feef010000 - 0x000007feefde1000 	C:\Windows\System32\ieframe.dll
0x000007fefabd0000 - 0x000007fefabd4000 	C:\Windows\System32\api-ms-win-downlevel-shell32-l1-1-0.dll
0x000007fefac80000 - 0x000007fefac84000 	C:\Windows\system32\api-ms-win-downlevel-shlwapi-l2-1-0.dll
0x000007fefe160000 - 0x000007fefe2e5000 	C:\Windows\system32\urlmon.dll
0x000007fefce80000 - 0x000007fefce84000 	C:\Windows\system32\api-ms-win-downlevel-ole32-l1-1-0.dll
0x000007fefc990000 - 0x000007fefca21000 	C:\Windows\system32\SXS.DLL
0x000007febdf20000 - 0x000007febf7ca000 	C:\Windows\System32\mshtml.dll
0x000007fef8570000 - 0x000007fef8574000 	C:\Windows\system32\api-ms-win-downlevel-advapi32-l2-1-0.dll
0x000007fefc780000 - 0x000007fefc78b000 	C:\Windows\system32\Secur32.dll
0x000007fee2910000 - 0x000007fee291e000 	C:\Windows\system32\msimtf.dll
0x000007fefaf90000 - 0x000007fefafdb000 	C:\Windows\system32\MMDevAPI.DLL
0x000007febd340000 - 0x000007febd704000 	C:\Windows\system32\d2d1.dll
0x000007fef2340000 - 0x000007fef237b000 	C:\Windows\system32\wdmaud.drv
0x0000000072530000 - 0x0000000072536000 	C:\Windows\system32\ksuser.dll
0x000007fefa5c0000 - 0x000007fefa5c9000 	C:\Windows\system32\AVRT.dll
0x000007fee5a50000 - 0x000007fee5be7000 	C:\Windows\system32\DWrite.dll
0x000007fef6950000 - 0x000007fef69ad000 	C:\Windows\system32\dxgi.dll
0x000007fefe4f0000 - 0x000007fefe6c7000 	C:\Windows\system32\SETUPAPI.dll
0x000007fefcdf0000 - 0x000007fefce26000 	C:\Windows\system32\CFGMGR32.dll
0x000007fefce60000 - 0x000007fefce7a000 	C:\Windows\system32\DEVOBJ.dll
0x000007fefcb60000 - 0x000007fefcb9b000 	C:\Windows\system32\WINTRUST.dll
0x000007fef6770000 - 0x000007fef6945000 	C:\Windows\system32\d3d11.dll
0x000007fef3440000 - 0x000007fef348f000 	C:\Windows\system32\AUDIOSES.DLL
0x000007fef3620000 - 0x000007fef362a000 	C:\Windows\system32\msacm32.drv
0x000007fef3600000 - 0x000007fef3618000 	C:\Windows\system32\MSACM32.dll
0x000007fef35f0000 - 0x000007fef35f9000 	C:\Windows\system32\midimap.dll
0x000007fefa950000 - 0x000007fefa97d000 	C:\Windows\system32\ntmarta.dll
0x000007fefd1f0000 - 0x000007fefd242000 	C:\Windows\system32\WLDAP32.dll
0x000007febd0a0000 - 0x000007febd0bc000 	D:\Xilinx\SDK\2015.2\lib\win64.o\librdi_hw_platform.dll
0x000007fec0720000 - 0x000007fec0742000 	D:\Xilinx\SDK\2015.2\lib\win64.o\libboost_filesystem.dll
0x000007feeb250000 - 0x000007feeb259000 	D:\Xilinx\SDK\2015.2\lib\win64.o\libboost_system.dll
0x000007fee2b70000 - 0x000007fee2c17000 	C:\Windows\system32\MSVCP110.dll
0x000007fee3220000 - 0x000007fee32f4000 	C:\Windows\system32\MSVCR110.dll
0x000007fec0c20000 - 0x000007fec1563000 	D:\Xilinx\SDK\2015.2\lib\win64.o\librdi_common.dll
0x000007fec0970000 - 0x000007fec0c18000 	D:\Xilinx\SDK\2015.2\lib\win64.o\libCOIN-all.dll
0x000007fec0750000 - 0x000007fec0970000 	D:\Xilinx\SDK\2015.2\lib\win64.o\libXil_lmgr11.dll
0x000007fefac60000 - 0x000007fefac76000 	C:\Windows\system32\NETAPI32.dll
0x000007fefac50000 - 0x000007fefac5c000 	C:\Windows\system32\netutils.dll
0x000007fefc620000 - 0x000007fefc643000 	C:\Windows\system32\srvcli.dll
0x000007fefac30000 - 0x000007fefac45000 	C:\Windows\system32\wkscli.dll
0x000007feeb720000 - 0x000007feeb730000 	D:\Xilinx\SDK\2015.2\lib\win64.o\libboost_date_time.dll
0x000007fec06a0000 - 0x000007fec0714000 	D:\Xilinx\SDK\2015.2\lib\win64.o\libboost_program_options.dll
0x000007fec05a0000 - 0x000007fec069a000 	D:\Xilinx\SDK\2015.2\lib\win64.o\libboost_regex.dll
0x000007fec15b0000 - 0x000007fec15c3000 	D:\Xilinx\SDK\2015.2\lib\win64.o\libboost_signals.dll
0x000007fec0560000 - 0x000007fec057d000 	D:\Xilinx\SDK\2015.2\lib\win64.o\libboost_thread.dll
0x000007feeae90000 - 0x000007feeae9b000 	D:\Xilinx\SDK\2015.2\lib\win64.o\libboost_chrono.dll

VM Arguments:
jvm_args: -Dcom.xilinx.sdk.args.hwspec=D:/Smart/»—’ŒƒÕ» » -Xms64m -Xmx512m & 
java_command: <unknown>
java_class_path (initial): D:\Xilinx\SDK\2015.2\eclipse\win64.o\\plugins/org.eclipse.equinox.launcher_1.3.0.v20130327-1440.jar
Launcher Type: generic

Environment Variables:
USERNAME=Admin
OS=Windows_NT
PROCESSOR_IDENTIFIER=Intel64 Family 6 Model 60 Stepping 3, GenuineIntel



---------------  S Y S T E M  ---------------

OS: Windows 7 , 64 bit Build 7601 Service Pack 1

CPU:total 4 (2 cores per cpu, 2 threads per core) family 6 model 60 stepping 3, cmov, cx8, fxsr, mmx, sse, sse2, sse3, ssse3, sse4.1, sse4.2, popcnt, avx, avx2, aes, clmul, erms, lzcnt, ht, tsc, tscinvbit, bmi1, bmi2

Memory: 4k page, physical 8286312k(3441316k free), swap 16570768k(11413276k free)

vm_info: Java HotSpot(TM) 64-Bit Server VM (25.25-b02) for windows-amd64 JRE (1.8.0_25-b18), built on Oct  7 2014 14:25:37 by "java_re" with MS VC++ 10.0 (VS2010)

time: Tue Oct 31 11:40:24 2017
elapsed time: 248 seconds (0d 0h 4m 8s)

