#
# A fatal error has been detected by the Java Runtime Environment:
#
#  Internal Error (0xc000000d), pid=21280, tid=11668
#
# JRE version: Java(TM) SE Runtime Environment (8.0_45-b15) (build 1.8.0_45-b15)
# Java VM: Java HotSpot(TM) 64-Bit Server VM (25.45-b02 mixed mode windows-amd64 compressed oops)
# Problematic frame:
# C  [ntdll.dll+0xff52c]
#
# Failed to write core dump. Minidumps are not enabled by default on client versions of Windows
#
# If you would like to submit a bug report, please visit:
#   http://bugreport.java.com/bugreport/crash.jsp
#

---------------  T H R E A D  ---------------

Current thread (0x0000000013b48000):  VMThread [stack: 0x0000000014bd0000,0x0000000014cd0000] [id=11668]

siginfo: ExceptionCode=0xc000000d

Registers:
RAX=0x00000000162b9410, RBX=0xfffffffffffffffe, RCX=0x00000000162b9d38, RDX=0x000000030000050e
RSP=0x0000000014ccf270, RBP=0x00007ffbc8277408, RSI=0x0000000000000000, RDI=0x0000000000000ed0
R8 =0x00007ffbc7c26e88, R9 =0x0000000000000000, R10=0x0000000014cceeb0, R11=0x0000000000000000
R12=0x00000000249dd6d0, R13=0x0000000022e37e70, R14=0x00000000249dd7d8, R15=0x0000000014ccf3e8
RIP=0x00007ffbda52f52c, EFLAGS=0x0000000000000202

Top of Stack: (sp=0x0000000014ccf270)
0x0000000014ccf270:   0000000000000057 fffffffffffffffe
0x0000000014ccf280:   0000000000000000 0000000000000ed0
0x0000000014ccf290:   00000000c000000d 0000000000000000
0x0000000014ccf2a0:   00007ffbda52f52c 0000000000000000
0x0000000014ccf2b0:   0000000000000000 0000000000000000
0x0000000014ccf2c0:   0000000000000000 0000000000000000
0x0000000014ccf2d0:   0000000000000000 0000000000000000
0x0000000014ccf2e0:   0000000000000000 0000000000000000
0x0000000014ccf2f0:   0000000000000000 0000000000000000
0x0000000014ccf300:   0000000000000000 0000000000000000
0x0000000014ccf310:   0000000000000000 0000000000000000
0x0000000014ccf320:   0000000000000000 0000000000000000
0x0000000014ccf330:   0000bb05a337367f 00007ffb1a081406
0x0000000014ccf340:   000000000205dc20 00007ffbda4f147f
0x0000000014ccf350:   0000000000000081 0000000000000000
0x0000000014ccf360:   000000002503c220 0000000017010016 

Instructions: (pc=0x00007ffbda52f52c)
0x00007ffbda52f50c:   d4 fa ff c7 44 24 20 0d 00 00 c0 b9 57 00 00 00
0x00007ffbda52f51c:   e8 5f 12 f6 ff 90 48 8d 4c 24 20 e8 44 be f4 ff
0x00007ffbda52f52c:   eb 00 48 8b 8c 24 c0 00 00 00 48 33 cc e8 62 73
0x00007ffbda52f53c:   f9 ff 48 81 c4 d8 00 00 00 c3 40 55 48 83 ec 20 


Register to memory mapping:

RAX=0x00000000162b9410 is an unknown value
RBX=0xfffffffffffffffe is an unknown value
RCX=0x00000000162b9d38 is an unknown value
RDX=0x000000030000050e is an unknown value
RSP=0x0000000014ccf270 is an unknown value
RBP=0x00007ffbc8277408 is an unknown value
RSI=0x0000000000000000 is an unknown value
RDI=0x0000000000000ed0 is an unknown value
R8 =0x00007ffbc7c26e88 is an unknown value
R9 =0x0000000000000000 is an unknown value
R10=0x0000000014cceeb0 is an unknown value
R11=0x0000000000000000 is an unknown value
R12=0x00000000249dd6d0 is an unknown value
R13=0x0000000022e37e70 is an unknown value
R14=0x00000000249dd7d8 is an unknown value
R15=0x0000000014ccf3e8 is an unknown value


Stack: [0x0000000014bd0000,0x0000000014cd0000],  sp=0x0000000014ccf270,  free space=1020k
Native frames: (J=compiled Java code, j=interpreted, Vv=VM code, C=native code)
C  [ntdll.dll+0xff52c]
C  [ntdll.dll+0xc147f]
C  [KERNEL32.DLL+0x1fafa]
C  [MSVCR110.dll+0x752d]
C  [MSVCR110.dll+0x73c6]
C  [MSVCR110.dll+0x14cca]
C  [MSVCR110.dll+0x13edc]
C  [MSVCR110.dll+0x239e]
C  [MSVCR110.dll+0xaf9e]
C  [MSVCP110.dll+0x397b9]
C  [librdi_common.dll+0x14283e]
C  [librdi_common.dll+0x141449]
C  0x00007ffbd3f82400
C  0x00007ffbd3f82682
C  [ntdll.dll+0x2a37f]
C  [ntdll.dll+0x806b]
C  [ntdll.dll+0x7d94]
C  [KERNEL32.DLL+0x1ce6a]
C  [MSVCR100.dll+0x20ccd]
V  [jvm.dll+0x20f135]
V  [jvm.dll+0x247ef7]
V  [jvm.dll+0x247196]
V  [jvm.dll+0x247631]
V  [jvm.dll+0x24784e]
V  [jvm.dll+0x29853a]
C  [MSVCR100.dll+0x21d9f]
C  [MSVCR100.dll+0x21e3b]
C  [KERNEL32.DLL+0x8364]
C  [ntdll.dll+0x67091]

VM_Operation (0x000000000014f500): Exit, mode: safepoint, requested by thread 0x0000000002664000


---------------  P R O C E S S  ---------------

Java Threads: ( => current thread )
  0x000000001d0e3800 JavaThread "Spawner Reaper" daemon [_thread_in_native, id=7044, stack(0x0000000057300000,0x0000000057400000)]
  0x000000001d0e4000 JavaThread "Set STDIO Tab defaults" [_thread_blocked, id=7112, stack(0x0000000053e00000,0x0000000053f00000)]
  0x00000000177dc000 JavaThread "Set STDIO Tab defaults" [_thread_blocked, id=18604, stack(0x0000000048d00000,0x0000000048e00000)]
  0x00000000177e0000 JavaThread "Set STDIO Tab defaults" [_thread_blocked, id=7916, stack(0x0000000048b00000,0x0000000048c00000)]
  0x0000000017e49800 JavaThread "Thread-1626" daemon [_thread_blocked, id=15932, stack(0x0000000031300000,0x0000000031400000)]
  0x00000000177d4800 JavaThread "TCF Locator DNS Lookup" daemon [_thread_blocked, id=17304, stack(0x0000000021c50000,0x0000000021d50000)]
  0x00000000193e2000 JavaThread "TCF Locator Timer" daemon [_thread_blocked, id=16132, stack(0x0000000021b50000,0x0000000021c50000)]
  0x00000000193e1000 JavaThread "TCF Locator Receiver" daemon [_thread_in_native, id=21264, stack(0x0000000021a50000,0x0000000021b50000)]
  0x00000000193e6800 JavaThread "TCF Timer Dispatcher" daemon [_thread_blocked, id=15048, stack(0x0000000021850000,0x0000000021950000)]
  0x0000000015e43800 JavaThread "EMF Reference Cleaner" daemon [_thread_blocked, id=15016, stack(0x0000000018370000,0x0000000018470000)]
  0x00000000153e8800 JavaThread "Service Thread" daemon [_thread_blocked, id=1008, stack(0x00000000157d0000,0x00000000158d0000)]
  0x0000000013b90800 JavaThread "C1 CompilerThread2" daemon [_thread_blocked, id=15304, stack(0x00000000152d0000,0x00000000153d0000)]
  0x0000000013b8d800 JavaThread "C2 CompilerThread1" daemon [_thread_blocked, id=17100, stack(0x00000000151d0000,0x00000000152d0000)]
  0x0000000013b8b800 JavaThread "C2 CompilerThread0" daemon [_thread_blocked, id=12416, stack(0x00000000150d0000,0x00000000151d0000)]
  0x0000000013b86000 JavaThread "Attach Listener" daemon [_thread_blocked, id=6164, stack(0x0000000014fd0000,0x00000000150d0000)]
  0x0000000013b84800 JavaThread "Signal Dispatcher" daemon [_thread_blocked, id=1148, stack(0x0000000014ed0000,0x0000000014fd0000)]
  0x0000000002759800 JavaThread "Finalizer" daemon [_thread_blocked, id=15328, stack(0x0000000014dd0000,0x0000000014ed0000)]
  0x0000000002751800 JavaThread "Reference Handler" daemon [_thread_blocked, id=6536, stack(0x0000000014cd0000,0x0000000014dd0000)]
  0x0000000002664000 JavaThread "main" [_thread_blocked, id=5660, stack(0x0000000000050000,0x0000000000150000)]

Other Threads:
=>0x0000000013b48000 VMThread [stack: 0x0000000014bd0000,0x0000000014cd0000] [id=11668]

VM state:at safepoint (shutting down)

VM Mutex/Monitor currently owned by a thread:  ([mutex/lock_event])
[0x00000000026605d0] Threads_lock - owner thread: 0x0000000013b48000

Heap:
 PSYoungGen      total 146944K, used 45187K [0x00000000f5580000, 0x00000000fe680000, 0x0000000100000000)
  eden space 145408K, 31% used [0x00000000f5580000,0x00000000f81a0f88,0x00000000fe380000)
  from space 1536K, 0% used [0x00000000fe380000,0x00000000fe380000,0x00000000fe500000)
  to   space 1536K, 0% used [0x00000000fe500000,0x00000000fe500000,0x00000000fe680000)
 ParOldGen       total 75264K, used 50193K [0x00000000e0000000, 0x00000000e4980000, 0x00000000f5580000)
  object space 75264K, 66% used [0x00000000e0000000,0x00000000e3104578,0x00000000e4980000)
 Metaspace       used 102291K, capacity 109188K, committed 109568K, reserved 1144832K
  class space    used 12024K, capacity 14211K, committed 14336K, reserved 1048576K

Card table byte_map: [0x0000000011b20000,0x0000000011c30000] byte_map_base: 0x0000000011420000

Marking Bits: (ParMarkBitMap*) 0x000000005aee4040
 Begin Bits: [0x00000000120e0000, 0x00000000128e0000)
 End Bits:   [0x00000000128e0000, 0x00000000130e0000)

Polling page: 0x00000000025d0000

CodeCache: size=245760Kb used=81940Kb max_used=81977Kb free=163819Kb
 bounds [0x0000000002760000, 0x0000000007830000, 0x0000000011760000]
 total_blobs=20870 nmethods=19998 adapters=778
 compilation: enabled

Compilation events (10 events):
Event: 29750.008 Thread 0x0000000013b90800 nmethod 28417 0x0000000003e000d0 code [0x0000000003e00220, 0x0000000003e00330]
Event: 29750.008 Thread 0x0000000013b90800 28418       1       org.eclipse.osgi.internal.loader.BundleLoaderProxy::getBundleData (5 bytes)
Event: 29750.008 Thread 0x0000000013b90800 nmethod 28418 0x00000000046a8a50 code [0x00000000046a8ba0, 0x00000000046a8cb0]
Event: 29750.013 Thread 0x0000000013b8b800 nmethod 28400 0x0000000007828090 code [0x0000000007828440, 0x000000000782b780]
Event: 29750.430 Thread 0x0000000013b8d800 28419       4       java.io.WinNTFileSystem::resolve (231 bytes)
Event: 29750.457 Thread 0x0000000013b8d800 nmethod 28419 0x0000000003519990 code [0x0000000003519b20, 0x000000000351a418]
Event: 29751.133 Thread 0x0000000013b90800 28420   !   3       org.eclipse.osgi.internal.baseadaptor.BaseStorage::compact (215 bytes)
Event: 29751.139 Thread 0x0000000013b90800 nmethod 28420 0x0000000007240890 code [0x0000000007240ce0, 0x00000000072431a8]
Event: 29752.746 Thread 0x0000000013b90800 28421       3       org.eclipse.osgi.framework.internal.core.AbstractBundle::close (52 bytes)
Event: 29752.748 Thread 0x0000000013b90800 nmethod 28421 0x0000000002a87a50 code [0x0000000002a87c80, 0x0000000002a88988]

GC Heap History (10 events):
Event: 29578.640 GC heap before
{Heap before GC invocations=1154 (full 471):
 PSYoungGen      total 146944K, used 192K [0x00000000f5580000, 0x00000000fe680000, 0x0000000100000000)
  eden space 145408K, 0% used [0x00000000f5580000,0x00000000f5580000,0x00000000fe380000)
  from space 1536K, 12% used [0x00000000fe380000,0x00000000fe3b0000,0x00000000fe500000)
  to   space 1536K, 0% used [0x00000000fe500000,0x00000000fe500000,0x00000000fe680000)
 ParOldGen       total 75264K, used 50193K [0x00000000e0000000, 0x00000000e4980000, 0x00000000f5580000)
  object space 75264K, 66% used [0x00000000e0000000,0x00000000e31045d0,0x00000000e4980000)
 Metaspace       used 101724K, capacity 108594K, committed 108928K, reserved 1144832K
  class space    used 11961K, capacity 14144K, committed 14208K, reserved 1048576K
Event: 29578.757 GC heap after
Heap after GC invocations=1154 (full 471):
 PSYoungGen      total 146944K, used 0K [0x00000000f5580000, 0x00000000fe680000, 0x0000000100000000)
  eden space 145408K, 0% used [0x00000000f5580000,0x00000000f5580000,0x00000000fe380000)
  from space 1536K, 0% used [0x00000000fe380000,0x00000000fe380000,0x00000000fe500000)
  to   space 1536K, 0% used [0x00000000fe500000,0x00000000fe500000,0x00000000fe680000)
 ParOldGen       total 75264K, used 50193K [0x00000000e0000000, 0x00000000e4980000, 0x00000000f5580000)
  object space 75264K, 66% used [0x00000000e0000000,0x00000000e31045d0,0x00000000e4980000)
 Metaspace       used 101724K, capacity 108594K, committed 108928K, reserved 1144832K
  class space    used 11961K, capacity 14144K, committed 14208K, reserved 1048576K
}
Event: 29638.640 GC heap before
{Heap before GC invocations=1155 (full 471):
 PSYoungGen      total 146944K, used 4928K [0x00000000f5580000, 0x00000000fe680000, 0x0000000100000000)
  eden space 145408K, 3% used [0x00000000f5580000,0x00000000f5a50390,0x00000000fe380000)
  from space 1536K, 0% used [0x00000000fe380000,0x00000000fe380000,0x00000000fe500000)
  to   space 1536K, 0% used [0x00000000fe500000,0x00000000fe500000,0x00000000fe680000)
 ParOldGen       total 75264K, used 50193K [0x00000000e0000000, 0x00000000e4980000, 0x00000000f5580000)
  object space 75264K, 66% used [0x00000000e0000000,0x00000000e31045d0,0x00000000e4980000)
 Metaspace       used 101724K, capacity 108594K, committed 108928K, reserved 1144832K
  class space    used 11961K, capacity 14144K, committed 14208K, reserved 1048576K
Event: 29638.644 GC heap after
Heap after GC invocations=1155 (full 471):
 PSYoungGen      total 146944K, used 192K [0x00000000f5580000, 0x00000000fe680000, 0x0000000100000000)
  eden space 145408K, 0% used [0x00000000f5580000,0x00000000f5580000,0x00000000fe380000)
  from space 1536K, 12% used [0x00000000fe500000,0x00000000fe530000,0x00000000fe680000)
  to   space 1536K, 0% used [0x00000000fe380000,0x00000000fe380000,0x00000000fe500000)
 ParOldGen       total 75264K, used 50193K [0x00000000e0000000, 0x00000000e4980000, 0x00000000f5580000)
  object space 75264K, 66% used [0x00000000e0000000,0x00000000e31045d0,0x00000000e4980000)
 Metaspace       used 101724K, capacity 108594K, committed 108928K, reserved 1144832K
  class space    used 11961K, capacity 14144K, committed 14208K, reserved 1048576K
}
Event: 29638.644 GC heap before
{Heap before GC invocations=1156 (full 472):
 PSYoungGen      total 146944K, used 192K [0x00000000f5580000, 0x00000000fe680000, 0x0000000100000000)
  eden space 145408K, 0% used [0x00000000f5580000,0x00000000f5580000,0x00000000fe380000)
  from space 1536K, 12% used [0x00000000fe500000,0x00000000fe530000,0x00000000fe680000)
  to   space 1536K, 0% used [0x00000000fe380000,0x00000000fe380000,0x00000000fe500000)
 ParOldGen       total 75264K, used 50193K [0x00000000e0000000, 0x00000000e4980000, 0x00000000f5580000)
  object space 75264K, 66% used [0x00000000e0000000,0x00000000e31045d0,0x00000000e4980000)
 Metaspace       used 101724K, capacity 108594K, committed 108928K, reserved 1144832K
  class space    used 11961K, capacity 14144K, committed 14208K, reserved 1048576K
Event: 29638.767 GC heap after
Heap after GC invocations=1156 (full 472):
 PSYoungGen      total 146944K, used 0K [0x00000000f5580000, 0x00000000fe680000, 0x0000000100000000)
  eden space 145408K, 0% used [0x00000000f5580000,0x00000000f5580000,0x00000000fe380000)
  from space 1536K, 0% used [0x00000000fe500000,0x00000000fe500000,0x00000000fe680000)
  to   space 1536K, 0% used [0x00000000fe380000,0x00000000fe380000,0x00000000fe500000)
 ParOldGen       total 75264K, used 50193K [0x00000000e0000000, 0x00000000e4980000, 0x00000000f5580000)
  object space 75264K, 66% used [0x00000000e0000000,0x00000000e3104578,0x00000000e4980000)
 Metaspace       used 101724K, capacity 108594K, committed 108928K, reserved 1144832K
  class space    used 11961K, capacity 14144K, committed 14208K, reserved 1048576K
}
Event: 29698.649 GC heap before
{Heap before GC invocations=1157 (full 472):
 PSYoungGen      total 146944K, used 4908K [0x00000000f5580000, 0x00000000fe680000, 0x0000000100000000)
  eden space 145408K, 3% used [0x00000000f5580000,0x00000000f5a4b160,0x00000000fe380000)
  from space 1536K, 0% used [0x00000000fe500000,0x00000000fe500000,0x00000000fe680000)
  to   space 1536K, 0% used [0x00000000fe380000,0x00000000fe380000,0x00000000fe500000)
 ParOldGen       total 75264K, used 50193K [0x00000000e0000000, 0x00000000e4980000, 0x00000000f5580000)
  object space 75264K, 66% used [0x00000000e0000000,0x00000000e3104578,0x00000000e4980000)
 Metaspace       used 101724K, capacity 108594K, committed 108928K, reserved 1144832K
  class space    used 11961K, capacity 14144K, committed 14208K, reserved 1048576K
Event: 29698.651 GC heap after
Heap after GC invocations=1157 (full 472):
 PSYoungGen      total 146944K, used 160K [0x00000000f5580000, 0x00000000fe680000, 0x0000000100000000)
  eden space 145408K, 0% used [0x00000000f5580000,0x00000000f5580000,0x00000000fe380000)
  from space 1536K, 10% used [0x00000000fe380000,0x00000000fe3a8000,0x00000000fe500000)
  to   space 1536K, 0% used [0x00000000fe500000,0x00000000fe500000,0x00000000fe680000)
 ParOldGen       total 75264K, used 50193K [0x00000000e0000000, 0x00000000e4980000, 0x00000000f5580000)
  object space 75264K, 66% used [0x00000000e0000000,0x00000000e3104578,0x00000000e4980000)
 Metaspace       used 101724K, capacity 108594K, committed 108928K, reserved 1144832K
  class space    used 11961K, capacity 14144K, committed 14208K, reserved 1048576K
}
Event: 29698.651 GC heap before
{Heap before GC invocations=1158 (full 473):
 PSYoungGen      total 146944K, used 160K [0x00000000f5580000, 0x00000000fe680000, 0x0000000100000000)
  eden space 145408K, 0% used [0x00000000f5580000,0x00000000f5580000,0x00000000fe380000)
  from space 1536K, 10% used [0x00000000fe380000,0x00000000fe3a8000,0x00000000fe500000)
  to   space 1536K, 0% used [0x00000000fe500000,0x00000000fe500000,0x00000000fe680000)
 ParOldGen       total 75264K, used 50193K [0x00000000e0000000, 0x00000000e4980000, 0x00000000f5580000)
  object space 75264K, 66% used [0x00000000e0000000,0x00000000e3104578,0x00000000e4980000)
 Metaspace       used 101724K, capacity 108594K, committed 108928K, reserved 1144832K
  class space    used 11961K, capacity 14144K, committed 14208K, reserved 1048576K
Event: 29698.744 GC heap after
Heap after GC invocations=1158 (full 473):
 PSYoungGen      total 146944K, used 0K [0x00000000f5580000, 0x00000000fe680000, 0x0000000100000000)
  eden space 145408K, 0% used [0x00000000f5580000,0x00000000f5580000,0x00000000fe380000)
  from space 1536K, 0% used [0x00000000fe380000,0x00000000fe380000,0x00000000fe500000)
  to   space 1536K, 0% used [0x00000000fe500000,0x00000000fe500000,0x00000000fe680000)
 ParOldGen       total 75264K, used 50193K [0x00000000e0000000, 0x00000000e4980000, 0x00000000f5580000)
  object space 75264K, 66% used [0x00000000e0000000,0x00000000e3104578,0x00000000e4980000)
 Metaspace       used 101724K, capacity 108594K, committed 108928K, reserved 1144832K
  class space    used 11961K, capacity 14144K, committed 14208K, reserved 1048576K
}

Deoptimization events (10 events):
Event: 29749.932 Thread 0x000000001d0e0800 Uncommon trap: reason=unstable_if action=reinterpret pc=0x0000000004812008 method=org.eclipse.core.internal.jobs.JobManager.nextJob()Lorg/eclipse/core/runtime/jobs/Job; @ 80
Event: 29749.933 Thread 0x000000001d0e5800 Uncommon trap: reason=unstable_if action=reinterpret pc=0x00000000054e9ea4 method=org.eclipse.core.internal.jobs.JobManager.sleepHint()J @ 43
Event: 29749.933 Thread 0x000000001d0e0800 Uncommon trap: reason=unstable_if action=reinterpret pc=0x00000000054e9920 method=org.eclipse.core.internal.jobs.JobManager.sleepHint()J @ 43
Event: 29749.933 Thread 0x000000001d0e0800 Uncommon trap: reason=class_check action=maybe_recompile pc=0x0000000007747e60 method=org.eclipse.swt.widgets.Display.asyncExec(Ljava/lang/Runnable;)V @ 54
Event: 29749.933 Thread 0x000000001d0e7000 Uncommon trap: reason=unstable_if action=reinterpret pc=0x00000000054e9ea4 method=org.eclipse.core.internal.jobs.JobManager.sleepHint()J @ 43
Event: 29749.933 Thread 0x000000001d0e5000 Uncommon trap: reason=unstable_if action=reinterpret pc=0x00000000054e9ea4 method=org.eclipse.core.internal.jobs.JobManager.sleepHint()J @ 43
Event: 29749.933 Thread 0x000000001d0e2800 Uncommon trap: reason=unstable_if action=reinterpret pc=0x000000000481184c method=org.eclipse.core.internal.jobs.JobManager.nextJob()Lorg/eclipse/core/runtime/jobs/Job; @ 80
Event: 29749.933 Thread 0x000000001d0e2800 Uncommon trap: reason=unstable_if action=reinterpret pc=0x00000000054e9ea4 method=org.eclipse.core.internal.jobs.JobManager.sleepHint()J @ 43
Event: 29749.933 Thread 0x000000001d0e0800 Uncommon trap: reason=unstable_if action=reinterpret pc=0x0000000003a37d18 method=org.eclipse.core.internal.jobs.JobManager.sleepHint()J @ 43
Event: 29752.747 Thread 0x0000000002664000 Uncommon trap: reason=unstable_if action=reinterpret pc=0x00000000053704c8 method=sun.reflect.UnsafeStaticObjectFieldAccessorImpl.set(Ljava/lang/Object;Ljava/lang/Object;)V @ 13

Internal exceptions (10 events):
Event: 29749.933 Thread 0x000000001d0e5800 Implicit null exception at 0x00000000054e8cd1 to 0x00000000054e9e79
Event: 29749.933 Thread 0x000000001d0e7000 Implicit null exception at 0x00000000054e8cd1 to 0x00000000054e9e79
Event: 29749.933 Thread 0x000000001d0e5000 Implicit null exception at 0x00000000054e8cd1 to 0x00000000054e9e79
Event: 29749.933 Thread 0x000000001d0e2800 Implicit null exception at 0x00000000054e8cd1 to 0x00000000054e9e79
Event: 29750.024 Thread 0x0000000015eba800 Exception <a 'java/lang/InterruptedException': sleep interrupted> (0x00000000f579d8b8) thrown at [C:\re\workspace\8-2-build-windows-amd64-cygwin\jdk8u45\3627\hotspot\src\share\vm\prims\jvm.cpp, line 3211]
Event: 29750.051 Thread 0x000000001cf40800 Exception <a 'java/lang/InterruptedException'> (0x00000000f7d1fbe0) thrown at [C:\re\workspace\8-2-build-windows-amd64-cygwin\jdk8u45\3627\hotspot\src\share\vm\runtime\objectMonitor.cpp, line 1683]
Event: 29750.073 Thread 0x0000000015d52800 Exception <a 'java/lang/InterruptedException'> (0x00000000f7ef0898) thrown at [C:\re\workspace\8-2-build-windows-amd64-cygwin\jdk8u45\3627\hotspot\src\share\vm\runtime\objectMonitor.cpp, line 1683]
Event: 29752.747 Thread 0x0000000015602800 Exception <a 'java/lang/InterruptedException'> (0x00000000f7ef03b8) thrown at [C:\re\workspace\8-2-build-windows-amd64-cygwin\jdk8u45\3627\hotspot\src\share\vm\runtime\objectMonitor.cpp, line 1683]
Event: 29752.747 Thread 0x0000000002664000 Implicit null exception at 0x00000000053701d0 to 0x00000000053704b5
Event: 29752.769 Thread 0x000000001d0e5800 Exception <a 'java/io/IOException'> (0x00000000f81648f8) thrown at [C:\re\workspace\8-2-build-windows-amd64-cygwin\jdk8u45\3627\hotspot\src\share\vm\prims\jni.cpp, line 709]

Events (10 events):
Event: 29752.768 Executing VM operation: RevokeBias
Event: 29752.768 Executing VM operation: RevokeBias done
Event: 29752.768 Executing VM operation: RevokeBias
Event: 29752.768 Executing VM operation: RevokeBias done
Event: 29752.768 Executing VM operation: RevokeBias
Event: 29752.768 Executing VM operation: RevokeBias done
Event: 29752.769 Executing VM operation: RevokeBias
Event: 29752.769 Executing VM operation: RevokeBias done
Event: 29752.769 Thread 0x000000001d0e5800 Thread exited: 0x000000001d0e5800
Event: 29752.771 Executing VM operation: Exit


Dynamic libraries:
0x0000000000400000 - 0x000000000044f000 	D:\Xilinx\SDK\2015.4\eclipse\win64.o\eclipse.exe
0x00007ffbda430000 - 0x00007ffbda602000 	C:\Windows\SYSTEM32\ntdll.dll
0x00007ffbd7a90000 - 0x00007ffbd7b3c000 	C:\Windows\System32\KERNEL32.DLL
0x00007ffbd77a0000 - 0x00007ffbd79bd000 	C:\Windows\System32\KERNELBASE.dll
0x00007ffbd9250000 - 0x00007ffbd93b5000 	C:\Windows\System32\USER32.dll
0x00007ffbd7330000 - 0x00007ffbd734e000 	C:\Windows\System32\win32u.dll
0x00007ffbd7b40000 - 0x00007ffbd7b74000 	C:\Windows\System32\GDI32.dll
0x00007ffbd7350000 - 0x00007ffbd74d0000 	C:\Windows\System32\gdi32full.dll
0x00007ffbd79f0000 - 0x00007ffbd7a8e000 	C:\Windows\System32\msvcrt.dll
0x00007ffbc1bb0000 - 0x00007ffbc1e2a000 	C:\Windows\WinSxS\amd64_microsoft.windows.common-controls_6595b64144ccf1df_6.0.14393.953_none_42151e83c686086b\COMCTL32.dll
0x00007ffbd9f20000 - 0x00007ffbda1e8000 	C:\Windows\System32\combase.dll
0x00007ffbd76a0000 - 0x00007ffbd7795000 	C:\Windows\System32\ucrtbase.dll
0x00007ffbda1f0000 - 0x00007ffbda311000 	C:\Windows\System32\RPCRT4.dll
0x00007ffbd69e0000 - 0x00007ffbd6a4a000 	C:\Windows\System32\bcryptPrimitives.dll
0x00007ffbd79c0000 - 0x00007ffbd79ee000 	C:\Windows\System32\IMM32.DLL
0x0000000072000000 - 0x0000000072012000 	D:\Xilinx\SDK\2015.4\eclipse\win64.o\plugins\org.eclipse.equinox.launcher.win32.win32.x86_64_1.1.200.v20140116-2212\eclipse_1503.dll
0x00007ffbd9cb0000 - 0x00007ffbd9d52000 	C:\Windows\System32\ADVAPI32.dll
0x00007ffbd9eb0000 - 0x00007ffbd9f09000 	C:\Windows\System32\sechost.dll
0x00007ffbd4ef0000 - 0x00007ffbd4efa000 	C:\Windows\SYSTEM32\VERSION.dll
0x00007ffbd47b0000 - 0x00007ffbd4845000 	C:\Windows\system32\uxtheme.dll
0x00007ffbd9430000 - 0x00007ffbd958a000 	C:\Windows\System32\MSCTF.dll
0x00007ffbd9bf0000 - 0x00007ffbd9caf000 	C:\Windows\System32\OLEAUT32.dll
0x00007ffbd71e0000 - 0x00007ffbd727c000 	C:\Windows\System32\msvcp_win.dll
0x000000005a6e0000 - 0x000000005af63000 	D:\Xilinx\SDK\2015.4\tps\win64\jre\bin\server\jvm.dll
0x00007ffbd9d60000 - 0x00007ffbd9d68000 	C:\Windows\System32\PSAPI.DLL
0x00007ffbd42c0000 - 0x00007ffbd42e3000 	C:\Windows\SYSTEM32\WINMM.dll
0x000000005dd20000 - 0x000000005ddf2000 	C:\Windows\SYSTEM32\MSVCR100.dll
0x00007ffbd2940000 - 0x00007ffbd2949000 	C:\Windows\SYSTEM32\WSOCK32.dll
0x00007ffbd93c0000 - 0x00007ffbd942a000 	C:\Windows\System32\WS2_32.dll
0x00000000025a0000 - 0x00000000025cb000 	C:\Windows\SYSTEM32\WINMMBASE.dll
0x00007ffbd6930000 - 0x00007ffbd6972000 	C:\Windows\System32\cfgmgr32.dll
0x000000005a5a0000 - 0x000000005a5af000 	D:\Xilinx\SDK\2015.4\tps\win64\jre\bin\verify.dll
0x000000005a570000 - 0x000000005a599000 	D:\Xilinx\SDK\2015.4\tps\win64\jre\bin\java.dll
0x000000005a550000 - 0x000000005a566000 	D:\Xilinx\SDK\2015.4\tps\win64\jre\bin\zip.dll
0x00007ffbd7c40000 - 0x00007ffbd9148000 	C:\Windows\System32\SHELL32.dll
0x00007ffbd6b00000 - 0x00007ffbd71d8000 	C:\Windows\System32\windows.storage.dll
0x00007ffbd68e0000 - 0x00007ffbd692c000 	C:\Windows\System32\powrprof.dll
0x00007ffbd7be0000 - 0x00007ffbd7c32000 	C:\Windows\System32\shlwapi.dll
0x00007ffbd68c0000 - 0x00007ffbd68cf000 	C:\Windows\System32\kernel.appcore.dll
0x00007ffbd6a50000 - 0x00007ffbd6af9000 	C:\Windows\System32\shcore.dll
0x00007ffbd68a0000 - 0x00007ffbd68b4000 	C:\Windows\System32\profapi.dll
0x00007ffbd6470000 - 0x00007ffbd6487000 	C:\Windows\SYSTEM32\CRYPTSP.dll
0x00007ffbd5a70000 - 0x00007ffbd5aa3000 	C:\Windows\system32\rsaenh.dll
0x00007ffbd67e0000 - 0x00007ffbd680b000 	C:\Windows\SYSTEM32\bcrypt.dll
0x00007ffbd5cf0000 - 0x00007ffbd5d0f000 	C:\Windows\SYSTEM32\USERENV.dll
0x00007ffbd6010000 - 0x00007ffbd601b000 	C:\Windows\SYSTEM32\CRYPTBASE.dll
0x000000005a530000 - 0x000000005a54a000 	D:\Xilinx\SDK\2015.4\tps\win64\jre\bin\net.dll
0x00007ffbd5e70000 - 0x00007ffbd5ecc000 	C:\Windows\system32\mswsock.dll
0x00007ffbd5bf0000 - 0x00007ffbd5c28000 	C:\Windows\SYSTEM32\IPHLPAPI.DLL
0x00007ffbd9f10000 - 0x00007ffbd9f18000 	C:\Windows\System32\NSI.dll
0x00007ffbd1cb0000 - 0x00007ffbd1cc6000 	C:\Windows\SYSTEM32\dhcpcsvc6.DLL
0x00007ffbd1c80000 - 0x00007ffbd1c9a000 	C:\Windows\SYSTEM32\dhcpcsvc.DLL
0x000000005a510000 - 0x000000005a521000 	D:\Xilinx\SDK\2015.4\tps\win64\jre\bin\nio.dll
0x00007ffbc9e30000 - 0x00007ffbc9e46000 	C:\Windows\system32\napinsp.dll
0x00007ffbc9e50000 - 0x00007ffbc9e6a000 	C:\Windows\system32\pnrpnsp.dll
0x00007ffbd4090000 - 0x00007ffbd40a8000 	C:\Windows\system32\NLAapi.dll
0x00007ffbd5c30000 - 0x00007ffbd5cd1000 	C:\Windows\SYSTEM32\DNSAPI.dll
0x00007ffbd5600000 - 0x00007ffbd560e000 	C:\Windows\System32\winrnr.dll
0x0000000063560000 - 0x0000000063569000 	C:\Program Files\National Instruments\Shared\mDNS Responder\nimdnsNSP.dll
0x0000000063550000 - 0x000000006355e000 	C:\Windows\SYSTEM32\nimdnsResponder.dll
0x000000005e040000 - 0x000000005e0e3000 	C:\Windows\WinSxS\amd64_microsoft.vc90.crt_1fc8b3b9a1e18e3b_9.0.30729.9247_none_08e394a1a83e212f\MSVCR90.dll
0x000000005e010000 - 0x000000005e036000 	C:\Program Files\Bonjour\mdnsNSP.dll
0x00007ffbcd420000 - 0x00007ffbcd42a000 	C:\Windows\System32\rasadhlp.dll
0x00007ffbce6d0000 - 0x00007ffbce73a000 	C:\Windows\System32\fwpuclnt.dll
0x00000000164c0000 - 0x0000000016568000 	C:\Users\4230\.Xilinx\SDK\2015.4\org.eclipse.osgi\bundles\303\1\.cp\swt-win32-4335.dll
0x00007ffbd9d70000 - 0x00007ffbd9ea8000 	C:\Windows\System32\ole32.dll
0x00007ffbd9150000 - 0x00007ffbd924a000 	C:\Windows\System32\comdlg32.dll
0x00007ffbd74d0000 - 0x00007ffbd7699000 	C:\Windows\System32\CRYPT32.dll
0x00007ffbcd820000 - 0x00007ffbcd8a6000 	C:\Windows\SYSTEM32\WINSPOOL.DRV
0x00007ffbd68d0000 - 0x00007ffbd68e0000 	C:\Windows\System32\MSASN1.dll
0x00007ffbb92f0000 - 0x00007ffbb95ba000 	C:\Windows\SYSTEM32\WININET.dll
0x00007ffbd4630000 - 0x00007ffbd4649000 	C:\Windows\SYSTEM32\USP10.dll
0x00007ffbd3c90000 - 0x00007ffbd3cb6000 	C:\Windows\system32\dwmapi.dll
0x00007ffbd3710000 - 0x00007ffbd3895000 	C:\Windows\SYSTEM32\propsys.dll
0x00007ffbda320000 - 0x00007ffbda3bf000 	C:\Windows\System32\clbcatq.dll
0x0000000016bd0000 - 0x0000000016bee000 	C:\Users\4230\.Xilinx\SDK\2015.4\org.eclipse.osgi\bundles\303\1\.cp\swt-gdip-win32-4335.dll
0x00007ffbd0570000 - 0x00007ffbd0709000 	C:\Windows\WinSxS\amd64_microsoft.windows.gdiplus_6595b64144ccf1df_1.1.14393.1715_none_aec701fbddd850fa\gdiplus.dll
0x00007ffbd2b70000 - 0x00007ffbd2d18000 	C:\Windows\SYSTEM32\WindowsCodecs.dll
0x0000000180000000 - 0x0000000180012000 	C:\Users\4230\.Xilinx\SDK\2015.4\org.eclipse.osgi\bundles\121\1\.cp\os\win32\x86_64\localfile_1_0_0.dll
0x00007ffbd3bc0000 - 0x00007ffbd3bd1000 	C:\Users\4230\.Xilinx\SDK\2015.4\org.eclipse.osgi\bundles\124\1\.cp\jWinHttp-1.0.0.dll
0x00007ffbd2d20000 - 0x00007ffbd2ded000 	C:\Windows\SYSTEM32\WINHTTP.dll
0x00007ffbc9f50000 - 0x00007ffbc9fb5000 	C:\Windows\SYSTEM32\oleacc.dll
0x00007ffbd5510000 - 0x00007ffbd551f000 	D:\Xilinx\SDK\2015.4\lib\win64.o\librdi_repo_manager.dll
0x00007ffb86c80000 - 0x00007ffb8760d000 	D:\Xilinx\SDK\2015.4\lib\win64.o\librdi_common.dll
0x00007ffbd1830000 - 0x00007ffbd185a000 	D:\Xilinx\SDK\2015.4\lib\win64.o\libisl_sysinfo.dll
0x00007ffbc81c0000 - 0x00007ffbc8267000 	C:\Windows\SYSTEM32\MSVCP110.dll
0x00007ffbc8270000 - 0x00007ffbc8344000 	C:\Windows\SYSTEM32\MSVCR110.dll
0x00007ffbd0510000 - 0x00007ffbd0564000 	D:\Xilinx\SDK\2015.4\lib\win64.o\librdi_commonxillic.dll
0x00007ffbaaed0000 - 0x00007ffbab0bc000 	D:\Xilinx\SDK\2015.4\lib\win64.o\librdi_hsm.dll
0x00007ffbb17f0000 - 0x00007ffbb1a0e000 	D:\Xilinx\SDK\2015.4\lib\win64.o\libXil_lmgr11.dll
0x00007ffbd6980000 - 0x00007ffbd69d5000 	C:\Windows\System32\WINTRUST.dll
0x00007ffbb1480000 - 0x00007ffbb17ee000 	D:\Xilinx\SDK\2015.4\lib\win64.o\libCOIN-all.dll
0x00007ffbd4850000 - 0x00007ffbd4860000 	D:\Xilinx\SDK\2015.4\lib\win64.o\libboost_date_time.dll
0x00007ffbd1800000 - 0x00007ffbd1822000 	D:\Xilinx\SDK\2015.4\lib\win64.o\libboost_filesystem.dll
0x00007ffbcf400000 - 0x00007ffbcf474000 	D:\Xilinx\SDK\2015.4\lib\win64.o\libboost_program_options.dll
0x00007ffbd18b0000 - 0x00007ffbd18c3000 	D:\Xilinx\SDK\2015.4\lib\win64.o\libboost_signals.dll
0x00007ffbd27b0000 - 0x00007ffbd27b9000 	D:\Xilinx\SDK\2015.4\lib\win64.o\libboost_system.dll
0x00007ffbb1380000 - 0x00007ffbb147a000 	D:\Xilinx\SDK\2015.4\lib\win64.o\libboost_regex.dll
0x00007ffbd17e0000 - 0x00007ffbd17fd000 	D:\Xilinx\SDK\2015.4\lib\win64.o\libboost_thread.dll
0x00007ffbb1300000 - 0x00007ffbb1380000 	D:\Xilinx\SDK\2015.4\lib\win64.o\libhdlpsolve.dll
0x00007ffbb1260000 - 0x00007ffbb12fa000 	D:\Xilinx\SDK\2015.4\lib\win64.o\libhdxml.dll
0x00007ffbd2690000 - 0x00007ffbd269b000 	D:\Xilinx\SDK\2015.4\lib\win64.o\libboost_xilinx.dll
0x00007ffb88160000 - 0x00007ffb88594e00 	D:\Xilinx\SDK\2015.4\lib\win64.o\libisl_iostreams.dll
0x00007ffbd0dd0000 - 0x00007ffbd0de5000 	D:\Xilinx\SDK\2015.4\lib\win64.o\pthreadVC2.dll
0x00007ffbaf910000 - 0x00007ffbafa40000 	D:\Xilinx\SDK\2015.4\lib\win64.o\librdi_curl.dll
0x00007ffbd04f0000 - 0x00007ffbd0508000 	D:\Xilinx\SDK\2015.4\lib\win64.o\librdiconfig.dll
0x00007ffbd04c0000 - 0x00007ffbd04e3000 	D:\Xilinx\SDK\2015.4\lib\win64.o\librdizlib.dll
0x000000005a5b0000 - 0x000000005a6d7000 	D:\Xilinx\SDK\2015.4\lib\win64.o\tcl85t.dll
0x00007ffbcaad0000 - 0x00007ffbcac93000 	C:\Windows\SYSTEM32\urlmon.dll
0x00007ffbd0310000 - 0x00007ffbd0333000 	C:\Windows\SYSTEM32\VCOMP110.DLL
0x0000000022b90000 - 0x0000000022df3000 	D:\Xilinx\SDK\2015.4\lib\win64.o\xerces-c_3_1.dll
0x00007ffbcd240000 - 0x00007ffbcd258000 	C:\Windows\SYSTEM32\NETAPI32.dll
0x00007ffbd04b0000 - 0x00007ffbd04bb000 	D:\Xilinx\SDK\2015.4\lib\win64.o\libboost_chrono.dll
0x00007ffbcc590000 - 0x00007ffbcc5a6000 	D:\Xilinx\SDK\2015.4\lib\win64.o\libboost_iostreams.dll
0x00007ffbb1230000 - 0x00007ffbb1253000 	D:\Xilinx\SDK\2015.4\lib\win64.o\libisl_iosutils.dll
0x00007ffbcfe50000 - 0x00007ffbd00f5000 	C:\Windows\SYSTEM32\iertutil.dll
0x00007ffbaf8c0000 - 0x00007ffbaf903000 	D:\Xilinx\SDK\2015.4\lib\win64.o\librdi_hdf.dll
0x00007ffb88960000 - 0x00007ffb88bb5000 	D:\Xilinx\SDK\2015.4\lib\win64.o\librdi_ippcw.dll
0x00007ffbd55a0000 - 0x00007ffbd55a7000 	C:\Windows\SYSTEM32\msimg32.dll
0x00007ffbd53a0000 - 0x00007ffbd53e2000 	C:\Windows\SYSTEM32\edputil.dll
0x00007ffb85c30000 - 0x00007ffb86440000 	D:\Xilinx\SDK\2015.4\lib\win64.o\libXil_lmgr11FNP.dll
0x00007ffbd9590000 - 0x00007ffbd99b9000 	C:\Windows\System32\SETUPAPI.dll
0x00007ffbd04a0000 - 0x00007ffbd04ac000 	C:\Windows\SYSTEM32\snmpapi.dll
0x00007ffbd62a0000 - 0x00007ffbd62cc000 	C:\Windows\SYSTEM32\SspiCli.dll
0x00007ffbd4c00000 - 0x00007ffbd4c28000 	C:\Windows\SYSTEM32\DEVOBJ.dll
0x00007ffbc9f30000 - 0x00007ffbc9f46000 	D:\Xilinx\SDK\2015.4\eclipse\win64.o\plugins\org.eclipse.cdt.core.win32.x86_64_5.2.0.201402142303\os\win32\x86_64\spawner.dll
0x00007ffbd4500000 - 0x00007ffbd450a000 	D:\Xilinx\SDK\2015.4\lib\win64.o\librdi_jtag_settings.dll
0x00007ffbcfc30000 - 0x00007ffbcfc59000 	D:\Xilinx\SDK\2015.4\lib\win64.o\librdi_debug_dialog.dll

VM Arguments:
jvm_args: -Dcom.xilinx.sdk.args.hwspec=D:/SMartCart/SMartCart/hdl_prj/vivado_ip_prj/vivado_prj.sdk/system_top_wrapper.hdf -Xms64m -Xmx512m & 
java_command: <unknown>
java_class_path (initial): D:\Xilinx\SDK\2015.4\eclipse\win64.o\\plugins/org.eclipse.equinox.launcher_1.3.0.v20130327-1440.jar
Launcher Type: generic

Environment Variables:
JAVA_HOME=C:\Program Files\Java\jdk1.8.0_121
USERNAME=4230
OS=Windows_NT
PROCESSOR_IDENTIFIER=Intel64 Family 6 Model 94 Stepping 3, GenuineIntel



---------------  S Y S T E M  ---------------

OS: Windows 10.0 , 64 bit Build 14393 (10.0.14393.1198)

CPU:total 4 (4 cores per cpu, 1 threads per core) family 6 model 94 stepping 3, cmov, cx8, fxsr, mmx, sse, sse2, sse3, ssse3, sse4.1, sse4.2, popcnt, avx, avx2, aes, clmul, erms, 3dnowpref, lzcnt, tsc, tscinvbit, bmi1, bmi2, adx

Memory: 4k page, physical 8343204k(3211852k free), swap 9981604k(3351484k free)

vm_info: Java HotSpot(TM) 64-Bit Server VM (25.45-b02) for windows-amd64 JRE (1.8.0_45-b15), built on Apr 30 2015 12:40:44 by "java_re" with MS VC++ 10.0 (VS2010)

time: Fri Nov 17 16:38:04 2017
elapsed time: 29758 seconds (0d 8h 15m 58s)

