#
# A fatal error has been detected by the Java Runtime Environment:
#
#  EXCEPTION_UNCAUGHT_CXX_EXCEPTION (0xe06d7363) at pc=0x00007ffb70463c58, pid=165492, tid=157044
#
# JRE version: Java(TM) SE Runtime Environment (8.0_45-b15) (build 1.8.0_45-b15)
# Java VM: Java HotSpot(TM) 64-Bit Server VM (25.45-b02 mixed mode windows-amd64 compressed oops)
# Problematic frame:
# C  [KERNELBASE.dll+0x33c58]
#
# Failed to write core dump. Minidumps are not enabled by default on client versions of Windows
#
# If you would like to submit a bug report, please visit:
#   http://bugreport.java.com/bugreport/crash.jsp
#

---------------  T H R E A D  ---------------

Current thread (0x0000000013b98000):  VMThread [stack: 0x0000000014c20000,0x0000000014d20000] [id=157044]

siginfo: ExceptionCode=0xe06d7363, ExceptionInformation=0x0000000019930520 0x0000000014d1f648 0x00007ffb45f92cb8 0x00007ffb45ee0000 

Registers:
RAX=0x004c0044002e006c, RBX=0x00007ffb45f92cb8, RCX=0x000000000000004c, RDX=0x0000000000000000
RSP=0x0000000014d1f490, RBP=0x0000000014d1f5d0, RSI=0x00000000ffffffff, RDI=0x00000000270a1420
R8 =0x0000000000000000, R9 =0x0000000000000000, R10=0x0000000000000000, R11=0x0000000000000000
R12=0x0000000000000001, R13=0x0000000000000008, R14=0x0000000000000000, R15=0xffffffffffffffff
RIP=0x00007ffb70463c58, EFLAGS=0x0000000000000206

Top of Stack: (sp=0x0000000014d1f490)
0x0000000014d1f490:   0000000000000000 00007ffb45f92cb8
0x0000000014d1f4a0:   00000000ffffffff 00000000270a1420
0x0000000014d1f4b0:   00000001e06d7363 0000000000000000
0x0000000014d1f4c0:   00007ffb70463c58 0000000000000004
0x0000000014d1f4d0:   0000000019930520 0000000014d1f648
0x0000000014d1f4e0:   00007ffb45f92cb8 00007ffb45ee0000
0x0000000014d1f4f0:   0000000000000008 0000000000000001
0x0000000014d1f500:   00000000270a1420 00000000ffffffff
0x0000000014d1f510:   0000000014d1f5d0 00007ffb7332c28f
0x0000000014d1f520:   0000000014d1f5e0 0000000000000000
0x0000000014d1f530:   000065f688e7e8b4 0000000000000001
0x0000000014d1f540:   00007ffb45fa9000 00007ffb45ee0000
0x0000000014d1f550:   000063c4a5e98d0e 000000000000003f
0x0000000014d1f560:   00007ffb45f92cb8 00007ffb45f3e92c
0x0000000014d1f570:   000000000000001f 0000000000000008
0x0000000014d1f580:   0000000000000001 00000000270a1420 

Instructions: (pc=0x00007ffb70463c58)
0x00007ffb70463c38:   49 8b d1 44 0f 47 c0 44 89 44 24 38 49 c1 e0 03
0x00007ffb70463c48:   e8 47 90 04 00 48 8d 4c 24 20 ff 15 c0 44 11 00
0x00007ffb70463c58:   48 8b 8c 24 c0 00 00 00 48 33 cc e8 d8 55 04 00
0x00007ffb70463c68:   48 81 c4 d8 00 00 00 c3 83 64 24 38 00 eb d6 cc 


Register to memory mapping:

RAX=0x004c0044002e006c is an unknown value
RBX=0x00007ffb45f92cb8 is an unknown value
RCX=0x000000000000004c is an unknown value
RDX=0x0000000000000000 is an unknown value
RSP=0x0000000014d1f490 is an unknown value
RBP=0x0000000014d1f5d0 is an unknown value
RSI=0x00000000ffffffff is an unallocated location in the heap
RDI=0x00000000270a1420 is an unknown value
R8 =0x0000000000000000 is an unknown value
R9 =0x0000000000000000 is an unknown value
R10=0x0000000000000000 is an unknown value
R11=0x0000000000000000 is an unknown value
R12=0x0000000000000001 is an unknown value
R13=0x0000000000000008 is an unknown value
R14=0x0000000000000000 is an unknown value
R15=0xffffffffffffffff is an unknown value


Stack: [0x0000000014c20000,0x0000000014d20000],  sp=0x0000000014d1f490,  free space=1021k
Native frames: (J=compiled Java code, j=interpreted, Vv=VM code, C=native code)
C  [KERNELBASE.dll+0x33c58]
C  [MSVCR110.dll+0x5e92c]
C  [MSVCR110.dll+0x1315c]
C  [MSVCR110.dll+0x136a9]
C  [MSVCR110.dll+0x13e9c]
C  [MSVCR110.dll+0x239e]
C  [MSVCR110.dll+0xaf9e]
C  [MSVCP110.dll+0x397b9]
C  [librdi_common.dll+0x14283e]
C  [librdi_common.dll+0x141449]
C  0x00007ffb63092400
C  0x00007ffb63092682
C  [ntdll.dll+0x2a37f]
C  [ntdll.dll+0x806b]
C  [ntdll.dll+0x7d94]
C  [KERNEL32.DLL+0x1ce6a]
C  [MSVCR100.dll+0x20ccd]
V  [jvm.dll+0x20f135]
V  [jvm.dll+0x247ef7]
V  [jvm.dll+0x247196]
V  [jvm.dll+0x247631]
V  [jvm.dll+0x24784e]
V  [jvm.dll+0x29853a]
C  [MSVCR100.dll+0x21d9f]
C  [MSVCR100.dll+0x21e3b]
C  [KERNEL32.DLL+0x8364]
C  [ntdll.dll+0x67091]

VM_Operation (0x000000000014f500): Exit, mode: safepoint, requested by thread 0x00000000026b4000


---------------  P R O C E S S  ---------------

Java Threads: ( => current thread )
  0x000000001aa6f000 JavaThread "Thread-22" daemon [_thread_blocked, id=214200, stack(0x00000000292b0000,0x00000000293b0000)]
  0x000000001aa6c000 JavaThread "Output Stream Monitor" daemon [_thread_in_native, id=213128, stack(0x0000000028eb0000,0x0000000028fb0000)]
  0x000000001aa6a000 JavaThread "Output Stream Monitor" daemon [_thread_in_native, id=213436, stack(0x0000000028db0000,0x0000000028eb0000)]
  0x0000000017436000 JavaThread "TCF Locator DNS Lookup" daemon [_thread_blocked, id=173704, stack(0x0000000024540000,0x0000000024640000)]
  0x0000000017433800 JavaThread "TCF Locator Timer" daemon [_thread_blocked, id=175628, stack(0x0000000024440000,0x0000000024540000)]
  0x00000000163a7800 JavaThread "TCF Timer Dispatcher" daemon [_thread_blocked, id=175168, stack(0x0000000024140000,0x0000000024240000)]
  0x00000000154c7800 JavaThread "EMF Reference Cleaner" daemon [_thread_blocked, id=159344, stack(0x00000000185e0000,0x00000000186e0000)]
  0x0000000015440800 JavaThread "Service Thread" daemon [_thread_blocked, id=159160, stack(0x0000000015820000,0x0000000015920000)]
  0x0000000013bdb800 JavaThread "C1 CompilerThread2" daemon [_thread_blocked, id=155860, stack(0x0000000015320000,0x0000000015420000)]
  0x0000000013bd6800 JavaThread "C2 CompilerThread1" daemon [_thread_blocked, id=148844, stack(0x0000000015220000,0x0000000015320000)]
  0x0000000013bd4800 JavaThread "C2 CompilerThread0" daemon [_thread_blocked, id=158880, stack(0x0000000015120000,0x0000000015220000)]
  0x0000000013be2000 JavaThread "Attach Listener" daemon [_thread_blocked, id=159204, stack(0x0000000015020000,0x0000000015120000)]
  0x0000000013be0800 JavaThread "Signal Dispatcher" daemon [_thread_blocked, id=158624, stack(0x0000000014f20000,0x0000000015020000)]
  0x00000000027aa800 JavaThread "Finalizer" daemon [_thread_blocked, id=165068, stack(0x0000000014e20000,0x0000000014f20000)]
  0x00000000027a2800 JavaThread "Reference Handler" daemon [_thread_blocked, id=158464, stack(0x0000000014d20000,0x0000000014e20000)]
  0x00000000026b4000 JavaThread "main" [_thread_blocked, id=165788, stack(0x0000000000050000,0x0000000000150000)]

Other Threads:
=>0x0000000013b98000 VMThread [stack: 0x0000000014c20000,0x0000000014d20000] [id=157044]

VM state:at safepoint (shutting down)

VM Mutex/Monitor currently owned by a thread:  ([mutex/lock_event])
[0x00000000026b0c50] Threads_lock - owner thread: 0x0000000013b98000

Heap:
 PSYoungGen      total 52736K, used 20239K [0x00000000f5580000, 0x00000000f8f00000, 0x0000000100000000)
  eden space 47104K, 38% used [0x00000000f5580000,0x00000000f6744d78,0x00000000f8380000)
  from space 5632K, 36% used [0x00000000f8380000,0x00000000f857ef80,0x00000000f8900000)
  to   space 5632K, 0% used [0x00000000f8980000,0x00000000f8980000,0x00000000f8f00000)
 ParOldGen       total 73728K, used 60899K [0x00000000e0000000, 0x00000000e4800000, 0x00000000f5580000)
  object space 73728K, 82% used [0x00000000e0000000,0x00000000e3b78e98,0x00000000e4800000)
 Metaspace       used 100113K, capacity 107048K, committed 107264K, reserved 1142784K
  class space    used 11165K, capacity 13280K, committed 13312K, reserved 1048576K

Card table byte_map: [0x0000000011b70000,0x0000000011c80000] byte_map_base: 0x0000000011470000

Marking Bits: (ParMarkBitMap*) 0x0000000071e84040
 Begin Bits: [0x0000000012130000, 0x0000000012930000)
 End Bits:   [0x0000000012930000, 0x0000000013130000)

Polling page: 0x00000000025a0000

CodeCache: size=245760Kb used=110811Kb max_used=111197Kb free=134948Kb
 bounds [0x00000000027b0000, 0x0000000009530000, 0x00000000117b0000]
 total_blobs=25994 nmethods=25129 adapters=770
 compilation: enabled

Compilation events (10 events):
Event: 27935.487 Thread 0x0000000013bdb800 nmethod 35560 0x000000000951fd90 code [0x000000000951fee0, 0x0000000009520030]
Event: 27935.488 Thread 0x0000000013bdb800 35562       3       sun.reflect.ClassFileAssembler::getMaxLocals (6 bytes)
Event: 27935.489 Thread 0x0000000013bdb800 nmethod 35562 0x00000000028b8a90 code [0x00000000028b8be0, 0x00000000028b8d30]
Event: 27935.551 Thread 0x0000000013bd4800 nmethod 35553 0x00000000069acbd0 code [0x00000000069acf80, 0x00000000069b0200]
Event: 27935.697 Thread 0x0000000013bdb800 35563       3       java.io.File::list (33 bytes)
Event: 27935.699 Thread 0x0000000013bdb800 nmethod 35563 0x0000000002e59a90 code [0x0000000002e59c60, 0x0000000002e5a3a8]
Event: 27936.667 Thread 0x0000000013bdb800 35564   !   3       org.eclipse.osgi.internal.baseadaptor.BaseStorage::compact (215 bytes)
Event: 27936.669 Thread 0x0000000013bdb800 nmethod 35564 0x00000000055ec1d0 code [0x00000000055ec620, 0x00000000055eeae8]
Event: 27937.406 Thread 0x0000000013bdb800 35565       3       org.eclipse.osgi.framework.internal.core.AbstractBundle::close (52 bytes)
Event: 27937.407 Thread 0x0000000013bdb800 nmethod 35565 0x0000000005541490 code [0x00000000055416c0, 0x00000000055423c8]

GC Heap History (10 events):
Event: 27841.258 GC heap before
{Heap before GC invocations=1762 (full 199):
 PSYoungGen      total 52224K, used 48145K [0x00000000f5580000, 0x00000000f8f00000, 0x0000000100000000)
  eden space 46080K, 100% used [0x00000000f5580000,0x00000000f8280000,0x00000000f8280000)
  from space 6144K, 33% used [0x00000000f8880000,0x00000000f8a845f8,0x00000000f8e80000)
  to   space 6144K, 0% used [0x00000000f8280000,0x00000000f8280000,0x00000000f8880000)
 ParOldGen       total 73728K, used 60899K [0x00000000e0000000, 0x00000000e4800000, 0x00000000f5580000)
  object space 73728K, 82% used [0x00000000e0000000,0x00000000e3b78e98,0x00000000e4800000)
 Metaspace       used 99630K, capacity 106614K, committed 106880K, reserved 1142784K
  class space    used 11114K, capacity 13181K, committed 13184K, reserved 1048576K
Event: 27841.260 GC heap after
Heap after GC invocations=1762 (full 199):
 PSYoungGen      total 52224K, used 1025K [0x00000000f5580000, 0x00000000f8f00000, 0x0000000100000000)
  eden space 46080K, 0% used [0x00000000f5580000,0x00000000f5580000,0x00000000f8280000)
  from space 6144K, 16% used [0x00000000f8280000,0x00000000f83804f0,0x00000000f8880000)
  to   space 6144K, 0% used [0x00000000f8900000,0x00000000f8900000,0x00000000f8f00000)
 ParOldGen       total 73728K, used 60899K [0x00000000e0000000, 0x00000000e4800000, 0x00000000f5580000)
  object space 73728K, 82% used [0x00000000e0000000,0x00000000e3b78e98,0x00000000e4800000)
 Metaspace       used 99630K, capacity 106614K, committed 106880K, reserved 1142784K
  class space    used 11114K, capacity 13181K, committed 13184K, reserved 1048576K
}
Event: 27848.512 GC heap before
{Heap before GC invocations=1763 (full 199):
 PSYoungGen      total 52224K, used 47105K [0x00000000f5580000, 0x00000000f8f00000, 0x0000000100000000)
  eden space 46080K, 100% used [0x00000000f5580000,0x00000000f8280000,0x00000000f8280000)
  from space 6144K, 16% used [0x00000000f8280000,0x00000000f83804f0,0x00000000f8880000)
  to   space 6144K, 0% used [0x00000000f8900000,0x00000000f8900000,0x00000000f8f00000)
 ParOldGen       total 73728K, used 60899K [0x00000000e0000000, 0x00000000e4800000, 0x00000000f5580000)
  object space 73728K, 82% used [0x00000000e0000000,0x00000000e3b78e98,0x00000000e4800000)
 Metaspace       used 99630K, capacity 106614K, committed 106880K, reserved 1142784K
  class space    used 11114K, capacity 13181K, committed 13184K, reserved 1048576K
Event: 27848.515 GC heap after
Heap after GC invocations=1763 (full 199):
 PSYoungGen      total 51712K, used 2802K [0x00000000f5580000, 0x00000000f8e00000, 0x0000000100000000)
  eden space 46592K, 0% used [0x00000000f5580000,0x00000000f5580000,0x00000000f8300000)
  from space 5120K, 54% used [0x00000000f8900000,0x00000000f8bbc9b0,0x00000000f8e00000)
  to   space 5632K, 0% used [0x00000000f8300000,0x00000000f8300000,0x00000000f8880000)
 ParOldGen       total 73728K, used 60899K [0x00000000e0000000, 0x00000000e4800000, 0x00000000f5580000)
  object space 73728K, 82% used [0x00000000e0000000,0x00000000e3b78e98,0x00000000e4800000)
 Metaspace       used 99630K, capacity 106614K, committed 106880K, reserved 1142784K
  class space    used 11114K, capacity 13181K, committed 13184K, reserved 1048576K
}
Event: 27874.407 GC heap before
{Heap before GC invocations=1764 (full 199):
 PSYoungGen      total 51712K, used 49394K [0x00000000f5580000, 0x00000000f8e00000, 0x0000000100000000)
  eden space 46592K, 100% used [0x00000000f5580000,0x00000000f8300000,0x00000000f8300000)
  from space 5120K, 54% used [0x00000000f8900000,0x00000000f8bbc9b0,0x00000000f8e00000)
  to   space 5632K, 0% used [0x00000000f8300000,0x00000000f8300000,0x00000000f8880000)
 ParOldGen       total 73728K, used 60899K [0x00000000e0000000, 0x00000000e4800000, 0x00000000f5580000)
  object space 73728K, 82% used [0x00000000e0000000,0x00000000e3b78e98,0x00000000e4800000)
 Metaspace       used 99631K, capacity 106614K, committed 106880K, reserved 1142784K
  class space    used 11114K, capacity 13181K, committed 13184K, reserved 1048576K
Event: 27874.411 GC heap after
Heap after GC invocations=1764 (full 199):
 PSYoungGen      total 52224K, used 3403K [0x00000000f5580000, 0x00000000f8e80000, 0x0000000100000000)
  eden space 46592K, 0% used [0x00000000f5580000,0x00000000f5580000,0x00000000f8300000)
  from space 5632K, 60% used [0x00000000f8300000,0x00000000f8652f70,0x00000000f8880000)
  to   space 5632K, 0% used [0x00000000f8900000,0x00000000f8900000,0x00000000f8e80000)
 ParOldGen       total 73728K, used 60899K [0x00000000e0000000, 0x00000000e4800000, 0x00000000f5580000)
  object space 73728K, 82% used [0x00000000e0000000,0x00000000e3b78e98,0x00000000e4800000)
 Metaspace       used 99631K, capacity 106614K, committed 106880K, reserved 1142784K
  class space    used 11114K, capacity 13181K, committed 13184K, reserved 1048576K
}
Event: 27899.557 GC heap before
{Heap before GC invocations=1765 (full 199):
 PSYoungGen      total 52224K, used 49995K [0x00000000f5580000, 0x00000000f8e80000, 0x0000000100000000)
  eden space 46592K, 100% used [0x00000000f5580000,0x00000000f8300000,0x00000000f8300000)
  from space 5632K, 60% used [0x00000000f8300000,0x00000000f8652f70,0x00000000f8880000)
  to   space 5632K, 0% used [0x00000000f8900000,0x00000000f8900000,0x00000000f8e80000)
 ParOldGen       total 73728K, used 60899K [0x00000000e0000000, 0x00000000e4800000, 0x00000000f5580000)
  object space 73728K, 82% used [0x00000000e0000000,0x00000000e3b78e98,0x00000000e4800000)
 Metaspace       used 99631K, capacity 106614K, committed 106880K, reserved 1142784K
  class space    used 11114K, capacity 13181K, committed 13184K, reserved 1048576K
Event: 27899.561 GC heap after
Heap after GC invocations=1765 (full 199):
 PSYoungGen      total 52736K, used 3680K [0x00000000f5580000, 0x00000000f8e80000, 0x0000000100000000)
  eden space 47104K, 0% used [0x00000000f5580000,0x00000000f5580000,0x00000000f8380000)
  from space 5632K, 65% used [0x00000000f8900000,0x00000000f8c98380,0x00000000f8e80000)
  to   space 5632K, 0% used [0x00000000f8380000,0x00000000f8380000,0x00000000f8900000)
 ParOldGen       total 73728K, used 60899K [0x00000000e0000000, 0x00000000e4800000, 0x00000000f5580000)
  object space 73728K, 82% used [0x00000000e0000000,0x00000000e3b78e98,0x00000000e4800000)
 Metaspace       used 99631K, capacity 106614K, committed 106880K, reserved 1142784K
  class space    used 11114K, capacity 13181K, committed 13184K, reserved 1048576K
}
Event: 27934.269 GC heap before
{Heap before GC invocations=1766 (full 199):
 PSYoungGen      total 52736K, used 50784K [0x00000000f5580000, 0x00000000f8e80000, 0x0000000100000000)
  eden space 47104K, 100% used [0x00000000f5580000,0x00000000f8380000,0x00000000f8380000)
  from space 5632K, 65% used [0x00000000f8900000,0x00000000f8c98380,0x00000000f8e80000)
  to   space 5632K, 0% used [0x00000000f8380000,0x00000000f8380000,0x00000000f8900000)
 ParOldGen       total 73728K, used 60899K [0x00000000e0000000, 0x00000000e4800000, 0x00000000f5580000)
  object space 73728K, 82% used [0x00000000e0000000,0x00000000e3b78e98,0x00000000e4800000)
 Metaspace       used 99701K, capacity 106626K, committed 106880K, reserved 1142784K
  class space    used 11124K, capacity 13183K, committed 13184K, reserved 1048576K
Event: 27934.273 GC heap after
Heap after GC invocations=1766 (full 199):
 PSYoungGen      total 52736K, used 2043K [0x00000000f5580000, 0x00000000f8f00000, 0x0000000100000000)
  eden space 47104K, 0% used [0x00000000f5580000,0x00000000f5580000,0x00000000f8380000)
  from space 5632K, 36% used [0x00000000f8380000,0x00000000f857ef80,0x00000000f8900000)
  to   space 5632K, 0% used [0x00000000f8980000,0x00000000f8980000,0x00000000f8f00000)
 ParOldGen       total 73728K, used 60899K [0x00000000e0000000, 0x00000000e4800000, 0x00000000f5580000)
  object space 73728K, 82% used [0x00000000e0000000,0x00000000e3b78e98,0x00000000e4800000)
 Metaspace       used 99701K, capacity 106626K, committed 106880K, reserved 1142784K
  class space    used 11124K, capacity 13183K, committed 13184K, reserved 1048576K
}

Deoptimization events (10 events):
Event: 27935.475 Thread 0x000000001aa70000 Uncommon trap: reason=unstable_if action=reinterpret pc=0x00000000058b1b1c method=org.eclipse.core.internal.jobs.WorkerPool.startJob(Lorg/eclipse/core/internal/jobs/Worker;)Lorg/eclipse/core/internal/jobs/InternalJob; @ 177
Event: 27935.475 Thread 0x000000001a885800 Uncommon trap: reason=unstable_if action=reinterpret pc=0x00000000058b1b1c method=org.eclipse.core.internal.jobs.WorkerPool.startJob(Lorg/eclipse/core/internal/jobs/Worker;)Lorg/eclipse/core/internal/jobs/InternalJob; @ 177
Event: 27935.475 Thread 0x000000001a884000 Uncommon trap: reason=unstable_if action=reinterpret pc=0x00000000058b1b1c method=org.eclipse.core.internal.jobs.WorkerPool.startJob(Lorg/eclipse/core/internal/jobs/Worker;)Lorg/eclipse/core/internal/jobs/InternalJob; @ 177
Event: 27935.478 Thread 0x000000001a880800 Uncommon trap: reason=unstable_if action=reinterpret pc=0x00000000058b1b1c method=org.eclipse.core.internal.jobs.WorkerPool.startJob(Lorg/eclipse/core/internal/jobs/Worker;)Lorg/eclipse/core/internal/jobs/InternalJob; @ 177
Event: 27935.478 Thread 0x000000001bd74000 Uncommon trap: reason=unstable_if action=reinterpret pc=0x00000000058b1b1c method=org.eclipse.core.internal.jobs.WorkerPool.startJob(Lorg/eclipse/core/internal/jobs/Worker;)Lorg/eclipse/core/internal/jobs/InternalJob; @ 177
Event: 27935.478 Thread 0x000000001a87c000 Uncommon trap: reason=unstable_if action=reinterpret pc=0x00000000058b1b1c method=org.eclipse.core.internal.jobs.WorkerPool.startJob(Lorg/eclipse/core/internal/jobs/Worker;)Lorg/eclipse/core/internal/jobs/InternalJob; @ 177
Event: 27935.478 Thread 0x000000001aa76000 Uncommon trap: reason=unstable_if action=reinterpret pc=0x00000000058b1b1c method=org.eclipse.core.internal.jobs.WorkerPool.startJob(Lorg/eclipse/core/internal/jobs/Worker;)Lorg/eclipse/core/internal/jobs/InternalJob; @ 177
Event: 27935.483 Thread 0x00000000026b4000 Uncommon trap: reason=class_check action=maybe_recompile pc=0x0000000005146a80 method=java.util.ComparableTimSort.countRunAndMakeAscending([Ljava/lang/Object;II)I @ 36
Event: 27936.662 Thread 0x00000000163a9000 Uncommon trap: reason=unstable_if action=reinterpret pc=0x0000000007285da4 method=org.eclipse.tcf.EventQueue.invokeLater(Ljava/lang/Runnable;)V @ 22
Event: 27937.406 Thread 0x00000000026b4000 Uncommon trap: reason=unstable_if action=reinterpret pc=0x0000000003aca540 method=sun.reflect.UnsafeStaticObjectFieldAccessorImpl.set(Ljava/lang/Object;Ljava/lang/Object;)V @ 13

Internal exceptions (10 events):
Event: 27934.345 Thread 0x00000000026b4000 Implicit null exception at 0x000000000422a1b9 to 0x000000000422a8b5
Event: 27934.609 Thread 0x00000000026b4000 Implicit null exception at 0x0000000003968cc1 to 0x0000000003968efd
Event: 27934.711 Thread 0x000000001aa6d000 Exception <a 'java/lang/InterruptedException'> (0x00000000f6274628) thrown at [C:\re\workspace\8-2-build-windows-amd64-cygwin\jdk8u45\3627\hotspot\src\share\vm\runtime\objectMonitor.cpp, line 1683]
Event: 27934.714 Thread 0x0000000018e2b800 Implicit null exception at 0x0000000005a732d7 to 0x0000000005a7390d
Event: 27935.415 Thread 0x000000001655e800 Implicit null exception at 0x00000000051a1682 to 0x00000000051a181d
Event: 27935.482 Thread 0x00000000163bf800 Exception <a 'java/lang/InterruptedException': sleep interrupted> (0x00000000f65c1280) thrown at [C:\re\workspace\8-2-build-windows-amd64-cygwin\jdk8u45\3627\hotspot\src\share\vm\prims\jvm.cpp, line 3211]
Event: 27935.484 Thread 0x00000000194a4000 Exception <a 'java/lang/InterruptedException'> (0x00000000f65c1a58) thrown at [C:\re\workspace\8-2-build-windows-amd64-cygwin\jdk8u45\3627\hotspot\src\share\vm\runtime\objectMonitor.cpp, line 1683]
Event: 27935.484 Thread 0x0000000016577800 Exception <a 'java/lang/InterruptedException'> (0x00000000f65ce178) thrown at [C:\re\workspace\8-2-build-windows-amd64-cygwin\jdk8u45\3627\hotspot\src\share\vm\runtime\objectMonitor.cpp, line 1683]
Event: 27937.406 Thread 0x000000001655e800 Exception <a 'java/lang/InterruptedException'> (0x00000000f652ff60) thrown at [C:\re\workspace\8-2-build-windows-amd64-cygwin\jdk8u45\3627\hotspot\src\share\vm\runtime\objectMonitor.cpp, line 1683]
Event: 27937.406 Thread 0x00000000026b4000 Implicit null exception at 0x0000000003aca1f7 to 0x0000000003aca52d

Events (10 events):
Event: 27937.406 loading class java/util/IdentityHashMap$IdentityHashMapIterator done
Event: 27937.407 loading class java/util/IdentityHashMap$KeyIterator done
Event: 27937.407 Thread 0x0000000018e28800 Thread added: 0x0000000018e28800
Event: 27937.407 Executing VM operation: RevokeBias
Event: 27937.407 Executing VM operation: RevokeBias done
Event: 27937.407 Executing VM operation: RevokeBias
Event: 27937.408 Executing VM operation: RevokeBias done
Event: 27937.408 Thread 0x0000000013bdb800 flushing nmethod 0x000000000718a690
Event: 27937.408 Thread 0x0000000018e28800 Thread exited: 0x0000000018e28800
Event: 27937.409 Executing VM operation: Exit


Dynamic libraries:
0x0000000000400000 - 0x000000000044f000 	D:\Xilinx\SDK\2015.4\eclipse\win64.o\eclipse.exe
0x00007ffb732e0000 - 0x00007ffb734b2000 	C:\Windows\SYSTEM32\ntdll.dll
0x00007ffb724b0000 - 0x00007ffb7255c000 	C:\Windows\System32\KERNEL32.DLL
0x00007ffb70430000 - 0x00007ffb7064d000 	C:\Windows\System32\KERNELBASE.dll
0x00007ffb6dd10000 - 0x00007ffb6dd8a000 	C:\Windows\system32\apphelp.dll
0x00007ffb72100000 - 0x00007ffb72265000 	C:\Windows\System32\USER32.dll
0x00007ffb70650000 - 0x00007ffb7066e000 	C:\Windows\System32\win32u.dll
0x00007ffb73070000 - 0x00007ffb730a4000 	C:\Windows\System32\GDI32.dll
0x00007ffb6f9a0000 - 0x00007ffb6fb20000 	C:\Windows\System32\gdi32full.dll
0x00007ffb708f0000 - 0x00007ffb7098e000 	C:\Windows\System32\msvcrt.dll
0x00007ffb5af40000 - 0x00007ffb5b1ba000 	C:\Windows\WinSxS\amd64_microsoft.windows.common-controls_6595b64144ccf1df_6.0.14393.953_none_42151e83c686086b\COMCTL32.dll
0x00007ffb72da0000 - 0x00007ffb73068000 	C:\Windows\System32\combase.dll
0x00007ffb6f7e0000 - 0x00007ffb6f8d5000 	C:\Windows\System32\ucrtbase.dll
0x00007ffb731b0000 - 0x00007ffb732d1000 	C:\Windows\System32\RPCRT4.dll
0x00007ffb6f8e0000 - 0x00007ffb6f94a000 	C:\Windows\System32\bcryptPrimitives.dll
0x00007ffb72070000 - 0x00007ffb7209e000 	C:\Windows\System32\IMM32.DLL
0x0000000072000000 - 0x0000000072012000 	D:\Xilinx\SDK\2015.4\eclipse\win64.o\plugins\org.eclipse.equinox.launcher.win32.win32.x86_64_1.1.200.v20140116-2212\eclipse_1503.dll
0x00007ffb72720000 - 0x00007ffb727c2000 	C:\Windows\System32\ADVAPI32.dll
0x00007ffb722f0000 - 0x00007ffb72349000 	C:\Windows\System32\sechost.dll
0x00007ffb6aac0000 - 0x00007ffb6aaca000 	C:\Windows\SYSTEM32\VERSION.dll
0x00007ffb6e010000 - 0x00007ffb6e0a5000 	C:\Windows\system32\uxtheme.dll
0x00007ffb72350000 - 0x00007ffb724aa000 	C:\Windows\System32\MSCTF.dll
0x00007ffb72560000 - 0x00007ffb7261f000 	C:\Windows\System32\OLEAUT32.dll
0x00007ffb70720000 - 0x00007ffb707bc000 	C:\Windows\System32\msvcp_win.dll
0x0000000071680000 - 0x0000000071f03000 	D:\Xilinx\SDK\2015.4\tps\win64\jre\bin\server\jvm.dll
0x00007ffb70870000 - 0x00007ffb70878000 	C:\Windows\System32\PSAPI.DLL
0x00007ffb6a560000 - 0x00007ffb6a569000 	C:\Windows\SYSTEM32\WSOCK32.dll
0x00007ffb6d610000 - 0x00007ffb6d633000 	C:\Windows\SYSTEM32\WINMM.dll
0x0000000074f30000 - 0x0000000075002000 	C:\Windows\SYSTEM32\MSVCR100.dll
0x00007ffb70880000 - 0x00007ffb708ea000 	C:\Windows\System32\WS2_32.dll
0x0000000002570000 - 0x000000000259b000 	C:\Windows\SYSTEM32\WINMMBASE.dll
0x00007ffb6f950000 - 0x00007ffb6f992000 	C:\Windows\System32\cfgmgr32.dll
0x0000000071540000 - 0x000000007154f000 	D:\Xilinx\SDK\2015.4\tps\win64\jre\bin\verify.dll
0x0000000071510000 - 0x0000000071539000 	D:\Xilinx\SDK\2015.4\tps\win64\jre\bin\java.dll
0x00000000714f0000 - 0x0000000071506000 	D:\Xilinx\SDK\2015.4\tps\win64\jre\bin\zip.dll
0x00007ffb70990000 - 0x00007ffb71e98000 	C:\Windows\System32\SHELL32.dll
0x00007ffb6fb20000 - 0x00007ffb701f8000 	C:\Windows\System32\windows.storage.dll
0x00007ffb6f750000 - 0x00007ffb6f79c000 	C:\Windows\System32\powrprof.dll
0x00007ffb720a0000 - 0x00007ffb720f2000 	C:\Windows\System32\shlwapi.dll
0x00007ffb6f7c0000 - 0x00007ffb6f7cf000 	C:\Windows\System32\kernel.appcore.dll
0x00007ffb707c0000 - 0x00007ffb70869000 	C:\Windows\System32\shcore.dll
0x00007ffb6f7a0000 - 0x00007ffb6f7b4000 	C:\Windows\System32\profapi.dll
0x00007ffb6f1d0000 - 0x00007ffb6f1e7000 	C:\Windows\SYSTEM32\CRYPTSP.dll
0x00007ffb6ec20000 - 0x00007ffb6ec53000 	C:\Windows\system32\rsaenh.dll
0x00007ffb6f690000 - 0x00007ffb6f6bb000 	C:\Windows\SYSTEM32\bcrypt.dll
0x00007ffb6eea0000 - 0x00007ffb6eebf000 	C:\Windows\SYSTEM32\USERENV.dll
0x00007ffb6f1c0000 - 0x00007ffb6f1cb000 	C:\Windows\SYSTEM32\CRYPTBASE.dll
0x00000000714d0000 - 0x00000000714ea000 	D:\Xilinx\SDK\2015.4\tps\win64\jre\bin\net.dll
0x00007ffb6f020000 - 0x00007ffb6f07c000 	C:\Windows\system32\mswsock.dll
0x00007ffb6eda0000 - 0x00007ffb6edd8000 	C:\Windows\SYSTEM32\IPHLPAPI.DLL
0x00007ffb722e0000 - 0x00007ffb722e8000 	C:\Windows\System32\NSI.dll
0x00007ffb673e0000 - 0x00007ffb673f6000 	C:\Windows\SYSTEM32\dhcpcsvc6.DLL
0x00007ffb67320000 - 0x00007ffb6733a000 	C:\Windows\SYSTEM32\dhcpcsvc.DLL
0x00000000714b0000 - 0x00000000714c1000 	D:\Xilinx\SDK\2015.4\tps\win64\jre\bin\nio.dll
0x00007ffb5c310000 - 0x00007ffb5c326000 	C:\Windows\system32\napinsp.dll
0x00007ffb5c350000 - 0x00007ffb5c36a000 	C:\Windows\system32\pnrpnsp.dll
0x00007ffb6b8e0000 - 0x00007ffb6b8f8000 	C:\Windows\system32\NLAapi.dll
0x00007ffb6ede0000 - 0x00007ffb6ee81000 	C:\Windows\SYSTEM32\DNSAPI.dll
0x00007ffb629c0000 - 0x00007ffb629ce000 	C:\Windows\System32\winrnr.dll
0x0000000063560000 - 0x0000000063569000 	C:\Program Files\National Instruments\Shared\mDNS Responder\nimdnsNSP.dll
0x0000000063550000 - 0x000000006355e000 	C:\Windows\SYSTEM32\nimdnsResponder.dll
0x0000000075380000 - 0x0000000075423000 	C:\Windows\WinSxS\amd64_microsoft.vc90.crt_1fc8b3b9a1e18e3b_9.0.30729.9247_none_08e394a1a83e212f\MSVCR90.dll
0x0000000075350000 - 0x0000000075376000 	C:\Program Files\Bonjour\mdnsNSP.dll
0x00007ffb660d0000 - 0x00007ffb660da000 	C:\Windows\System32\rasadhlp.dll
0x00007ffb67b70000 - 0x00007ffb67bda000 	C:\Windows\System32\fwpuclnt.dll
0x0000000016740000 - 0x00000000167e8000 	C:\Users\4230\.Xilinx\SDK\2015.4\org.eclipse.osgi\bundles\303\1\.cp\swt-win32-4335.dll
0x00007ffb727d0000 - 0x00007ffb72908000 	C:\Windows\System32\ole32.dll
0x00007ffb730b0000 - 0x00007ffb731aa000 	C:\Windows\System32\comdlg32.dll
0x00007ffb70260000 - 0x00007ffb70429000 	C:\Windows\System32\CRYPT32.dll
0x00007ffb650e0000 - 0x00007ffb65166000 	C:\Windows\SYSTEM32\WINSPOOL.DRV
0x00007ffb6f7d0000 - 0x00007ffb6f7e0000 	C:\Windows\System32\MSASN1.dll
0x00007ffb6a1f0000 - 0x00007ffb6a209000 	C:\Windows\SYSTEM32\USP10.dll
0x00007ffb54480000 - 0x00007ffb5474a000 	C:\Windows\SYSTEM32\WININET.dll
0x00007ffb6d530000 - 0x00007ffb6d556000 	C:\Windows\system32\dwmapi.dll
0x00007ffb6d0a0000 - 0x00007ffb6d225000 	C:\Windows\SYSTEM32\propsys.dll
0x00007ffb72620000 - 0x00007ffb726bf000 	C:\Windows\System32\clbcatq.dll
0x0000000016e90000 - 0x0000000016eae000 	C:\Users\4230\.Xilinx\SDK\2015.4\org.eclipse.osgi\bundles\303\1\.cp\swt-gdip-win32-4335.dll
0x00007ffb53950000 - 0x00007ffb53ae9000 	C:\Windows\WinSxS\amd64_microsoft.windows.gdiplus_6595b64144ccf1df_1.1.14393.1715_none_aec701fbddd850fa\gdiplus.dll
0x00007ffb6c520000 - 0x00007ffb6c6c8000 	C:\Windows\SYSTEM32\WindowsCodecs.dll
0x0000000180000000 - 0x0000000180012000 	C:\Users\4230\.Xilinx\SDK\2015.4\org.eclipse.osgi\bundles\121\1\.cp\os\win32\x86_64\localfile_1_0_0.dll
0x00007ffb6a1d0000 - 0x00007ffb6a1e1000 	C:\Users\4230\.Xilinx\SDK\2015.4\org.eclipse.osgi\bundles\124\1\.cp\jWinHttp-1.0.0.dll
0x00007ffb6c420000 - 0x00007ffb6c4ed000 	C:\Windows\SYSTEM32\WINHTTP.dll
0x00007ffb52bd0000 - 0x00007ffb52c35000 	C:\Windows\SYSTEM32\oleacc.dll
0x00007ffb6a2a0000 - 0x00007ffb6a2af000 	D:\Xilinx\SDK\2015.4\lib\win64.o\librdi_repo_manager.dll
0x00007ffb51720000 - 0x00007ffb5174a000 	D:\Xilinx\SDK\2015.4\lib\win64.o\libisl_sysinfo.dll
0x00007ffb4beb0000 - 0x00007ffb4bf04000 	D:\Xilinx\SDK\2015.4\lib\win64.o\librdi_commonxillic.dll
0x00007ffb20740000 - 0x00007ffb210cd000 	D:\Xilinx\SDK\2015.4\lib\win64.o\librdi_common.dll
0x00007ffb20110000 - 0x00007ffb202fc000 	D:\Xilinx\SDK\2015.4\lib\win64.o\librdi_hsm.dll
0x00007ffb46b80000 - 0x00007ffb46c27000 	C:\Windows\SYSTEM32\MSVCP110.dll
0x00007ffb45ee0000 - 0x00007ffb45fb4000 	C:\Windows\SYSTEM32\MSVCR110.dll
0x00007ffb21a80000 - 0x00007ffb21dee000 	D:\Xilinx\SDK\2015.4\lib\win64.o\libCOIN-all.dll
0x00007ffb47420000 - 0x00007ffb4763e000 	D:\Xilinx\SDK\2015.4\lib\win64.o\libXil_lmgr11.dll
0x00007ffb70200000 - 0x00007ffb70255000 	C:\Windows\System32\WINTRUST.dll
0x00007ffb6a1c0000 - 0x00007ffb6a1d0000 	D:\Xilinx\SDK\2015.4\lib\win64.o\libboost_date_time.dll
0x00007ffb48ab0000 - 0x00007ffb48ad2000 	D:\Xilinx\SDK\2015.4\lib\win64.o\libboost_filesystem.dll
0x00007ffb48450000 - 0x00007ffb484c4000 	D:\Xilinx\SDK\2015.4\lib\win64.o\libboost_program_options.dll
0x00007ffb46f20000 - 0x00007ffb4701a000 	D:\Xilinx\SDK\2015.4\lib\win64.o\libboost_regex.dll
0x00007ffb69740000 - 0x00007ffb69753000 	D:\Xilinx\SDK\2015.4\lib\win64.o\libboost_signals.dll
0x00007ffb699a0000 - 0x00007ffb699a9000 	D:\Xilinx\SDK\2015.4\lib\win64.o\libboost_system.dll
0x00007ffb65f90000 - 0x00007ffb65fad000 	D:\Xilinx\SDK\2015.4\lib\win64.o\libboost_thread.dll
0x00007ffb69560000 - 0x00007ffb6956b000 	D:\Xilinx\SDK\2015.4\lib\win64.o\libboost_xilinx.dll
0x00007ffb476c0000 - 0x00007ffb47740000 	D:\Xilinx\SDK\2015.4\lib\win64.o\libhdlpsolve.dll
0x00007ffb46e80000 - 0x00007ffb46f1a000 	D:\Xilinx\SDK\2015.4\lib\win64.o\libhdxml.dll
0x00007ffb20300000 - 0x00007ffb20734e00 	D:\Xilinx\SDK\2015.4\lib\win64.o\libisl_iostreams.dll
0x00007ffb46d50000 - 0x00007ffb46e80000 	D:\Xilinx\SDK\2015.4\lib\win64.o\librdi_curl.dll
0x00007ffb49700000 - 0x00007ffb49718000 	D:\Xilinx\SDK\2015.4\lib\win64.o\librdiconfig.dll
0x00007ffb48a80000 - 0x00007ffb48aa3000 	D:\Xilinx\SDK\2015.4\lib\win64.o\librdizlib.dll
0x0000000071550000 - 0x0000000071677000 	D:\Xilinx\SDK\2015.4\lib\win64.o\tcl85t.dll
0x0000000024d40000 - 0x0000000024fa3000 	D:\Xilinx\SDK\2015.4\lib\win64.o\xerces-c_3_1.dll
0x00007ffb48510000 - 0x00007ffb48525000 	D:\Xilinx\SDK\2015.4\lib\win64.o\pthreadVC2.dll
0x00007ffb642f0000 - 0x00007ffb644b3000 	C:\Windows\SYSTEM32\urlmon.dll
0x00007ffb49720000 - 0x00007ffb49743000 	C:\Windows\SYSTEM32\VCOMP110.DLL
0x00007ffb66fd0000 - 0x00007ffb66fe8000 	C:\Windows\SYSTEM32\NETAPI32.dll
0x00007ffb67610000 - 0x00007ffb6761b000 	D:\Xilinx\SDK\2015.4\lib\win64.o\libboost_chrono.dll
0x00007ffb476a0000 - 0x00007ffb476b6000 	D:\Xilinx\SDK\2015.4\lib\win64.o\libboost_iostreams.dll
0x00007ffb47670000 - 0x00007ffb47693000 	D:\Xilinx\SDK\2015.4\lib\win64.o\libisl_iosutils.dll
0x00007ffb68e60000 - 0x00007ffb69105000 	C:\Windows\SYSTEM32\iertutil.dll
0x00007ffb46d00000 - 0x00007ffb46d43000 	D:\Xilinx\SDK\2015.4\lib\win64.o\librdi_hdf.dll
0x00007ffb1feb0000 - 0x00007ffb20105000 	D:\Xilinx\SDK\2015.4\lib\win64.o\librdi_ippcw.dll
0x00007ffb6d440000 - 0x00007ffb6d447000 	C:\Windows\SYSTEM32\msimg32.dll
0x00007ffb6dbc0000 - 0x00007ffb6dc02000 	C:\Windows\SYSTEM32\edputil.dll
0x00007ffb1ee60000 - 0x00007ffb1f670000 	D:\Xilinx\SDK\2015.4\lib\win64.o\libXil_lmgr11FNP.dll
0x00007ffb72910000 - 0x00007ffb72d39000 	C:\Windows\System32\SETUPAPI.dll
0x00007ffb672b0000 - 0x00007ffb672bc000 	C:\Windows\SYSTEM32\snmpapi.dll
0x00007ffb6f3c0000 - 0x00007ffb6f3ec000 	C:\Windows\SYSTEM32\SspiCli.dll
0x00007ffb6e480000 - 0x00007ffb6e4a8000 	C:\Windows\SYSTEM32\DEVOBJ.dll
0x00007ffb46180000 - 0x00007ffb46196000 	D:\Xilinx\SDK\2015.4\eclipse\win64.o\plugins\org.eclipse.cdt.core.win32.x86_64_5.2.0.201402142303\os\win32\x86_64\spawner.dll
0x00007ffb631b0000 - 0x00007ffb631ba000 	D:\Xilinx\SDK\2015.4\lib\win64.o\librdi_jtag_settings.dll

VM Arguments:
jvm_args: -Dcom.xilinx.sdk.args.hwspec=D:/SMartCart/SMartCart/hdl_prj/vivado_ip_prj/vivado_prj.sdk/system_top_wrapper.hdf -Xms64m -Xmx512m & 
java_command: <unknown>
java_class_path (initial): D:\Xilinx\SDK\2015.4\eclipse\win64.o\\plugins/org.eclipse.equinox.launcher_1.3.0.v20130327-1440.jar
Launcher Type: generic

Environment Variables:
JAVA_HOME=C:\Program Files\Java\jdk1.8.0_121
USERNAME=4230
OS=Windows_NT
PROCESSOR_IDENTIFIER=Intel64 Family 6 Model 94 Stepping 3, GenuineIntel



---------------  S Y S T E M  ---------------

OS: Windows 10.0 , 64 bit Build 14393 (10.0.14393.1198)

CPU:total 4 (4 cores per cpu, 1 threads per core) family 6 model 94 stepping 3, cmov, cx8, fxsr, mmx, sse, sse2, sse3, ssse3, sse4.1, sse4.2, popcnt, avx, avx2, aes, clmul, erms, 3dnowpref, lzcnt, tsc, tscinvbit, bmi1, bmi2, adx

Memory: 4k page, physical 8343204k(3641892k free), swap 10984764k(5269676k free)

vm_info: Java HotSpot(TM) 64-Bit Server VM (25.45-b02) for windows-amd64 JRE (1.8.0_45-b15), built on Apr 30 2015 12:40:44 by "java_re" with MS VC++ 10.0 (VS2010)

time: Fri Nov 03 15:59:13 2017
elapsed time: 27937 seconds (0d 7h 45m 37s)

