#
# A fatal error has been detected by the Java Runtime Environment:
#
#  EXCEPTION_UNCAUGHT_CXX_EXCEPTION (0xe06d7363) at pc=0x00007ffb70463c58, pid=210936, tid=22024
#
# JRE version: Java(TM) SE Runtime Environment (8.0_45-b15) (build 1.8.0_45-b15)
# Java VM: Java HotSpot(TM) 64-Bit Server VM (25.45-b02 mixed mode windows-amd64 compressed oops)
# Problematic frame:
# C  [KERNELBASE.dll+0x33c58]
#
# Failed to write core dump. Minidumps are not enabled by default on client versions of Windows
#
# If you would like to submit a bug report, please visit:
#   http://bugreport.java.com/bugreport/crash.jsp
#

---------------  T H R E A D  ---------------

Current thread (0x0000000013b58000):  VMThread [stack: 0x0000000014bf0000,0x0000000014cf0000] [id=22024]

siginfo: ExceptionCode=0xe06d7363, ExceptionInformation=0x0000000019930520 0x0000000014cef448 0x00007ffb4aae2cb8 0x00007ffb4aa30000 

Registers:
RAX=0x004c0044002e006c, RBX=0x00007ffb4aae2cb8, RCX=0x000000000000004c, RDX=0x0000000000000000
RSP=0x0000000014cef290, RBP=0x0000000014cef3d0, RSI=0x00000000ffffffff, RDI=0x0000000025568630
R8 =0x0000000000000000, R9 =0x0000000000000000, R10=0x0000000000000000, R11=0x0000000000000000
R12=0x0000000000000001, R13=0x0000000000000008, R14=0x0000000000000000, R15=0xffffffffffffffff
RIP=0x00007ffb70463c58, EFLAGS=0x0000000000000206

Top of Stack: (sp=0x0000000014cef290)
0x0000000014cef290:   0000000000000000 00007ffb4aae2cb8
0x0000000014cef2a0:   00000000ffffffff 0000000025568630
0x0000000014cef2b0:   00000001e06d7363 0000000000000000
0x0000000014cef2c0:   00007ffb70463c58 0000000000000004
0x0000000014cef2d0:   0000000019930520 0000000014cef448
0x0000000014cef2e0:   00007ffb4aae2cb8 00007ffb4aa30000
0x0000000014cef2f0:   0000000000000008 0000000000000001
0x0000000014cef300:   0000000025568630 00000000ffffffff
0x0000000014cef310:   0000000014cef3d0 00007ffb7332c28f
0x0000000014cef320:   0000000014cef3e0 0000000000000000
0x0000000014cef330:   0000199d58f48dd4 0000000000000001
0x0000000014cef340:   00007ffb4aaf9000 00007ffb4aa30000
0x0000000014cef350:   000043cea9663bbc 000000000000003f
0x0000000014cef360:   00007ffb4aae2cb8 00007ffb4aa8e92c
0x0000000014cef370:   000000000000001f 0000000000000008
0x0000000014cef380:   0000000000000001 0000000025568630 

Instructions: (pc=0x00007ffb70463c58)
0x00007ffb70463c38:   49 8b d1 44 0f 47 c0 44 89 44 24 38 49 c1 e0 03
0x00007ffb70463c48:   e8 47 90 04 00 48 8d 4c 24 20 ff 15 c0 44 11 00
0x00007ffb70463c58:   48 8b 8c 24 c0 00 00 00 48 33 cc e8 d8 55 04 00
0x00007ffb70463c68:   48 81 c4 d8 00 00 00 c3 83 64 24 38 00 eb d6 cc 


Register to memory mapping:

RAX=0x004c0044002e006c is an unknown value
RBX=0x00007ffb4aae2cb8 is an unknown value
RCX=0x000000000000004c is an unknown value
RDX=0x0000000000000000 is an unknown value
RSP=0x0000000014cef290 is an unknown value
RBP=0x0000000014cef3d0 is an unknown value
RSI=0x00000000ffffffff is an unallocated location in the heap
RDI=0x0000000025568630 is an unknown value
R8 =0x0000000000000000 is an unknown value
R9 =0x0000000000000000 is an unknown value
R10=0x0000000000000000 is an unknown value
R11=0x0000000000000000 is an unknown value
R12=0x0000000000000001 is an unknown value
R13=0x0000000000000008 is an unknown value
R14=0x0000000000000000 is an unknown value
R15=0xffffffffffffffff is an unknown value


Stack: [0x0000000014bf0000,0x0000000014cf0000],  sp=0x0000000014cef290,  free space=1020k
Native frames: (J=compiled Java code, j=interpreted, Vv=VM code, C=native code)
C  [KERNELBASE.dll+0x33c58]
C  [MSVCR110.dll+0x5e92c]
C  [MSVCR110.dll+0x1315c]
C  [MSVCR110.dll+0x136a9]
C  [MSVCR110.dll+0x13e9c]
C  [MSVCR110.dll+0x239e]
C  [MSVCR110.dll+0xaf9e]
C  [MSVCP110.dll+0x397b9]
C  [librdi_common.dll+0x14283e]
C  [librdi_common.dll+0x141449]
C  0x00007ffb6dba2400
C  0x00007ffb6dba2682
C  [ntdll.dll+0x2a37f]
C  [ntdll.dll+0x806b]
C  [ntdll.dll+0x7d94]
C  [KERNEL32.DLL+0x1ce6a]
C  [MSVCR100.dll+0x20ccd]
V  [jvm.dll+0x20f135]
V  [jvm.dll+0x247ef7]
V  [jvm.dll+0x247196]
V  [jvm.dll+0x247631]
V  [jvm.dll+0x24784e]
V  [jvm.dll+0x29853a]
C  [MSVCR100.dll+0x21d9f]
C  [MSVCR100.dll+0x21e3b]
C  [KERNEL32.DLL+0x8364]
C  [ntdll.dll+0x67091]

VM_Operation (0x000000000014f500): Exit, mode: safepoint, requested by thread 0x00000000026c4000


---------------  P R O C E S S  ---------------

Java Threads: ( => current thread )
  0x00000000176bb800 JavaThread "Thread-30" daemon [_thread_blocked, id=207096, stack(0x0000000028430000,0x0000000028530000)]
  0x000000001616a800 JavaThread "TCF Locator DNS Lookup" daemon [_thread_blocked, id=9948, stack(0x0000000022290000,0x0000000022390000)]
  0x0000000016169000 JavaThread "TCF Locator Timer" daemon [_thread_blocked, id=53844, stack(0x0000000022190000,0x0000000022290000)]
  0x000000001617d000 JavaThread "TCF Timer Dispatcher" daemon [_thread_blocked, id=123468, stack(0x0000000021e90000,0x0000000021f90000)]
  0x0000000015f04000 JavaThread "EMF Reference Cleaner" daemon [_thread_blocked, id=173820, stack(0x0000000018530000,0x0000000018630000)]
  0x0000000013bee800 JavaThread "Service Thread" daemon [_thread_blocked, id=46228, stack(0x00000000157f0000,0x00000000158f0000)]
  0x0000000013b9c000 JavaThread "C1 CompilerThread2" daemon [_thread_blocked, id=3212, stack(0x00000000152f0000,0x00000000153f0000)]
  0x0000000013b98800 JavaThread "C2 CompilerThread1" daemon [_thread_blocked, id=159768, stack(0x00000000151f0000,0x00000000152f0000)]
  0x0000000013b96800 JavaThread "C2 CompilerThread0" daemon [_thread_blocked, id=35440, stack(0x00000000150f0000,0x00000000151f0000)]
  0x0000000013ba3000 JavaThread "Attach Listener" daemon [_thread_blocked, id=148804, stack(0x0000000014ff0000,0x00000000150f0000)]
  0x0000000013ba1800 JavaThread "Signal Dispatcher" daemon [_thread_blocked, id=212172, stack(0x0000000014ef0000,0x0000000014ff0000)]
  0x00000000027ba800 JavaThread "Finalizer" daemon [_thread_blocked, id=10668, stack(0x0000000014df0000,0x0000000014ef0000)]
  0x00000000027b2800 JavaThread "Reference Handler" daemon [_thread_blocked, id=176384, stack(0x0000000014cf0000,0x0000000014df0000)]
  0x00000000026c4000 JavaThread "main" [_thread_blocked, id=140688, stack(0x0000000000050000,0x0000000000150000)]

Other Threads:
=>0x0000000013b58000 VMThread [stack: 0x0000000014bf0000,0x0000000014cf0000] [id=22024]

VM state:at safepoint (shutting down)

VM Mutex/Monitor currently owned by a thread:  ([mutex/lock_event])
[0x00000000026c0bd0] Threads_lock - owner thread: 0x0000000013b58000

Heap:
 PSYoungGen      total 28160K, used 15254K [0x00000000f5580000, 0x00000000f7900000, 0x0000000100000000)
  eden space 22016K, 67% used [0x00000000f5580000,0x00000000f6415890,0x00000000f6b00000)
  from space 6144K, 5% used [0x00000000f7180000,0x00000000f71d0000,0x00000000f7780000)
  to   space 6656K, 0% used [0x00000000f6b00000,0x00000000f6b00000,0x00000000f7180000)
 ParOldGen       total 72704K, used 58937K [0x00000000e0000000, 0x00000000e4700000, 0x00000000f5580000)
  object space 72704K, 81% used [0x00000000e0000000,0x00000000e398e698,0x00000000e4700000)
 Metaspace       used 98539K, capacity 105450K, committed 105600K, reserved 1142784K
  class space    used 11016K, capacity 13163K, committed 13184K, reserved 1048576K

Card table byte_map: [0x0000000011be0000,0x0000000011cf0000] byte_map_base: 0x00000000114e0000

Marking Bits: (ParMarkBitMap*) 0x00000000729c4040
 Begin Bits: [0x00000000120f0000, 0x00000000128f0000)
 End Bits:   [0x00000000128f0000, 0x00000000130f0000)

Polling page: 0x0000000000490000

CodeCache: size=245760Kb used=102164Kb max_used=102228Kb free=143595Kb
 bounds [0x0000000002820000, 0x0000000008cd0000, 0x0000000011820000]
 total_blobs=24557 nmethods=23687 adapters=774
 compilation: enabled

Compilation events (10 events):
Event: 24364.565 Thread 0x0000000013b9c000 32864       1       org.eclipse.osgi.internal.loader.BundleLoaderProxy::getBundleData (5 bytes)
Event: 24364.565 Thread 0x0000000013b9c000 nmethod 32864 0x0000000008cb4410 code [0x0000000008cb4560, 0x0000000008cb4670]
Event: 24364.567 Thread 0x0000000013b9c000 32863       1       org.eclipse.osgi.internal.loader.BundleLoaderProxy::getBasicBundleLoader (5 bytes)
Event: 24364.567 Thread 0x0000000013b9c000 nmethod 32863 0x000000000345ab10 code [0x000000000345ac60, 0x000000000345ad70]
Event: 24364.570 Thread 0x0000000013b9c000 32861       3       org.eclipse.osgi.baseadaptor.bundlefile.BundleFile::setMruIndex (6 bytes)
Event: 24364.570 Thread 0x0000000013b9c000 nmethod 32861 0x000000000345a790 code [0x000000000345a8e0, 0x000000000345aa30]
Event: 24369.297 Thread 0x0000000013b9c000 32865   !   3       org.eclipse.osgi.internal.baseadaptor.BaseStorage::compact (215 bytes)
Event: 24369.298 Thread 0x0000000013b9c000 nmethod 32865 0x0000000005c4a810 code [0x0000000005c4ac60, 0x0000000005c4d128]
Event: 24374.955 Thread 0x0000000013b9c000 32866       3       org.eclipse.osgi.framework.internal.core.AbstractBundle::close (52 bytes)
Event: 24374.956 Thread 0x0000000013b9c000 nmethod 32866 0x00000000083b60d0 code [0x00000000083b6300, 0x00000000083b7008]

GC Heap History (10 events):
Event: 24262.003 GC heap before
{Heap before GC invocations=1270 (full 257):
 PSYoungGen      total 28672K, used 27112K [0x00000000f5580000, 0x00000000f7780000, 0x0000000100000000)
  eden space 22528K, 100% used [0x00000000f5580000,0x00000000f6b80000,0x00000000f6b80000)
  from space 6144K, 74% used [0x00000000f7180000,0x00000000f75fa360,0x00000000f7780000)
  to   space 6144K, 0% used [0x00000000f6b80000,0x00000000f6b80000,0x00000000f7180000)
 ParOldGen       total 72704K, used 64755K [0x00000000e0000000, 0x00000000e4700000, 0x00000000f5580000)
  object space 72704K, 89% used [0x00000000e0000000,0x00000000e3f3cf90,0x00000000e4700000)
 Metaspace       used 98048K, capacity 104690K, committed 104832K, reserved 1140736K
  class space    used 10963K, capacity 13127K, committed 13184K, reserved 1048576K
Event: 24262.015 GC heap after
Heap after GC invocations=1270 (full 257):
 PSYoungGen      total 28672K, used 4120K [0x00000000f5580000, 0x00000000f7780000, 0x0000000100000000)
  eden space 22528K, 0% used [0x00000000f5580000,0x00000000f5580000,0x00000000f6b80000)
  from space 6144K, 67% used [0x00000000f6b80000,0x00000000f6f86100,0x00000000f7180000)
  to   space 6144K, 0% used [0x00000000f7180000,0x00000000f7180000,0x00000000f7780000)
 ParOldGen       total 72704K, used 65187K [0x00000000e0000000, 0x00000000e4700000, 0x00000000f5580000)
  object space 72704K, 89% used [0x00000000e0000000,0x00000000e3fa8f90,0x00000000e4700000)
 Metaspace       used 98048K, capacity 104690K, committed 104832K, reserved 1140736K
  class space    used 10963K, capacity 13127K, committed 13184K, reserved 1048576K
}
Event: 24272.106 GC heap before
{Heap before GC invocations=1271 (full 257):
 PSYoungGen      total 28672K, used 26648K [0x00000000f5580000, 0x00000000f7780000, 0x0000000100000000)
  eden space 22528K, 100% used [0x00000000f5580000,0x00000000f6b80000,0x00000000f6b80000)
  from space 6144K, 67% used [0x00000000f6b80000,0x00000000f6f86100,0x00000000f7180000)
  to   space 6144K, 0% used [0x00000000f7180000,0x00000000f7180000,0x00000000f7780000)
 ParOldGen       total 72704K, used 65187K [0x00000000e0000000, 0x00000000e4700000, 0x00000000f5580000)
  object space 72704K, 89% used [0x00000000e0000000,0x00000000e3fa8f90,0x00000000e4700000)
 Metaspace       used 98048K, capacity 104690K, committed 104832K, reserved 1140736K
  class space    used 10963K, capacity 13127K, committed 13184K, reserved 1048576K
Event: 24272.111 GC heap after
Heap after GC invocations=1271 (full 257):
 PSYoungGen      total 28672K, used 4824K [0x00000000f5580000, 0x00000000f7780000, 0x0000000100000000)
  eden space 22528K, 0% used [0x00000000f5580000,0x00000000f5580000,0x00000000f6b80000)
  from space 6144K, 78% used [0x00000000f7180000,0x00000000f7636100,0x00000000f7780000)
  to   space 6144K, 0% used [0x00000000f6b80000,0x00000000f6b80000,0x00000000f7180000)
 ParOldGen       total 72704K, used 65323K [0x00000000e0000000, 0x00000000e4700000, 0x00000000f5580000)
  object space 72704K, 89% used [0x00000000e0000000,0x00000000e3fcaf90,0x00000000e4700000)
 Metaspace       used 98048K, capacity 104690K, committed 104832K, reserved 1140736K
  class space    used 10963K, capacity 13127K, committed 13184K, reserved 1048576K
}
Event: 24337.612 GC heap before
{Heap before GC invocations=1272 (full 257):
 PSYoungGen      total 28672K, used 25889K [0x00000000f5580000, 0x00000000f7780000, 0x0000000100000000)
  eden space 22528K, 93% used [0x00000000f5580000,0x00000000f6a123c8,0x00000000f6b80000)
  from space 6144K, 78% used [0x00000000f7180000,0x00000000f7636100,0x00000000f7780000)
  to   space 6144K, 0% used [0x00000000f6b80000,0x00000000f6b80000,0x00000000f7180000)
 ParOldGen       total 72704K, used 65323K [0x00000000e0000000, 0x00000000e4700000, 0x00000000f5580000)
  object space 72704K, 89% used [0x00000000e0000000,0x00000000e3fcaf90,0x00000000e4700000)
 Metaspace       used 98048K, capacity 104754K, committed 105088K, reserved 1140736K
  class space    used 10963K, capacity 13127K, committed 13184K, reserved 1048576K
Event: 24337.624 GC heap after
Heap after GC invocations=1272 (full 257):
 PSYoungGen      total 28672K, used 4657K [0x00000000f5580000, 0x00000000f7780000, 0x0000000100000000)
  eden space 22528K, 0% used [0x00000000f5580000,0x00000000f5580000,0x00000000f6b80000)
  from space 6144K, 75% used [0x00000000f6b80000,0x00000000f700c460,0x00000000f7180000)
  to   space 6144K, 0% used [0x00000000f7180000,0x00000000f7180000,0x00000000f7780000)
 ParOldGen       total 72704K, used 65539K [0x00000000e0000000, 0x00000000e4700000, 0x00000000f5580000)
  object space 72704K, 90% used [0x00000000e0000000,0x00000000e4000c50,0x00000000e4700000)
 Metaspace       used 98048K, capacity 104754K, committed 105088K, reserved 1140736K
  class space    used 10963K, capacity 13127K, committed 13184K, reserved 1048576K
}
Event: 24337.624 GC heap before
{Heap before GC invocations=1273 (full 258):
 PSYoungGen      total 28672K, used 4657K [0x00000000f5580000, 0x00000000f7780000, 0x0000000100000000)
  eden space 22528K, 0% used [0x00000000f5580000,0x00000000f5580000,0x00000000f6b80000)
  from space 6144K, 75% used [0x00000000f6b80000,0x00000000f700c460,0x00000000f7180000)
  to   space 6144K, 0% used [0x00000000f7180000,0x00000000f7180000,0x00000000f7780000)
 ParOldGen       total 72704K, used 65539K [0x00000000e0000000, 0x00000000e4700000, 0x00000000f5580000)
  object space 72704K, 90% used [0x00000000e0000000,0x00000000e4000c50,0x00000000e4700000)
 Metaspace       used 98048K, capacity 104754K, committed 105088K, reserved 1140736K
  class space    used 10963K, capacity 13127K, committed 13184K, reserved 1048576K
Event: 24337.826 GC heap after
Heap after GC invocations=1273 (full 258):
 PSYoungGen      total 28672K, used 0K [0x00000000f5580000, 0x00000000f7780000, 0x0000000100000000)
  eden space 22528K, 0% used [0x00000000f5580000,0x00000000f5580000,0x00000000f6b80000)
  from space 6144K, 0% used [0x00000000f6b80000,0x00000000f6b80000,0x00000000f7180000)
  to   space 6144K, 0% used [0x00000000f7180000,0x00000000f7180000,0x00000000f7780000)
 ParOldGen       total 72704K, used 58929K [0x00000000e0000000, 0x00000000e4700000, 0x00000000f5580000)
  object space 72704K, 81% used [0x00000000e0000000,0x00000000e398c698,0x00000000e4700000)
 Metaspace       used 98048K, capacity 104754K, committed 105088K, reserved 1140736K
  class space    used 10963K, capacity 13127K, committed 13184K, reserved 1048576K
}
Event: 24361.792 GC heap before
{Heap before GC invocations=1274 (full 258):
 PSYoungGen      total 28672K, used 22528K [0x00000000f5580000, 0x00000000f7780000, 0x0000000100000000)
  eden space 22528K, 100% used [0x00000000f5580000,0x00000000f6b80000,0x00000000f6b80000)
  from space 6144K, 0% used [0x00000000f6b80000,0x00000000f6b80000,0x00000000f7180000)
  to   space 6144K, 0% used [0x00000000f7180000,0x00000000f7180000,0x00000000f7780000)
 ParOldGen       total 72704K, used 58929K [0x00000000e0000000, 0x00000000e4700000, 0x00000000f5580000)
  object space 72704K, 81% used [0x00000000e0000000,0x00000000e398c698,0x00000000e4700000)
 Metaspace       used 98119K, capacity 104830K, committed 105088K, reserved 1140736K
  class space    used 10970K, capacity 13129K, committed 13184K, reserved 1048576K
Event: 24361.794 GC heap after
Heap after GC invocations=1274 (full 258):
 PSYoungGen      total 28160K, used 320K [0x00000000f5580000, 0x00000000f7900000, 0x0000000100000000)
  eden space 22016K, 0% used [0x00000000f5580000,0x00000000f5580000,0x00000000f6b00000)
  from space 6144K, 5% used [0x00000000f7180000,0x00000000f71d0000,0x00000000f7780000)
  to   space 6656K, 0% used [0x00000000f6b00000,0x00000000f6b00000,0x00000000f7180000)
 ParOldGen       total 72704K, used 58937K [0x00000000e0000000, 0x00000000e4700000, 0x00000000f5580000)
  object space 72704K, 81% used [0x00000000e0000000,0x00000000e398e698,0x00000000e4700000)
 Metaspace       used 98119K, capacity 104830K, committed 105088K, reserved 1140736K
  class space    used 10970K, capacity 13129K, committed 13184K, reserved 1048576K
}

Deoptimization events (10 events):
Event: 24364.517 Thread 0x00000000193e2800 Uncommon trap: reason=unstable_if action=reinterpret pc=0x00000000047df49c method=org.eclipse.core.internal.jobs.WorkerPool.startJob(Lorg/eclipse/core/internal/jobs/Worker;)Lorg/eclipse/core/internal/jobs/InternalJob; @ 177
Event: 24364.517 Thread 0x00000000199be000 Uncommon trap: reason=unstable_if action=reinterpret pc=0x00000000047df49c method=org.eclipse.core.internal.jobs.WorkerPool.startJob(Lorg/eclipse/core/internal/jobs/Worker;)Lorg/eclipse/core/internal/jobs/InternalJob; @ 177
Event: 24364.517 Thread 0x00000000193e2000 Uncommon trap: reason=unstable_if action=reinterpret pc=0x00000000047df49c method=org.eclipse.core.internal.jobs.WorkerPool.startJob(Lorg/eclipse/core/internal/jobs/Worker;)Lorg/eclipse/core/internal/jobs/InternalJob; @ 177
Event: 24364.518 Thread 0x000000001d71b000 Uncommon trap: reason=unstable_if action=reinterpret pc=0x00000000047df49c method=org.eclipse.core.internal.jobs.WorkerPool.startJob(Lorg/eclipse/core/internal/jobs/Worker;)Lorg/eclipse/core/internal/jobs/InternalJob; @ 177
Event: 24364.518 Thread 0x000000001617b800 Uncommon trap: reason=unstable_if action=reinterpret pc=0x00000000047df49c method=org.eclipse.core.internal.jobs.WorkerPool.startJob(Lorg/eclipse/core/internal/jobs/Worker;)Lorg/eclipse/core/internal/jobs/InternalJob; @ 177
Event: 24364.518 Thread 0x000000001617c000 Uncommon trap: reason=unstable_if action=reinterpret pc=0x00000000047df49c method=org.eclipse.core.internal.jobs.WorkerPool.startJob(Lorg/eclipse/core/internal/jobs/Worker;)Lorg/eclipse/core/internal/jobs/InternalJob; @ 177
Event: 24364.518 Thread 0x0000000019853800 Uncommon trap: reason=unstable_if action=reinterpret pc=0x00000000047df49c method=org.eclipse.core.internal.jobs.WorkerPool.startJob(Lorg/eclipse/core/internal/jobs/Worker;)Lorg/eclipse/core/internal/jobs/InternalJob; @ 177
Event: 24364.722 Thread 0x00000000026c4000 Uncommon trap: reason=class_check action=maybe_recompile pc=0x00000000053059c8 method=java.util.ComparableTimSort.countRunAndMakeAscending([Ljava/lang/Object;II)I @ 36
Event: 24364.926 Thread 0x0000000016177800 Uncommon trap: reason=unstable_if action=reinterpret pc=0x0000000003296e58 method=org.eclipse.tcf.EventQueue.invokeLater(Ljava/lang/Runnable;)V @ 22
Event: 24374.955 Thread 0x00000000026c4000 Uncommon trap: reason=unstable_if action=reinterpret pc=0x0000000004880d48 method=sun.reflect.UnsafeStaticObjectFieldAccessorImpl.set(Ljava/lang/Object;Ljava/lang/Object;)V @ 13

Internal exceptions (10 events):
Event: 24362.220 Thread 0x0000000016172000 Exception <a 'sun/net/ConnectionResetException': > (0x00000000f58a9360) thrown at [C:\re\workspace\8-2-build-windows-amd64-cygwin\jdk8u45\3627\hotspot\src\share\vm\prims\jni.cpp, line 735]
Event: 24362.232 Thread 0x0000000016173000 Exception <a 'java/net/SocketException': Connection reset by peer: socket write error> (0x00000000f58ac750) thrown at [C:\re\workspace\8-2-build-windows-amd64-cygwin\jdk8u45\3627\hotspot\src\share\vm\prims\jni.cpp, line 735]
Event: 24362.233 Thread 0x000000001c35f000 Exception <a 'java/net/SocketException': Socket closed> (0x00000000f58b3850) thrown at [C:\re\workspace\8-2-build-windows-amd64-cygwin\jdk8u45\3627\hotspot\src\share\vm\prims\jni.cpp, line 735]
Event: 24362.288 Thread 0x000000001616a000 Exception <a 'java/lang/InterruptedException'> (0x00000000f58d0910) thrown at [C:\re\workspace\8-2-build-windows-amd64-cygwin\jdk8u45\3627\hotspot\src\share\vm\runtime\objectMonitor.cpp, line 1683]
Event: 24362.952 Thread 0x00000000176b6800 Exception <a 'java/lang/InterruptedException'> (0x00000000f5fb7670) thrown at [C:\re\workspace\8-2-build-windows-amd64-cygwin\jdk8u45\3627\hotspot\src\share\vm\runtime\objectMonitor.cpp, line 1683]
Event: 24364.685 Thread 0x000000001606c800 Exception <a 'java/lang/InterruptedException': sleep interrupted> (0x00000000f6269e88) thrown at [C:\re\workspace\8-2-build-windows-amd64-cygwin\jdk8u45\3627\hotspot\src\share\vm\prims\jvm.cpp, line 3211]
Event: 24364.724 Thread 0x000000001548c000 Exception <a 'java/lang/InterruptedException'> (0x00000000f626a660) thrown at [C:\re\workspace\8-2-build-windows-amd64-cygwin\jdk8u45\3627\hotspot\src\share\vm\runtime\objectMonitor.cpp, line 1683]
Event: 24364.754 Thread 0x000000001560e800 Exception <a 'java/lang/InterruptedException'> (0x00000000f6270380) thrown at [C:\re\workspace\8-2-build-windows-amd64-cygwin\jdk8u45\3627\hotspot\src\share\vm\runtime\objectMonitor.cpp, line 1683]
Event: 24374.955 Thread 0x0000000015a9f000 Exception <a 'java/lang/InterruptedException'> (0x00000000f621da70) thrown at [C:\re\workspace\8-2-build-windows-amd64-cygwin\jdk8u45\3627\hotspot\src\share\vm\runtime\objectMonitor.cpp, line 1683]
Event: 24374.955 Thread 0x00000000026c4000 Implicit null exception at 0x0000000004880a50 to 0x0000000004880d35

Events (10 events):
Event: 24375.049 loading class java/util/IdentityHashMap$IdentityHashMapIterator
Event: 24375.056 loading class java/util/IdentityHashMap$IdentityHashMapIterator done
Event: 24375.056 loading class java/util/IdentityHashMap$KeyIterator done
Event: 24375.056 Thread 0x0000000017dba800 Thread added: 0x0000000017dba800
Event: 24375.057 Executing VM operation: RevokeBias
Event: 24375.057 Executing VM operation: RevokeBias done
Event: 24375.057 Executing VM operation: RevokeBias
Event: 24375.057 Executing VM operation: RevokeBias done
Event: 24375.057 Thread 0x0000000017dba800 Thread exited: 0x0000000017dba800
Event: 24375.098 Executing VM operation: Exit


Dynamic libraries:
0x0000000000400000 - 0x000000000044f000 	D:\Xilinx\SDK\2015.4\eclipse\win64.o\eclipse.exe
0x00007ffb732e0000 - 0x00007ffb734b2000 	C:\Windows\SYSTEM32\ntdll.dll
0x00007ffb724b0000 - 0x00007ffb7255c000 	C:\Windows\System32\KERNEL32.DLL
0x00007ffb70430000 - 0x00007ffb7064d000 	C:\Windows\System32\KERNELBASE.dll
0x00007ffb72100000 - 0x00007ffb72265000 	C:\Windows\System32\USER32.dll
0x00007ffb70650000 - 0x00007ffb7066e000 	C:\Windows\System32\win32u.dll
0x00007ffb73070000 - 0x00007ffb730a4000 	C:\Windows\System32\GDI32.dll
0x00007ffb6f9a0000 - 0x00007ffb6fb20000 	C:\Windows\System32\gdi32full.dll
0x00007ffb708f0000 - 0x00007ffb7098e000 	C:\Windows\System32\msvcrt.dll
0x00007ffb5af40000 - 0x00007ffb5b1ba000 	C:\Windows\WinSxS\amd64_microsoft.windows.common-controls_6595b64144ccf1df_6.0.14393.953_none_42151e83c686086b\COMCTL32.dll
0x00007ffb72da0000 - 0x00007ffb73068000 	C:\Windows\System32\combase.dll
0x00007ffb6f7e0000 - 0x00007ffb6f8d5000 	C:\Windows\System32\ucrtbase.dll
0x00007ffb731b0000 - 0x00007ffb732d1000 	C:\Windows\System32\RPCRT4.dll
0x00007ffb6f8e0000 - 0x00007ffb6f94a000 	C:\Windows\System32\bcryptPrimitives.dll
0x00007ffb72070000 - 0x00007ffb7209e000 	C:\Windows\System32\IMM32.DLL
0x0000000072000000 - 0x0000000072012000 	D:\Xilinx\SDK\2015.4\eclipse\win64.o\plugins\org.eclipse.equinox.launcher.win32.win32.x86_64_1.1.200.v20140116-2212\eclipse_1503.dll
0x00007ffb72720000 - 0x00007ffb727c2000 	C:\Windows\System32\ADVAPI32.dll
0x00007ffb722f0000 - 0x00007ffb72349000 	C:\Windows\System32\sechost.dll
0x00007ffb6aac0000 - 0x00007ffb6aaca000 	C:\Windows\SYSTEM32\VERSION.dll
0x00007ffb6e010000 - 0x00007ffb6e0a5000 	C:\Windows\system32\uxtheme.dll
0x00007ffb72350000 - 0x00007ffb724aa000 	C:\Windows\System32\MSCTF.dll
0x00007ffb72560000 - 0x00007ffb7261f000 	C:\Windows\System32\OLEAUT32.dll
0x00007ffb70720000 - 0x00007ffb707bc000 	C:\Windows\System32\msvcp_win.dll
0x00000000721c0000 - 0x0000000072a43000 	D:\Xilinx\SDK\2015.4\tps\win64\jre\bin\server\jvm.dll
0x00007ffb70870000 - 0x00007ffb70878000 	C:\Windows\System32\PSAPI.DLL
0x00007ffb6b230000 - 0x00007ffb6b239000 	C:\Windows\SYSTEM32\WSOCK32.dll
0x00007ffb6d610000 - 0x00007ffb6d633000 	C:\Windows\SYSTEM32\WINMM.dll
0x0000000074f30000 - 0x0000000075002000 	C:\Windows\SYSTEM32\MSVCR100.dll
0x00007ffb70880000 - 0x00007ffb708ea000 	C:\Windows\System32\WS2_32.dll
0x00007ffb6d570000 - 0x00007ffb6d59b000 	C:\Windows\SYSTEM32\WINMMBASE.dll
0x00007ffb6f950000 - 0x00007ffb6f992000 	C:\Windows\System32\cfgmgr32.dll
0x0000000074a00000 - 0x0000000074a0f000 	D:\Xilinx\SDK\2015.4\tps\win64\jre\bin\verify.dll
0x00000000749d0000 - 0x00000000749f9000 	D:\Xilinx\SDK\2015.4\tps\win64\jre\bin\java.dll
0x00000000749b0000 - 0x00000000749c6000 	D:\Xilinx\SDK\2015.4\tps\win64\jre\bin\zip.dll
0x00007ffb70990000 - 0x00007ffb71e98000 	C:\Windows\System32\SHELL32.dll
0x00007ffb6fb20000 - 0x00007ffb701f8000 	C:\Windows\System32\windows.storage.dll
0x00007ffb6f750000 - 0x00007ffb6f79c000 	C:\Windows\System32\powrprof.dll
0x00007ffb720a0000 - 0x00007ffb720f2000 	C:\Windows\System32\shlwapi.dll
0x00007ffb6f7c0000 - 0x00007ffb6f7cf000 	C:\Windows\System32\kernel.appcore.dll
0x00007ffb707c0000 - 0x00007ffb70869000 	C:\Windows\System32\shcore.dll
0x00007ffb6f7a0000 - 0x00007ffb6f7b4000 	C:\Windows\System32\profapi.dll
0x00007ffb6f1d0000 - 0x00007ffb6f1e7000 	C:\Windows\SYSTEM32\CRYPTSP.dll
0x00007ffb6ec20000 - 0x00007ffb6ec53000 	C:\Windows\system32\rsaenh.dll
0x00007ffb6f690000 - 0x00007ffb6f6bb000 	C:\Windows\SYSTEM32\bcrypt.dll
0x00007ffb6eea0000 - 0x00007ffb6eebf000 	C:\Windows\SYSTEM32\USERENV.dll
0x00007ffb6f1c0000 - 0x00007ffb6f1cb000 	C:\Windows\SYSTEM32\CRYPTBASE.dll
0x0000000074990000 - 0x00000000749aa000 	D:\Xilinx\SDK\2015.4\tps\win64\jre\bin\net.dll
0x00007ffb6f020000 - 0x00007ffb6f07c000 	C:\Windows\system32\mswsock.dll
0x00007ffb6eda0000 - 0x00007ffb6edd8000 	C:\Windows\SYSTEM32\IPHLPAPI.DLL
0x00007ffb722e0000 - 0x00007ffb722e8000 	C:\Windows\System32\NSI.dll
0x00007ffb673e0000 - 0x00007ffb673f6000 	C:\Windows\SYSTEM32\dhcpcsvc6.DLL
0x00007ffb67320000 - 0x00007ffb6733a000 	C:\Windows\SYSTEM32\dhcpcsvc.DLL
0x0000000074970000 - 0x0000000074981000 	D:\Xilinx\SDK\2015.4\tps\win64\jre\bin\nio.dll
0x00007ffb5c310000 - 0x00007ffb5c326000 	C:\Windows\system32\napinsp.dll
0x00007ffb5c350000 - 0x00007ffb5c36a000 	C:\Windows\system32\pnrpnsp.dll
0x00007ffb6b8e0000 - 0x00007ffb6b8f8000 	C:\Windows\system32\NLAapi.dll
0x00007ffb6ede0000 - 0x00007ffb6ee81000 	C:\Windows\SYSTEM32\DNSAPI.dll
0x00007ffb629c0000 - 0x00007ffb629ce000 	C:\Windows\System32\winrnr.dll
0x0000000063560000 - 0x0000000063569000 	C:\Program Files\National Instruments\Shared\mDNS Responder\nimdnsNSP.dll
0x0000000063550000 - 0x000000006355e000 	C:\Windows\SYSTEM32\nimdnsResponder.dll
0x0000000075380000 - 0x0000000075423000 	C:\Windows\WinSxS\amd64_microsoft.vc90.crt_1fc8b3b9a1e18e3b_9.0.30729.9247_none_08e394a1a83e212f\MSVCR90.dll
0x0000000075350000 - 0x0000000075376000 	C:\Program Files\Bonjour\mdnsNSP.dll
0x00007ffb660d0000 - 0x00007ffb660da000 	C:\Windows\System32\rasadhlp.dll
0x00007ffb67b70000 - 0x00007ffb67bda000 	C:\Windows\System32\fwpuclnt.dll
0x0000000016d60000 - 0x0000000016e08000 	C:\Users\4230\.Xilinx\SDK\2015.4\org.eclipse.osgi\bundles\303\1\.cp\swt-win32-4335.dll
0x00007ffb727d0000 - 0x00007ffb72908000 	C:\Windows\System32\ole32.dll
0x00007ffb730b0000 - 0x00007ffb731aa000 	C:\Windows\System32\comdlg32.dll
0x00007ffb70260000 - 0x00007ffb70429000 	C:\Windows\System32\CRYPT32.dll
0x00007ffb6f7d0000 - 0x00007ffb6f7e0000 	C:\Windows\System32\MSASN1.dll
0x00007ffb650e0000 - 0x00007ffb65166000 	C:\Windows\SYSTEM32\WINSPOOL.DRV
0x00007ffb6a290000 - 0x00007ffb6a2a9000 	C:\Windows\SYSTEM32\USP10.dll
0x00007ffb54480000 - 0x00007ffb5474a000 	C:\Windows\SYSTEM32\WININET.dll
0x00007ffb6d530000 - 0x00007ffb6d556000 	C:\Windows\system32\dwmapi.dll
0x00007ffb6d0a0000 - 0x00007ffb6d225000 	C:\Windows\SYSTEM32\propsys.dll
0x00007ffb72620000 - 0x00007ffb726bf000 	C:\Windows\System32\clbcatq.dll
0x0000000018240000 - 0x000000001825e000 	C:\Users\4230\.Xilinx\SDK\2015.4\org.eclipse.osgi\bundles\303\1\.cp\swt-gdip-win32-4335.dll
0x00007ffb53950000 - 0x00007ffb53ae9000 	C:\Windows\WinSxS\amd64_microsoft.windows.gdiplus_6595b64144ccf1df_1.1.14393.1715_none_aec701fbddd850fa\gdiplus.dll
0x00007ffb6c520000 - 0x00007ffb6c6c8000 	C:\Windows\SYSTEM32\WindowsCodecs.dll
0x0000000180000000 - 0x0000000180012000 	C:\Users\4230\.Xilinx\SDK\2015.4\org.eclipse.osgi\bundles\121\1\.cp\os\win32\x86_64\localfile_1_0_0.dll
0x00007ffb6a270000 - 0x00007ffb6a281000 	C:\Users\4230\.Xilinx\SDK\2015.4\org.eclipse.osgi\bundles\124\1\.cp\jWinHttp-1.0.0.dll
0x00007ffb6c420000 - 0x00007ffb6c4ed000 	C:\Windows\SYSTEM32\WINHTTP.dll
0x00007ffb51820000 - 0x00007ffb51885000 	C:\Windows\SYSTEM32\oleacc.dll
0x00007ffb6a260000 - 0x00007ffb6a26f000 	D:\Xilinx\SDK\2015.4\lib\win64.o\librdi_repo_manager.dll
0x00007ffb20f20000 - 0x00007ffb218ad000 	D:\Xilinx\SDK\2015.4\lib\win64.o\librdi_common.dll
0x00007ffb20360000 - 0x00007ffb2054c000 	D:\Xilinx\SDK\2015.4\lib\win64.o\librdi_hsm.dll
0x00007ffb67430000 - 0x00007ffb67484000 	D:\Xilinx\SDK\2015.4\lib\win64.o\librdi_commonxillic.dll
0x00007ffb6a230000 - 0x00007ffb6a25a000 	D:\Xilinx\SDK\2015.4\lib\win64.o\libisl_sysinfo.dll
0x00007ffb4ab10000 - 0x00007ffb4abb7000 	C:\Windows\SYSTEM32\MSVCP110.dll
0x00007ffb4aa30000 - 0x00007ffb4ab04000 	C:\Windows\SYSTEM32\MSVCR110.dll
0x00007ffb20bb0000 - 0x00007ffb20f1e000 	D:\Xilinx\SDK\2015.4\lib\win64.o\libCOIN-all.dll
0x00007ffb20990000 - 0x00007ffb20bae000 	D:\Xilinx\SDK\2015.4\lib\win64.o\libXil_lmgr11.dll
0x00007ffb6a220000 - 0x00007ffb6a230000 	D:\Xilinx\SDK\2015.4\lib\win64.o\libboost_date_time.dll
0x00007ffb70200000 - 0x00007ffb70255000 	C:\Windows\System32\WINTRUST.dll
0x00007ffb4d7b0000 - 0x00007ffb4d7d2000 	D:\Xilinx\SDK\2015.4\lib\win64.o\libboost_filesystem.dll
0x00007ffb4d730000 - 0x00007ffb4d7a4000 	D:\Xilinx\SDK\2015.4\lib\win64.o\libboost_program_options.dll
0x00007ffb4d630000 - 0x00007ffb4d72a000 	D:\Xilinx\SDK\2015.4\lib\win64.o\libboost_regex.dll
0x00007ffb59b90000 - 0x00007ffb59ba3000 	D:\Xilinx\SDK\2015.4\lib\win64.o\libboost_signals.dll
0x00007ffb67420000 - 0x00007ffb67429000 	D:\Xilinx\SDK\2015.4\lib\win64.o\libboost_system.dll
0x00007ffb56480000 - 0x00007ffb5649d000 	D:\Xilinx\SDK\2015.4\lib\win64.o\libboost_thread.dll
0x00007ffb67400000 - 0x00007ffb6740b000 	D:\Xilinx\SDK\2015.4\lib\win64.o\libboost_xilinx.dll
0x00007ffb4c480000 - 0x00007ffb4c500000 	D:\Xilinx\SDK\2015.4\lib\win64.o\libhdlpsolve.dll
0x00007ffb48a00000 - 0x00007ffb48a9a000 	D:\Xilinx\SDK\2015.4\lib\win64.o\libhdxml.dll
0x00007ffb20550000 - 0x00007ffb20984e00 	D:\Xilinx\SDK\2015.4\lib\win64.o\libisl_iostreams.dll
0x00007ffb47630000 - 0x00007ffb47760000 	D:\Xilinx\SDK\2015.4\lib\win64.o\librdi_curl.dll
0x00007ffb51bb0000 - 0x00007ffb51bc8000 	D:\Xilinx\SDK\2015.4\lib\win64.o\librdiconfig.dll
0x00007ffb4d570000 - 0x00007ffb4d593000 	D:\Xilinx\SDK\2015.4\lib\win64.o\librdizlib.dll
0x0000000074a10000 - 0x0000000074b37000 	D:\Xilinx\SDK\2015.4\lib\win64.o\tcl85t.dll
0x00007ffb642f0000 - 0x00007ffb644b3000 	C:\Windows\SYSTEM32\urlmon.dll
0x0000000022c00000 - 0x0000000022e63000 	D:\Xilinx\SDK\2015.4\lib\win64.o\xerces-c_3_1.dll
0x00007ffb51700000 - 0x00007ffb51723000 	C:\Windows\SYSTEM32\VCOMP110.DLL
0x00007ffb66fd0000 - 0x00007ffb66fe8000 	C:\Windows\SYSTEM32\NETAPI32.dll
0x00007ffb661f0000 - 0x00007ffb661fb000 	D:\Xilinx\SDK\2015.4\lib\win64.o\libboost_chrono.dll
0x00007ffb51160000 - 0x00007ffb51176000 	D:\Xilinx\SDK\2015.4\lib\win64.o\libboost_iostreams.dll
0x00007ffb48b40000 - 0x00007ffb48b63000 	D:\Xilinx\SDK\2015.4\lib\win64.o\libisl_iosutils.dll
0x00007ffb68e60000 - 0x00007ffb69105000 	C:\Windows\SYSTEM32\iertutil.dll
0x00007ffb4efc0000 - 0x00007ffb4efd5000 	D:\Xilinx\SDK\2015.4\lib\win64.o\pthreadVC2.dll
0x00007ffb489b0000 - 0x00007ffb489f3000 	D:\Xilinx\SDK\2015.4\lib\win64.o\librdi_hdf.dll
0x00007ffb20100000 - 0x00007ffb20355000 	D:\Xilinx\SDK\2015.4\lib\win64.o\librdi_ippcw.dll
0x00007ffb6b470000 - 0x00007ffb6b477000 	C:\Windows\SYSTEM32\msimg32.dll
0x00007ffb6b6b0000 - 0x00007ffb6b6f2000 	C:\Windows\SYSTEM32\edputil.dll
0x00007ffb1efb0000 - 0x00007ffb1f7c0000 	D:\Xilinx\SDK\2015.4\lib\win64.o\libXil_lmgr11FNP.dll
0x00007ffb72910000 - 0x00007ffb72d39000 	C:\Windows\System32\SETUPAPI.dll
0x00007ffb63090000 - 0x00007ffb6309c000 	C:\Windows\SYSTEM32\snmpapi.dll
0x00007ffb6f3c0000 - 0x00007ffb6f3ec000 	C:\Windows\SYSTEM32\SspiCli.dll
0x00007ffb6e480000 - 0x00007ffb6e4a8000 	C:\Windows\SYSTEM32\DEVOBJ.dll
0x00007ffb6b5a0000 - 0x00007ffb6b5b6000 	D:\Xilinx\SDK\2015.4\eclipse\win64.o\plugins\org.eclipse.cdt.core.win32.x86_64_5.2.0.201402142303\os\win32\x86_64\spawner.dll
0x00007ffb6dc00000 - 0x00007ffb6dc0a000 	D:\Xilinx\SDK\2015.4\lib\win64.o\librdi_jtag_settings.dll
0x00007ffb512f0000 - 0x00007ffb51319000 	D:\Xilinx\SDK\2015.4\lib\win64.o\librdi_debug_dialog.dll

VM Arguments:
jvm_args: -Dcom.xilinx.sdk.args.hwspec=D:/SMartCart/SMartCart/hdl_prj/vivado_ip_prj/vivado_prj.sdk/system_top_wrapper.hdf -Xms64m -Xmx512m & 
java_command: <unknown>
java_class_path (initial): D:\Xilinx\SDK\2015.4\eclipse\win64.o\\plugins/org.eclipse.equinox.launcher_1.3.0.v20130327-1440.jar
Launcher Type: generic

Environment Variables:
JAVA_HOME=C:\Program Files\Java\jdk1.8.0_121
USERNAME=4230
OS=Windows_NT
PROCESSOR_IDENTIFIER=Intel64 Family 6 Model 94 Stepping 3, GenuineIntel



---------------  S Y S T E M  ---------------

OS: Windows 10.0 , 64 bit Build 14393 (10.0.14393.1198)

CPU:total 4 (4 cores per cpu, 1 threads per core) family 6 model 94 stepping 3, cmov, cx8, fxsr, mmx, sse, sse2, sse3, ssse3, sse4.1, sse4.2, popcnt, avx, avx2, aes, clmul, erms, 3dnowpref, lzcnt, tsc, tscinvbit, bmi1, bmi2, adx

Memory: 4k page, physical 8343204k(3527868k free), swap 10984764k(5428788k free)

vm_info: Java HotSpot(TM) 64-Bit Server VM (25.45-b02) for windows-amd64 JRE (1.8.0_45-b15), built on Apr 30 2015 12:40:44 by "java_re" with MS VC++ 10.0 (VS2010)

time: Tue Nov 07 15:16:41 2017
elapsed time: 24375 seconds (0d 6h 46m 15s)

