#
# A fatal error has been detected by the Java Runtime Environment:
#
#  EXCEPTION_UNCAUGHT_CXX_EXCEPTION (0xe06d7363) at pc=0x00007fff2d543c58, pid=9468, tid=11632
#
# JRE version: Java(TM) SE Runtime Environment (8.0_45-b15) (build 1.8.0_45-b15)
# Java VM: Java HotSpot(TM) 64-Bit Server VM (25.45-b02 mixed mode windows-amd64 compressed oops)
# Problematic frame:
# C  [KERNELBASE.dll+0x33c58]
#
# Failed to write core dump. Minidumps are not enabled by default on client versions of Windows
#
# If you would like to submit a bug report, please visit:
#   http://bugreport.java.com/bugreport/crash.jsp
#

---------------  T H R E A D  ---------------

Current thread (0x0000000013b68000):  VMThread [stack: 0x0000000014c00000,0x0000000014d00000] [id=11632]

siginfo: ExceptionCode=0xe06d7363, ExceptionInformation=0x0000000019930520 0x0000000014cff648 0x00007fff08c12cb8 0x00007fff08b60000 

Registers:
RAX=0x004c0044002e006c, RBX=0x00007fff08c12cb8, RCX=0x000000000000004c, RDX=0x0000000000000000
RSP=0x0000000014cff490, RBP=0x0000000014cff5d0, RSI=0x00000000ffffffff, RDI=0x00000000005a77f0
R8 =0x0000000000000000, R9 =0x0000000000000000, R10=0x0000000000000000, R11=0x0000000000000000
R12=0x0000000000000001, R13=0x0000000000000008, R14=0x0000000000000000, R15=0xffffffffffffffff
RIP=0x00007fff2d543c58, EFLAGS=0x0000000000000202

Top of Stack: (sp=0x0000000014cff490)
0x0000000014cff490:   0000000000000000 00007fff08c12cb8
0x0000000014cff4a0:   00000000ffffffff 00000000005a77f0
0x0000000014cff4b0:   00000001e06d7363 0000000000000000
0x0000000014cff4c0:   00007fff2d543c58 0000000000000004
0x0000000014cff4d0:   0000000019930520 0000000014cff648
0x0000000014cff4e0:   00007fff08c12cb8 00007fff08b60000
0x0000000014cff4f0:   0000000000000008 0000000000000001
0x0000000014cff500:   00000000005a77f0 00000000ffffffff
0x0000000014cff510:   0000000014cff5d0 00007fff301ec28f
0x0000000014cff520:   0000000014cff5e0 0000000000000000
0x0000000014cff530:   000046291fec07da 0000000000000001
0x0000000014cff540:   00007fff08c29000 00007fff08b60000
0x0000000014cff550:   00004b12f019abde 000000000000003f
0x0000000014cff560:   00007fff08c12cb8 00007fff08bbe92c
0x0000000014cff570:   000000000000001f 0000000000000008
0x0000000014cff580:   0000000000000001 00000000005a77f0 

Instructions: (pc=0x00007fff2d543c58)
0x00007fff2d543c38:   49 8b d1 44 0f 47 c0 44 89 44 24 38 49 c1 e0 03
0x00007fff2d543c48:   e8 47 90 04 00 48 8d 4c 24 20 ff 15 c0 44 11 00
0x00007fff2d543c58:   48 8b 8c 24 c0 00 00 00 48 33 cc e8 d8 55 04 00
0x00007fff2d543c68:   48 81 c4 d8 00 00 00 c3 83 64 24 38 00 eb d6 cc 


Register to memory mapping:

RAX=0x004c0044002e006c is an unknown value
RBX=0x00007fff08c12cb8 is an unknown value
RCX=0x000000000000004c is an unknown value
RDX=0x0000000000000000 is an unknown value
RSP=0x0000000014cff490 is an unknown value
RBP=0x0000000014cff5d0 is an unknown value
RSI=0x00000000ffffffff is an unallocated location in the heap
RDI=0x00000000005a77f0 is an unknown value
R8 =0x0000000000000000 is an unknown value
R9 =0x0000000000000000 is an unknown value
R10=0x0000000000000000 is an unknown value
R11=0x0000000000000000 is an unknown value
R12=0x0000000000000001 is an unknown value
R13=0x0000000000000008 is an unknown value
R14=0x0000000000000000 is an unknown value
R15=0xffffffffffffffff is an unknown value


Stack: [0x0000000014c00000,0x0000000014d00000],  sp=0x0000000014cff490,  free space=1021k
Native frames: (J=compiled Java code, j=interpreted, Vv=VM code, C=native code)
C  [KERNELBASE.dll+0x33c58]
C  [MSVCR110.dll+0x5e92c]
C  [MSVCR110.dll+0x1315c]
C  [MSVCR110.dll+0x136a9]
C  [MSVCR110.dll+0x13e9c]
C  [MSVCR110.dll+0x239e]
C  [MSVCR110.dll+0xaf9e]
C  [MSVCP110.dll+0x397b9]
C  [librdi_common.dll+0x14283e]
C  [librdi_common.dll+0x141449]
C  0x00007fff253a2400
C  0x00007fff253a2682
C  [ntdll.dll+0x2a37f]
C  [ntdll.dll+0x806b]
C  [ntdll.dll+0x7d94]
C  [KERNEL32.DLL+0x1ce6a]
C  [MSVCR100.dll+0x20ccd]
V  [jvm.dll+0x20f135]
V  [jvm.dll+0x247ef7]
V  [jvm.dll+0x247196]
V  [jvm.dll+0x247631]
V  [jvm.dll+0x24784e]
V  [jvm.dll+0x29853a]
C  [MSVCR100.dll+0x21d9f]
C  [MSVCR100.dll+0x21e3b]
C  [KERNEL32.DLL+0x8364]
C  [ntdll.dll+0x67091]

VM_Operation (0x000000000014f500): Exit, mode: safepoint, requested by thread 0x0000000002634000


---------------  P R O C E S S  ---------------

Java Threads: ( => current thread )
  0x000000001f0a0800 JavaThread "Thread-18" daemon [_thread_blocked, id=8316, stack(0x0000000026500000,0x0000000026600000)]
  0x000000001f099800 JavaThread "TCF Locator DNS Lookup" daemon [_thread_blocked, id=8008, stack(0x0000000022280000,0x0000000022380000)]
  0x000000001f097800 JavaThread "TCF Locator Timer" daemon [_thread_blocked, id=10692, stack(0x0000000022180000,0x0000000022280000)]
  0x000000001f096800 JavaThread "TCF Locator Receiver" daemon [_thread_in_native, id=10772, stack(0x0000000022080000,0x0000000022180000)]
  0x0000000019a12000 JavaThread "TCF Timer Dispatcher" daemon [_thread_blocked, id=5700, stack(0x0000000021c80000,0x0000000021d80000)]
  0x00000000195ef000 JavaThread "EMF Reference Cleaner" daemon [_thread_blocked, id=1448, stack(0x000000001a9f0000,0x000000001aaf0000)]
  0x0000000015430800 JavaThread "Service Thread" daemon [_thread_blocked, id=1452, stack(0x0000000015800000,0x0000000015900000)]
  0x0000000013ba6800 JavaThread "C1 CompilerThread2" daemon [_thread_blocked, id=7760, stack(0x0000000015300000,0x0000000015400000)]
  0x0000000013ba3800 JavaThread "C2 CompilerThread1" daemon [_thread_blocked, id=6524, stack(0x0000000015200000,0x0000000015300000)]
  0x0000000013ba1800 JavaThread "C2 CompilerThread0" daemon [_thread_blocked, id=10080, stack(0x0000000015100000,0x0000000015200000)]
  0x0000000013bb3000 JavaThread "Attach Listener" daemon [_thread_blocked, id=8472, stack(0x0000000015000000,0x0000000015100000)]
  0x0000000013bb1800 JavaThread "Signal Dispatcher" daemon [_thread_blocked, id=4088, stack(0x0000000014f00000,0x0000000015000000)]
  0x0000000002729800 JavaThread "Finalizer" daemon [_thread_blocked, id=2524, stack(0x0000000014e00000,0x0000000014f00000)]
  0x0000000002721800 JavaThread "Reference Handler" daemon [_thread_blocked, id=5540, stack(0x0000000014d00000,0x0000000014e00000)]
  0x0000000002634000 JavaThread "main" [_thread_blocked, id=12468, stack(0x0000000000050000,0x0000000000150000)]

Other Threads:
=>0x0000000013b68000 VMThread [stack: 0x0000000014c00000,0x0000000014d00000] [id=11632]

VM state:at safepoint (shutting down)

VM Mutex/Monitor currently owned by a thread:  ([mutex/lock_event])
[0x0000000002630950] Threads_lock - owner thread: 0x0000000013b68000

Heap:
 PSYoungGen      total 106496K, used 51279K [0x00000000f5580000, 0x00000000fdc80000, 0x0000000100000000)
  eden space 77824K, 37% used [0x00000000f5580000,0x00000000f71d6220,0x00000000fa180000)
  from space 28672K, 77% used [0x00000000fbf00000,0x00000000fd4bda78,0x00000000fdb00000)
  to   space 30208K, 0% used [0x00000000fa180000,0x00000000fa180000,0x00000000fbf00000)
 ParOldGen       total 116224K, used 42330K [0x00000000e0000000, 0x00000000e7180000, 0x00000000f5580000)
  object space 116224K, 36% used [0x00000000e0000000,0x00000000e2956bc8,0x00000000e7180000)
 Metaspace       used 82461K, capacity 89220K, committed 89472K, reserved 1126400K
  class space    used 10316K, capacity 12358K, committed 12416K, reserved 1048576K

Card table byte_map: [0x0000000011bf0000,0x0000000011d00000] byte_map_base: 0x00000000114f0000

Marking Bits: (ParMarkBitMap*) 0x0000000056d24040
 Begin Bits: [0x0000000012100000, 0x0000000012900000)
 End Bits:   [0x0000000012900000, 0x0000000013100000)

Polling page: 0x0000000002120000

CodeCache: size=245760Kb used=29817Kb max_used=30407Kb free=215942Kb
 bounds [0x0000000002830000, 0x0000000004620000, 0x0000000011830000]
 total_blobs=9311 nmethods=8461 adapters=757
 compilation: enabled

Compilation events (10 events):
Event: 96.056 Thread 0x0000000013ba6800 10310   !   3       org.eclipse.osgi.internal.baseadaptor.BaseStorage::compact (215 bytes)
Event: 96.058 Thread 0x0000000013ba6800 nmethod 10310 0x0000000003d72c90 code [0x0000000003d730e0, 0x0000000003d755a8]
Event: 96.078 Thread 0x0000000013ba3800 10311       4       java.io.WinNTFileSystem::resolve (231 bytes)
Event: 96.085 Thread 0x0000000013ba3800 nmethod 10311 0x000000000323bf90 code [0x000000000323c120, 0x000000000323c9f8]
Event: 96.099 Thread 0x0000000013ba1800 10312       4       java.io.WinNTFileSystem::prefixLength (91 bytes)
Event: 96.100 Thread 0x0000000013ba1800 nmethod 10312 0x00000000040e8690 code [0x00000000040e87e0, 0x00000000040e8998]
Event: 96.124 Thread 0x0000000013ba3800 10313       4       java.io.File::<init> (113 bytes)
Event: 96.126 Thread 0x0000000013ba3800 nmethod 10313 0x0000000003866d90 code [0x0000000003866f00, 0x00000000038672b8]
Event: 96.129 Thread 0x0000000013ba6800 10314       3       org.eclipse.osgi.framework.internal.core.AbstractBundle::close (52 bytes)
Event: 96.129 Thread 0x0000000013ba6800 nmethod 10314 0x00000000037718d0 code [0x0000000003771b00, 0x0000000003772808]

GC Heap History (10 events):
Event: 4.761 GC heap before
{Heap before GC invocations=13 (full 3):
 PSYoungGen      total 74752K, used 58367K [0x00000000f5580000, 0x00000000fc380000, 0x0000000100000000)
  eden space 58368K, 99% used [0x00000000f5580000,0x00000000f8e7ffa8,0x00000000f8e80000)
  from space 16384K, 0% used [0x00000000f8e80000,0x00000000f8e80000,0x00000000f9e80000)
  to   space 20992K, 0% used [0x00000000faf00000,0x00000000faf00000,0x00000000fc380000)
 ParOldGen       total 116224K, used 42204K [0x00000000e0000000, 0x00000000e7180000, 0x00000000f5580000)
  object space 116224K, 36% used [0x00000000e0000000,0x00000000e2937030,0x00000000e7180000)
 Metaspace       used 62144K, capacity 67290K, committed 67456K, reserved 1107968K
  class space    used 7753K, capacity 9254K, committed 9344K, reserved 1048576K
Event: 4.770 GC heap after
Heap after GC invocations=13 (full 3):
 PSYoungGen      total 85504K, used 12836K [0x00000000f5580000, 0x00000000fc080000, 0x0000000100000000)
  eden space 67584K, 0% used [0x00000000f5580000,0x00000000f5580000,0x00000000f9780000)
  from space 17920K, 71% used [0x00000000faf00000,0x00000000fbb89130,0x00000000fc080000)
  to   space 20992K, 0% used [0x00000000f9780000,0x00000000f9780000,0x00000000fac00000)
 ParOldGen       total 116224K, used 42212K [0x00000000e0000000, 0x00000000e7180000, 0x00000000f5580000)
  object space 116224K, 36% used [0x00000000e0000000,0x00000000e2939030,0x00000000e7180000)
 Metaspace       used 62144K, capacity 67290K, committed 67456K, reserved 1107968K
  class space    used 7753K, capacity 9254K, committed 9344K, reserved 1048576K
}
Event: 14.733 GC heap before
{Heap before GC invocations=14 (full 3):
 PSYoungGen      total 85504K, used 80420K [0x00000000f5580000, 0x00000000fc080000, 0x0000000100000000)
  eden space 67584K, 100% used [0x00000000f5580000,0x00000000f9780000,0x00000000f9780000)
  from space 17920K, 71% used [0x00000000faf00000,0x00000000fbb89130,0x00000000fc080000)
  to   space 20992K, 0% used [0x00000000f9780000,0x00000000f9780000,0x00000000fac00000)
 ParOldGen       total 116224K, used 42212K [0x00000000e0000000, 0x00000000e7180000, 0x00000000f5580000)
  object space 116224K, 36% used [0x00000000e0000000,0x00000000e2939030,0x00000000e7180000)
 Metaspace       used 70553K, capacity 76884K, committed 77056K, reserved 1116160K
  class space    used 8818K, capacity 10697K, committed 10752K, reserved 1048576K
Event: 14.747 GC heap after
Heap after GC invocations=14 (full 3):
 PSYoungGen      total 88576K, used 20989K [0x00000000f5580000, 0x00000000fcf00000, 0x0000000100000000)
  eden space 67584K, 0% used [0x00000000f5580000,0x00000000f5580000,0x00000000f9780000)
  from space 20992K, 99% used [0x00000000f9780000,0x00000000fabff600,0x00000000fac00000)
  to   space 24064K, 0% used [0x00000000fb780000,0x00000000fb780000,0x00000000fcf00000)
 ParOldGen       total 116224K, used 42306K [0x00000000e0000000, 0x00000000e7180000, 0x00000000f5580000)
  object space 116224K, 36% used [0x00000000e0000000,0x00000000e2950bc8,0x00000000e7180000)
 Metaspace       used 70553K, capacity 76884K, committed 77056K, reserved 1116160K
  class space    used 8818K, capacity 10697K, committed 10752K, reserved 1048576K
}
Event: 28.560 GC heap before
{Heap before GC invocations=15 (full 3):
 PSYoungGen      total 88576K, used 88573K [0x00000000f5580000, 0x00000000fcf00000, 0x0000000100000000)
  eden space 67584K, 100% used [0x00000000f5580000,0x00000000f9780000,0x00000000f9780000)
  from space 20992K, 99% used [0x00000000f9780000,0x00000000fabff600,0x00000000fac00000)
  to   space 24064K, 0% used [0x00000000fb780000,0x00000000fb780000,0x00000000fcf00000)
 ParOldGen       total 116224K, used 42306K [0x00000000e0000000, 0x00000000e7180000, 0x00000000f5580000)
  object space 116224K, 36% used [0x00000000e0000000,0x00000000e2950bc8,0x00000000e7180000)
 Metaspace       used 77419K, capacity 83914K, committed 84224K, reserved 1122304K
  class space    used 9844K, capacity 11965K, committed 12032K, reserved 1048576K
Event: 28.573 GC heap after
Heap after GC invocations=15 (full 3):
 PSYoungGen      total 97280K, used 23347K [0x00000000f5580000, 0x00000000fd380000, 0x0000000100000000)
  eden space 73216K, 0% used [0x00000000f5580000,0x00000000f5580000,0x00000000f9d00000)
  from space 24064K, 97% used [0x00000000fb780000,0x00000000fce4cf10,0x00000000fcf00000)
  to   space 27136K, 0% used [0x00000000f9d00000,0x00000000f9d00000,0x00000000fb780000)
 ParOldGen       total 116224K, used 42314K [0x00000000e0000000, 0x00000000e7180000, 0x00000000f5580000)
  object space 116224K, 36% used [0x00000000e0000000,0x00000000e2952bc8,0x00000000e7180000)
 Metaspace       used 77419K, capacity 83914K, committed 84224K, reserved 1122304K
  class space    used 9844K, capacity 11965K, committed 12032K, reserved 1048576K
}
Event: 65.559 GC heap before
{Heap before GC invocations=16 (full 3):
 PSYoungGen      total 97280K, used 96563K [0x00000000f5580000, 0x00000000fd380000, 0x0000000100000000)
  eden space 73216K, 100% used [0x00000000f5580000,0x00000000f9d00000,0x00000000f9d00000)
  from space 24064K, 97% used [0x00000000fb780000,0x00000000fce4cf10,0x00000000fcf00000)
  to   space 27136K, 0% used [0x00000000f9d00000,0x00000000f9d00000,0x00000000fb780000)
 ParOldGen       total 116224K, used 42314K [0x00000000e0000000, 0x00000000e7180000, 0x00000000f5580000)
  object space 116224K, 36% used [0x00000000e0000000,0x00000000e2952bc8,0x00000000e7180000)
 Metaspace       used 80126K, capacity 86598K, committed 86912K, reserved 1124352K
  class space    used 10104K, capacity 12129K, committed 12160K, reserved 1048576K
Event: 65.573 GC heap after
Heap after GC invocations=16 (full 3):
 PSYoungGen      total 100352K, used 20009K [0x00000000f5580000, 0x00000000fdb00000, 0x0000000100000000)
  eden space 73216K, 0% used [0x00000000f5580000,0x00000000f5580000,0x00000000f9d00000)
  from space 27136K, 73% used [0x00000000f9d00000,0x00000000fb08a6e0,0x00000000fb780000)
  to   space 28672K, 0% used [0x00000000fbf00000,0x00000000fbf00000,0x00000000fdb00000)
 ParOldGen       total 116224K, used 42322K [0x00000000e0000000, 0x00000000e7180000, 0x00000000f5580000)
  object space 116224K, 36% used [0x00000000e0000000,0x00000000e2954bc8,0x00000000e7180000)
 Metaspace       used 80126K, capacity 86598K, committed 86912K, reserved 1124352K
  class space    used 10104K, capacity 12129K, committed 12160K, reserved 1048576K
}
Event: 94.492 GC heap before
{Heap before GC invocations=17 (full 3):
 PSYoungGen      total 100352K, used 93225K [0x00000000f5580000, 0x00000000fdb00000, 0x0000000100000000)
  eden space 73216K, 100% used [0x00000000f5580000,0x00000000f9d00000,0x00000000f9d00000)
  from space 27136K, 73% used [0x00000000f9d00000,0x00000000fb08a6e0,0x00000000fb780000)
  to   space 28672K, 0% used [0x00000000fbf00000,0x00000000fbf00000,0x00000000fdb00000)
 ParOldGen       total 116224K, used 42322K [0x00000000e0000000, 0x00000000e7180000, 0x00000000f5580000)
  object space 116224K, 36% used [0x00000000e0000000,0x00000000e2954bc8,0x00000000e7180000)
 Metaspace       used 81215K, capacity 87794K, committed 88064K, reserved 1124352K
  class space    used 10187K, capacity 12227K, committed 12288K, reserved 1048576K
Event: 94.504 GC heap after
Heap after GC invocations=17 (full 3):
 PSYoungGen      total 106496K, used 22262K [0x00000000f5580000, 0x00000000fdc80000, 0x0000000100000000)
  eden space 77824K, 0% used [0x00000000f5580000,0x00000000f5580000,0x00000000fa180000)
  from space 28672K, 77% used [0x00000000fbf00000,0x00000000fd4bda78,0x00000000fdb00000)
  to   space 30208K, 0% used [0x00000000fa180000,0x00000000fa180000,0x00000000fbf00000)
 ParOldGen       total 116224K, used 42330K [0x00000000e0000000, 0x00000000e7180000, 0x00000000f5580000)
  object space 116224K, 36% used [0x00000000e0000000,0x00000000e2956bc8,0x00000000e7180000)
 Metaspace       used 81215K, capacity 87794K, committed 88064K, reserved 1124352K
  class space    used 10187K, capacity 12227K, committed 12288K, reserved 1048576K
}

Deoptimization events (10 events):
Event: 94.872 Thread 0x0000000002634000 Uncommon trap: reason=unstable_if action=reinterpret pc=0x00000000045087b0 method=org.eclipse.equinox.internal.event.EventHandlerTracker.getHandlers(Ljava/lang/String;)Ljava/util/Set; @ 28
Event: 94.872 Thread 0x0000000002634000 Uncommon trap: reason=class_check action=maybe_recompile pc=0x000000000456ede0 method=org.eclipse.e4.core.internal.contexts.TrackableComputationExt.update(Lorg/eclipse/e4/core/internal/contexts/ContextChangeEvent;)Z @ 62
Event: 94.872 Thread 0x0000000002634000 Uncommon trap: reason=class_check action=maybe_recompile pc=0x000000000456ede0 method=org.eclipse.e4.core.internal.contexts.TrackableComputationExt.update(Lorg/eclipse/e4/core/internal/contexts/ContextChangeEvent;)Z @ 62
Event: 94.872 Thread 0x0000000002634000 Uncommon trap: reason=class_check action=maybe_recompile pc=0x000000000456ede0 method=org.eclipse.e4.core.internal.contexts.TrackableComputationExt.update(Lorg/eclipse/e4/core/internal/contexts/ContextChangeEvent;)Z @ 62
Event: 95.380 Thread 0x000000001f0a2800 Uncommon trap: reason=unstable_if action=reinterpret pc=0x0000000003b38864 method=java.io.BufferedReader.read()I @ 34
Event: 95.381 Thread 0x000000001f0a2800 Uncommon trap: reason=unstable_if action=reinterpret pc=0x000000000299d064 method=sun.nio.cs.SingleByte$Encoder.encode(C)I @ 13
Event: 95.924 Thread 0x0000000002634000 Uncommon trap: reason=unstable_if action=reinterpret pc=0x0000000003ae6e4c method=org.eclipse.core.runtime.internal.adaptor.EclipseLazyStarter.shouldActivateFor(Ljava/lang/String;Lorg/eclipse/osgi/baseadaptor/BaseData;Lorg/eclipse/core/runtime/internal/ada-fŸè£¸W@
Event: 95.947 Thread 0x000000001c16b800 Uncommon trap: reason=unstable_if action=reinterpret pc=0x00000000035cd7ec method=org.eclipse.core.runtime.internal.adaptor.EclipseLazyStarter.postFindLocalClass(Ljava/lang/String;Ljava/lang/Class;Lorg/eclipse/osgi/baseadaptor/loader/ClasspathManager;)V @ Ó5Ó"˛W@
Event: 95.971 Thread 0x000000001c16b800 Uncommon trap: reason=unstable_if action=reinterpret pc=0x000000000330ac24 method=org.eclipse.osgi.baseadaptor.loader.ClasspathManager.lockClassName(Ljava/lang/String;)Z @ 57
Event: 96.129 Thread 0x0000000002634000 Uncommon trap: reason=unstable_if action=reinterpret pc=0x0000000003b313e8 method=sun.reflect.UnsafeStaticObjectFieldAccessorImpl.set(Ljava/lang/Object;Ljava/lang/Object;)V @ 13

Internal exceptions (10 events):
Event: 94.474 Thread 0x000000001f099000 Exception <a 'java/lang/InterruptedException'> (0x00000000f9b97508) thrown at [C:\re\workspace\8-2-build-windows-amd64-cygwin\jdk8u45\3627\hotspot\src\share\vm\runtime\objectMonitor.cpp, line 1683]
Event: 94.475 Thread 0x000000001c176000 Exception <a 'java/net/SocketException': Socket closed> (0x00000000f9bc0030) thrown at [C:\re\workspace\8-2-build-windows-amd64-cygwin\jdk8u45\3627\hotspot\src\share\vm\prims\jni.cpp, line 735]
Event: 94.697 Thread 0x0000000002634000 Implicit null exception at 0x0000000002c1d5c8 to 0x0000000002c1de05
Event: 95.380 Thread 0x000000001f0a1000 Exception <a 'java/lang/InterruptedException'> (0x00000000f6a84e88) thrown at [C:\re\workspace\8-2-build-windows-amd64-cygwin\jdk8u45\3627\hotspot\src\share\vm\runtime\objectMonitor.cpp, line 1683]
Event: 95.946 Thread 0x000000001c16e800 Exception <a 'java/lang/InterruptedException'> (0x00000000f6c26e08) thrown at [C:\re\workspace\8-2-build-windows-amd64-cygwin\jdk8u45\3627\hotspot\src\share\vm\runtime\objectMonitor.cpp, line 1683]
Event: 96.006 Thread 0x0000000015f5c800 Exception <a 'java/lang/InterruptedException': sleep interrupted> (0x00000000f6ea4730) thrown at [C:\re\workspace\8-2-build-windows-amd64-cygwin\jdk8u45\3627\hotspot\src\share\vm\prims\jvm.cpp, line 3211]
Event: 96.007 Thread 0x0000000017081800 Exception <a 'java/lang/InterruptedException'> (0x00000000f6f66fd8) thrown at [C:\re\workspace\8-2-build-windows-amd64-cygwin\jdk8u45\3627\hotspot\src\share\vm\runtime\objectMonitor.cpp, line 1683]
Event: 96.007 Thread 0x0000000015d9f800 Exception <a 'java/lang/InterruptedException'> (0x00000000f6f78cf0) thrown at [C:\re\workspace\8-2-build-windows-amd64-cygwin\jdk8u45\3627\hotspot\src\share\vm\runtime\objectMonitor.cpp, line 1683]
Event: 96.129 Thread 0x0000000015e7d000 Exception <a 'java/lang/InterruptedException'> (0x00000000f6ea1a00) thrown at [C:\re\workspace\8-2-build-windows-amd64-cygwin\jdk8u45\3627\hotspot\src\share\vm\runtime\objectMonitor.cpp, line 1683]
Event: 96.129 Thread 0x0000000002634000 Implicit null exception at 0x0000000003b30fd7 to 0x0000000003b313d5

Events (10 events):
Event: 96.129 Thread 0x0000000002634000 DEOPT PACKING pc=0x0000000003b313e8 sp=0x000000000014eae0
Event: 96.129 Thread 0x0000000002634000 DEOPT UNPACKING pc=0x000000000287582a sp=0x000000000014ea38 mode 2
Event: 96.129 Thread 0x0000000015f67000 Thread exited: 0x0000000015f67000
Event: 96.129 loading class java/util/IdentityHashMap$KeyIterator
Event: 96.129 loading class java/util/IdentityHashMap$IdentityHashMapIterator
Event: 96.129 loading class java/util/IdentityHashMap$IdentityHashMapIterator done
Event: 96.129 loading class java/util/IdentityHashMap$KeyIterator done
Event: 96.130 Thread 0x000000001c16f000 Thread added: 0x000000001c16f000
Event: 96.130 Thread 0x000000001c16f000 Thread exited: 0x000000001c16f000
Event: 96.130 Executing VM operation: Exit


Dynamic libraries:
0x0000000000400000 - 0x000000000044f000 	D:\Xilinx\SDK\2015.4\eclipse\win64.o\eclipse.exe
0x00007fff301a0000 - 0x00007fff30372000 	C:\Windows\SYSTEM32\ntdll.dll
0x00007fff2e140000 - 0x00007fff2e1ec000 	C:\Windows\System32\KERNEL32.DLL
0x00007fff2d510000 - 0x00007fff2d72d000 	C:\Windows\System32\KERNELBASE.dll
0x00007fff2e520000 - 0x00007fff2e685000 	C:\Windows\System32\USER32.dll
0x00007fff2d4f0000 - 0x00007fff2d50e000 	C:\Windows\System32\win32u.dll
0x00007fff2fba0000 - 0x00007fff2fbd4000 	C:\Windows\System32\GDI32.dll
0x00007fff2c6a0000 - 0x00007fff2c820000 	C:\Windows\System32\gdi32full.dll
0x00007fff2fcc0000 - 0x00007fff2fd5e000 	C:\Windows\System32\msvcrt.dll
0x00007fff18f30000 - 0x00007fff191aa000 	C:\Windows\WinSxS\amd64_microsoft.windows.common-controls_6595b64144ccf1df_6.0.14393.953_none_42151e83c686086b\COMCTL32.dll
0x00007fff2d730000 - 0x00007fff2d9f8000 	C:\Windows\System32\combase.dll
0x00007fff2d160000 - 0x00007fff2d255000 	C:\Windows\System32\ucrtbase.dll
0x00007fff30020000 - 0x00007fff30141000 	C:\Windows\System32\RPCRT4.dll
0x00007fff2d430000 - 0x00007fff2d49a000 	C:\Windows\System32\bcryptPrimitives.dll
0x00007fff30150000 - 0x00007fff3017e000 	C:\Windows\System32\IMM32.DLL
0x0000000072000000 - 0x0000000072012000 	D:\Xilinx\SDK\2015.4\eclipse\win64.o\plugins\org.eclipse.equinox.launcher.win32.win32.x86_64_1.1.200.v20140116-2212\eclipse_1503.dll
0x00007fff2fdc0000 - 0x00007fff2fe62000 	C:\Windows\System32\ADVAPI32.dll
0x00007fff2e420000 - 0x00007fff2e479000 	C:\Windows\System32\sechost.dll
0x00007fff282d0000 - 0x00007fff282da000 	C:\Windows\SYSTEM32\VERSION.dll
0x00007fff2aed0000 - 0x00007fff2af65000 	C:\Windows\system32\uxtheme.dll
0x00007fff2e2c0000 - 0x00007fff2e41a000 	C:\Windows\System32\MSCTF.dll
0x00007fff2e1f0000 - 0x00007fff2e2af000 	C:\Windows\System32\OLEAUT32.dll
0x00007fff2d0c0000 - 0x00007fff2d15c000 	C:\Windows\System32\msvcp_win.dll
0x0000000056520000 - 0x0000000056da3000 	D:\Xilinx\SDK\2015.4\tps\win64\jre\bin\server\jvm.dll
0x00007fff2dca0000 - 0x00007fff2dca8000 	C:\Windows\System32\PSAPI.DLL
0x00007fff122a0000 - 0x00007fff122a9000 	C:\Windows\SYSTEM32\WSOCK32.dll
0x00007fff2a9a0000 - 0x00007fff2a9c3000 	C:\Windows\SYSTEM32\WINMM.dll
0x000000005d290000 - 0x000000005d362000 	C:\Windows\SYSTEM32\MSVCR100.dll
0x00007fff2fc50000 - 0x00007fff2fcba000 	C:\Windows\System32\WS2_32.dll
0x00007fff2a930000 - 0x00007fff2a95b000 	C:\Windows\SYSTEM32\WINMMBASE.dll
0x00007fff2d4a0000 - 0x00007fff2d4e2000 	C:\Windows\System32\cfgmgr32.dll
0x00000000563e0000 - 0x00000000563ef000 	D:\Xilinx\SDK\2015.4\tps\win64\jre\bin\verify.dll
0x00000000563b0000 - 0x00000000563d9000 	D:\Xilinx\SDK\2015.4\tps\win64\jre\bin\java.dll
0x0000000056390000 - 0x00000000563a6000 	D:\Xilinx\SDK\2015.4\tps\win64\jre\bin\zip.dll
0x00007fff2e690000 - 0x00007fff2fb98000 	C:\Windows\System32\SHELL32.dll
0x00007fff2c930000 - 0x00007fff2d008000 	C:\Windows\System32\windows.storage.dll
0x00007fff2c630000 - 0x00007fff2c67c000 	C:\Windows\System32\powrprof.dll
0x00007fff2fe70000 - 0x00007fff2fec2000 	C:\Windows\System32\shlwapi.dll
0x00007fff2c690000 - 0x00007fff2c69f000 	C:\Windows\System32\kernel.appcore.dll
0x00007fff2c880000 - 0x00007fff2c929000 	C:\Windows\System32\shcore.dll
0x00007fff2c610000 - 0x00007fff2c624000 	C:\Windows\System32\profapi.dll
0x00007fff2c090000 - 0x00007fff2c0a7000 	C:\Windows\SYSTEM32\CRYPTSP.dll
0x00007fff2bae0000 - 0x00007fff2bb13000 	C:\Windows\system32\rsaenh.dll
0x00007fff2c550000 - 0x00007fff2c57b000 	C:\Windows\SYSTEM32\bcrypt.dll
0x00007fff2bd60000 - 0x00007fff2bd7f000 	C:\Windows\SYSTEM32\USERENV.dll
0x00007fff2c080000 - 0x00007fff2c08b000 	C:\Windows\SYSTEM32\CRYPTBASE.dll
0x0000000056370000 - 0x000000005638a000 	D:\Xilinx\SDK\2015.4\tps\win64\jre\bin\net.dll
0x00007fff2bee0000 - 0x00007fff2bf3c000 	C:\Windows\system32\mswsock.dll
0x00007fff2bc60000 - 0x00007fff2bc98000 	C:\Windows\SYSTEM32\IPHLPAPI.DLL
0x00007fff2e2b0000 - 0x00007fff2e2b8000 	C:\Windows\System32\NSI.dll
0x00007fff24590000 - 0x00007fff245a6000 	C:\Windows\SYSTEM32\dhcpcsvc6.DLL
0x00007fff24860000 - 0x00007fff2487a000 	C:\Windows\SYSTEM32\dhcpcsvc.DLL
0x0000000056350000 - 0x0000000056361000 	D:\Xilinx\SDK\2015.4\tps\win64\jre\bin\nio.dll
0x00007fff196c0000 - 0x00007fff196d6000 	C:\Windows\system32\napinsp.dll
0x00007fff196e0000 - 0x00007fff196fa000 	C:\Windows\system32\pnrpnsp.dll
0x00007fff28800000 - 0x00007fff28818000 	C:\Windows\system32\NLAapi.dll
0x00007fff2bca0000 - 0x00007fff2bd41000 	C:\Windows\SYSTEM32\DNSAPI.dll
0x00007fff1eba0000 - 0x00007fff1ebae000 	C:\Windows\System32\winrnr.dll
0x0000000063560000 - 0x0000000063569000 	C:\Program Files\National Instruments\Shared\mDNS Responder\nimdnsNSP.dll
0x0000000063550000 - 0x000000006355e000 	C:\Windows\SYSTEM32\nimdnsResponder.dll
0x000000005d540000 - 0x000000005d5e3000 	C:\Windows\WinSxS\amd64_microsoft.vc90.crt_1fc8b3b9a1e18e3b_9.0.30729.9247_none_08e394a1a83e212f\MSVCR90.dll
0x000000005d510000 - 0x000000005d536000 	C:\Program Files\Bonjour\mdnsNSP.dll
0x00007fff22f20000 - 0x00007fff22f2a000 	C:\Windows\System32\rasadhlp.dll
0x00007fff245c0000 - 0x00007fff2462a000 	C:\Windows\System32\fwpuclnt.dll
0x0000000016660000 - 0x0000000016708000 	C:\Users\4230\.Xilinx\SDK\2015.4\org.eclipse.osgi\bundles\303\1\.cp\swt-win32-4335.dll
0x00007fff2fee0000 - 0x00007fff30018000 	C:\Windows\System32\ole32.dll
0x00007fff2da00000 - 0x00007fff2dafa000 	C:\Windows\System32\comdlg32.dll
0x00007fff2d260000 - 0x00007fff2d429000 	C:\Windows\System32\CRYPT32.dll
0x00007fff2c680000 - 0x00007fff2c690000 	C:\Windows\System32\MSASN1.dll
0x00007fff23580000 - 0x00007fff23606000 	C:\Windows\SYSTEM32\WINSPOOL.DRV
0x00007fff25470000 - 0x00007fff25489000 	C:\Windows\SYSTEM32\USP10.dll
0x00007fff16050000 - 0x00007fff1631a000 	C:\Windows\SYSTEM32\WININET.dll
0x00007fff2a300000 - 0x00007fff2a326000 	C:\Windows\system32\dwmapi.dll
0x00007fff2a0b0000 - 0x00007fff2a235000 	C:\Windows\SYSTEM32\propsys.dll
0x00007fff2e480000 - 0x00007fff2e51f000 	C:\Windows\System32\clbcatq.dll
0x0000000019220000 - 0x000000001923e000 	C:\Users\4230\.Xilinx\SDK\2015.4\org.eclipse.osgi\bundles\303\1\.cp\swt-gdip-win32-4335.dll
0x00007fff157c0000 - 0x00007fff15959000 	C:\Windows\WinSxS\amd64_microsoft.windows.gdiplus_6595b64144ccf1df_1.1.14393.1715_none_aec701fbddd850fa\gdiplus.dll
0x00007fff297a0000 - 0x00007fff29948000 	C:\Windows\SYSTEM32\WindowsCodecs.dll
0x0000000180000000 - 0x0000000180012000 	C:\Users\4230\.Xilinx\SDK\2015.4\org.eclipse.osgi\bundles\121\1\.cp\os\win32\x86_64\localfile_1_0_0.dll
0x00007fff25450000 - 0x00007fff25461000 	C:\Users\4230\.Xilinx\SDK\2015.4\org.eclipse.osgi\bundles\124\1\.cp\jWinHttp-1.0.0.dll
0x00007fff29950000 - 0x00007fff29a1d000 	C:\Windows\SYSTEM32\WINHTTP.dll
0x00007fff13db0000 - 0x00007fff13e15000 	C:\Windows\SYSTEM32\oleacc.dll
0x00007fff288b0000 - 0x00007fff288bf000 	D:\Xilinx\SDK\2015.4\lib\win64.o\librdi_repo_manager.dll
0x00007fff25420000 - 0x00007fff2544a000 	D:\Xilinx\SDK\2015.4\lib\win64.o\libisl_sysinfo.dll
0x00007ffedd0e0000 - 0x00007ffedda6d000 	D:\Xilinx\SDK\2015.4\lib\win64.o\librdi_common.dll
0x00007fff25290000 - 0x00007fff252e4000 	D:\Xilinx\SDK\2015.4\lib\win64.o\librdi_commonxillic.dll
0x00007ffee2da0000 - 0x00007ffee2f8c000 	D:\Xilinx\SDK\2015.4\lib\win64.o\librdi_hsm.dll
0x00007fff08a60000 - 0x00007fff08b07000 	C:\Windows\SYSTEM32\MSVCP110.dll
0x00007fff08b60000 - 0x00007fff08c34000 	C:\Windows\SYSTEM32\MSVCR110.dll
0x00007ffee11f0000 - 0x00007ffee155e000 	D:\Xilinx\SDK\2015.4\lib\win64.o\libCOIN-all.dll
0x00007ffee18d0000 - 0x00007ffee1aee000 	D:\Xilinx\SDK\2015.4\lib\win64.o\libXil_lmgr11.dll
0x00007fff2c820000 - 0x00007fff2c875000 	C:\Windows\System32\WINTRUST.dll
0x00007fff25280000 - 0x00007fff25290000 	D:\Xilinx\SDK\2015.4\lib\win64.o\libboost_date_time.dll
0x00007fff17690000 - 0x00007fff176b2000 	D:\Xilinx\SDK\2015.4\lib\win64.o\libboost_filesystem.dll
0x00007fff17610000 - 0x00007fff17684000 	D:\Xilinx\SDK\2015.4\lib\win64.o\libboost_program_options.dll
0x00007fff13b50000 - 0x00007fff13c4a000 	D:\Xilinx\SDK\2015.4\lib\win64.o\libboost_regex.dll
0x00007fff24730000 - 0x00007fff24743000 	D:\Xilinx\SDK\2015.4\lib\win64.o\libboost_signals.dll
0x00007fff24fc0000 - 0x00007fff24fc9000 	D:\Xilinx\SDK\2015.4\lib\win64.o\libboost_system.dll
0x00007fff18df0000 - 0x00007fff18e0d000 	D:\Xilinx\SDK\2015.4\lib\win64.o\libboost_thread.dll
0x00007fff24680000 - 0x00007fff2468b000 	D:\Xilinx\SDK\2015.4\lib\win64.o\libboost_xilinx.dll
0x00007fff13930000 - 0x00007fff139b0000 	D:\Xilinx\SDK\2015.4\lib\win64.o\libhdlpsolve.dll
0x00007fff05450000 - 0x00007fff054ea000 	D:\Xilinx\SDK\2015.4\lib\win64.o\libhdxml.dll
0x00007ffedc400000 - 0x00007ffedc834e00 	D:\Xilinx\SDK\2015.4\lib\win64.o\libisl_iostreams.dll
0x00007fff175f0000 - 0x00007fff17605000 	D:\Xilinx\SDK\2015.4\lib\win64.o\pthreadVC2.dll
0x00007ffee22b0000 - 0x00007ffee23e0000 	D:\Xilinx\SDK\2015.4\lib\win64.o\librdi_curl.dll
0x00007fff175d0000 - 0x00007fff175e8000 	D:\Xilinx\SDK\2015.4\lib\win64.o\librdiconfig.dll
0x00007fff14140000 - 0x00007fff14163000 	D:\Xilinx\SDK\2015.4\lib\win64.o\librdizlib.dll
0x00000000563f0000 - 0x0000000056517000 	D:\Xilinx\SDK\2015.4\lib\win64.o\tcl85t.dll
0x0000000022a80000 - 0x0000000022ce3000 	D:\Xilinx\SDK\2015.4\lib\win64.o\xerces-c_3_1.dll
0x00007fff20c30000 - 0x00007fff20df3000 	C:\Windows\SYSTEM32\urlmon.dll
0x00007fff10be0000 - 0x00007fff10c03000 	C:\Windows\SYSTEM32\VCOMP110.DLL
0x00007fff13b00000 - 0x00007fff13b43000 	D:\Xilinx\SDK\2015.4\lib\win64.o\librdi_hdf.dll
0x00007ffedc1a0000 - 0x00007ffedc3f5000 	D:\Xilinx\SDK\2015.4\lib\win64.o\librdi_ippcw.dll
0x00007fff22f00000 - 0x00007fff22f18000 	C:\Windows\SYSTEM32\NETAPI32.dll
0x00007fff24660000 - 0x00007fff2466b000 	D:\Xilinx\SDK\2015.4\lib\win64.o\libboost_chrono.dll
0x00007fff11d80000 - 0x00007fff11d96000 	D:\Xilinx\SDK\2015.4\lib\win64.o\libboost_iostreams.dll
0x00007fff0fec0000 - 0x00007fff0fee3000 	D:\Xilinx\SDK\2015.4\lib\win64.o\libisl_iosutils.dll
0x00007fff255c0000 - 0x00007fff25865000 	C:\Windows\SYSTEM32\iertutil.dll
0x00007fff283a0000 - 0x00007fff283a7000 	C:\Windows\SYSTEM32\msimg32.dll
0x00007fff11f60000 - 0x00007fff11fa2000 	C:\Windows\SYSTEM32\edputil.dll
0x00007ffedfdd0000 - 0x00007ffee05e0000 	D:\Xilinx\SDK\2015.4\lib\win64.o\libXil_lmgr11FNP.dll
0x00007fff2dd10000 - 0x00007fff2e139000 	C:\Windows\System32\SETUPAPI.dll
0x00007fff288f0000 - 0x00007fff288fc000 	C:\Windows\SYSTEM32\snmpapi.dll
0x00007fff2c280000 - 0x00007fff2c2ac000 	C:\Windows\SYSTEM32\SspiCli.dll
0x00007fff2b2e0000 - 0x00007fff2b308000 	C:\Windows\SYSTEM32\DEVOBJ.dll
0x00007fff253f0000 - 0x00007fff25406000 	D:\Xilinx\SDK\2015.4\eclipse\win64.o\plugins\org.eclipse.cdt.core.win32.x86_64_5.2.0.201402142303\os\win32\x86_64\spawner.dll
0x00007fff253e0000 - 0x00007fff253ea000 	D:\Xilinx\SDK\2015.4\lib\win64.o\librdi_jtag_settings.dll
0x00007fff253b0000 - 0x00007fff253d9000 	D:\Xilinx\SDK\2015.4\lib\win64.o\librdi_debug_dialog.dll

VM Arguments:
jvm_args: -Dcom.xilinx.sdk.args.hwspec=D:/SMartCart/SMartCart/hdl_prj/vivado_ip_prj/vivado_prj.sdk/system_top_wrapper.hdf -Xms64m -Xmx512m & 
java_command: <unknown>
java_class_path (initial): D:\Xilinx\SDK\2015.4\eclipse\win64.o\\plugins/org.eclipse.equinox.launcher_1.3.0.v20130327-1440.jar
Launcher Type: generic

Environment Variables:
JAVA_HOME=C:\Program Files\Java\jdk1.8.0_121
USERNAME=4230
OS=Windows_NT
PROCESSOR_IDENTIFIER=Intel64 Family 6 Model 94 Stepping 3, GenuineIntel



---------------  S Y S T E M  ---------------

OS: Windows 10.0 , 64 bit Build 14393 (10.0.14393.1198)

CPU:total 4 (4 cores per cpu, 1 threads per core) family 6 model 94 stepping 3, cmov, cx8, fxsr, mmx, sse, sse2, sse3, ssse3, sse4.1, sse4.2, popcnt, avx, avx2, aes, clmul, erms, 3dnowpref, lzcnt, tsc, tscinvbit, bmi1, bmi2, adx

Memory: 4k page, physical 8343204k(3087216k free), swap 9784996k(3523248k free)

vm_info: Java HotSpot(TM) 64-Bit Server VM (25.45-b02) for windows-amd64 JRE (1.8.0_45-b15), built on Apr 30 2015 12:40:44 by "java_re" with MS VC++ 10.0 (VS2010)

time: Mon Nov 20 11:02:46 2017
elapsed time: 96 seconds (0d 0h 1m 36s)

