#
# A fatal error has been detected by the Java Runtime Environment:
#
#  Internal Error (0xc000000d), pid=9504, tid=9164
#
# JRE version: Java(TM) SE Runtime Environment (8.0_45-b15) (build 1.8.0_45-b15)
# Java VM: Java HotSpot(TM) 64-Bit Server VM (25.45-b02 mixed mode windows-amd64 compressed oops)
# Problematic frame:
# C  [ntdll.dll+0xff52c]
#
# Failed to write core dump. Minidumps are not enabled by default on client versions of Windows
#
# If you would like to submit a bug report, please visit:
#   http://bugreport.java.com/bugreport/crash.jsp
#

---------------  T H R E A D  ---------------

Current thread (0x0000000013b58000):  VMThread [stack: 0x0000000014bf0000,0x0000000014cf0000] [id=9164]

siginfo: ExceptionCode=0xc000000d

Registers:
RAX=0x000000001bddc460, RBX=0xfffffffffffffffe, RCX=0x0000000000000000, RDX=0x0000000000000000
RSP=0x0000000014cef270, RBP=0x00007fff08b67408, RSI=0x0000000000000000, RDI=0x000000000000012c
R8 =0x0000000600000000, R9 =0x000000000014f7b0, R10=0x00007fff301a7c1f, R11=0x000000001bddc500
R12=0x000000002366e4e0, R13=0x00000000235ebf70, R14=0x000000002366e5e8, R15=0x0000000014cef3e8
RIP=0x00007fff3029f52c, EFLAGS=0x0000000000000202

Top of Stack: (sp=0x0000000014cef270)
0x0000000014cef270:   0000000000000057 fffffffffffffffe
0x0000000014cef280:   0000000000000000 000000000000012c
0x0000000014cef290:   00000000c000000d 0000000000000000
0x0000000014cef2a0:   00007fff3029f52c 0000000000000000
0x0000000014cef2b0:   0000000000000000 0000000000000000
0x0000000014cef2c0:   0000000000000000 0000000000000000
0x0000000014cef2d0:   0000000000000000 0000000000000000
0x0000000014cef2e0:   0000000000000000 0000000000000000
0x0000000014cef2f0:   0000000000000000 0000000000000000
0x0000000014cef300:   0000000000000000 0000000000000000
0x0000000014cef310:   0000000000000000 0000000000000000
0x0000000014cef320:   0000000000000000 0000000000000000
0x0000000014cef330:   00004202bf7a0d6b 0000000000000000
0x0000000014cef340:   0000000000000000 00007fff3026147f
0x0000000014cef350:   0000000000000000 0000000000000000
0x0000000014cef360:   0000000000000000 0000000000000000 

Instructions: (pc=0x00007fff3029f52c)
0x00007fff3029f50c:   d4 fa ff c7 44 24 20 0d 00 00 c0 b9 57 00 00 00
0x00007fff3029f51c:   e8 5f 12 f6 ff 90 48 8d 4c 24 20 e8 44 be f4 ff
0x00007fff3029f52c:   eb 00 48 8b 8c 24 c0 00 00 00 48 33 cc e8 62 73
0x00007fff3029f53c:   f9 ff 48 81 c4 d8 00 00 00 c3 40 55 48 83 ec 20 


Register to memory mapping:

RAX=0x000000001bddc460 is an unknown value
RBX=0xfffffffffffffffe is an unknown value
RCX=0x0000000000000000 is an unknown value
RDX=0x0000000000000000 is an unknown value
RSP=0x0000000014cef270 is an unknown value
RBP=0x00007fff08b67408 is an unknown value
RSI=0x0000000000000000 is an unknown value
RDI=0x000000000000012c is an unknown value
R8 =0x0000000600000000 is an unknown value
R9 =0x000000000014f7b0 is pointing into the stack for thread: 0x0000000002724000
R10=0x00007fff301a7c1f is an unknown value
R11=0x000000001bddc500 is an unknown value
R12=0x000000002366e4e0 is an unknown value
R13=0x00000000235ebf70 is an unknown value
R14=0x000000002366e5e8 is an unknown value
R15=0x0000000014cef3e8 is an unknown value


Stack: [0x0000000014bf0000,0x0000000014cf0000],  sp=0x0000000014cef270,  free space=1020k
Native frames: (J=compiled Java code, j=interpreted, Vv=VM code, C=native code)
C  [ntdll.dll+0xff52c]
C  [ntdll.dll+0xc147f]
C  [KERNEL32.DLL+0x1fafa]
C  [MSVCR110.dll+0x752d]
C  [MSVCR110.dll+0x73c6]
C  [MSVCR110.dll+0x14cca]
C  [MSVCR110.dll+0x13edc]
C  [MSVCR110.dll+0x239e]
C  [MSVCR110.dll+0xaf9e]
C  [MSVCP110.dll+0x397b9]
C  [librdi_common.dll+0x14283e]
C  [librdi_common.dll+0x141449]
C  0x00007fff22ab2400
C  0x00007fff22ab2682
C  [ntdll.dll+0x2a37f]
C  [ntdll.dll+0x806b]
C  [ntdll.dll+0x7d94]
C  [KERNEL32.DLL+0x1ce6a]
C  [MSVCR100.dll+0x20ccd]
V  [jvm.dll+0x20f135]
V  [jvm.dll+0x247ef7]
V  [jvm.dll+0x247196]
V  [jvm.dll+0x247631]
V  [jvm.dll+0x24784e]
V  [jvm.dll+0x29853a]
C  [MSVCR100.dll+0x21d9f]
C  [MSVCR100.dll+0x21e3b]
C  [KERNEL32.DLL+0x8364]
C  [ntdll.dll+0x67091]

VM_Operation (0x000000000014f500): Exit, mode: safepoint, requested by thread 0x0000000002724000


---------------  P R O C E S S  ---------------

Java Threads: ( => current thread )
  0x000000001a238800 JavaThread "Set STDIO Tab defaults" [_thread_blocked, id=6108, stack(0x0000000037ef0000,0x0000000037ff0000)]
  0x000000001a234000 JavaThread "Set STDIO Tab defaults" [_thread_blocked, id=11292, stack(0x0000000036ef0000,0x0000000036ff0000)]
  0x0000000017371000 JavaThread "Set STDIO Tab defaults" [_thread_blocked, id=10096, stack(0x000000002a4f0000,0x000000002a5f0000)]
  0x000000001a431000 JavaThread "Thread-22" daemon [_thread_blocked, id=12840, stack(0x0000000027bf0000,0x0000000027cf0000)]
  0x000000001aa80800 JavaThread "TCF Locator DNS Lookup" daemon [_thread_blocked, id=10424, stack(0x0000000020f50000,0x0000000021050000)]
  0x000000001aa82800 JavaThread "TCF Locator Timer" daemon [_thread_blocked, id=11800, stack(0x0000000020e50000,0x0000000020f50000)]
  0x000000001aa81000 JavaThread "TCF Locator Receiver" daemon [_thread_in_native, id=2076, stack(0x0000000020d50000,0x0000000020e50000)]
  0x0000000017371800 JavaThread "TCF Timer Dispatcher" daemon [_thread_blocked, id=8992, stack(0x0000000020b50000,0x0000000020c50000)]
  0x00000000171fd800 JavaThread "EMF Reference Cleaner" daemon [_thread_blocked, id=8456, stack(0x0000000019470000,0x0000000019570000)]
  0x0000000015408800 JavaThread "Service Thread" daemon [_thread_blocked, id=2292, stack(0x00000000157f0000,0x00000000158f0000)]
  0x0000000013b9b800 JavaThread "C1 CompilerThread2" daemon [_thread_blocked, id=4692, stack(0x00000000152f0000,0x00000000153f0000)]
  0x0000000013b98800 JavaThread "C2 CompilerThread1" daemon [_thread_blocked, id=9544, stack(0x00000000151f0000,0x00000000152f0000)]
  0x0000000013b96800 JavaThread "C2 CompilerThread0" daemon [_thread_blocked, id=12684, stack(0x00000000150f0000,0x00000000151f0000)]
  0x0000000013ba5000 JavaThread "Attach Listener" daemon [_thread_blocked, id=10676, stack(0x0000000014ff0000,0x00000000150f0000)]
  0x0000000013ba3800 JavaThread "Signal Dispatcher" daemon [_thread_blocked, id=12048, stack(0x0000000014ef0000,0x0000000014ff0000)]
  0x000000000281a800 JavaThread "Finalizer" daemon [_thread_blocked, id=7848, stack(0x0000000014df0000,0x0000000014ef0000)]
  0x0000000002812800 JavaThread "Reference Handler" daemon [_thread_blocked, id=9272, stack(0x0000000014cf0000,0x0000000014df0000)]
  0x0000000002724000 JavaThread "main" [_thread_blocked, id=32, stack(0x0000000000050000,0x0000000000150000)]

Other Threads:
=>0x0000000013b58000 VMThread [stack: 0x0000000014bf0000,0x0000000014cf0000] [id=9164]

VM state:at safepoint (shutting down)

VM Mutex/Monitor currently owned by a thread:  ([mutex/lock_event])
[0x0000000002720cd0] Threads_lock - owner thread: 0x0000000013b58000

Heap:
 PSYoungGen      total 58880K, used 30202K [0x00000000f5580000, 0x00000000faa80000, 0x0000000100000000)
  eden space 49152K, 42% used [0x00000000f5580000,0x00000000f69b96c8,0x00000000f8580000)
  from space 9728K, 97% used [0x00000000f8700000,0x00000000f90452c8,0x00000000f9080000)
  to   space 18944K, 0% used [0x00000000f9800000,0x00000000f9800000,0x00000000faa80000)
 ParOldGen       total 71680K, used 56234K [0x00000000e0000000, 0x00000000e4600000, 0x00000000f5580000)
  object space 71680K, 78% used [0x00000000e0000000,0x00000000e36ea9e8,0x00000000e4600000)
 Metaspace       used 91844K, capacity 98936K, committed 99200K, reserved 1134592K
  class space    used 11161K, capacity 13393K, committed 13440K, reserved 1048576K

Card table byte_map: [0x0000000011be0000,0x0000000011cf0000] byte_map_base: 0x00000000114e0000

Marking Bits: (ParMarkBitMap*) 0x0000000056d24040
 Begin Bits: [0x00000000120f0000, 0x00000000128f0000)
 End Bits:   [0x00000000128f0000, 0x00000000130f0000)

Polling page: 0x0000000000480000

CodeCache: size=245760Kb used=49501Kb max_used=49501Kb free=196258Kb
 bounds [0x0000000002820000, 0x00000000058f0000, 0x0000000011820000]
 total_blobs=14063 nmethods=13206 adapters=763
 compilation: enabled

Compilation events (10 events):
Event: 498.337 Thread 0x0000000013b9b800 16612       3       java.io.File::list (33 bytes)
Event: 498.338 Thread 0x0000000013b9b800 nmethod 16612 0x00000000044ed950 code [0x00000000044edb20, 0x00000000044ee268]
Event: 498.644 Thread 0x0000000013b96800 16613       4       java.io.File::exists (43 bytes)
Event: 498.652 Thread 0x0000000013b96800 nmethod 16613 0x000000000354fb50 code [0x000000000354fca0, 0x000000000354fea8]
Event: 498.686 Thread 0x0000000013b98800 16614       4       java.io.File::isDirectory (43 bytes)
Event: 498.695 Thread 0x0000000013b98800 nmethod 16614 0x0000000003126cd0 code [0x0000000003126e20, 0x0000000003127028]
Event: 498.776 Thread 0x0000000013b9b800 16615   !   3       org.eclipse.osgi.internal.baseadaptor.BaseStorage::compact (215 bytes)
Event: 498.782 Thread 0x0000000013b9b800 nmethod 16615 0x00000000058b3390 code [0x00000000058b37e0, 0x00000000058b5ca8]
Event: 499.337 Thread 0x0000000013b9b800 16616       3       org.eclipse.osgi.framework.internal.core.AbstractBundle::close (52 bytes)
Event: 499.338 Thread 0x0000000013b9b800 nmethod 16616 0x00000000035505d0 code [0x0000000003550800, 0x0000000003551508]

GC Heap History (10 events):
Event: 451.622 GC heap before
{Heap before GC invocations=41 (full 4):
 PSYoungGen      total 77312K, used 71458K [0x00000000f5580000, 0x00000000fb800000, 0x0000000100000000)
  eden space 56832K, 100% used [0x00000000f5580000,0x00000000f8d00000,0x00000000f8d00000)
  from space 20480K, 71% used [0x00000000fa400000,0x00000000fb2488f8,0x00000000fb800000)
  to   space 22016K, 0% used [0x00000000f8d00000,0x00000000f8d00000,0x00000000fa280000)
 ParOldGen       total 71680K, used 52538K [0x00000000e0000000, 0x00000000e4600000, 0x00000000f5580000)
  object space 71680K, 73% used [0x00000000e0000000,0x00000000e334e950,0x00000000e4600000)
 Metaspace       used 90926K, capacity 98074K, committed 98432K, reserved 1134592K
  class space    used 11104K, capacity 13324K, committed 13440K, reserved 1048576K
Event: 451.630 GC heap after
Heap after GC invocations=41 (full 4):
 PSYoungGen      total 68096K, used 12544K [0x00000000f5580000, 0x00000000fb580000, 0x0000000100000000)
  eden space 55296K, 0% used [0x00000000f5580000,0x00000000f5580000,0x00000000f8b80000)
  from space 12800K, 98% used [0x00000000f8d00000,0x00000000f99400b8,0x00000000f9980000)
  to   space 21504K, 0% used [0x00000000fa080000,0x00000000fa080000,0x00000000fb580000)
 ParOldGen       total 71680K, used 53282K [0x00000000e0000000, 0x00000000e4600000, 0x00000000f5580000)
  object space 71680K, 74% used [0x00000000e0000000,0x00000000e3408850,0x00000000e4600000)
 Metaspace       used 90926K, capacity 98074K, committed 98432K, reserved 1134592K
  class space    used 11104K, capacity 13324K, committed 13440K, reserved 1048576K
}
Event: 463.195 GC heap before
{Heap before GC invocations=42 (full 4):
 PSYoungGen      total 68096K, used 67840K [0x00000000f5580000, 0x00000000fb580000, 0x0000000100000000)
  eden space 55296K, 100% used [0x00000000f5580000,0x00000000f8b80000,0x00000000f8b80000)
  from space 12800K, 98% used [0x00000000f8d00000,0x00000000f99400b8,0x00000000f9980000)
  to   space 21504K, 0% used [0x00000000fa080000,0x00000000fa080000,0x00000000fb580000)
 ParOldGen       total 71680K, used 53282K [0x00000000e0000000, 0x00000000e4600000, 0x00000000f5580000)
  object space 71680K, 74% used [0x00000000e0000000,0x00000000e3408850,0x00000000e4600000)
 Metaspace       used 91028K, capacity 98208K, committed 98688K, reserved 1134592K
  class space    used 11106K, capacity 13325K, committed 13440K, reserved 1048576K
Event: 463.205 GC heap after
Heap after GC invocations=42 (full 4):
 PSYoungGen      total 72704K, used 12990K [0x00000000f5580000, 0x00000000fb300000, 0x0000000100000000)
  eden space 53760K, 0% used [0x00000000f5580000,0x00000000f5580000,0x00000000f8a00000)
  from space 18944K, 68% used [0x00000000fa080000,0x00000000fad2fa58,0x00000000fb300000)
  to   space 20992K, 0% used [0x00000000f8a00000,0x00000000f8a00000,0x00000000f9e80000)
 ParOldGen       total 71680K, used 53709K [0x00000000e0000000, 0x00000000e4600000, 0x00000000f5580000)
  object space 71680K, 74% used [0x00000000e0000000,0x00000000e3473640,0x00000000e4600000)
 Metaspace       used 91028K, capacity 98208K, committed 98688K, reserved 1134592K
  class space    used 11106K, capacity 13325K, committed 13440K, reserved 1048576K
}
Event: 472.639 GC heap before
{Heap before GC invocations=43 (full 4):
 PSYoungGen      total 72704K, used 66750K [0x00000000f5580000, 0x00000000fb300000, 0x0000000100000000)
  eden space 53760K, 100% used [0x00000000f5580000,0x00000000f8a00000,0x00000000f8a00000)
  from space 18944K, 68% used [0x00000000fa080000,0x00000000fad2fa58,0x00000000fb300000)
  to   space 20992K, 0% used [0x00000000f8a00000,0x00000000f8a00000,0x00000000f9e80000)
 ParOldGen       total 71680K, used 53709K [0x00000000e0000000, 0x00000000e4600000, 0x00000000f5580000)
  object space 71680K, 74% used [0x00000000e0000000,0x00000000e3473640,0x00000000e4600000)
 Metaspace       used 91164K, capacity 98284K, committed 98688K, reserved 1134592K
  class space    used 11107K, capacity 13327K, committed 13440K, reserved 1048576K
Event: 472.646 GC heap after
Heap after GC invocations=43 (full 4):
 PSYoungGen      total 64000K, used 11725K [0x00000000f5580000, 0x00000000faf80000, 0x0000000100000000)
  eden space 52224K, 0% used [0x00000000f5580000,0x00000000f5580000,0x00000000f8880000)
  from space 11776K, 99% used [0x00000000f8a00000,0x00000000f9573668,0x00000000f9580000)
  to   space 19968K, 0% used [0x00000000f9c00000,0x00000000f9c00000,0x00000000faf80000)
 ParOldGen       total 71680K, used 54125K [0x00000000e0000000, 0x00000000e4600000, 0x00000000f5580000)
  object space 71680K, 75% used [0x00000000e0000000,0x00000000e34db640,0x00000000e4600000)
 Metaspace       used 91164K, capacity 98284K, committed 98688K, reserved 1134592K
  class space    used 11107K, capacity 13327K, committed 13440K, reserved 1048576K
}
Event: 477.543 GC heap before
{Heap before GC invocations=44 (full 4):
 PSYoungGen      total 64000K, used 63949K [0x00000000f5580000, 0x00000000faf80000, 0x0000000100000000)
  eden space 52224K, 100% used [0x00000000f5580000,0x00000000f8880000,0x00000000f8880000)
  from space 11776K, 99% used [0x00000000f8a00000,0x00000000f9573668,0x00000000f9580000)
  to   space 19968K, 0% used [0x00000000f9c00000,0x00000000f9c00000,0x00000000faf80000)
 ParOldGen       total 71680K, used 54125K [0x00000000e0000000, 0x00000000e4600000, 0x00000000f5580000)
  object space 71680K, 75% used [0x00000000e0000000,0x00000000e34db640,0x00000000e4600000)
 Metaspace       used 91245K, capacity 98348K, committed 98688K, reserved 1134592K
  class space    used 11107K, capacity 13327K, committed 13440K, reserved 1048576K
Event: 477.556 GC heap after
Heap after GC invocations=44 (full 4):
 PSYoungGen      total 68096K, used 10814K [0x00000000f5580000, 0x00000000fad00000, 0x0000000100000000)
  eden space 50688K, 0% used [0x00000000f5580000,0x00000000f5580000,0x00000000f8700000)
  from space 17408K, 62% used [0x00000000f9c00000,0x00000000fa68fb50,0x00000000fad00000)
  to   space 19456K, 0% used [0x00000000f8700000,0x00000000f8700000,0x00000000f9a00000)
 ParOldGen       total 71680K, used 55197K [0x00000000e0000000, 0x00000000e4600000, 0x00000000f5580000)
  object space 71680K, 77% used [0x00000000e0000000,0x00000000e35e7660,0x00000000e4600000)
 Metaspace       used 91245K, capacity 98348K, committed 98688K, reserved 1134592K
  class space    used 11107K, capacity 13327K, committed 13440K, reserved 1048576K
}
Event: 497.044 GC heap before
{Heap before GC invocations=45 (full 4):
 PSYoungGen      total 68096K, used 61502K [0x00000000f5580000, 0x00000000fad00000, 0x0000000100000000)
  eden space 50688K, 100% used [0x00000000f5580000,0x00000000f8700000,0x00000000f8700000)
  from space 17408K, 62% used [0x00000000f9c00000,0x00000000fa68fb50,0x00000000fad00000)
  to   space 19456K, 0% used [0x00000000f8700000,0x00000000f8700000,0x00000000f9a00000)
 ParOldGen       total 71680K, used 55197K [0x00000000e0000000, 0x00000000e4600000, 0x00000000f5580000)
  object space 71680K, 77% used [0x00000000e0000000,0x00000000e35e7660,0x00000000e4600000)
 Metaspace       used 91385K, capacity 98540K, committed 98944K, reserved 1134592K
  class space    used 11117K, capacity 13327K, committed 13440K, reserved 1048576K
Event: 497.051 GC heap after
Heap after GC invocations=45 (full 4):
 PSYoungGen      total 58880K, used 9492K [0x00000000f5580000, 0x00000000faa80000, 0x0000000100000000)
  eden space 49152K, 0% used [0x00000000f5580000,0x00000000f5580000,0x00000000f8580000)
  from space 9728K, 97% used [0x00000000f8700000,0x00000000f90452c8,0x00000000f9080000)
  to   space 18944K, 0% used [0x00000000f9800000,0x00000000f9800000,0x00000000faa80000)
 ParOldGen       total 71680K, used 56234K [0x00000000e0000000, 0x00000000e4600000, 0x00000000f5580000)
  object space 71680K, 78% used [0x00000000e0000000,0x00000000e36ea9e8,0x00000000e4600000)
 Metaspace       used 91385K, capacity 98540K, committed 98944K, reserved 1134592K
  class space    used 11117K, capacity 13327K, committed 13440K, reserved 1048576K
}

Deoptimization events (10 events):
Event: 497.492 Thread 0x000000001a429800 Uncommon trap: reason=unstable_if action=reinterpret pc=0x0000000004821c24 method=java.io.BufferedReader.read()I @ 34
Event: 497.532 Thread 0x0000000002724000 Uncommon trap: reason=unstable_if action=reinterpret pc=0x000000000459f908 method=org.eclipse.swt.graphics.Resource.dispose()V @ 15
Event: 498.005 Thread 0x0000000017374800 Uncommon trap: reason=class_check action=maybe_recompile pc=0x00000000054b4dcc method=org.eclipse.swt.widgets.Display.asyncExec(Ljava/lang/Runnable;)V @ 54
Event: 498.146 Thread 0x0000000002724000 Uncommon trap: reason=unstable_if action=reinterpret pc=0x0000000002e3c378 method=org.eclipse.core.runtime.internal.adaptor.EclipseLazyStarter.shouldActivateFor(Ljava/lang/String;Lorg/eclipse/osgi/baseadaptor/BaseData;Lorg/eclipse/core/runtime/internal/ada8â¹E]"@
Event: 498.148 Thread 0x0000000002724000 Uncommon trap: reason=class_check action=maybe_recompile pc=0x00000000054b4dcc method=org.eclipse.swt.widgets.Display.asyncExec(Ljava/lang/Runnable;)V @ 54
Event: 498.148 Thread 0x0000000002724000 Uncommon trap: reason=class_check action=maybe_recompile pc=0x00000000054b4dcc method=org.eclipse.swt.widgets.Display.asyncExec(Ljava/lang/Runnable;)V @ 54
Event: 498.181 Thread 0x0000000016171800 Uncommon trap: reason=unstable_if action=reinterpret pc=0x00000000031f95ac method=org.eclipse.core.runtime.internal.adaptor.EclipseLazyStarter.postFindLocalClass(Ljava/lang/String;Ljava/lang/Class;Lorg/eclipse/osgi/baseadaptor/loader/ClasspathManager;)V @ ÎÝO#@
Event: 498.194 Thread 0x0000000016171800 Uncommon trap: reason=unstable_if action=reinterpret pc=0x0000000002debce4 method=org.eclipse.osgi.baseadaptor.loader.ClasspathManager.lockClassName(Ljava/lang/String;)Z @ 57
Event: 498.233 Thread 0x0000000015f4c800 Uncommon trap: reason=unstable_if action=reinterpret pc=0x0000000003283490 method=org.eclipse.osgi.framework.internal.core.BundleContextImpl.dispatchEvent(Ljava/lang/Object;Ljava/lang/Object;ILjava/lang/Object;)V @ 16
Event: 499.337 Thread 0x0000000002724000 Uncommon trap: reason=unstable_if action=reinterpret pc=0x0000000004b192c0 method=sun.reflect.UnsafeStaticObjectFieldAccessorImpl.set(Ljava/lang/Object;Ljava/lang/Object;)V @ 13

Internal exceptions (10 events):
Event: 496.978 Thread 0x000000001a235800 Exception <a 'java/net/SocketException': Socket closed> (0x00000000f83182b0) thrown at [C:\re\workspace\8-2-build-windows-amd64-cygwin\jdk8u45\3627\hotspot\src\share\vm\prims\jni.cpp, line 735]
Event: 496.979 Thread 0x000000001a42c000 Exception <a 'java/lang/InterruptedException'> (0x00000000f83263c0) thrown at [C:\re\workspace\8-2-build-windows-amd64-cygwin\jdk8u45\3627\hotspot\src\share\vm\runtime\objectMonitor.cpp, line 1683]
Event: 497.143 Thread 0x0000000002724000 Implicit null exception at 0x0000000003fdd085 to 0x0000000003fdd355
Event: 497.492 Thread 0x000000001a42f000 Exception <a 'java/lang/InterruptedException'> (0x00000000f629e250) thrown at [C:\re\workspace\8-2-build-windows-amd64-cygwin\jdk8u45\3627\hotspot\src\share\vm\runtime\objectMonitor.cpp, line 1683]
Event: 498.180 Thread 0x000000001616b800 Exception <a 'java/lang/InterruptedException'> (0x00000000f64cb400) thrown at [C:\re\workspace\8-2-build-windows-amd64-cygwin\jdk8u45\3627\hotspot\src\share\vm\runtime\objectMonitor.cpp, line 1683]
Event: 498.242 Thread 0x0000000015f2e800 Exception <a 'java/lang/InterruptedException': sleep interrupted> (0x00000000f6731b08) thrown at [C:\re\workspace\8-2-build-windows-amd64-cygwin\jdk8u45\3627\hotspot\src\share\vm\prims\jvm.cpp, line 3211]
Event: 498.243 Thread 0x000000001ac8d000 Exception <a 'java/lang/InterruptedException'> (0x00000000f67ac8d8) thrown at [C:\re\workspace\8-2-build-windows-amd64-cygwin\jdk8u45\3627\hotspot\src\share\vm\runtime\objectMonitor.cpp, line 1683]
Event: 498.243 Thread 0x0000000015db9000 Exception <a 'java/lang/InterruptedException'> (0x00000000f67b98a0) thrown at [C:\re\workspace\8-2-build-windows-amd64-cygwin\jdk8u45\3627\hotspot\src\share\vm\runtime\objectMonitor.cpp, line 1683]
Event: 499.337 Thread 0x0000000015f4c800 Exception <a 'java/lang/InterruptedException'> (0x00000000f66eb598) thrown at [C:\re\workspace\8-2-build-windows-amd64-cygwin\jdk8u45\3627\hotspot\src\share\vm\runtime\objectMonitor.cpp, line 1683]
Event: 499.337 Thread 0x0000000002724000 Implicit null exception at 0x0000000004b18f77 to 0x0000000004b192ad

Events (10 events):
Event: 499.340 loading class java/util/IdentityHashMap$KeyIterator done
Event: 499.340 Thread 0x000000001a235800 Thread added: 0x000000001a235800
Event: 499.340 Executing VM operation: RevokeBias
Event: 499.340 Executing VM operation: RevokeBias done
Event: 499.340 Executing VM operation: RevokeBias
Event: 499.340 Executing VM operation: RevokeBias done
Event: 499.340 Executing VM operation: RevokeBias
Event: 499.340 Executing VM operation: RevokeBias done
Event: 499.341 Thread 0x000000001a235800 Thread exited: 0x000000001a235800
Event: 499.341 Executing VM operation: Exit


Dynamic libraries:
0x0000000000400000 - 0x000000000044f000 	D:\Xilinx\SDK\2015.4\eclipse\win64.o\eclipse.exe
0x00007fff301a0000 - 0x00007fff30372000 	C:\Windows\SYSTEM32\ntdll.dll
0x00007fff2e140000 - 0x00007fff2e1ec000 	C:\Windows\System32\KERNEL32.DLL
0x00007fff2d510000 - 0x00007fff2d72d000 	C:\Windows\System32\KERNELBASE.dll
0x00007fff2e520000 - 0x00007fff2e685000 	C:\Windows\System32\USER32.dll
0x00007fff2d4f0000 - 0x00007fff2d50e000 	C:\Windows\System32\win32u.dll
0x00007fff2fba0000 - 0x00007fff2fbd4000 	C:\Windows\System32\GDI32.dll
0x00007fff2c6a0000 - 0x00007fff2c820000 	C:\Windows\System32\gdi32full.dll
0x00007fff2fcc0000 - 0x00007fff2fd5e000 	C:\Windows\System32\msvcrt.dll
0x00007fff18f30000 - 0x00007fff191aa000 	C:\Windows\WinSxS\amd64_microsoft.windows.common-controls_6595b64144ccf1df_6.0.14393.953_none_42151e83c686086b\COMCTL32.dll
0x00007fff2d730000 - 0x00007fff2d9f8000 	C:\Windows\System32\combase.dll
0x00007fff2d160000 - 0x00007fff2d255000 	C:\Windows\System32\ucrtbase.dll
0x00007fff30020000 - 0x00007fff30141000 	C:\Windows\System32\RPCRT4.dll
0x00007fff2d430000 - 0x00007fff2d49a000 	C:\Windows\System32\bcryptPrimitives.dll
0x00007fff30150000 - 0x00007fff3017e000 	C:\Windows\System32\IMM32.DLL
0x0000000072000000 - 0x0000000072012000 	D:\Xilinx\SDK\2015.4\eclipse\win64.o\plugins\org.eclipse.equinox.launcher.win32.win32.x86_64_1.1.200.v20140116-2212\eclipse_1503.dll
0x00007fff2fdc0000 - 0x00007fff2fe62000 	C:\Windows\System32\ADVAPI32.dll
0x00007fff2e420000 - 0x00007fff2e479000 	C:\Windows\System32\sechost.dll
0x00007fff282d0000 - 0x00007fff282da000 	C:\Windows\SYSTEM32\VERSION.dll
0x00007fff2aed0000 - 0x00007fff2af65000 	C:\Windows\system32\uxtheme.dll
0x00007fff2e2c0000 - 0x00007fff2e41a000 	C:\Windows\System32\MSCTF.dll
0x00007fff2e1f0000 - 0x00007fff2e2af000 	C:\Windows\System32\OLEAUT32.dll
0x00007fff2d0c0000 - 0x00007fff2d15c000 	C:\Windows\System32\msvcp_win.dll
0x0000000056520000 - 0x0000000056da3000 	D:\Xilinx\SDK\2015.4\tps\win64\jre\bin\server\jvm.dll
0x00007fff2dca0000 - 0x00007fff2dca8000 	C:\Windows\System32\PSAPI.DLL
0x00007fff122a0000 - 0x00007fff122a9000 	C:\Windows\SYSTEM32\WSOCK32.dll
0x00007fff2a9a0000 - 0x00007fff2a9c3000 	C:\Windows\SYSTEM32\WINMM.dll
0x000000005d290000 - 0x000000005d362000 	C:\Windows\SYSTEM32\MSVCR100.dll
0x00007fff2fc50000 - 0x00007fff2fcba000 	C:\Windows\System32\WS2_32.dll
0x0000000000450000 - 0x000000000047b000 	C:\Windows\SYSTEM32\WINMMBASE.dll
0x00007fff2d4a0000 - 0x00007fff2d4e2000 	C:\Windows\System32\cfgmgr32.dll
0x00000000563e0000 - 0x00000000563ef000 	D:\Xilinx\SDK\2015.4\tps\win64\jre\bin\verify.dll
0x00000000563b0000 - 0x00000000563d9000 	D:\Xilinx\SDK\2015.4\tps\win64\jre\bin\java.dll
0x0000000056390000 - 0x00000000563a6000 	D:\Xilinx\SDK\2015.4\tps\win64\jre\bin\zip.dll
0x00007fff2e690000 - 0x00007fff2fb98000 	C:\Windows\System32\SHELL32.dll
0x00007fff2c930000 - 0x00007fff2d008000 	C:\Windows\System32\windows.storage.dll
0x00007fff2c630000 - 0x00007fff2c67c000 	C:\Windows\System32\powrprof.dll
0x00007fff2fe70000 - 0x00007fff2fec2000 	C:\Windows\System32\shlwapi.dll
0x00007fff2c690000 - 0x00007fff2c69f000 	C:\Windows\System32\kernel.appcore.dll
0x00007fff2c880000 - 0x00007fff2c929000 	C:\Windows\System32\shcore.dll
0x00007fff2c610000 - 0x00007fff2c624000 	C:\Windows\System32\profapi.dll
0x00007fff2c090000 - 0x00007fff2c0a7000 	C:\Windows\SYSTEM32\CRYPTSP.dll
0x00007fff2bae0000 - 0x00007fff2bb13000 	C:\Windows\system32\rsaenh.dll
0x00007fff2c550000 - 0x00007fff2c57b000 	C:\Windows\SYSTEM32\bcrypt.dll
0x00007fff2bd60000 - 0x00007fff2bd7f000 	C:\Windows\SYSTEM32\USERENV.dll
0x00007fff2c080000 - 0x00007fff2c08b000 	C:\Windows\SYSTEM32\CRYPTBASE.dll
0x0000000056370000 - 0x000000005638a000 	D:\Xilinx\SDK\2015.4\tps\win64\jre\bin\net.dll
0x00007fff2bee0000 - 0x00007fff2bf3c000 	C:\Windows\system32\mswsock.dll
0x00007fff2bc60000 - 0x00007fff2bc98000 	C:\Windows\SYSTEM32\IPHLPAPI.DLL
0x00007fff2e2b0000 - 0x00007fff2e2b8000 	C:\Windows\System32\NSI.dll
0x00007fff24590000 - 0x00007fff245a6000 	C:\Windows\SYSTEM32\dhcpcsvc6.DLL
0x00007fff24860000 - 0x00007fff2487a000 	C:\Windows\SYSTEM32\dhcpcsvc.DLL
0x0000000056350000 - 0x0000000056361000 	D:\Xilinx\SDK\2015.4\tps\win64\jre\bin\nio.dll
0x00007fff196c0000 - 0x00007fff196d6000 	C:\Windows\system32\napinsp.dll
0x00007fff196e0000 - 0x00007fff196fa000 	C:\Windows\system32\pnrpnsp.dll
0x00007fff28800000 - 0x00007fff28818000 	C:\Windows\system32\NLAapi.dll
0x00007fff2bca0000 - 0x00007fff2bd41000 	C:\Windows\SYSTEM32\DNSAPI.dll
0x00007fff1eba0000 - 0x00007fff1ebae000 	C:\Windows\System32\winrnr.dll
0x0000000063560000 - 0x0000000063569000 	C:\Program Files\National Instruments\Shared\mDNS Responder\nimdnsNSP.dll
0x0000000063550000 - 0x000000006355e000 	C:\Windows\SYSTEM32\nimdnsResponder.dll
0x000000005d540000 - 0x000000005d5e3000 	C:\Windows\WinSxS\amd64_microsoft.vc90.crt_1fc8b3b9a1e18e3b_9.0.30729.9247_none_08e394a1a83e212f\MSVCR90.dll
0x000000005d510000 - 0x000000005d536000 	C:\Program Files\Bonjour\mdnsNSP.dll
0x00007fff22f20000 - 0x00007fff22f2a000 	C:\Windows\System32\rasadhlp.dll
0x00007fff245c0000 - 0x00007fff2462a000 	C:\Windows\System32\fwpuclnt.dll
0x0000000016460000 - 0x0000000016508000 	C:\Users\4230\.Xilinx\SDK\2015.4\org.eclipse.osgi\bundles\303\1\.cp\swt-win32-4335.dll
0x00007fff2fee0000 - 0x00007fff30018000 	C:\Windows\System32\ole32.dll
0x00007fff2da00000 - 0x00007fff2dafa000 	C:\Windows\System32\comdlg32.dll
0x00007fff2d260000 - 0x00007fff2d429000 	C:\Windows\System32\CRYPT32.dll
0x00007fff2c680000 - 0x00007fff2c690000 	C:\Windows\System32\MSASN1.dll
0x00007fff23580000 - 0x00007fff23606000 	C:\Windows\SYSTEM32\WINSPOOL.DRV
0x00007fff25470000 - 0x00007fff25489000 	C:\Windows\SYSTEM32\USP10.dll
0x00007fff16050000 - 0x00007fff1631a000 	C:\Windows\SYSTEM32\WININET.dll
0x00007fff2a300000 - 0x00007fff2a326000 	C:\Windows\system32\dwmapi.dll
0x00007fff2a0b0000 - 0x00007fff2a235000 	C:\Windows\SYSTEM32\propsys.dll
0x00007fff2e480000 - 0x00007fff2e51f000 	C:\Windows\System32\clbcatq.dll
0x00000000165b0000 - 0x00000000165ce000 	C:\Users\4230\.Xilinx\SDK\2015.4\org.eclipse.osgi\bundles\303\1\.cp\swt-gdip-win32-4335.dll
0x00007fff157c0000 - 0x00007fff15959000 	C:\Windows\WinSxS\amd64_microsoft.windows.gdiplus_6595b64144ccf1df_1.1.14393.1715_none_aec701fbddd850fa\gdiplus.dll
0x00007fff297a0000 - 0x00007fff29948000 	C:\Windows\SYSTEM32\WindowsCodecs.dll
0x0000000180000000 - 0x0000000180012000 	C:\Users\4230\.Xilinx\SDK\2015.4\org.eclipse.osgi\bundles\121\1\.cp\os\win32\x86_64\localfile_1_0_0.dll
0x00007fff25450000 - 0x00007fff25461000 	C:\Users\4230\.Xilinx\SDK\2015.4\org.eclipse.osgi\bundles\124\1\.cp\jWinHttp-1.0.0.dll
0x00007fff29950000 - 0x00007fff29a1d000 	C:\Windows\SYSTEM32\WINHTTP.dll
0x00007fff13db0000 - 0x00007fff13e15000 	C:\Windows\SYSTEM32\oleacc.dll
0x00007fff288b0000 - 0x00007fff288bf000 	D:\Xilinx\SDK\2015.4\lib\win64.o\librdi_repo_manager.dll
0x00007ffedfc50000 - 0x00007ffee05dd000 	D:\Xilinx\SDK\2015.4\lib\win64.o\librdi_common.dll
0x00007fff25420000 - 0x00007fff2544a000 	D:\Xilinx\SDK\2015.4\lib\win64.o\libisl_sysinfo.dll
0x00007fff253c0000 - 0x00007fff25414000 	D:\Xilinx\SDK\2015.4\lib\win64.o\librdi_commonxillic.dll
0x00007fff08a60000 - 0x00007fff08b07000 	C:\Windows\SYSTEM32\MSVCP110.dll
0x00007fff08b60000 - 0x00007fff08c34000 	C:\Windows\SYSTEM32\MSVCR110.dll
0x00007ffee11f0000 - 0x00007ffee155e000 	D:\Xilinx\SDK\2015.4\lib\win64.o\libCOIN-all.dll
0x00007ffee2d70000 - 0x00007ffee2f8e000 	D:\Xilinx\SDK\2015.4\lib\win64.o\libXil_lmgr11.dll
0x00007fff253b0000 - 0x00007fff253c0000 	D:\Xilinx\SDK\2015.4\lib\win64.o\libboost_date_time.dll
0x00007fff2c820000 - 0x00007fff2c875000 	C:\Windows\System32\WINTRUST.dll
0x00007fff25330000 - 0x00007fff253a4000 	D:\Xilinx\SDK\2015.4\lib\win64.o\libboost_program_options.dll
0x00007fff25300000 - 0x00007fff25322000 	D:\Xilinx\SDK\2015.4\lib\win64.o\libboost_filesystem.dll
0x00007fff175c0000 - 0x00007fff176ba000 	D:\Xilinx\SDK\2015.4\lib\win64.o\libboost_regex.dll
0x00007fff252e0000 - 0x00007fff252f3000 	D:\Xilinx\SDK\2015.4\lib\win64.o\libboost_signals.dll
0x00007fff252d0000 - 0x00007fff252d9000 	D:\Xilinx\SDK\2015.4\lib\win64.o\libboost_system.dll
0x00007fff252b0000 - 0x00007fff252cd000 	D:\Xilinx\SDK\2015.4\lib\win64.o\libboost_thread.dll
0x00007fff252a0000 - 0x00007fff252ab000 	D:\Xilinx\SDK\2015.4\lib\win64.o\libboost_xilinx.dll
0x00007fff13bd0000 - 0x00007fff13c50000 	D:\Xilinx\SDK\2015.4\lib\win64.o\libhdlpsolve.dll
0x00007fff13b30000 - 0x00007fff13bca000 	D:\Xilinx\SDK\2015.4\lib\win64.o\libhdxml.dll
0x00007ffedf810000 - 0x00007ffedfc44e00 	D:\Xilinx\SDK\2015.4\lib\win64.o\libisl_iostreams.dll
0x00007fff25280000 - 0x00007fff25295000 	D:\Xilinx\SDK\2015.4\lib\win64.o\pthreadVC2.dll
0x00007fff053c0000 - 0x00007fff054f0000 	D:\Xilinx\SDK\2015.4\lib\win64.o\librdi_curl.dll
0x00007fff24730000 - 0x00007fff24748000 	D:\Xilinx\SDK\2015.4\lib\win64.o\librdiconfig.dll
0x00007fff14140000 - 0x00007fff14163000 	D:\Xilinx\SDK\2015.4\lib\win64.o\librdizlib.dll
0x00000000563f0000 - 0x0000000056517000 	D:\Xilinx\SDK\2015.4\lib\win64.o\tcl85t.dll
0x0000000021d20000 - 0x0000000021f83000 	D:\Xilinx\SDK\2015.4\lib\win64.o\xerces-c_3_1.dll
0x00007fff20c30000 - 0x00007fff20df3000 	C:\Windows\SYSTEM32\urlmon.dll
0x00007fff10be0000 - 0x00007fff10c03000 	C:\Windows\SYSTEM32\VCOMP110.DLL
0x00007fff22f00000 - 0x00007fff22f18000 	C:\Windows\SYSTEM32\NETAPI32.dll
0x00007fff24fc0000 - 0x00007fff24fcb000 	D:\Xilinx\SDK\2015.4\lib\win64.o\libboost_chrono.dll
0x00007fff18df0000 - 0x00007fff18e06000 	D:\Xilinx\SDK\2015.4\lib\win64.o\libboost_iostreams.dll
0x00007fff13b00000 - 0x00007fff13b23000 	D:\Xilinx\SDK\2015.4\lib\win64.o\libisl_iosutils.dll
0x00007fff255c0000 - 0x00007fff25865000 	C:\Windows\SYSTEM32\iertutil.dll
0x00007ffee1900000 - 0x00007ffee1aec000 	D:\Xilinx\SDK\2015.4\lib\win64.o\librdi_hsm.dll
0x00007fff13960000 - 0x00007fff139a3000 	D:\Xilinx\SDK\2015.4\lib\win64.o\librdi_hdf.dll
0x00007ffedf5b0000 - 0x00007ffedf805000 	D:\Xilinx\SDK\2015.4\lib\win64.o\librdi_ippcw.dll
0x00007fff283a0000 - 0x00007fff283a7000 	C:\Windows\SYSTEM32\msimg32.dll
0x00007fff11f60000 - 0x00007fff11fa2000 	C:\Windows\SYSTEM32\edputil.dll
0x00007fff23100000 - 0x00007fff23143000 	C:\Windows\SYSTEM32\policymanager.dll
0x00007fff2b190000 - 0x00007fff2b221000 	C:\Windows\SYSTEM32\msvcp110_win.dll
0x00007fff2ac90000 - 0x00007fff2ad0a000 	C:\Windows\SYSTEM32\apphelp.dll
0x00007fff0e4e0000 - 0x00007fff0e676000 	C:\Users\4230\AppData\Local\Microsoft\OneDrive\17.3.6381.0405\amd64\FileSyncShell64.dll
0x00007fff0e3f0000 - 0x00007fff0e4df000 	C:\Users\4230\AppData\Local\Microsoft\OneDrive\17.3.6381.0405\amd64\MSVCR120.dll
0x00007fff0f890000 - 0x00007fff0f8c4000 	C:\Users\4230\AppData\Local\Microsoft\OneDrive\17.3.6381.0405\amd64\LoggingPlatform64.DLL
0x00007fff0e340000 - 0x00007fff0e3e6000 	C:\Users\4230\AppData\Local\Microsoft\OneDrive\17.3.6381.0405\amd64\MSVCP120.dll
0x00007fff0e250000 - 0x00007fff0e340000 	C:\Users\4230\AppData\Local\Microsoft\OneDrive\17.3.6381.0405\amd64\ClientTelemetry.dll

VM Arguments:
jvm_args: -Dcom.xilinx.sdk.args.hwspec=D:/SMartCart/SMartCart/hdl_prj/vivado_ip_prj/vivado_prj.sdk/system_top_wrapper.hdf -Xms64m -Xmx512m & 
java_command: <unknown>
java_class_path (initial): D:\Xilinx\SDK\2015.4\eclipse\win64.o\\plugins/org.eclipse.equinox.launcher_1.3.0.v20130327-1440.jar
Launcher Type: generic

Environment Variables:
JAVA_HOME=C:\Program Files\Java\jdk1.8.0_121
USERNAME=4230
OS=Windows_NT
PROCESSOR_IDENTIFIER=Intel64 Family 6 Model 94 Stepping 3, GenuineIntel



---------------  S Y S T E M  ---------------

OS: Windows 10.0 , 64 bit Build 14393 (10.0.14393.1198)

CPU:total 4 (4 cores per cpu, 1 threads per core) family 6 model 94 stepping 3, cmov, cx8, fxsr, mmx, sse, sse2, sse3, ssse3, sse4.1, sse4.2, popcnt, avx, avx2, aes, clmul, erms, 3dnowpref, lzcnt, tsc, tscinvbit, bmi1, bmi2, adx

Memory: 4k page, physical 8343204k(2852320k free), swap 9784996k(2932432k free)

vm_info: Java HotSpot(TM) 64-Bit Server VM (25.45-b02) for windows-amd64 JRE (1.8.0_45-b15), built on Apr 30 2015 12:40:44 by "java_re" with MS VC++ 10.0 (VS2010)

time: Mon Nov 20 11:01:12 2017
elapsed time: 501 seconds (0d 0h 8m 21s)

