#
# A fatal error has been detected by the Java Runtime Environment:
#
#  EXCEPTION_UNCAUGHT_CXX_EXCEPTION (0xe06d7363) at pc=0x00007fff2d543c58, pid=13684, tid=4844
#
# JRE version: Java(TM) SE Runtime Environment (8.0_45-b15) (build 1.8.0_45-b15)
# Java VM: Java HotSpot(TM) 64-Bit Server VM (25.45-b02 mixed mode windows-amd64 compressed oops)
# Problematic frame:
# C  [KERNELBASE.dll+0x33c58]
#
# Failed to write core dump. Minidumps are not enabled by default on client versions of Windows
#
# If you would like to submit a bug report, please visit:
#   http://bugreport.java.com/bugreport/crash.jsp
#

---------------  T H R E A D  ---------------

Current thread (0x0000000013bc7800):  VMThread [stack: 0x0000000014c70000,0x0000000014d70000] [id=4844]

siginfo: ExceptionCode=0xe06d7363, ExceptionInformation=0x0000000019930520 0x0000000014d6f648 0x00007fff08c12cb8 0x00007fff08b60000 

Registers:
RAX=0x004c0044002e006c, RBX=0x00007fff08c12cb8, RCX=0x000000000000004c, RDX=0x0000000000000000
RSP=0x0000000014d6f490, RBP=0x0000000014d6f5d0, RSI=0x00000000ffffffff, RDI=0x0000000000599990
R8 =0x0000000000000000, R9 =0x0000000000000000, R10=0x0000000000000000, R11=0x0000000000000000
R12=0x0000000000000001, R13=0x0000000000000008, R14=0x0000000000000000, R15=0xffffffffffffffff
RIP=0x00007fff2d543c58, EFLAGS=0x0000000000000206

Top of Stack: (sp=0x0000000014d6f490)
0x0000000014d6f490:   0000000000000000 00007fff08c12cb8
0x0000000014d6f4a0:   00000000ffffffff 0000000000599990
0x0000000014d6f4b0:   00000001e06d7363 0000000000000000
0x0000000014d6f4c0:   00007fff2d543c58 0000000000000004
0x0000000014d6f4d0:   0000000019930520 0000000014d6f648
0x0000000014d6f4e0:   00007fff08c12cb8 00007fff08b60000
0x0000000014d6f4f0:   0000000000000008 0000000000000001
0x0000000014d6f500:   0000000000599990 00000000ffffffff
0x0000000014d6f510:   0000000014d6f5d0 00007fff301ec28f
0x0000000014d6f520:   0000000014d6f5e0 0000000000000000
0x0000000014d6f530:   000051ba9800ef77 0000000000000001
0x0000000014d6f540:   00007fff08c29000 00007fff08b60000
0x0000000014d6f550:   000067f4a7ca25bb 000000000000003f
0x0000000014d6f560:   00007fff08c12cb8 00007fff08bbe92c
0x0000000014d6f570:   000000000000001f 0000000000000008
0x0000000014d6f580:   0000000000000001 0000000000599990 

Instructions: (pc=0x00007fff2d543c58)
0x00007fff2d543c38:   49 8b d1 44 0f 47 c0 44 89 44 24 38 49 c1 e0 03
0x00007fff2d543c48:   e8 47 90 04 00 48 8d 4c 24 20 ff 15 c0 44 11 00
0x00007fff2d543c58:   48 8b 8c 24 c0 00 00 00 48 33 cc e8 d8 55 04 00
0x00007fff2d543c68:   48 81 c4 d8 00 00 00 c3 83 64 24 38 00 eb d6 cc 


Register to memory mapping:

RAX=0x004c0044002e006c is an unknown value
RBX=0x00007fff08c12cb8 is an unknown value
RCX=0x000000000000004c is an unknown value
RDX=0x0000000000000000 is an unknown value
RSP=0x0000000014d6f490 is an unknown value
RBP=0x0000000014d6f5d0 is an unknown value
RSI=0x00000000ffffffff is an unallocated location in the heap
RDI=0x0000000000599990 is an unknown value
R8 =0x0000000000000000 is an unknown value
R9 =0x0000000000000000 is an unknown value
R10=0x0000000000000000 is an unknown value
R11=0x0000000000000000 is an unknown value
R12=0x0000000000000001 is an unknown value
R13=0x0000000000000008 is an unknown value
R14=0x0000000000000000 is an unknown value
R15=0xffffffffffffffff is an unknown value


Stack: [0x0000000014c70000,0x0000000014d70000],  sp=0x0000000014d6f490,  free space=1021k
Native frames: (J=compiled Java code, j=interpreted, Vv=VM code, C=native code)
C  [KERNELBASE.dll+0x33c58]
C  [MSVCR110.dll+0x5e92c]
C  [MSVCR110.dll+0x1315c]
C  [MSVCR110.dll+0x136a9]
C  [MSVCR110.dll+0x13e9c]
C  [MSVCR110.dll+0x239e]
C  [MSVCR110.dll+0xaf9e]
C  [MSVCP110.dll+0x397b9]
C  [librdi_common.dll+0x14283e]
C  [librdi_common.dll+0x141449]
C  0x00007fff24662400
C  0x00007fff24662682
C  [ntdll.dll+0x2a37f]
C  [ntdll.dll+0x806b]
C  [ntdll.dll+0x7d94]
C  [KERNEL32.DLL+0x1ce6a]
C  [MSVCR100.dll+0x20ccd]
V  [jvm.dll+0x20f135]
V  [jvm.dll+0x247ef7]
V  [jvm.dll+0x247196]
V  [jvm.dll+0x247631]
V  [jvm.dll+0x24784e]
V  [jvm.dll+0x29853a]
C  [MSVCR100.dll+0x21d9f]
C  [MSVCR100.dll+0x21e3b]
C  [KERNEL32.DLL+0x8364]
C  [ntdll.dll+0x67091]

VM_Operation (0x000000000014f500): Exit, mode: safepoint, requested by thread 0x00000000025f4000


---------------  P R O C E S S  ---------------

Java Threads: ( => current thread )
  0x00000000175e7800 JavaThread "Spawner Reaper" daemon [_thread_in_native, id=17296, stack(0x000000002c5d0000,0x000000002c6d0000)]
  0x00000000175e9800 JavaThread "Set STDIO Tab defaults" [_thread_blocked, id=14932, stack(0x000000002aad0000,0x000000002abd0000)]
  0x00000000175e4800 JavaThread "Set STDIO Tab defaults" [_thread_blocked, id=5532, stack(0x00000000298d0000,0x00000000299d0000)]
  0x00000000175e6000 JavaThread "Thread-24" daemon [_thread_blocked, id=16228, stack(0x00000000296d0000,0x00000000297d0000)]
  0x0000000016a8e800 JavaThread "TCF Locator DNS Lookup" daemon [_thread_blocked, id=16340, stack(0x0000000023640000,0x0000000023740000)]
  0x0000000016a8a800 JavaThread "TCF Locator Timer" daemon [_thread_blocked, id=9104, stack(0x0000000023540000,0x0000000023640000)]
  0x00000000171fa000 JavaThread "TCF Locator Receiver" daemon [_thread_blocked, id=14088, stack(0x0000000023440000,0x0000000023540000)]
  0x00000000171f5000 JavaThread "TCF Timer Dispatcher" daemon [_thread_blocked, id=16152, stack(0x0000000023040000,0x0000000023140000)]
  0x000000001674c000 JavaThread "EMF Reference Cleaner" daemon [_thread_blocked, id=15912, stack(0x0000000018610000,0x0000000018710000)]
  0x00000000154a0800 JavaThread "Service Thread" daemon [_thread_blocked, id=10580, stack(0x0000000015870000,0x0000000015970000)]
  0x0000000013c12800 JavaThread "C1 CompilerThread2" daemon [_thread_blocked, id=13524, stack(0x0000000015370000,0x0000000015470000)]
  0x0000000013c0c800 JavaThread "C2 CompilerThread1" daemon [_thread_blocked, id=13464, stack(0x0000000015270000,0x0000000015370000)]
  0x0000000013c0a800 JavaThread "C2 CompilerThread0" daemon [_thread_blocked, id=7932, stack(0x0000000015170000,0x0000000015270000)]
  0x0000000013c09000 JavaThread "Attach Listener" daemon [_thread_blocked, id=13804, stack(0x0000000015070000,0x0000000015170000)]
  0x0000000013c08000 JavaThread "Signal Dispatcher" daemon [_thread_blocked, id=13496, stack(0x0000000014f70000,0x0000000015070000)]
  0x0000000013bc9000 JavaThread "Finalizer" daemon [_thread_blocked, id=14044, stack(0x0000000014e70000,0x0000000014f70000)]
  0x00000000026e4800 JavaThread "Reference Handler" daemon [_thread_blocked, id=13872, stack(0x0000000014d70000,0x0000000014e70000)]
  0x00000000025f4000 JavaThread "main" [_thread_blocked, id=7956, stack(0x0000000000050000,0x0000000000150000)]

Other Threads:
=>0x0000000013bc7800 VMThread [stack: 0x0000000014c70000,0x0000000014d70000] [id=4844]

VM state:at safepoint (shutting down)

VM Mutex/Monitor currently owned by a thread:  ([mutex/lock_event])
[0x00000000025f07d0] Threads_lock - owner thread: 0x0000000013bc7800

Heap:
 PSYoungGen      total 89600K, used 23976K [0x00000000f5580000, 0x00000000fe700000, 0x0000000100000000)
  eden space 84480K, 28% used [0x00000000f5580000,0x00000000f6cea090,0x00000000fa800000)
  from space 5120K, 0% used [0x00000000fa800000,0x00000000fa800000,0x00000000fad00000)
  to   space 32256K, 0% used [0x00000000fc780000,0x00000000fc780000,0x00000000fe700000)
 ParOldGen       total 93696K, used 57115K [0x00000000e0000000, 0x00000000e5b80000, 0x00000000f5580000)
  object space 93696K, 60% used [0x00000000e0000000,0x00000000e37c6fe8,0x00000000e5b80000)
 Metaspace       used 84965K, capacity 91862K, committed 92032K, reserved 1128448K
  class space    used 10455K, capacity 12610K, committed 12672K, reserved 1048576K

Card table byte_map: [0x0000000011ba0000,0x0000000011cb0000] byte_map_base: 0x00000000114a0000

Marking Bits: (ParMarkBitMap*) 0x0000000056d24040
 Begin Bits: [0x0000000012160000, 0x0000000012960000)
 End Bits:   [0x0000000012960000, 0x0000000013160000)

Polling page: 0x0000000000560000

CodeCache: size=245760Kb used=35003Kb max_used=35020Kb free=210756Kb
 bounds [0x00000000027e0000, 0x0000000004a60000, 0x00000000117e0000]
 total_blobs=10617 nmethods=9771 adapters=754
 compilation: enabled

Compilation events (10 events):
Event: 183.713 Thread 0x0000000013c0a800 nmethod 12099 0x00000000037b05d0 code [0x00000000037b0840, 0x00000000037b2e00]
Event: 183.754 Thread 0x0000000013c12800 12114   !   3       org.eclipse.osgi.internal.baseadaptor.BaseStorage::compact (215 bytes)
Event: 183.755 Thread 0x0000000013c12800 nmethod 12114 0x0000000004a358d0 code [0x0000000004a35d20, 0x0000000004a381e8]
Event: 183.792 Thread 0x0000000013c0c800 nmethod 12098 0x0000000004a56c10 code [0x0000000004a56fc0, 0x0000000004a5a440]
Event: 183.830 Thread 0x0000000013c0a800 12115       4       java.io.File::isDirectory (43 bytes)
Event: 183.833 Thread 0x0000000013c0a800 nmethod 12115 0x000000000324d890 code [0x000000000324d9e0, 0x000000000324dbe8]
Event: 183.835 Thread 0x0000000013c12800 12116       3       org.eclipse.osgi.framework.internal.core.AbstractBundle::close (52 bytes)
Event: 183.836 Thread 0x0000000013c12800 nmethod 12116 0x00000000037af110 code [0x00000000037af340, 0x00000000037b0048]
Event: 183.836 Thread 0x0000000013c12800 12117       3       sun.nio.cs.StreamEncoder::implFlushBuffer (15 bytes)
Event: 183.837 Thread 0x0000000013c12800 nmethod 12117 0x0000000003c5dd50 code [0x0000000003c5dec0, 0x0000000003c5e128]

GC Heap History (10 events):
Event: 102.424 GC heap before
{Heap before GC invocations=20 (full 4):
 PSYoungGen      total 113152K, used 24290K [0x00000000f5580000, 0x00000000fe880000, 0x0000000100000000)
  eden space 81920K, 0% used [0x00000000f5580000,0x00000000f5580000,0x00000000fa580000)
  from space 31232K, 77% used [0x00000000fc600000,0x00000000fddb88d8,0x00000000fe480000)
  to   space 33280K, 0% used [0x00000000fa580000,0x00000000fa580000,0x00000000fc600000)
 ParOldGen       total 93696K, used 40163K [0x00000000e0000000, 0x00000000e5b80000, 0x00000000f5580000)
  object space 93696K, 42% used [0x00000000e0000000,0x00000000e2738dd8,0x00000000e5b80000)
 Metaspace       used 79818K, capacity 86242K, committed 86400K, reserved 1124352K
  class space    used 9878K, capacity 11789K, committed 11904K, reserved 1048576K
Event: 102.656 GC heap after
Heap after GC invocations=20 (full 4):
 PSYoungGen      total 113152K, used 0K [0x00000000f5580000, 0x00000000fe880000, 0x0000000100000000)
  eden space 81920K, 0% used [0x00000000f5580000,0x00000000f5580000,0x00000000fa580000)
  from space 31232K, 0% used [0x00000000fc600000,0x00000000fc600000,0x00000000fe480000)
  to   space 33280K, 0% used [0x00000000fa580000,0x00000000fa580000,0x00000000fc600000)
 ParOldGen       total 93696K, used 55960K [0x00000000e0000000, 0x00000000e5b80000, 0x00000000f5580000)
  object space 93696K, 59% used [0x00000000e0000000,0x00000000e36a6058,0x00000000e5b80000)
 Metaspace       used 79818K, capacity 86242K, committed 86400K, reserved 1124352K
  class space    used 9878K, capacity 11789K, committed 11904K, reserved 1048576K
}
Event: 146.394 GC heap before
{Heap before GC invocations=21 (full 4):
 PSYoungGen      total 113152K, used 81920K [0x00000000f5580000, 0x00000000fe880000, 0x0000000100000000)
  eden space 81920K, 100% used [0x00000000f5580000,0x00000000fa580000,0x00000000fa580000)
  from space 31232K, 0% used [0x00000000fc600000,0x00000000fc600000,0x00000000fe480000)
  to   space 33280K, 0% used [0x00000000fa580000,0x00000000fa580000,0x00000000fc600000)
 ParOldGen       total 93696K, used 55960K [0x00000000e0000000, 0x00000000e5b80000, 0x00000000f5580000)
  object space 93696K, 59% used [0x00000000e0000000,0x00000000e36a6058,0x00000000e5b80000)
 Metaspace       used 83173K, capacity 90220K, committed 90496K, reserved 1128448K
  class space    used 10287K, capacity 12409K, committed 12416K, reserved 1048576K
Event: 146.400 GC heap after
Heap after GC invocations=21 (full 4):
 PSYoungGen      total 115200K, used 6673K [0x00000000f5580000, 0x00000000fea00000, 0x0000000100000000)
  eden space 81920K, 0% used [0x00000000f5580000,0x00000000f5580000,0x00000000fa580000)
  from space 33280K, 20% used [0x00000000fa580000,0x00000000fac04458,0x00000000fc600000)
  to   space 32768K, 0% used [0x00000000fca00000,0x00000000fca00000,0x00000000fea00000)
 ParOldGen       total 93696K, used 55968K [0x00000000e0000000, 0x00000000e5b80000, 0x00000000f5580000)
  object space 93696K, 59% used [0x00000000e0000000,0x00000000e36a8058,0x00000000e5b80000)
 Metaspace       used 83173K, capacity 90220K, committed 90496K, reserved 1128448K
  class space    used 10287K, capacity 12409K, committed 12416K, reserved 1048576K
}
Event: 171.144 GC heap before
{Heap before GC invocations=22 (full 4):
 PSYoungGen      total 115200K, used 88593K [0x00000000f5580000, 0x00000000fea00000, 0x0000000100000000)
  eden space 81920K, 100% used [0x00000000f5580000,0x00000000fa580000,0x00000000fa580000)
  from space 33280K, 20% used [0x00000000fa580000,0x00000000fac04458,0x00000000fc600000)
  to   space 32768K, 0% used [0x00000000fca00000,0x00000000fca00000,0x00000000fea00000)
 ParOldGen       total 93696K, used 55968K [0x00000000e0000000, 0x00000000e5b80000, 0x00000000f5580000)
  object space 93696K, 59% used [0x00000000e0000000,0x00000000e36a8058,0x00000000e5b80000)
 Metaspace       used 83747K, capacity 90678K, committed 90880K, reserved 1128448K
  class space    used 10330K, capacity 12450K, committed 12544K, reserved 1048576K
Event: 171.149 GC heap after
Heap after GC invocations=22 (full 4):
 PSYoungGen      total 115200K, used 5360K [0x00000000f5580000, 0x00000000fe800000, 0x0000000100000000)
  eden space 84480K, 0% used [0x00000000f5580000,0x00000000f5580000,0x00000000fa800000)
  from space 30720K, 17% used [0x00000000fca00000,0x00000000fcf3c030,0x00000000fe800000)
  to   space 32768K, 0% used [0x00000000fa800000,0x00000000fa800000,0x00000000fc800000)
 ParOldGen       total 93696K, used 55976K [0x00000000e0000000, 0x00000000e5b80000, 0x00000000f5580000)
  object space 93696K, 59% used [0x00000000e0000000,0x00000000e36aa058,0x00000000e5b80000)
 Metaspace       used 83747K, capacity 90678K, committed 90880K, reserved 1128448K
  class space    used 10330K, capacity 12450K, committed 12544K, reserved 1048576K
}
Event: 178.129 GC heap before
{Heap before GC invocations=23 (full 4):
 PSYoungGen      total 115200K, used 19175K [0x00000000f5580000, 0x00000000fe800000, 0x0000000100000000)
  eden space 84480K, 16% used [0x00000000f5580000,0x00000000f62fdbe8,0x00000000fa800000)
  from space 30720K, 17% used [0x00000000fca00000,0x00000000fcf3c030,0x00000000fe800000)
  to   space 32768K, 0% used [0x00000000fa800000,0x00000000fa800000,0x00000000fc800000)
 ParOldGen       total 93696K, used 55976K [0x00000000e0000000, 0x00000000e5b80000, 0x00000000f5580000)
  object space 93696K, 59% used [0x00000000e0000000,0x00000000e36aa058,0x00000000e5b80000)
 Metaspace       used 83817K, capacity 90742K, committed 91136K, reserved 1128448K
  class space    used 10331K, capacity 12450K, committed 12544K, reserved 1048576K
Event: 178.134 GC heap after
Heap after GC invocations=23 (full 4):
 PSYoungGen      total 89600K, used 4624K [0x00000000f5580000, 0x00000000fe700000, 0x0000000100000000)
  eden space 84480K, 0% used [0x00000000f5580000,0x00000000f5580000,0x00000000fa800000)
  from space 5120K, 90% used [0x00000000fa800000,0x00000000fac84010,0x00000000fad00000)
  to   space 32256K, 0% used [0x00000000fc780000,0x00000000fc780000,0x00000000fe700000)
 ParOldGen       total 93696K, used 55984K [0x00000000e0000000, 0x00000000e5b80000, 0x00000000f5580000)
  object space 93696K, 59% used [0x00000000e0000000,0x00000000e36ac058,0x00000000e5b80000)
 Metaspace       used 83817K, capacity 90742K, committed 91136K, reserved 1128448K
  class space    used 10331K, capacity 12450K, committed 12544K, reserved 1048576K
}
Event: 178.134 GC heap before
{Heap before GC invocations=24 (full 5):
 PSYoungGen      total 89600K, used 4624K [0x00000000f5580000, 0x00000000fe700000, 0x0000000100000000)
  eden space 84480K, 0% used [0x00000000f5580000,0x00000000f5580000,0x00000000fa800000)
  from space 5120K, 90% used [0x00000000fa800000,0x00000000fac84010,0x00000000fad00000)
  to   space 32256K, 0% used [0x00000000fc780000,0x00000000fc780000,0x00000000fe700000)
 ParOldGen       total 93696K, used 55984K [0x00000000e0000000, 0x00000000e5b80000, 0x00000000f5580000)
  object space 93696K, 59% used [0x00000000e0000000,0x00000000e36ac058,0x00000000e5b80000)
 Metaspace       used 83817K, capacity 90742K, committed 91136K, reserved 1128448K
  class space    used 10331K, capacity 12450K, committed 12544K, reserved 1048576K
Event: 178.422 GC heap after
Heap after GC invocations=24 (full 5):
 PSYoungGen      total 89600K, used 0K [0x00000000f5580000, 0x00000000fe700000, 0x0000000100000000)
  eden space 84480K, 0% used [0x00000000f5580000,0x00000000f5580000,0x00000000fa800000)
  from space 5120K, 0% used [0x00000000fa800000,0x00000000fa800000,0x00000000fad00000)
  to   space 32256K, 0% used [0x00000000fc780000,0x00000000fc780000,0x00000000fe700000)
 ParOldGen       total 93696K, used 57115K [0x00000000e0000000, 0x00000000e5b80000, 0x00000000f5580000)
  object space 93696K, 60% used [0x00000000e0000000,0x00000000e37c6fe8,0x00000000e5b80000)
 Metaspace       used 83817K, capacity 90742K, committed 91136K, reserved 1128448K
  class space    used 10331K, capacity 12450K, committed 12544K, reserved 1048576K
}

Deoptimization events (10 events):
Event: 183.077 Thread 0x00000000025f4000 Uncommon trap: reason=class_check action=maybe_recompile pc=0x00000000049d6060 method=org.eclipse.e4.core.internal.contexts.ContextObjectSupplier$ContextInjectionListener.update(Lorg/eclipse/e4/core/contexts/IEclipseContext;I[Ljava/lang/Object;)Z @ 173
Event: 183.121 Thread 0x00000000025f4000 Uncommon trap: reason=unstable_if action=reinterpret pc=0x00000000047c6248 method=org.eclipse.swt.graphics.Resource.dispose()V @ 15
Event: 183.123 Thread 0x00000000025f4000 Uncommon trap: reason=bimorphic action=maybe_recompile pc=0x0000000003e86854 method=java.io.Writer.write(Ljava/lang/String;)V @ 7
Event: 183.123 Thread 0x00000000025f4000 Uncommon trap: reason=bimorphic action=maybe_recompile pc=0x0000000003e86854 method=java.io.Writer.write(Ljava/lang/String;)V @ 7
Event: 183.123 Thread 0x00000000025f4000 Uncommon trap: reason=bimorphic action=maybe_recompile pc=0x0000000003e86854 method=java.io.Writer.write(Ljava/lang/String;)V @ 7
Event: 183.123 Thread 0x00000000025f4000 Uncommon trap: reason=bimorphic action=maybe_recompile pc=0x0000000003e86854 method=java.io.Writer.write(Ljava/lang/String;)V @ 7
Event: 183.126 Thread 0x00000000025f4000 Uncommon trap: reason=unstable_if action=reinterpret pc=0x0000000002c6fc3c method=sun.nio.cs.UTF_8$Encoder.encodeArrayLoop(Ljava/nio/CharBuffer;Ljava/nio/ByteBuffer;)Ljava/nio/charset/CoderResult; @ 87
Event: 183.658 Thread 0x00000000025f4000 Uncommon trap: reason=unstable_if action=reinterpret pc=0x000000000331c620 method=org.eclipse.core.runtime.internal.adaptor.EclipseLazyStarter.shouldActivateFor(Ljava/lang/String;Lorg/eclipse/osgi/baseadaptor/BaseData;Lorg/eclipse/core/runtime/internal/ada‰²Èô”õf@
Event: 183.674 Thread 0x00000000025f4000 Uncommon trap: reason=unstable_if action=reinterpret pc=0x0000000003fdfa5c method=org.eclipse.core.internal.dtree.AbstractDataTreeNode.assembleWith([Lorg/eclipse/core/internal/dtree/AbstractDataTreeNode;[Lorg/eclipse/core/internal/dtree/AbstractDataTreeNod‡'|û¹úf@
Event: 183.835 Thread 0x00000000025f4000 Uncommon trap: reason=unstable_if action=reinterpret pc=0x00000000045a6e8c method=sun.reflect.UnsafeStaticObjectFieldAccessorImpl.set(Ljava/lang/Object;Ljava/lang/Object;)V @ 13

Internal exceptions (10 events):
Event: 182.812 Thread 0x00000000025f4000 Implicit null exception at 0x0000000002f3ff8c to 0x0000000002f3ffe9
Event: 182.905 Thread 0x00000000025f4000 Implicit null exception at 0x0000000003f70445 to 0x0000000003f70715
Event: 182.941 Thread 0x00000000175e6800 Implicit null exception at 0x000000000292aac0 to 0x000000000292b0d5
Event: 183.114 Thread 0x00000000175dc000 Exception <a 'java/lang/InterruptedException'> (0x00000000f6703ae0) thrown at [C:\re\workspace\8-2-build-windows-amd64-cygwin\jdk8u45\3627\hotspot\src\share\vm\runtime\objectMonitor.cpp, line 1683]
Event: 183.701 Thread 0x0000000016737800 Exception <a 'java/lang/InterruptedException': sleep interrupted> (0x00000000f6a334f0) thrown at [C:\re\workspace\8-2-build-windows-amd64-cygwin\jdk8u45\3627\hotspot\src\share\vm\prims\jvm.cpp, line 3211]
Event: 183.705 Thread 0x0000000019a2f000 Exception <a 'java/lang/InterruptedException'> (0x00000000f6b06ff8) thrown at [C:\re\workspace\8-2-build-windows-amd64-cygwin\jdk8u45\3627\hotspot\src\share\vm\runtime\objectMonitor.cpp, line 1683]
Event: 183.706 Thread 0x000000001620b000 Exception <a 'java/lang/InterruptedException'> (0x00000000f6b1d500) thrown at [C:\re\workspace\8-2-build-windows-amd64-cygwin\jdk8u45\3627\hotspot\src\share\vm\runtime\objectMonitor.cpp, line 1683]
Event: 183.835 Thread 0x00000000025f4000 Implicit null exception at 0x00000000045a6b77 to 0x00000000045a6e79
Event: 183.835 Thread 0x0000000016214800 Exception <a 'java/lang/InterruptedException'> (0x00000000f6a31f00) thrown at [C:\re\workspace\8-2-build-windows-amd64-cygwin\jdk8u45\3627\hotspot\src\share\vm\runtime\objectMonitor.cpp, line 1683]
Event: 183.836 Thread 0x00000000175df000 Exception <a 'java/io/IOException'> (0x00000000f6cd3f80) thrown at [C:\re\workspace\8-2-build-windows-amd64-cygwin\jdk8u45\3627\hotspot\src\share\vm\prims\jni.cpp, line 709]

Events (10 events):
Event: 183.836 Executing VM operation: RevokeBias
Event: 183.836 Executing VM operation: RevokeBias done
Event: 183.836 Executing VM operation: RevokeBias
Event: 183.836 Executing VM operation: RevokeBias done
Event: 183.836 Executing VM operation: RevokeBias
Event: 183.836 Executing VM operation: RevokeBias done
Event: 183.836 Executing VM operation: RevokeBias
Event: 183.836 Executing VM operation: RevokeBias done
Event: 183.837 Thread 0x00000000175df000 Thread exited: 0x00000000175df000
Event: 183.837 Executing VM operation: Exit


Dynamic libraries:
0x0000000000400000 - 0x000000000044f000 	D:\Xilinx\SDK\2015.4\eclipse\win64.o\eclipse.exe
0x00007fff301a0000 - 0x00007fff30372000 	C:\Windows\SYSTEM32\ntdll.dll
0x00007fff2e140000 - 0x00007fff2e1ec000 	C:\Windows\System32\KERNEL32.DLL
0x00007fff2d510000 - 0x00007fff2d72d000 	C:\Windows\System32\KERNELBASE.dll
0x00007fff2e520000 - 0x00007fff2e685000 	C:\Windows\System32\USER32.dll
0x00007fff2d4f0000 - 0x00007fff2d50e000 	C:\Windows\System32\win32u.dll
0x00007fff2fba0000 - 0x00007fff2fbd4000 	C:\Windows\System32\GDI32.dll
0x00007fff2c6a0000 - 0x00007fff2c820000 	C:\Windows\System32\gdi32full.dll
0x00007fff2fcc0000 - 0x00007fff2fd5e000 	C:\Windows\System32\msvcrt.dll
0x00007fff18f30000 - 0x00007fff191aa000 	C:\Windows\WinSxS\amd64_microsoft.windows.common-controls_6595b64144ccf1df_6.0.14393.953_none_42151e83c686086b\COMCTL32.dll
0x00007fff2d730000 - 0x00007fff2d9f8000 	C:\Windows\System32\combase.dll
0x00007fff2d160000 - 0x00007fff2d255000 	C:\Windows\System32\ucrtbase.dll
0x00007fff30020000 - 0x00007fff30141000 	C:\Windows\System32\RPCRT4.dll
0x00007fff2d430000 - 0x00007fff2d49a000 	C:\Windows\System32\bcryptPrimitives.dll
0x00007fff30150000 - 0x00007fff3017e000 	C:\Windows\System32\IMM32.DLL
0x0000000072000000 - 0x0000000072012000 	D:\Xilinx\SDK\2015.4\eclipse\win64.o\plugins\org.eclipse.equinox.launcher.win32.win32.x86_64_1.1.200.v20140116-2212\eclipse_1503.dll
0x00007fff2fdc0000 - 0x00007fff2fe62000 	C:\Windows\System32\ADVAPI32.dll
0x00007fff2e420000 - 0x00007fff2e479000 	C:\Windows\System32\sechost.dll
0x00007fff282d0000 - 0x00007fff282da000 	C:\Windows\SYSTEM32\VERSION.dll
0x00007fff2aed0000 - 0x00007fff2af65000 	C:\Windows\system32\uxtheme.dll
0x00007fff2e2c0000 - 0x00007fff2e41a000 	C:\Windows\System32\MSCTF.dll
0x00007fff2e1f0000 - 0x00007fff2e2af000 	C:\Windows\System32\OLEAUT32.dll
0x00007fff2d0c0000 - 0x00007fff2d15c000 	C:\Windows\System32\msvcp_win.dll
0x0000000056520000 - 0x0000000056da3000 	D:\Xilinx\SDK\2015.4\tps\win64\jre\bin\server\jvm.dll
0x00007fff2dca0000 - 0x00007fff2dca8000 	C:\Windows\System32\PSAPI.DLL
0x00007fff122a0000 - 0x00007fff122a9000 	C:\Windows\SYSTEM32\WSOCK32.dll
0x00007fff2a9a0000 - 0x00007fff2a9c3000 	C:\Windows\SYSTEM32\WINMM.dll
0x000000005d290000 - 0x000000005d362000 	C:\Windows\SYSTEM32\MSVCR100.dll
0x00007fff2fc50000 - 0x00007fff2fcba000 	C:\Windows\System32\WS2_32.dll
0x0000000002170000 - 0x000000000219b000 	C:\Windows\SYSTEM32\WINMMBASE.dll
0x00007fff2d4a0000 - 0x00007fff2d4e2000 	C:\Windows\System32\cfgmgr32.dll
0x00000000563e0000 - 0x00000000563ef000 	D:\Xilinx\SDK\2015.4\tps\win64\jre\bin\verify.dll
0x00000000563b0000 - 0x00000000563d9000 	D:\Xilinx\SDK\2015.4\tps\win64\jre\bin\java.dll
0x0000000056390000 - 0x00000000563a6000 	D:\Xilinx\SDK\2015.4\tps\win64\jre\bin\zip.dll
0x00007fff2e690000 - 0x00007fff2fb98000 	C:\Windows\System32\SHELL32.dll
0x00007fff2c930000 - 0x00007fff2d008000 	C:\Windows\System32\windows.storage.dll
0x00007fff2c630000 - 0x00007fff2c67c000 	C:\Windows\System32\powrprof.dll
0x00007fff2fe70000 - 0x00007fff2fec2000 	C:\Windows\System32\shlwapi.dll
0x00007fff2c690000 - 0x00007fff2c69f000 	C:\Windows\System32\kernel.appcore.dll
0x00007fff2c880000 - 0x00007fff2c929000 	C:\Windows\System32\shcore.dll
0x00007fff2c610000 - 0x00007fff2c624000 	C:\Windows\System32\profapi.dll
0x00007fff2c090000 - 0x00007fff2c0a7000 	C:\Windows\SYSTEM32\CRYPTSP.dll
0x00007fff2bae0000 - 0x00007fff2bb13000 	C:\Windows\system32\rsaenh.dll
0x00007fff2c550000 - 0x00007fff2c57b000 	C:\Windows\SYSTEM32\bcrypt.dll
0x00007fff2bd60000 - 0x00007fff2bd7f000 	C:\Windows\SYSTEM32\USERENV.dll
0x00007fff2c080000 - 0x00007fff2c08b000 	C:\Windows\SYSTEM32\CRYPTBASE.dll
0x0000000056370000 - 0x000000005638a000 	D:\Xilinx\SDK\2015.4\tps\win64\jre\bin\net.dll
0x00007fff2bee0000 - 0x00007fff2bf3c000 	C:\Windows\system32\mswsock.dll
0x00007fff2bc60000 - 0x00007fff2bc98000 	C:\Windows\SYSTEM32\IPHLPAPI.DLL
0x00007fff2e2b0000 - 0x00007fff2e2b8000 	C:\Windows\System32\NSI.dll
0x00007fff24590000 - 0x00007fff245a6000 	C:\Windows\SYSTEM32\dhcpcsvc6.DLL
0x00007fff24860000 - 0x00007fff2487a000 	C:\Windows\SYSTEM32\dhcpcsvc.DLL
0x0000000056350000 - 0x0000000056361000 	D:\Xilinx\SDK\2015.4\tps\win64\jre\bin\nio.dll
0x00007fff196c0000 - 0x00007fff196d6000 	C:\Windows\system32\napinsp.dll
0x00007fff196e0000 - 0x00007fff196fa000 	C:\Windows\system32\pnrpnsp.dll
0x00007fff28800000 - 0x00007fff28818000 	C:\Windows\system32\NLAapi.dll
0x00007fff2bca0000 - 0x00007fff2bd41000 	C:\Windows\SYSTEM32\DNSAPI.dll
0x00007fff1eba0000 - 0x00007fff1ebae000 	C:\Windows\System32\winrnr.dll
0x0000000063560000 - 0x0000000063569000 	C:\Program Files\National Instruments\Shared\mDNS Responder\nimdnsNSP.dll
0x0000000063550000 - 0x000000006355e000 	C:\Windows\SYSTEM32\nimdnsResponder.dll
0x000000005d540000 - 0x000000005d5e3000 	C:\Windows\WinSxS\amd64_microsoft.vc90.crt_1fc8b3b9a1e18e3b_9.0.30729.9247_none_08e394a1a83e212f\MSVCR90.dll
0x000000005d510000 - 0x000000005d536000 	C:\Program Files\Bonjour\mdnsNSP.dll
0x00007fff22f20000 - 0x00007fff22f2a000 	C:\Windows\System32\rasadhlp.dll
0x00007fff245c0000 - 0x00007fff2462a000 	C:\Windows\System32\fwpuclnt.dll
0x0000000016870000 - 0x0000000016918000 	C:\Users\4230\.Xilinx\SDK\2015.4\org.eclipse.osgi\bundles\303\1\.cp\swt-win32-4335.dll
0x00007fff2fee0000 - 0x00007fff30018000 	C:\Windows\System32\ole32.dll
0x00007fff2da00000 - 0x00007fff2dafa000 	C:\Windows\System32\comdlg32.dll
0x00007fff2d260000 - 0x00007fff2d429000 	C:\Windows\System32\CRYPT32.dll
0x00007fff2c680000 - 0x00007fff2c690000 	C:\Windows\System32\MSASN1.dll
0x00007fff23580000 - 0x00007fff23606000 	C:\Windows\SYSTEM32\WINSPOOL.DRV
0x00007fff13c30000 - 0x00007fff13c49000 	C:\Windows\SYSTEM32\USP10.dll
0x00007fff16050000 - 0x00007fff1631a000 	C:\Windows\SYSTEM32\WININET.dll
0x00007fff2a300000 - 0x00007fff2a326000 	C:\Windows\system32\dwmapi.dll
0x00007fff2a0b0000 - 0x00007fff2a235000 	C:\Windows\SYSTEM32\propsys.dll
0x00007fff2e480000 - 0x00007fff2e51f000 	C:\Windows\System32\clbcatq.dll
0x0000000018380000 - 0x000000001839e000 	C:\Users\4230\.Xilinx\SDK\2015.4\org.eclipse.osgi\bundles\303\1\.cp\swt-gdip-win32-4335.dll
0x00007fff157c0000 - 0x00007fff15959000 	C:\Windows\WinSxS\amd64_microsoft.windows.gdiplus_6595b64144ccf1df_1.1.14393.1715_none_aec701fbddd850fa\gdiplus.dll
0x00007fff297a0000 - 0x00007fff29948000 	C:\Windows\SYSTEM32\WindowsCodecs.dll
0x0000000180000000 - 0x0000000180012000 	C:\Users\4230\.Xilinx\SDK\2015.4\org.eclipse.osgi\bundles\121\1\.cp\os\win32\x86_64\localfile_1_0_0.dll
0x00007fff13c10000 - 0x00007fff13c21000 	C:\Users\4230\.Xilinx\SDK\2015.4\org.eclipse.osgi\bundles\124\1\.cp\jWinHttp-1.0.0.dll
0x00007fff29950000 - 0x00007fff29a1d000 	C:\Windows\SYSTEM32\WINHTTP.dll
0x00007fff13db0000 - 0x00007fff13e15000 	C:\Windows\SYSTEM32\oleacc.dll
0x00007fff25430000 - 0x00007fff2543f000 	D:\Xilinx\SDK\2015.4\lib\win64.o\librdi_repo_manager.dll
0x00007fff13b80000 - 0x00007fff13baa000 	D:\Xilinx\SDK\2015.4\lib\win64.o\libisl_sysinfo.dll
0x00007ffedc280000 - 0x00007ffedcc0d000 	D:\Xilinx\SDK\2015.4\lib\win64.o\librdi_common.dll
0x00007fff13bb0000 - 0x00007fff13c04000 	D:\Xilinx\SDK\2015.4\lib\win64.o\librdi_commonxillic.dll
0x00007fff08a60000 - 0x00007fff08b07000 	C:\Windows\SYSTEM32\MSVCP110.dll
0x00007ffedb8e0000 - 0x00007ffedbacc000 	D:\Xilinx\SDK\2015.4\lib\win64.o\librdi_hsm.dll
0x00007fff08b60000 - 0x00007fff08c34000 	C:\Windows\SYSTEM32\MSVCR110.dll
0x00007ffee1ea0000 - 0x00007ffee20be000 	D:\Xilinx\SDK\2015.4\lib\win64.o\libXil_lmgr11.dll
0x00007fff2c820000 - 0x00007fff2c875000 	C:\Windows\System32\WINTRUST.dll
0x00007ffedbf10000 - 0x00007ffedc27e000 	D:\Xilinx\SDK\2015.4\lib\win64.o\libCOIN-all.dll
0x00007fff25280000 - 0x00007fff25290000 	D:\Xilinx\SDK\2015.4\lib\win64.o\libboost_date_time.dll
0x00007fff13b50000 - 0x00007fff13b72000 	D:\Xilinx\SDK\2015.4\lib\win64.o\libboost_filesystem.dll
0x00007ffee2250000 - 0x00007ffee22c4000 	D:\Xilinx\SDK\2015.4\lib\win64.o\libboost_program_options.dll
0x00007ffee22d0000 - 0x00007ffee23ca000 	D:\Xilinx\SDK\2015.4\lib\win64.o\libboost_regex.dll
0x00007fff13940000 - 0x00007fff13953000 	D:\Xilinx\SDK\2015.4\lib\win64.o\libboost_signals.dll
0x00007fff253a0000 - 0x00007fff253a9000 	D:\Xilinx\SDK\2015.4\lib\win64.o\libboost_system.dll
0x00007fff11d80000 - 0x00007fff11d9d000 	D:\Xilinx\SDK\2015.4\lib\win64.o\libboost_thread.dll
0x00007fff24fc0000 - 0x00007fff24fcb000 	D:\Xilinx\SDK\2015.4\lib\win64.o\libboost_xilinx.dll
0x00007ffee1970000 - 0x00007ffee19f0000 	D:\Xilinx\SDK\2015.4\lib\win64.o\libhdlpsolve.dll
0x00007ffee18d0000 - 0x00007ffee196a000 	D:\Xilinx\SDK\2015.4\lib\win64.o\libhdxml.dll
0x00007ffedbad0000 - 0x00007ffedbf04e00 	D:\Xilinx\SDK\2015.4\lib\win64.o\libisl_iostreams.dll
0x00007fff06010000 - 0x00007fff06025000 	D:\Xilinx\SDK\2015.4\lib\win64.o\pthreadVC2.dll
0x00007ffee1660000 - 0x00007ffee1790000 	D:\Xilinx\SDK\2015.4\lib\win64.o\librdi_curl.dll
0x00007fff07f00000 - 0x00007fff07f18000 	D:\Xilinx\SDK\2015.4\lib\win64.o\librdiconfig.dll
0x00007ffee2aa0000 - 0x00007ffee2ac3000 	D:\Xilinx\SDK\2015.4\lib\win64.o\librdizlib.dll
0x00000000563f0000 - 0x0000000056517000 	D:\Xilinx\SDK\2015.4\lib\win64.o\tcl85t.dll
0x00007fff20c30000 - 0x00007fff20df3000 	C:\Windows\SYSTEM32\urlmon.dll
0x0000000023d40000 - 0x0000000023fa3000 	D:\Xilinx\SDK\2015.4\lib\win64.o\xerces-c_3_1.dll
0x00007fff10be0000 - 0x00007fff10c03000 	C:\Windows\SYSTEM32\VCOMP110.DLL
0x00007ffee1880000 - 0x00007ffee18c3000 	D:\Xilinx\SDK\2015.4\lib\win64.o\librdi_hdf.dll
0x00007ffedb680000 - 0x00007ffedb8d5000 	D:\Xilinx\SDK\2015.4\lib\win64.o\librdi_ippcw.dll
0x00007fff22f00000 - 0x00007fff22f18000 	C:\Windows\SYSTEM32\NETAPI32.dll
0x00007fff24680000 - 0x00007fff2468b000 	D:\Xilinx\SDK\2015.4\lib\win64.o\libboost_chrono.dll
0x00007fff06bc0000 - 0x00007fff06bd6000 	D:\Xilinx\SDK\2015.4\lib\win64.o\libboost_iostreams.dll
0x00007ffee2220000 - 0x00007ffee2243000 	D:\Xilinx\SDK\2015.4\lib\win64.o\libisl_iosutils.dll
0x00007fff255c0000 - 0x00007fff25865000 	C:\Windows\SYSTEM32\iertutil.dll
0x00007fff283a0000 - 0x00007fff283a7000 	C:\Windows\SYSTEM32\msimg32.dll
0x00007fff11f60000 - 0x00007fff11fa2000 	C:\Windows\SYSTEM32\edputil.dll
0x00007ffeda470000 - 0x00007ffedac80000 	D:\Xilinx\SDK\2015.4\lib\win64.o\libXil_lmgr11FNP.dll
0x00007fff2dd10000 - 0x00007fff2e139000 	C:\Windows\System32\SETUPAPI.dll
0x00007fff288f0000 - 0x00007fff288fc000 	C:\Windows\SYSTEM32\snmpapi.dll
0x00007fff2c280000 - 0x00007fff2c2ac000 	C:\Windows\SYSTEM32\SspiCli.dll
0x00007fff2b2e0000 - 0x00007fff2b308000 	C:\Windows\SYSTEM32\DEVOBJ.dll
0x00007fff175d0000 - 0x00007fff175e6000 	D:\Xilinx\SDK\2015.4\eclipse\win64.o\plugins\org.eclipse.cdt.core.win32.x86_64_5.2.0.201402142303\os\win32\x86_64\spawner.dll
0x00007fff253e0000 - 0x00007fff253ea000 	D:\Xilinx\SDK\2015.4\lib\win64.o\librdi_jtag_settings.dll
0x00007fff253b0000 - 0x00007fff253d9000 	D:\Xilinx\SDK\2015.4\lib\win64.o\librdi_debug_dialog.dll

VM Arguments:
jvm_args: -Dcom.xilinx.sdk.args.hwspec=D:/simka/project_1/project_1.sdk/system_top_wrapper.hdf -Xms64m -Xmx512m & 
java_command: <unknown>
java_class_path (initial): D:\Xilinx\SDK\2015.4\eclipse\win64.o\\plugins/org.eclipse.equinox.launcher_1.3.0.v20130327-1440.jar
Launcher Type: generic

Environment Variables:
JAVA_HOME=C:\Program Files\Java\jdk1.8.0_121
USERNAME=4230
OS=Windows_NT
PROCESSOR_IDENTIFIER=Intel64 Family 6 Model 94 Stepping 3, GenuineIntel



---------------  S Y S T E M  ---------------

OS: Windows 10.0 , 64 bit Build 14393 (10.0.14393.1198)

CPU:total 4 (4 cores per cpu, 1 threads per core) family 6 model 94 stepping 3, cmov, cx8, fxsr, mmx, sse, sse2, sse3, ssse3, sse4.1, sse4.2, popcnt, avx, avx2, aes, clmul, erms, 3dnowpref, lzcnt, tsc, tscinvbit, bmi1, bmi2, adx

Memory: 4k page, physical 8343204k(3280980k free), swap 9784996k(3357364k free)

vm_info: Java HotSpot(TM) 64-Bit Server VM (25.45-b02) for windows-amd64 JRE (1.8.0_45-b15), built on Apr 30 2015 12:40:44 by "java_re" with MS VC++ 10.0 (VS2010)

time: Mon Nov 20 13:36:08 2017
elapsed time: 184 seconds (0d 0h 3m 4s)

