#
# A fatal error has been detected by the Java Runtime Environment:
#
#  EXCEPTION_UNCAUGHT_CXX_EXCEPTION (0xe06d7363) at pc=0x00007ffb70463c58, pid=20516, tid=210788
#
# JRE version: Java(TM) SE Runtime Environment (8.0_45-b15) (build 1.8.0_45-b15)
# Java VM: Java HotSpot(TM) 64-Bit Server VM (25.45-b02 mixed mode windows-amd64 compressed oops)
# Problematic frame:
# C  [KERNELBASE.dll+0x33c58]
#
# Failed to write core dump. Minidumps are not enabled by default on client versions of Windows
#
# If you would like to submit a bug report, please visit:
#   http://bugreport.java.com/bugreport/crash.jsp
#

---------------  T H R E A D  ---------------

Current thread (0x0000000014378000):  VMThread [stack: 0x0000000015400000,0x0000000015500000] [id=210788]

siginfo: ExceptionCode=0xe06d7363, ExceptionInformation=0x0000000019930520 0x00000000154ff648 0x00007ffb47ad2cb8 0x00007ffb47a20000 

Registers:
RAX=0x004c0044002e006c, RBX=0x00007ffb47ad2cb8, RCX=0x000000000000004c, RDX=0x0000000000000000
RSP=0x00000000154ff490, RBP=0x00000000154ff5d0, RSI=0x00000000ffffffff, RDI=0x00000000277b3860
R8 =0x0000000000000000, R9 =0x0000000000000000, R10=0x0000000000000000, R11=0x0000000000000000
R12=0x0000000000000001, R13=0x0000000000000008, R14=0x0000000000000000, R15=0xffffffffffffffff
RIP=0x00007ffb70463c58, EFLAGS=0x0000000000000206

Top of Stack: (sp=0x00000000154ff490)
0x00000000154ff490:   0000000000000000 00007ffb47ad2cb8
0x00000000154ff4a0:   00000000ffffffff 00000000277b3860
0x00000000154ff4b0:   00000001e06d7363 0000000000000000
0x00000000154ff4c0:   00007ffb70463c58 0000000000000004
0x00000000154ff4d0:   0000000019930520 00000000154ff648
0x00000000154ff4e0:   00007ffb47ad2cb8 00007ffb47a20000
0x00000000154ff4f0:   0000000000000008 0000000000000001
0x00000000154ff500:   00000000277b3860 00000000ffffffff
0x00000000154ff510:   00000000154ff5d0 00007ffb7332c28f
0x00000000154ff520:   00000000154ff5e0 0000000000000000
0x00000000154ff530:   000021cbd5af08e8 0000000000000001
0x00000000154ff540:   00007ffb47ae9000 00007ffb47a20000
0x00000000154ff550:   00006b63e17f5888 000000000000003f
0x00000000154ff560:   00007ffb47ad2cb8 00007ffb47a7e92c
0x00000000154ff570:   000000000000001f 0000000000000008
0x00000000154ff580:   0000000000000001 00000000277b3860 

Instructions: (pc=0x00007ffb70463c58)
0x00007ffb70463c38:   49 8b d1 44 0f 47 c0 44 89 44 24 38 49 c1 e0 03
0x00007ffb70463c48:   e8 47 90 04 00 48 8d 4c 24 20 ff 15 c0 44 11 00
0x00007ffb70463c58:   48 8b 8c 24 c0 00 00 00 48 33 cc e8 d8 55 04 00
0x00007ffb70463c68:   48 81 c4 d8 00 00 00 c3 83 64 24 38 00 eb d6 cc 


Register to memory mapping:

RAX=0x004c0044002e006c is an unknown value
RBX=0x00007ffb47ad2cb8 is an unknown value
RCX=0x000000000000004c is an unknown value
RDX=0x0000000000000000 is an unknown value
RSP=0x00000000154ff490 is an unknown value
RBP=0x00000000154ff5d0 is an unknown value
RSI=0x00000000ffffffff is an unallocated location in the heap
RDI=0x00000000277b3860 is an unknown value
R8 =0x0000000000000000 is an unknown value
R9 =0x0000000000000000 is an unknown value
R10=0x0000000000000000 is an unknown value
R11=0x0000000000000000 is an unknown value
R12=0x0000000000000001 is an unknown value
R13=0x0000000000000008 is an unknown value
R14=0x0000000000000000 is an unknown value
R15=0xffffffffffffffff is an unknown value


Stack: [0x0000000015400000,0x0000000015500000],  sp=0x00000000154ff490,  free space=1021k
Native frames: (J=compiled Java code, j=interpreted, Vv=VM code, C=native code)
C  [KERNELBASE.dll+0x33c58]
C  [MSVCR110.dll+0x5e92c]
C  [MSVCR110.dll+0x1315c]
C  [MSVCR110.dll+0x136a9]
C  [MSVCR110.dll+0x13e9c]
C  [MSVCR110.dll+0x239e]
C  [MSVCR110.dll+0xaf9e]
C  [MSVCP110.dll+0x397b9]
C  [librdi_common.dll+0x14283e]
C  [librdi_common.dll+0x141449]
C  0x00007ffb6a542400
C  0x00007ffb6a542682
C  [ntdll.dll+0x2a37f]
C  [ntdll.dll+0x806b]
C  [ntdll.dll+0x7d94]
C  [KERNEL32.DLL+0x1ce6a]
C  [MSVCR100.dll+0x20ccd]
V  [jvm.dll+0x20f135]
V  [jvm.dll+0x247ef7]
V  [jvm.dll+0x247196]
V  [jvm.dll+0x247631]
V  [jvm.dll+0x24784e]
V  [jvm.dll+0x29853a]
C  [MSVCR100.dll+0x21d9f]
C  [MSVCR100.dll+0x21e3b]
C  [KERNEL32.DLL+0x8364]
C  [ntdll.dll+0x67091]

VM_Operation (0x000000000014f500): Exit, mode: safepoint, requested by thread 0x0000000002e94000


---------------  P R O C E S S  ---------------

Java Threads: ( => current thread )
  0x000000001b0f8800 JavaThread "Thread-51" daemon [_thread_blocked, id=108148, stack(0x000000002e240000,0x000000002e340000)]
  0x000000001cd42000 JavaThread "Output Stream Monitor" daemon [_thread_in_native, id=147232, stack(0x000000002dd40000,0x000000002de40000)]
  0x000000001cd41800 JavaThread "Output Stream Monitor" daemon [_thread_in_native, id=138968, stack(0x000000002dc40000,0x000000002dd40000)]
  0x000000001b0fd800 JavaThread "TCF Locator DNS Lookup" daemon [_thread_blocked, id=110088, stack(0x0000000024b30000,0x0000000024c30000)]
  0x000000001b102800 JavaThread "TCF Locator Receiver" daemon [_thread_in_native, id=127368, stack(0x0000000024930000,0x0000000024a30000)]
  0x000000001b102000 JavaThread "TCF Timer Dispatcher" daemon [_thread_blocked, id=132376, stack(0x0000000024730000,0x0000000024830000)]
  0x0000000015dfa000 JavaThread "EMF Reference Cleaner" daemon [_thread_blocked, id=68420, stack(0x0000000017eb0000,0x0000000017fb0000)]
  0x0000000015c18800 JavaThread "Service Thread" daemon [_thread_blocked, id=122812, stack(0x0000000016000000,0x0000000016100000)]
  0x00000000143bf800 JavaThread "C1 CompilerThread2" daemon [_thread_blocked, id=110668, stack(0x0000000015b00000,0x0000000015c00000)]
  0x00000000143bc800 JavaThread "C2 CompilerThread1" daemon [_thread_blocked, id=9360, stack(0x0000000015a00000,0x0000000015b00000)]
  0x00000000143ba800 JavaThread "C2 CompilerThread0" daemon [_thread_blocked, id=65596, stack(0x0000000015900000,0x0000000015a00000)]
  0x00000000143b5000 JavaThread "Attach Listener" daemon [_thread_blocked, id=132924, stack(0x0000000015800000,0x0000000015900000)]
  0x00000000143b4800 JavaThread "Signal Dispatcher" daemon [_thread_blocked, id=132160, stack(0x0000000015700000,0x0000000015800000)]
  0x0000000002f89800 JavaThread "Finalizer" daemon [_thread_blocked, id=88592, stack(0x0000000015600000,0x0000000015700000)]
  0x0000000002f81800 JavaThread "Reference Handler" daemon [_thread_blocked, id=192208, stack(0x0000000015500000,0x0000000015600000)]
  0x0000000002e94000 JavaThread "main" [_thread_blocked, id=218256, stack(0x0000000000050000,0x0000000000150000)]

Other Threads:
=>0x0000000014378000 VMThread [stack: 0x0000000015400000,0x0000000015500000] [id=210788]

VM state:at safepoint (shutting down)

VM Mutex/Monitor currently owned by a thread:  ([mutex/lock_event])
[0x0000000002e90b50] Threads_lock - owner thread: 0x0000000014378000

Heap:
 PSYoungGen      total 51712K, used 25704K [0x00000000f5580000, 0x00000000f9000000, 0x0000000100000000)
  eden space 43008K, 49% used [0x00000000f5580000,0x00000000f6a56e80,0x00000000f7f80000)
  from space 8704K, 50% used [0x00000000f7f80000,0x00000000f83c3458,0x00000000f8800000)
  to   space 8192K, 0% used [0x00000000f8800000,0x00000000f8800000,0x00000000f9000000)
 ParOldGen       total 77312K, used 54541K [0x00000000e0000000, 0x00000000e4b80000, 0x00000000f5580000)
  object space 77312K, 70% used [0x00000000e0000000,0x00000000e3543698,0x00000000e4b80000)
 Metaspace       used 96220K, capacity 103028K, committed 103424K, reserved 1140736K
  class space    used 10821K, capacity 12946K, committed 13056K, reserved 1048576K

Card table byte_map: [0x0000000012350000,0x0000000012460000] byte_map_base: 0x0000000011c50000

Marking Bits: (ParMarkBitMap*) 0x0000000002db4040
 Begin Bits: [0x0000000012910000, 0x0000000013110000)
 End Bits:   [0x0000000013110000, 0x0000000013910000)

Polling page: 0x0000000002590000

CodeCache: size=245760Kb used=94530Kb max_used=94654Kb free=151229Kb
 bounds [0x0000000002f90000, 0x0000000008cd0000, 0x0000000011f90000]
 total_blobs=23144 nmethods=22280 adapters=769
 compilation: enabled

Compilation events (10 events):
Event: 20436.909 Thread 0x00000000143bf800 nmethod 30845 0x0000000005244f90 code [0x00000000052450e0, 0x00000000052451f0]
Event: 20436.912 Thread 0x00000000143bf800 30846       3       org.eclipse.osgi.baseadaptor.bundlefile.BundleFile::setMruIndex (6 bytes)
Event: 20436.913 Thread 0x00000000143bf800 nmethod 30846 0x00000000052663d0 code [0x0000000005266520, 0x0000000005266670]
Event: 20436.915 Thread 0x00000000143bc800 nmethod 30836 0x0000000004c7da10 code [0x0000000004c7dbe0, 0x0000000004c7eb00]
Event: 20436.918 Thread 0x00000000143bf800 30841  s    3       org.eclipse.equinox.internal.ds.model.ServiceComponentProp::setState (6 bytes)
Event: 20436.918 Thread 0x00000000143bf800 nmethod 30841 0x0000000005aa93d0 code [0x0000000005aa9520, 0x0000000005aa97d0]
Event: 20437.456 Thread 0x00000000143bf800 30847   !   3       org.eclipse.osgi.internal.baseadaptor.BaseStorage::compact (215 bytes)
Event: 20437.458 Thread 0x00000000143bf800 nmethod 30847 0x00000000066c3b90 code [0x00000000066c3fe0, 0x00000000066c64a8]
Event: 20437.910 Thread 0x00000000143bf800 30848       3       org.eclipse.osgi.framework.internal.core.AbstractBundle::close (52 bytes)
Event: 20437.911 Thread 0x00000000143bf800 nmethod 30848 0x0000000004fe3510 code [0x0000000004fe3740, 0x0000000004fe4448]

GC Heap History (10 events):
Event: 20333.207 GC heap before
{Heap before GC invocations=1027 (full 176):
 PSYoungGen      total 50688K, used 41984K [0x00000000f5580000, 0x00000000f9080000, 0x0000000100000000)
  eden space 41984K, 100% used [0x00000000f5580000,0x00000000f7e80000,0x00000000f7e80000)
  from space 8704K, 0% used [0x00000000f8800000,0x00000000f8800000,0x00000000f9080000)
  to   space 9216K, 0% used [0x00000000f7e80000,0x00000000f7e80000,0x00000000f8780000)
 ParOldGen       total 77312K, used 54541K [0x00000000e0000000, 0x00000000e4b80000, 0x00000000f5580000)
  object space 77312K, 70% used [0x00000000e0000000,0x00000000e3543698,0x00000000e4b80000)
 Metaspace       used 95601K, capacity 102492K, committed 102784K, reserved 1138688K
  class space    used 10752K, capacity 12878K, committed 12928K, reserved 1048576K
Event: 20333.209 GC heap after
Heap after GC invocations=1027 (full 176):
 PSYoungGen      total 51200K, used 947K [0x00000000f5580000, 0x00000000f9100000, 0x0000000100000000)
  eden space 41984K, 0% used [0x00000000f5580000,0x00000000f5580000,0x00000000f7e80000)
  from space 9216K, 10% used [0x00000000f7e80000,0x00000000f7f6cd90,0x00000000f8780000)
  to   space 9216K, 0% used [0x00000000f8800000,0x00000000f8800000,0x00000000f9100000)
 ParOldGen       total 77312K, used 54541K [0x00000000e0000000, 0x00000000e4b80000, 0x00000000f5580000)
  object space 77312K, 70% used [0x00000000e0000000,0x00000000e3543698,0x00000000e4b80000)
 Metaspace       used 95601K, capacity 102492K, committed 102784K, reserved 1138688K
  class space    used 10752K, capacity 12878K, committed 12928K, reserved 1048576K
}
Event: 20336.215 GC heap before
{Heap before GC invocations=1028 (full 176):
 PSYoungGen      total 51200K, used 42931K [0x00000000f5580000, 0x00000000f9100000, 0x0000000100000000)
  eden space 41984K, 100% used [0x00000000f5580000,0x00000000f7e80000,0x00000000f7e80000)
  from space 9216K, 10% used [0x00000000f7e80000,0x00000000f7f6cd90,0x00000000f8780000)
  to   space 9216K, 0% used [0x00000000f8800000,0x00000000f8800000,0x00000000f9100000)
 ParOldGen       total 77312K, used 54541K [0x00000000e0000000, 0x00000000e4b80000, 0x00000000f5580000)
  object space 77312K, 70% used [0x00000000e0000000,0x00000000e3543698,0x00000000e4b80000)
 Metaspace       used 95601K, capacity 102492K, committed 102784K, reserved 1138688K
  class space    used 10752K, capacity 12878K, committed 12928K, reserved 1048576K
Event: 20336.218 GC heap after
Heap after GC invocations=1028 (full 176):
 PSYoungGen      total 51712K, used 2990K [0x00000000f5580000, 0x00000000f9100000, 0x0000000100000000)
  eden space 42496K, 0% used [0x00000000f5580000,0x00000000f5580000,0x00000000f7f00000)
  from space 9216K, 32% used [0x00000000f8800000,0x00000000f8aebb68,0x00000000f9100000)
  to   space 9216K, 0% used [0x00000000f7f00000,0x00000000f7f00000,0x00000000f8800000)
 ParOldGen       total 77312K, used 54541K [0x00000000e0000000, 0x00000000e4b80000, 0x00000000f5580000)
  object space 77312K, 70% used [0x00000000e0000000,0x00000000e3543698,0x00000000e4b80000)
 Metaspace       used 95601K, capacity 102492K, committed 102784K, reserved 1138688K
  class space    used 10752K, capacity 12878K, committed 12928K, reserved 1048576K
}
Event: 20369.699 GC heap before
{Heap before GC invocations=1029 (full 176):
 PSYoungGen      total 51712K, used 45486K [0x00000000f5580000, 0x00000000f9100000, 0x0000000100000000)
  eden space 42496K, 100% used [0x00000000f5580000,0x00000000f7f00000,0x00000000f7f00000)
  from space 9216K, 32% used [0x00000000f8800000,0x00000000f8aebb68,0x00000000f9100000)
  to   space 9216K, 0% used [0x00000000f7f00000,0x00000000f7f00000,0x00000000f8800000)
 ParOldGen       total 77312K, used 54541K [0x00000000e0000000, 0x00000000e4b80000, 0x00000000f5580000)
  object space 77312K, 70% used [0x00000000e0000000,0x00000000e3543698,0x00000000e4b80000)
 Metaspace       used 95608K, capacity 102492K, committed 102784K, reserved 1138688K
  class space    used 10752K, capacity 12878K, committed 12928K, reserved 1048576K
Event: 20369.703 GC heap after
Heap after GC invocations=1029 (full 176):
 PSYoungGen      total 51712K, used 3406K [0x00000000f5580000, 0x00000000f9080000, 0x0000000100000000)
  eden space 42496K, 0% used [0x00000000f5580000,0x00000000f5580000,0x00000000f7f00000)
  from space 9216K, 36% used [0x00000000f7f00000,0x00000000f82539b0,0x00000000f8800000)
  to   space 8704K, 0% used [0x00000000f8800000,0x00000000f8800000,0x00000000f9080000)
 ParOldGen       total 77312K, used 54541K [0x00000000e0000000, 0x00000000e4b80000, 0x00000000f5580000)
  object space 77312K, 70% used [0x00000000e0000000,0x00000000e3543698,0x00000000e4b80000)
 Metaspace       used 95608K, capacity 102492K, committed 102784K, reserved 1138688K
  class space    used 10752K, capacity 12878K, committed 12928K, reserved 1048576K
}
Event: 20387.115 GC heap before
{Heap before GC invocations=1030 (full 176):
 PSYoungGen      total 51712K, used 45902K [0x00000000f5580000, 0x00000000f9080000, 0x0000000100000000)
  eden space 42496K, 100% used [0x00000000f5580000,0x00000000f7f00000,0x00000000f7f00000)
  from space 9216K, 36% used [0x00000000f7f00000,0x00000000f82539b0,0x00000000f8800000)
  to   space 8704K, 0% used [0x00000000f8800000,0x00000000f8800000,0x00000000f9080000)
 ParOldGen       total 77312K, used 54541K [0x00000000e0000000, 0x00000000e4b80000, 0x00000000f5580000)
  object space 77312K, 70% used [0x00000000e0000000,0x00000000e3543698,0x00000000e4b80000)
 Metaspace       used 95610K, capacity 102492K, committed 102784K, reserved 1138688K
  class space    used 10752K, capacity 12878K, committed 12928K, reserved 1048576K
Event: 20387.120 GC heap after
Heap after GC invocations=1030 (full 176):
 PSYoungGen      total 51712K, used 4538K [0x00000000f5580000, 0x00000000f9080000, 0x0000000100000000)
  eden space 43008K, 0% used [0x00000000f5580000,0x00000000f5580000,0x00000000f7f80000)
  from space 8704K, 52% used [0x00000000f8800000,0x00000000f8c6eab8,0x00000000f9080000)
  to   space 8704K, 0% used [0x00000000f7f80000,0x00000000f7f80000,0x00000000f8800000)
 ParOldGen       total 77312K, used 54541K [0x00000000e0000000, 0x00000000e4b80000, 0x00000000f5580000)
  object space 77312K, 70% used [0x00000000e0000000,0x00000000e3543698,0x00000000e4b80000)
 Metaspace       used 95610K, capacity 102492K, committed 102784K, reserved 1138688K
  class space    used 10752K, capacity 12878K, committed 12928K, reserved 1048576K
}
Event: 20435.217 GC heap before
{Heap before GC invocations=1031 (full 176):
 PSYoungGen      total 51712K, used 47546K [0x00000000f5580000, 0x00000000f9080000, 0x0000000100000000)
  eden space 43008K, 100% used [0x00000000f5580000,0x00000000f7f80000,0x00000000f7f80000)
  from space 8704K, 52% used [0x00000000f8800000,0x00000000f8c6eab8,0x00000000f9080000)
  to   space 8704K, 0% used [0x00000000f7f80000,0x00000000f7f80000,0x00000000f8800000)
 ParOldGen       total 77312K, used 54541K [0x00000000e0000000, 0x00000000e4b80000, 0x00000000f5580000)
  object space 77312K, 70% used [0x00000000e0000000,0x00000000e3543698,0x00000000e4b80000)
 Metaspace       used 95695K, capacity 102492K, committed 102784K, reserved 1138688K
  class space    used 10763K, capacity 12878K, committed 12928K, reserved 1048576K
Event: 20435.221 GC heap after
Heap after GC invocations=1031 (full 176):
 PSYoungGen      total 51712K, used 4365K [0x00000000f5580000, 0x00000000f9000000, 0x0000000100000000)
  eden space 43008K, 0% used [0x00000000f5580000,0x00000000f5580000,0x00000000f7f80000)
  from space 8704K, 50% used [0x00000000f7f80000,0x00000000f83c3458,0x00000000f8800000)
  to   space 8192K, 0% used [0x00000000f8800000,0x00000000f8800000,0x00000000f9000000)
 ParOldGen       total 77312K, used 54541K [0x00000000e0000000, 0x00000000e4b80000, 0x00000000f5580000)
  object space 77312K, 70% used [0x00000000e0000000,0x00000000e3543698,0x00000000e4b80000)
 Metaspace       used 95695K, capacity 102492K, committed 102784K, reserved 1138688K
  class space    used 10763K, capacity 12878K, committed 12928K, reserved 1048576K
}

Deoptimization events (10 events):
Event: 20436.890 Thread 0x0000000019d27800 Uncommon trap: reason=unstable_if action=reinterpret pc=0x0000000005db21a0 method=org.eclipse.core.internal.jobs.WorkerPool.startJob(Lorg/eclipse/core/internal/jobs/Worker;)Lorg/eclipse/core/internal/jobs/InternalJob; @ 177
Event: 20436.890 Thread 0x0000000016d72000 Uncommon trap: reason=unstable_if action=reinterpret pc=0x0000000005db21a0 method=org.eclipse.core.internal.jobs.WorkerPool.startJob(Lorg/eclipse/core/internal/jobs/Worker;)Lorg/eclipse/core/internal/jobs/InternalJob; @ 177
Event: 20436.890 Thread 0x0000000019d28800 Uncommon trap: reason=unstable_if action=reinterpret pc=0x0000000005db21a0 method=org.eclipse.core.internal.jobs.WorkerPool.startJob(Lorg/eclipse/core/internal/jobs/Worker;)Lorg/eclipse/core/internal/jobs/InternalJob; @ 177
Event: 20436.890 Thread 0x0000000019d23000 Uncommon trap: reason=unstable_if action=reinterpret pc=0x0000000005db21a0 method=org.eclipse.core.internal.jobs.WorkerPool.startJob(Lorg/eclipse/core/internal/jobs/Worker;)Lorg/eclipse/core/internal/jobs/InternalJob; @ 177
Event: 20436.891 Thread 0x0000000019d29000 Uncommon trap: reason=unstable_if action=reinterpret pc=0x0000000005db21a0 method=org.eclipse.core.internal.jobs.WorkerPool.startJob(Lorg/eclipse/core/internal/jobs/Worker;)Lorg/eclipse/core/internal/jobs/InternalJob; @ 177
Event: 20436.891 Thread 0x0000000019d2e800 Uncommon trap: reason=unstable_if action=reinterpret pc=0x0000000005db21a0 method=org.eclipse.core.internal.jobs.WorkerPool.startJob(Lorg/eclipse/core/internal/jobs/Worker;)Lorg/eclipse/core/internal/jobs/InternalJob; @ 177
Event: 20436.891 Thread 0x0000000019d25000 Uncommon trap: reason=unstable_if action=reinterpret pc=0x0000000005db21a0 method=org.eclipse.core.internal.jobs.WorkerPool.startJob(Lorg/eclipse/core/internal/jobs/Worker;)Lorg/eclipse/core/internal/jobs/InternalJob; @ 177
Event: 20436.891 Thread 0x0000000016d69800 Uncommon trap: reason=unstable_if action=reinterpret pc=0x0000000005db21a0 method=org.eclipse.core.internal.jobs.WorkerPool.startJob(Lorg/eclipse/core/internal/jobs/Worker;)Lorg/eclipse/core/internal/jobs/InternalJob; @ 177
Event: 20437.404 Thread 0x000000001b0fc000 Uncommon trap: reason=unstable_if action=reinterpret pc=0x0000000006737f64 method=org.eclipse.tcf.EventQueue.invokeLater(Ljava/lang/Runnable;)V @ 22
Event: 20437.910 Thread 0x0000000002e94000 Uncommon trap: reason=unstable_if action=reinterpret pc=0x00000000036524c0 method=sun.reflect.UnsafeStaticObjectFieldAccessorImpl.set(Ljava/lang/Object;Ljava/lang/Object;)V @ 13

Internal exceptions (10 events):
Event: 20435.305 Thread 0x0000000002e94000 Implicit null exception at 0x0000000006010f9a to 0x000000000601119d
Event: 20435.318 Thread 0x0000000002e94000 Implicit null exception at 0x0000000005df7ff3 to 0x0000000005df8741
Event: 20435.614 Thread 0x0000000002e94000 Implicit null exception at 0x0000000007ba2bdc to 0x0000000007ba2cf1
Event: 20435.708 Thread 0x0000000019d23000 Implicit null exception at 0x00000000074bf9da to 0x00000000074c1329
Event: 20435.833 Thread 0x000000001cd43000 Exception <a 'java/lang/InterruptedException'> (0x00000000f6587550) thrown at [C:\re\workspace\8-2-build-windows-amd64-cygwin\jdk8u45\3627\hotspot\src\share\vm\runtime\objectMonitor.cpp, line 1683]
Event: 20436.914 Thread 0x00000000168a1800 Exception <a 'java/lang/InterruptedException': sleep interrupted> (0x00000000f686fb48) thrown at [C:\re\workspace\8-2-build-windows-amd64-cygwin\jdk8u45\3627\hotspot\src\share\vm\prims\jvm.cpp, line 3211]
Event: 20436.916 Thread 0x0000000019970000 Exception <a 'java/lang/InterruptedException'> (0x00000000f6870320) thrown at [C:\re\workspace\8-2-build-windows-amd64-cygwin\jdk8u45\3627\hotspot\src\share\vm\runtime\objectMonitor.cpp, line 1683]
Event: 20436.917 Thread 0x00000000166d9800 Exception <a 'java/lang/InterruptedException'> (0x00000000f687b8f0) thrown at [C:\re\workspace\8-2-build-windows-amd64-cygwin\jdk8u45\3627\hotspot\src\share\vm\runtime\objectMonitor.cpp, line 1683]
Event: 20437.910 Thread 0x0000000002e94000 Implicit null exception at 0x0000000003652177 to 0x00000000036524ad
Event: 20437.912 Thread 0x0000000016c5e000 Exception <a 'java/lang/InterruptedException'> (0x00000000f67ef770) thrown at [C:\re\workspace\8-2-build-windows-amd64-cygwin\jdk8u45\3627\hotspot\src\share\vm\runtime\objectMonitor.cpp, line 1683]

Events (10 events):
Event: 20437.912 Thread 0x0000000016c5e000 Thread exited: 0x0000000016c5e000
Event: 20437.912 Thread 0x000000001672e000 Thread exited: 0x000000001672e000
Event: 20437.912 loading class java/util/IdentityHashMap$KeyIterator done
Event: 20437.912 Thread 0x000000001b0ff800 Thread added: 0x000000001b0ff800
Event: 20437.912 Executing VM operation: RevokeBias
Event: 20437.913 Executing VM operation: RevokeBias done
Event: 20437.913 Executing VM operation: RevokeBias
Event: 20437.913 Executing VM operation: RevokeBias done
Event: 20437.913 Thread 0x000000001b0ff800 Thread exited: 0x000000001b0ff800
Event: 20437.914 Executing VM operation: Exit


Dynamic libraries:
0x0000000000400000 - 0x000000000044f000 	D:\Xilinx\SDK\2015.4\eclipse\win64.o\eclipse.exe
0x00007ffb732e0000 - 0x00007ffb734b2000 	C:\Windows\SYSTEM32\ntdll.dll
0x00007ffb724b0000 - 0x00007ffb7255c000 	C:\Windows\System32\KERNEL32.DLL
0x00007ffb70430000 - 0x00007ffb7064d000 	C:\Windows\System32\KERNELBASE.dll
0x00007ffb72100000 - 0x00007ffb72265000 	C:\Windows\System32\USER32.dll
0x00007ffb70650000 - 0x00007ffb7066e000 	C:\Windows\System32\win32u.dll
0x00007ffb73070000 - 0x00007ffb730a4000 	C:\Windows\System32\GDI32.dll
0x00007ffb6f9a0000 - 0x00007ffb6fb20000 	C:\Windows\System32\gdi32full.dll
0x00007ffb708f0000 - 0x00007ffb7098e000 	C:\Windows\System32\msvcrt.dll
0x00007ffb5af40000 - 0x00007ffb5b1ba000 	C:\Windows\WinSxS\amd64_microsoft.windows.common-controls_6595b64144ccf1df_6.0.14393.953_none_42151e83c686086b\COMCTL32.dll
0x00007ffb72da0000 - 0x00007ffb73068000 	C:\Windows\System32\combase.dll
0x00007ffb6f7e0000 - 0x00007ffb6f8d5000 	C:\Windows\System32\ucrtbase.dll
0x00007ffb731b0000 - 0x00007ffb732d1000 	C:\Windows\System32\RPCRT4.dll
0x00007ffb6f8e0000 - 0x00007ffb6f94a000 	C:\Windows\System32\bcryptPrimitives.dll
0x00007ffb72070000 - 0x00007ffb7209e000 	C:\Windows\System32\IMM32.DLL
0x0000000072000000 - 0x0000000072012000 	D:\Xilinx\SDK\2015.4\eclipse\win64.o\plugins\org.eclipse.equinox.launcher.win32.win32.x86_64_1.1.200.v20140116-2212\eclipse_1503.dll
0x00007ffb72720000 - 0x00007ffb727c2000 	C:\Windows\System32\ADVAPI32.dll
0x00007ffb722f0000 - 0x00007ffb72349000 	C:\Windows\System32\sechost.dll
0x00007ffb6aac0000 - 0x00007ffb6aaca000 	C:\Windows\SYSTEM32\VERSION.dll
0x00007ffb6e010000 - 0x00007ffb6e0a5000 	C:\Windows\system32\uxtheme.dll
0x00007ffb72350000 - 0x00007ffb724aa000 	C:\Windows\System32\MSCTF.dll
0x00007ffb72560000 - 0x00007ffb7261f000 	C:\Windows\System32\OLEAUT32.dll
0x00007ffb70720000 - 0x00007ffb707bc000 	C:\Windows\System32\msvcp_win.dll
0x00000000025b0000 - 0x0000000002e33000 	D:\Xilinx\SDK\2015.4\tps\win64\jre\bin\server\jvm.dll
0x00007ffb70870000 - 0x00007ffb70878000 	C:\Windows\System32\PSAPI.DLL
0x00007ffb6d610000 - 0x00007ffb6d633000 	C:\Windows\SYSTEM32\WINMM.dll
0x00007ffb677c0000 - 0x00007ffb677c9000 	C:\Windows\SYSTEM32\WSOCK32.dll
0x0000000074f30000 - 0x0000000075002000 	C:\Windows\SYSTEM32\MSVCR100.dll
0x00007ffb70880000 - 0x00007ffb708ea000 	C:\Windows\System32\WS2_32.dll
0x00007ffb6d570000 - 0x00007ffb6d59b000 	C:\Windows\SYSTEM32\WINMMBASE.dll
0x00007ffb6f950000 - 0x00007ffb6f992000 	C:\Windows\System32\cfgmgr32.dll
0x0000000073bb0000 - 0x0000000073bbf000 	D:\Xilinx\SDK\2015.4\tps\win64\jre\bin\verify.dll
0x00000000718a0000 - 0x00000000718c9000 	D:\Xilinx\SDK\2015.4\tps\win64\jre\bin\java.dll
0x0000000071880000 - 0x0000000071896000 	D:\Xilinx\SDK\2015.4\tps\win64\jre\bin\zip.dll
0x00007ffb70990000 - 0x00007ffb71e98000 	C:\Windows\System32\SHELL32.dll
0x00007ffb6fb20000 - 0x00007ffb701f8000 	C:\Windows\System32\windows.storage.dll
0x00007ffb6f750000 - 0x00007ffb6f79c000 	C:\Windows\System32\powrprof.dll
0x00007ffb720a0000 - 0x00007ffb720f2000 	C:\Windows\System32\shlwapi.dll
0x00007ffb6f7c0000 - 0x00007ffb6f7cf000 	C:\Windows\System32\kernel.appcore.dll
0x00007ffb707c0000 - 0x00007ffb70869000 	C:\Windows\System32\shcore.dll
0x00007ffb6f7a0000 - 0x00007ffb6f7b4000 	C:\Windows\System32\profapi.dll
0x00007ffb6f1d0000 - 0x00007ffb6f1e7000 	C:\Windows\SYSTEM32\CRYPTSP.dll
0x00007ffb6ec20000 - 0x00007ffb6ec53000 	C:\Windows\system32\rsaenh.dll
0x00007ffb6f690000 - 0x00007ffb6f6bb000 	C:\Windows\SYSTEM32\bcrypt.dll
0x00007ffb6eea0000 - 0x00007ffb6eebf000 	C:\Windows\SYSTEM32\USERENV.dll
0x00007ffb6f1c0000 - 0x00007ffb6f1cb000 	C:\Windows\SYSTEM32\CRYPTBASE.dll
0x0000000071860000 - 0x000000007187a000 	D:\Xilinx\SDK\2015.4\tps\win64\jre\bin\net.dll
0x00007ffb6f020000 - 0x00007ffb6f07c000 	C:\Windows\system32\mswsock.dll
0x00007ffb6eda0000 - 0x00007ffb6edd8000 	C:\Windows\SYSTEM32\IPHLPAPI.DLL
0x00007ffb722e0000 - 0x00007ffb722e8000 	C:\Windows\System32\NSI.dll
0x00007ffb673e0000 - 0x00007ffb673f6000 	C:\Windows\SYSTEM32\dhcpcsvc6.DLL
0x00007ffb67320000 - 0x00007ffb6733a000 	C:\Windows\SYSTEM32\dhcpcsvc.DLL
0x0000000071840000 - 0x0000000071851000 	D:\Xilinx\SDK\2015.4\tps\win64\jre\bin\nio.dll
0x00007ffb5c310000 - 0x00007ffb5c326000 	C:\Windows\system32\napinsp.dll
0x00007ffb5c350000 - 0x00007ffb5c36a000 	C:\Windows\system32\pnrpnsp.dll
0x00007ffb6b8e0000 - 0x00007ffb6b8f8000 	C:\Windows\system32\NLAapi.dll
0x00007ffb6ede0000 - 0x00007ffb6ee81000 	C:\Windows\SYSTEM32\DNSAPI.dll
0x00007ffb629c0000 - 0x00007ffb629ce000 	C:\Windows\System32\winrnr.dll
0x0000000063560000 - 0x0000000063569000 	C:\Program Files\National Instruments\Shared\mDNS Responder\nimdnsNSP.dll
0x0000000063550000 - 0x000000006355e000 	C:\Windows\SYSTEM32\nimdnsResponder.dll
0x0000000075380000 - 0x0000000075423000 	C:\Windows\WinSxS\amd64_microsoft.vc90.crt_1fc8b3b9a1e18e3b_9.0.30729.9247_none_08e394a1a83e212f\MSVCR90.dll
0x0000000075350000 - 0x0000000075376000 	C:\Program Files\Bonjour\mdnsNSP.dll
0x00007ffb660d0000 - 0x00007ffb660da000 	C:\Windows\System32\rasadhlp.dll
0x00007ffb67b70000 - 0x00007ffb67bda000 	C:\Windows\System32\fwpuclnt.dll
0x00000000176b0000 - 0x0000000017758000 	C:\Users\4230\.Xilinx\SDK\2015.4\org.eclipse.osgi\bundles\303\1\.cp\swt-win32-4335.dll
0x00007ffb727d0000 - 0x00007ffb72908000 	C:\Windows\System32\ole32.dll
0x00007ffb730b0000 - 0x00007ffb731aa000 	C:\Windows\System32\comdlg32.dll
0x00007ffb70260000 - 0x00007ffb70429000 	C:\Windows\System32\CRYPT32.dll
0x00007ffb650e0000 - 0x00007ffb65166000 	C:\Windows\SYSTEM32\WINSPOOL.DRV
0x00007ffb6f7d0000 - 0x00007ffb6f7e0000 	C:\Windows\System32\MSASN1.dll
0x00007ffb6b250000 - 0x00007ffb6b269000 	C:\Windows\SYSTEM32\USP10.dll
0x00007ffb54480000 - 0x00007ffb5474a000 	C:\Windows\SYSTEM32\WININET.dll
0x00007ffb6d530000 - 0x00007ffb6d556000 	C:\Windows\system32\dwmapi.dll
0x00007ffb6d0a0000 - 0x00007ffb6d225000 	C:\Windows\SYSTEM32\propsys.dll
0x00007ffb72620000 - 0x00007ffb726bf000 	C:\Windows\System32\clbcatq.dll
0x0000000017130000 - 0x000000001714e000 	C:\Users\4230\.Xilinx\SDK\2015.4\org.eclipse.osgi\bundles\303\1\.cp\swt-gdip-win32-4335.dll
0x00007ffb53950000 - 0x00007ffb53ae9000 	C:\Windows\WinSxS\amd64_microsoft.windows.gdiplus_6595b64144ccf1df_1.1.14393.1715_none_aec701fbddd850fa\gdiplus.dll
0x00007ffb6c520000 - 0x00007ffb6c6c8000 	C:\Windows\SYSTEM32\WindowsCodecs.dll
0x0000000180000000 - 0x0000000180012000 	C:\Users\4230\.Xilinx\SDK\2015.4\org.eclipse.osgi\bundles\121\1\.cp\os\win32\x86_64\localfile_1_0_0.dll
0x00007ffb6a520000 - 0x00007ffb6a531000 	C:\Users\4230\.Xilinx\SDK\2015.4\org.eclipse.osgi\bundles\124\1\.cp\jWinHttp-1.0.0.dll
0x00007ffb6c420000 - 0x00007ffb6c4ed000 	C:\Windows\SYSTEM32\WINHTTP.dll
0x00007ffb556d0000 - 0x00007ffb55735000 	C:\Windows\SYSTEM32\oleacc.dll
0x00007ffb6dc00000 - 0x00007ffb6dc0f000 	D:\Xilinx\SDK\2015.4\lib\win64.o\librdi_repo_manager.dll
0x00007ffb20440000 - 0x00007ffb20dcd000 	D:\Xilinx\SDK\2015.4\lib\win64.o\librdi_common.dll
0x00007ffb6a4c0000 - 0x00007ffb6a514000 	D:\Xilinx\SDK\2015.4\lib\win64.o\librdi_commonxillic.dll
0x00007ffb6a490000 - 0x00007ffb6a4ba000 	D:\Xilinx\SDK\2015.4\lib\win64.o\libisl_sysinfo.dll
0x00007ffb48340000 - 0x00007ffb483e7000 	C:\Windows\SYSTEM32\MSVCP110.dll
0x00007ffb47a20000 - 0x00007ffb47af4000 	C:\Windows\SYSTEM32\MSVCR110.dll
0x00007ffb20220000 - 0x00007ffb2043e000 	D:\Xilinx\SDK\2015.4\lib\win64.o\libXil_lmgr11.dll
0x00007ffb70200000 - 0x00007ffb70255000 	C:\Windows\System32\WINTRUST.dll
0x00007ffb1f6b0000 - 0x00007ffb1f89c000 	D:\Xilinx\SDK\2015.4\lib\win64.o\librdi_hsm.dll
0x00007ffb6db50000 - 0x00007ffb6db59000 	D:\Xilinx\SDK\2015.4\lib\win64.o\libboost_system.dll
0x00007ffb4a840000 - 0x00007ffb4a93a000 	D:\Xilinx\SDK\2015.4\lib\win64.o\libboost_regex.dll
0x00007ffb69b00000 - 0x00007ffb69b22000 	D:\Xilinx\SDK\2015.4\lib\win64.o\libboost_filesystem.dll
0x00007ffb1feb0000 - 0x00007ffb2021e000 	D:\Xilinx\SDK\2015.4\lib\win64.o\libCOIN-all.dll
0x00007ffb6b480000 - 0x00007ffb6b490000 	D:\Xilinx\SDK\2015.4\lib\win64.o\libboost_date_time.dll
0x00007ffb65f90000 - 0x00007ffb66004000 	D:\Xilinx\SDK\2015.4\lib\win64.o\libboost_program_options.dll
0x00007ffb6a320000 - 0x00007ffb6a333000 	D:\Xilinx\SDK\2015.4\lib\win64.o\libboost_signals.dll
0x00007ffb69de0000 - 0x00007ffb69dfd000 	D:\Xilinx\SDK\2015.4\lib\win64.o\libboost_thread.dll
0x00007ffb4a7c0000 - 0x00007ffb4a840000 	D:\Xilinx\SDK\2015.4\lib\win64.o\libhdlpsolve.dll
0x00007ffb1fe10000 - 0x00007ffb1feaa000 	D:\Xilinx\SDK\2015.4\lib\win64.o\libhdxml.dll
0x00007ffb1f9d0000 - 0x00007ffb1fe04e00 	D:\Xilinx\SDK\2015.4\lib\win64.o\libisl_iostreams.dll
0x00007ffb670b0000 - 0x00007ffb670c5000 	D:\Xilinx\SDK\2015.4\lib\win64.o\pthreadVC2.dll
0x00007ffb1f8a0000 - 0x00007ffb1f9d0000 	D:\Xilinx\SDK\2015.4\lib\win64.o\librdi_curl.dll
0x00007ffb6a480000 - 0x00007ffb6a48b000 	D:\Xilinx\SDK\2015.4\lib\win64.o\libboost_xilinx.dll
0x00007ffb59970000 - 0x00007ffb59988000 	D:\Xilinx\SDK\2015.4\lib\win64.o\librdiconfig.dll
0x00007ffb4f380000 - 0x00007ffb4f3a3000 	D:\Xilinx\SDK\2015.4\lib\win64.o\librdizlib.dll
0x00000000718d0000 - 0x00000000719f7000 	D:\Xilinx\SDK\2015.4\lib\win64.o\tcl85t.dll
0x00007ffb642f0000 - 0x00007ffb644b3000 	C:\Windows\SYSTEM32\urlmon.dll
0x0000000025840000 - 0x0000000025aa3000 	D:\Xilinx\SDK\2015.4\lib\win64.o\xerces-c_3_1.dll
0x00007ffb51920000 - 0x00007ffb51943000 	C:\Windows\SYSTEM32\VCOMP110.DLL
0x00007ffb66fd0000 - 0x00007ffb66fe8000 	C:\Windows\SYSTEM32\NETAPI32.dll
0x00007ffb67700000 - 0x00007ffb6770b000 	D:\Xilinx\SDK\2015.4\lib\win64.o\libboost_chrono.dll
0x00007ffb519c0000 - 0x00007ffb519d6000 	D:\Xilinx\SDK\2015.4\lib\win64.o\libboost_iostreams.dll
0x00007ffb4beb0000 - 0x00007ffb4bed3000 	D:\Xilinx\SDK\2015.4\lib\win64.o\libisl_iosutils.dll
0x00007ffb68e60000 - 0x00007ffb69105000 	C:\Windows\SYSTEM32\iertutil.dll
0x00007ffb30f00000 - 0x00007ffb30f43000 	D:\Xilinx\SDK\2015.4\lib\win64.o\librdi_hdf.dll
0x00007ffb1f450000 - 0x00007ffb1f6a5000 	D:\Xilinx\SDK\2015.4\lib\win64.o\librdi_ippcw.dll
0x00007ffb6dbc0000 - 0x00007ffb6dbc7000 	C:\Windows\SYSTEM32\msimg32.dll
0x00007ffb6b5f0000 - 0x00007ffb6b632000 	C:\Windows\SYSTEM32\edputil.dll
0x00007ffb1e400000 - 0x00007ffb1ec10000 	D:\Xilinx\SDK\2015.4\lib\win64.o\libXil_lmgr11FNP.dll
0x00007ffb72910000 - 0x00007ffb72d39000 	C:\Windows\System32\SETUPAPI.dll
0x00007ffb664d0000 - 0x00007ffb664dc000 	C:\Windows\SYSTEM32\snmpapi.dll
0x00007ffb6f3c0000 - 0x00007ffb6f3ec000 	C:\Windows\SYSTEM32\SspiCli.dll
0x00007ffb6e480000 - 0x00007ffb6e4a8000 	C:\Windows\SYSTEM32\DEVOBJ.dll
0x00007ffb6a570000 - 0x00007ffb6a586000 	D:\Xilinx\SDK\2015.4\eclipse\win64.o\plugins\org.eclipse.cdt.core.win32.x86_64_5.2.0.201402142303\os\win32\x86_64\spawner.dll
0x00007ffb6a590000 - 0x00007ffb6a59a000 	D:\Xilinx\SDK\2015.4\lib\win64.o\librdi_jtag_settings.dll
0x00007ffb69690000 - 0x00007ffb696b9000 	D:\Xilinx\SDK\2015.4\lib\win64.o\librdi_debug_dialog.dll

VM Arguments:
jvm_args: -Dcom.xilinx.sdk.args.hwspec=D:/SMartCart/SMartCart/hdl_prj/vivado_ip_prj/vivado_prj.sdk/system_top_wrapper.hdf -Xms64m -Xmx512m & 
java_command: <unknown>
java_class_path (initial): D:\Xilinx\SDK\2015.4\eclipse\win64.o\\plugins/org.eclipse.equinox.launcher_1.3.0.v20130327-1440.jar
Launcher Type: generic

Environment Variables:
JAVA_HOME=C:\Program Files\Java\jdk1.8.0_121
USERNAME=4230
OS=Windows_NT
PROCESSOR_IDENTIFIER=Intel64 Family 6 Model 94 Stepping 3, GenuineIntel



---------------  S Y S T E M  ---------------

OS: Windows 10.0 , 64 bit Build 14393 (10.0.14393.1198)

CPU:total 4 (4 cores per cpu, 1 threads per core) family 6 model 94 stepping 3, cmov, cx8, fxsr, mmx, sse, sse2, sse3, ssse3, sse4.1, sse4.2, popcnt, avx, avx2, aes, clmul, erms, 3dnowpref, lzcnt, tsc, tscinvbit, bmi1, bmi2, adx

Memory: 4k page, physical 8343204k(3218060k free), swap 10984764k(4539820k free)

vm_info: Java HotSpot(TM) 64-Bit Server VM (25.45-b02) for windows-amd64 JRE (1.8.0_45-b15), built on Apr 30 2015 12:40:44 by "java_re" with MS VC++ 10.0 (VS2010)

time: Thu Nov 09 19:32:20 2017
elapsed time: 20438 seconds (0d 5h 40m 38s)

