#
# A fatal error has been detected by the Java Runtime Environment:
#
#  EXCEPTION_UNCAUGHT_CXX_EXCEPTION (0xe06d7363) at pc=0x00007fff2d543c58, pid=2440, tid=4656
#
# JRE version: Java(TM) SE Runtime Environment (8.0_45-b15) (build 1.8.0_45-b15)
# Java VM: Java HotSpot(TM) 64-Bit Server VM (25.45-b02 mixed mode windows-amd64 compressed oops)
# Problematic frame:
# C  [KERNELBASE.dll+0x33c58]
#
# Failed to write core dump. Minidumps are not enabled by default on client versions of Windows
#
# If you would like to submit a bug report, please visit:
#   http://bugreport.java.com/bugreport/crash.jsp
#

---------------  T H R E A D  ---------------

Current thread (0x0000000013b78000):  VMThread [stack: 0x0000000014c10000,0x0000000014d10000] [id=4656]

siginfo: ExceptionCode=0xe06d7363, ExceptionInformation=0x0000000019930520 0x0000000014d0f448 0x00007fff277c2cb8 0x00007fff27710000 

Registers:
RAX=0x004c0044002e006c, RBX=0x00007fff277c2cb8, RCX=0x000000000000004c, RDX=0x0000000000000000
RSP=0x0000000014d0f290, RBP=0x0000000014d0f3d0, RSI=0x00000000ffffffff, RDI=0x00000000239debc0
R8 =0x0000000000000000, R9 =0x0000000000000000, R10=0x0000000000000000, R11=0x0000000000000000
R12=0x0000000000000001, R13=0x0000000000000008, R14=0x0000000000000000, R15=0xffffffffffffffff
RIP=0x00007fff2d543c58, EFLAGS=0x0000000000000202

Top of Stack: (sp=0x0000000014d0f290)
0x0000000014d0f290:   0000000000000000 00007fff277c2cb8
0x0000000014d0f2a0:   00000000ffffffff 00000000239debc0
0x0000000014d0f2b0:   00000001e06d7363 0000000000000000
0x0000000014d0f2c0:   00007fff2d543c58 0000000000000004
0x0000000014d0f2d0:   0000000019930520 0000000014d0f448
0x0000000014d0f2e0:   00007fff277c2cb8 00007fff27710000
0x0000000014d0f2f0:   0000000000000008 0000000000000001
0x0000000014d0f300:   00000000239debc0 00000000ffffffff
0x0000000014d0f310:   0000000014d0f3d0 00007fff301ec28f
0x0000000014d0f320:   0000000014d0f3e0 0000000000000000
0x0000000014d0f330:   000070218c3432b6 0000000000000001
0x0000000014d0f340:   00007fff277d9000 00007fff27710000
0x0000000014d0f350:   0000c200d1aaaa43 000000000000003f
0x0000000014d0f360:   00007fff277c2cb8 00007fff2776e92c
0x0000000014d0f370:   000000000000001f 0000000000000008
0x0000000014d0f380:   0000000000000001 00000000239debc0 

Instructions: (pc=0x00007fff2d543c58)
0x00007fff2d543c38:   49 8b d1 44 0f 47 c0 44 89 44 24 38 49 c1 e0 03
0x00007fff2d543c48:   e8 47 90 04 00 48 8d 4c 24 20 ff 15 c0 44 11 00
0x00007fff2d543c58:   48 8b 8c 24 c0 00 00 00 48 33 cc e8 d8 55 04 00
0x00007fff2d543c68:   48 81 c4 d8 00 00 00 c3 83 64 24 38 00 eb d6 cc 


Register to memory mapping:

RAX=0x004c0044002e006c is an unknown value
RBX=0x00007fff277c2cb8 is an unknown value
RCX=0x000000000000004c is an unknown value
RDX=0x0000000000000000 is an unknown value
RSP=0x0000000014d0f290 is an unknown value
RBP=0x0000000014d0f3d0 is an unknown value
RSI=0x00000000ffffffff is an unallocated location in the heap
RDI=0x00000000239debc0 is an unknown value
R8 =0x0000000000000000 is an unknown value
R9 =0x0000000000000000 is an unknown value
R10=0x0000000000000000 is an unknown value
R11=0x0000000000000000 is an unknown value
R12=0x0000000000000001 is an unknown value
R13=0x0000000000000008 is an unknown value
R14=0x0000000000000000 is an unknown value
R15=0xffffffffffffffff is an unknown value


Stack: [0x0000000014c10000,0x0000000014d10000],  sp=0x0000000014d0f290,  free space=1020k
Native frames: (J=compiled Java code, j=interpreted, Vv=VM code, C=native code)
C  [KERNELBASE.dll+0x33c58]
C  [MSVCR110.dll+0x5e92c]
C  [MSVCR110.dll+0x1315c]
C  [MSVCR110.dll+0x136a9]
C  [MSVCR110.dll+0x13e9c]
C  [MSVCR110.dll+0x239e]
C  [MSVCR110.dll+0xaf9e]
C  [MSVCP110.dll+0x397b9]
C  [librdi_common.dll+0x14283e]
C  [librdi_common.dll+0x141449]
C  0x00007fff16322400
C  0x00007fff16322682
C  [ntdll.dll+0x2a37f]
C  [ntdll.dll+0x806b]
C  [ntdll.dll+0x7d94]
C  [KERNEL32.DLL+0x1ce6a]
C  [MSVCR100.dll+0x20ccd]
V  [jvm.dll+0x20f135]
V  [jvm.dll+0x247ef7]
V  [jvm.dll+0x247196]
V  [jvm.dll+0x247631]
V  [jvm.dll+0x24784e]
V  [jvm.dll+0x29853a]
C  [MSVCR100.dll+0x21d9f]
C  [MSVCR100.dll+0x21e3b]
C  [KERNEL32.DLL+0x8364]
C  [ntdll.dll+0x67091]

VM_Operation (0x000000000014f500): Exit, mode: safepoint, requested by thread 0x0000000002684000


---------------  P R O C E S S  ---------------

Java Threads: ( => current thread )
  0x0000000024cbf800 JavaThread "Set STDIO Tab defaults" [_thread_blocked, id=6364, stack(0x000000003d800000,0x000000003d900000)]
  0x0000000024cbe800 JavaThread "Set STDIO Tab defaults" [_thread_blocked, id=1948, stack(0x000000003d700000,0x000000003d800000)]
  0x0000000016091000 JavaThread "Set STDIO Tab defaults" [_thread_blocked, id=18684, stack(0x0000000038c00000,0x0000000038d00000)]
  0x0000000017b9b000 JavaThread "Set STDIO Tab defaults" [_thread_blocked, id=13468, stack(0x0000000035900000,0x0000000035a00000)]
  0x0000000017b9f000 JavaThread "Set STDIO Tab defaults" [_thread_blocked, id=8684, stack(0x0000000035800000,0x0000000035900000)]
  0x0000000017ba1800 JavaThread "Thread-49" daemon [_thread_blocked, id=17392, stack(0x000000002ad00000,0x000000002ae00000)]
  0x0000000017d69000 JavaThread "TCF Locator DNS Lookup" daemon [_thread_blocked, id=1340, stack(0x00000000201f0000,0x00000000202f0000)]
  0x0000000017d63000 JavaThread "TCF Locator Timer" daemon [_thread_blocked, id=1248, stack(0x00000000200f0000,0x00000000201f0000)]
  0x000000001aafe800 JavaThread "TCF Locator Receiver" daemon [_thread_in_native, id=1184, stack(0x000000001fff0000,0x00000000200f0000)]
  0x000000001aafc800 JavaThread "TCF Timer Dispatcher" daemon [_thread_blocked, id=1204, stack(0x000000001fdf0000,0x000000001fef0000)]
  0x0000000017591000 JavaThread "EMF Reference Cleaner" daemon [_thread_blocked, id=18700, stack(0x00000000196c0000,0x00000000197c0000)]
  0x0000000015428800 JavaThread "Service Thread" daemon [_thread_blocked, id=11952, stack(0x0000000015810000,0x0000000015910000)]
  0x0000000013bba000 JavaThread "C1 CompilerThread2" daemon [_thread_blocked, id=16592, stack(0x0000000015310000,0x0000000015410000)]
  0x0000000013bb7000 JavaThread "C2 CompilerThread1" daemon [_thread_blocked, id=12708, stack(0x0000000015210000,0x0000000015310000)]
  0x0000000013bb5000 JavaThread "C2 CompilerThread0" daemon [_thread_blocked, id=21208, stack(0x0000000015110000,0x0000000015210000)]
  0x0000000013bc2800 JavaThread "Attach Listener" daemon [_thread_blocked, id=20360, stack(0x0000000015010000,0x0000000015110000)]
  0x0000000013bc1800 JavaThread "Signal Dispatcher" daemon [_thread_blocked, id=12812, stack(0x0000000014f10000,0x0000000015010000)]
  0x0000000002779800 JavaThread "Finalizer" daemon [_thread_blocked, id=6512, stack(0x0000000014e10000,0x0000000014f10000)]
  0x0000000002771800 JavaThread "Reference Handler" daemon [_thread_blocked, id=8664, stack(0x0000000014d10000,0x0000000014e10000)]
  0x0000000002684000 JavaThread "main" [_thread_blocked, id=5716, stack(0x0000000000050000,0x0000000000150000)]

Other Threads:
=>0x0000000013b78000 VMThread [stack: 0x0000000014c10000,0x0000000014d10000] [id=4656]

VM state:at safepoint (shutting down)

VM Mutex/Monitor currently owned by a thread:  ([mutex/lock_event])
[0x0000000002680dd0] Threads_lock - owner thread: 0x0000000013b78000

Heap:
 PSYoungGen      total 93184K, used 67507K [0x00000000f5580000, 0x00000000fbe80000, 0x0000000100000000)
  eden space 79872K, 84% used [0x00000000f5580000,0x00000000f976ce80,0x00000000fa380000)
  from space 13312K, 0% used [0x00000000fb180000,0x00000000fb180000,0x00000000fbe80000)
  to   space 13824K, 0% used [0x00000000fa380000,0x00000000fa380000,0x00000000fb100000)
 ParOldGen       total 74240K, used 51149K [0x00000000e0000000, 0x00000000e4880000, 0x00000000f5580000)
  object space 74240K, 68% used [0x00000000e0000000,0x00000000e31f37f0,0x00000000e4880000)
 Metaspace       used 94270K, capacity 101328K, committed 101504K, reserved 1136640K
  class space    used 11478K, capacity 13625K, committed 13696K, reserved 1048576K

Card table byte_map: [0x0000000011c00000,0x0000000011d10000] byte_map_base: 0x0000000011500000

Marking Bits: (ParMarkBitMap*) 0x000000005a044040
 Begin Bits: [0x0000000012110000, 0x0000000012910000)
 End Bits:   [0x0000000012910000, 0x0000000013110000)

Polling page: 0x00000000005a0000

CodeCache: size=245760Kb used=51053Kb max_used=51208Kb free=194706Kb
 bounds [0x0000000002840000, 0x0000000005ab0000, 0x0000000011840000]
 total_blobs=14115 nmethods=13250 adapters=770
 compilation: enabled

Compilation events (10 events):
Event: 911.407 Thread 0x0000000013bb5000 17117       4       java.io.WinNTFileSystem::resolve (231 bytes)
Event: 911.430 Thread 0x0000000013bb5000 nmethod 17117 0x0000000005a9e090 code [0x0000000005a9e220, 0x0000000005a9ebb8]
Event: 911.438 Thread 0x0000000013bba000 17118   !   3       org.eclipse.osgi.internal.baseadaptor.BaseStorage::compact (215 bytes)
Event: 911.448 Thread 0x0000000013bba000 nmethod 17118 0x0000000003de6ed0 code [0x0000000003de7320, 0x0000000003de97e8]
Event: 911.754 Thread 0x0000000013bb7000 17119       4       java.io.File::isDirectory (43 bytes)
Event: 911.761 Thread 0x0000000013bb7000 nmethod 17119 0x00000000055dba10 code [0x00000000055dbb60, 0x00000000055dbd68]
Event: 912.126 Thread 0x0000000013bba000 17120       3       org.eclipse.osgi.framework.internal.core.AbstractBundle::close (52 bytes)
Event: 912.127 Thread 0x0000000013bba000 nmethod 17120 0x000000000364f510 code [0x000000000364f740, 0x0000000003650448]
Event: 912.128 Thread 0x0000000013bba000 17121   !   3       java.lang.ThreadGroup::threadTerminated (63 bytes)
Event: 912.129 Thread 0x0000000013bba000 nmethod 17121 0x00000000053c6450 code [0x00000000053c65e0, 0x00000000053c6ba8]

GC Heap History (10 events):
Event: 571.147 GC heap before
{Heap before GC invocations=52 (full 9):
 PSYoungGen      total 96256K, used 80896K [0x00000000f5580000, 0x00000000fc380000, 0x0000000100000000)
  eden space 80896K, 100% used [0x00000000f5580000,0x00000000fa480000,0x00000000fa480000)
  from space 15360K, 0% used [0x00000000fb480000,0x00000000fb480000,0x00000000fc380000)
  to   space 15872K, 0% used [0x00000000fa480000,0x00000000fa480000,0x00000000fb400000)
 ParOldGen       total 74240K, used 54580K [0x00000000e0000000, 0x00000000e4880000, 0x00000000f5580000)
  object space 74240K, 73% used [0x00000000e0000000,0x00000000e354d1f8,0x00000000e4880000)
 Metaspace       used 92683K, capacity 100024K, committed 100352K, reserved 1136640K
  class space    used 11336K, capacity 13467K, committed 13568K, reserved 1048576K
Event: 571.152 GC heap after
Heap after GC invocations=52 (full 9):
 PSYoungGen      total 96768K, used 4792K [0x00000000f5580000, 0x00000000fc400000, 0x0000000100000000)
  eden space 80896K, 0% used [0x00000000f5580000,0x00000000f5580000,0x00000000fa480000)
  from space 15872K, 30% used [0x00000000fa480000,0x00000000fa92e098,0x00000000fb400000)
  to   space 15360K, 0% used [0x00000000fb500000,0x00000000fb500000,0x00000000fc400000)
 ParOldGen       total 74240K, used 54580K [0x00000000e0000000, 0x00000000e4880000, 0x00000000f5580000)
  object space 74240K, 73% used [0x00000000e0000000,0x00000000e354d1f8,0x00000000e4880000)
 Metaspace       used 92683K, capacity 100024K, committed 100352K, reserved 1136640K
  class space    used 11336K, capacity 13467K, committed 13568K, reserved 1048576K
}
Event: 584.368 GC heap before
{Heap before GC invocations=53 (full 9):
 PSYoungGen      total 96768K, used 85688K [0x00000000f5580000, 0x00000000fc400000, 0x0000000100000000)
  eden space 80896K, 100% used [0x00000000f5580000,0x00000000fa480000,0x00000000fa480000)
  from space 15872K, 30% used [0x00000000fa480000,0x00000000fa92e098,0x00000000fb400000)
  to   space 15360K, 0% used [0x00000000fb500000,0x00000000fb500000,0x00000000fc400000)
 ParOldGen       total 74240K, used 54580K [0x00000000e0000000, 0x00000000e4880000, 0x00000000f5580000)
  object space 74240K, 73% used [0x00000000e0000000,0x00000000e354d1f8,0x00000000e4880000)
 Metaspace       used 93097K, capacity 100472K, committed 100608K, reserved 1136640K
  class space    used 11357K, capacity 13531K, committed 13568K, reserved 1048576K
Event: 584.381 GC heap after
Heap after GC invocations=53 (full 9):
 PSYoungGen      total 96768K, used 3595K [0x00000000f5580000, 0x00000000fc300000, 0x0000000100000000)
  eden space 82432K, 0% used [0x00000000f5580000,0x00000000f5580000,0x00000000fa600000)
  from space 14336K, 25% used [0x00000000fb500000,0x00000000fb882ce8,0x00000000fc300000)
  to   space 14848K, 0% used [0x00000000fa600000,0x00000000fa600000,0x00000000fb480000)
 ParOldGen       total 74240K, used 54588K [0x00000000e0000000, 0x00000000e4880000, 0x00000000f5580000)
  object space 74240K, 73% used [0x00000000e0000000,0x00000000e354f1f8,0x00000000e4880000)
 Metaspace       used 93097K, capacity 100472K, committed 100608K, reserved 1136640K
  class space    used 11357K, capacity 13531K, committed 13568K, reserved 1048576K
}
Event: 845.823 GC heap before
{Heap before GC invocations=54 (full 9):
 PSYoungGen      total 96768K, used 86017K [0x00000000f5580000, 0x00000000fc300000, 0x0000000100000000)
  eden space 82432K, 99% used [0x00000000f5580000,0x00000000fa5fd830,0x00000000fa600000)
  from space 14336K, 25% used [0x00000000fb500000,0x00000000fb882ce8,0x00000000fc300000)
  to   space 14848K, 0% used [0x00000000fa600000,0x00000000fa600000,0x00000000fb480000)
 ParOldGen       total 74240K, used 54588K [0x00000000e0000000, 0x00000000e4880000, 0x00000000f5580000)
  object space 74240K, 73% used [0x00000000e0000000,0x00000000e354f1f8,0x00000000e4880000)
 Metaspace       used 93367K, capacity 100638K, committed 100864K, reserved 1136640K
  class space    used 11375K, capacity 13564K, committed 13568K, reserved 1048576K
Event: 845.828 GC heap after
Heap after GC invocations=54 (full 9):
 PSYoungGen      total 86016K, used 5722K [0x00000000f5580000, 0x00000000fbf80000, 0x0000000100000000)
  eden space 79872K, 0% used [0x00000000f5580000,0x00000000f5580000,0x00000000fa380000)
  from space 6144K, 93% used [0x00000000fa600000,0x00000000fab96b70,0x00000000fac00000)
  to   space 14336K, 0% used [0x00000000fb180000,0x00000000fb180000,0x00000000fbf80000)
 ParOldGen       total 74240K, used 54596K [0x00000000e0000000, 0x00000000e4880000, 0x00000000f5580000)
  object space 74240K, 73% used [0x00000000e0000000,0x00000000e35511f8,0x00000000e4880000)
 Metaspace       used 93367K, capacity 100638K, committed 100864K, reserved 1136640K
  class space    used 11375K, capacity 13564K, committed 13568K, reserved 1048576K
}
Event: 853.559 GC heap before
{Heap before GC invocations=55 (full 9):
 PSYoungGen      total 86016K, used 23301K [0x00000000f5580000, 0x00000000fbf80000, 0x0000000100000000)
  eden space 79872K, 22% used [0x00000000f5580000,0x00000000f66aabf8,0x00000000fa380000)
  from space 6144K, 93% used [0x00000000fa600000,0x00000000fab96b70,0x00000000fac00000)
  to   space 14336K, 0% used [0x00000000fb180000,0x00000000fb180000,0x00000000fbf80000)
 ParOldGen       total 74240K, used 54596K [0x00000000e0000000, 0x00000000e4880000, 0x00000000f5580000)
  object space 74240K, 73% used [0x00000000e0000000,0x00000000e35511f8,0x00000000e4880000)
 Metaspace       used 93383K, capacity 100638K, committed 100864K, reserved 1136640K
  class space    used 11375K, capacity 13564K, committed 13568K, reserved 1048576K
Event: 853.572 GC heap after
Heap after GC invocations=55 (full 9):
 PSYoungGen      total 93184K, used 5378K [0x00000000f5580000, 0x00000000fbe80000, 0x0000000100000000)
  eden space 79872K, 0% used [0x00000000f5580000,0x00000000f5580000,0x00000000fa380000)
  from space 13312K, 40% used [0x00000000fb180000,0x00000000fb6c0ab0,0x00000000fbe80000)
  to   space 13824K, 0% used [0x00000000fa380000,0x00000000fa380000,0x00000000fb100000)
 ParOldGen       total 74240K, used 54604K [0x00000000e0000000, 0x00000000e4880000, 0x00000000f5580000)
  object space 74240K, 73% used [0x00000000e0000000,0x00000000e35531f8,0x00000000e4880000)
 Metaspace       used 93383K, capacity 100638K, committed 100864K, reserved 1136640K
  class space    used 11375K, capacity 13564K, committed 13568K, reserved 1048576K
}
Event: 853.572 GC heap before
{Heap before GC invocations=56 (full 10):
 PSYoungGen      total 93184K, used 5378K [0x00000000f5580000, 0x00000000fbe80000, 0x0000000100000000)
  eden space 79872K, 0% used [0x00000000f5580000,0x00000000f5580000,0x00000000fa380000)
  from space 13312K, 40% used [0x00000000fb180000,0x00000000fb6c0ab0,0x00000000fbe80000)
  to   space 13824K, 0% used [0x00000000fa380000,0x00000000fa380000,0x00000000fb100000)
 ParOldGen       total 74240K, used 54604K [0x00000000e0000000, 0x00000000e4880000, 0x00000000f5580000)
  object space 74240K, 73% used [0x00000000e0000000,0x00000000e35531f8,0x00000000e4880000)
 Metaspace       used 93383K, capacity 100638K, committed 100864K, reserved 1136640K
  class space    used 11375K, capacity 13564K, committed 13568K, reserved 1048576K
Event: 853.843 GC heap after
Heap after GC invocations=56 (full 10):
 PSYoungGen      total 93184K, used 0K [0x00000000f5580000, 0x00000000fbe80000, 0x0000000100000000)
  eden space 79872K, 0% used [0x00000000f5580000,0x00000000f5580000,0x00000000fa380000)
  from space 13312K, 0% used [0x00000000fb180000,0x00000000fb180000,0x00000000fbe80000)
  to   space 13824K, 0% used [0x00000000fa380000,0x00000000fa380000,0x00000000fb100000)
 ParOldGen       total 74240K, used 51149K [0x00000000e0000000, 0x00000000e4880000, 0x00000000f5580000)
  object space 74240K, 68% used [0x00000000e0000000,0x00000000e31f37f0,0x00000000e4880000)
 Metaspace       used 93366K, capacity 100608K, committed 100864K, reserved 1136640K
  class space    used 11373K, capacity 13559K, committed 13568K, reserved 1048576K
}

Deoptimization events (10 events):
Event: 910.004 Thread 0x0000000017ba0800 Uncommon trap: reason=unstable_if action=reinterpret pc=0x000000000493b7a4 method=java.io.BufferedReader.read()I @ 34
Event: 910.004 Thread 0x0000000017ba0800 Uncommon trap: reason=unstable_if action=reinterpret pc=0x0000000003aa1004 method=org.eclipse.ui.PlatformUI.isWorkbenchRunning()Z @ 12
Event: 910.042 Thread 0x0000000002684000 Uncommon trap: reason=unstable_if action=reinterpret pc=0x0000000003ecc948 method=org.eclipse.swt.graphics.Resource.dispose()V @ 15
Event: 910.688 Thread 0x0000000002684000 Uncommon trap: reason=unstable_if action=reinterpret pc=0x000000000339f528 method=org.eclipse.core.runtime.internal.adaptor.EclipseLazyStarter.shouldActivateFor(Ljava/lang/String;Lorg/eclipse/osgi/baseadaptor/BaseData;Lorg/eclipse/core/runtime/internal/ada'†ÊÅuå@
Event: 910.688 Thread 0x0000000002684000 Uncommon trap: reason=class_check action=maybe_recompile pc=0x000000000559820c method=org.eclipse.swt.widgets.Display.asyncExec(Ljava/lang/Runnable;)V @ 54
Event: 910.689 Thread 0x0000000002684000 Uncommon trap: reason=class_check action=maybe_recompile pc=0x000000000559820c method=org.eclipse.swt.widgets.Display.asyncExec(Ljava/lang/Runnable;)V @ 54
Event: 910.706 Thread 0x0000000002684000 Uncommon trap: reason=null_check action=make_not_entrant pc=0x00000000052e2750 method=java.lang.Class.reflectionData()Ljava/lang/Class$ReflectionData; @ 24
Event: 910.729 Thread 0x0000000002684000 Uncommon trap: reason=null_check action=make_not_entrant pc=0x00000000056c81ac method=java.lang.Class.reflectionData()Ljava/lang/Class$ReflectionData; @ 24
Event: 910.755 Thread 0x0000000013bed800 Uncommon trap: reason=unstable_if action=reinterpret pc=0x00000000032483d0 method=org.eclipse.osgi.framework.internal.core.BundleContextImpl.dispatchEvent(Ljava/lang/Object;Ljava/lang/Object;ILjava/lang/Object;)V @ 16
Event: 910.756 Thread 0x000000001ab01000 Uncommon trap: reason=unstable_if action=reinterpret pc=0x000000000350ebc8 method=org.eclipse.core.internal.jobs.JobManager.nextJob()Lorg/eclipse/core/runtime/jobs/Job; @ 80

Internal exceptions (10 events):
Event: 909.365 Thread 0x0000000024cba000 Exception <a 'java/net/SocketException': Socket closed> (0x00000000f7b4eee0) thrown at [C:\re\workspace\8-2-build-windows-amd64-cygwin\jdk8u45\3627\hotspot\src\share\vm\prims\jni.cpp, line 735]
Event: 909.393 Thread 0x0000000002684000 Implicit null exception at 0x000000000299974c to 0x00000000029997a9
Event: 909.951 Thread 0x0000000002684000 Implicit null exception at 0x00000000049370cb to 0x0000000004937481
Event: 910.003 Thread 0x0000000017d6e800 Exception <a 'java/lang/InterruptedException'> (0x00000000f9226c90) thrown at [C:\re\workspace\8-2-build-windows-amd64-cygwin\jdk8u45\3627\hotspot\src\share\vm\runtime\objectMonitor.cpp, line 1683]
Event: 910.706 Thread 0x0000000002684000 Implicit null exception at 0x00000000052e247b to 0x00000000052e272d
Event: 910.729 Thread 0x0000000002684000 Implicit null exception at 0x00000000056c4cde to 0x00000000056c8175
Event: 910.770 Thread 0x0000000016001800 Exception <a 'java/lang/InterruptedException': sleep interrupted> (0x00000000f72c2798) thrown at [C:\re\workspace\8-2-build-windows-amd64-cygwin\jdk8u45\3627\hotspot\src\share\vm\prims\jvm.cpp, line 3211]
Event: 910.773 Thread 0x0000000015f72800 Exception <a 'java/lang/InterruptedException'> (0x00000000f95f7b00) thrown at [C:\re\workspace\8-2-build-windows-amd64-cygwin\jdk8u45\3627\hotspot\src\share\vm\runtime\objectMonitor.cpp, line 1683]
Event: 910.773 Thread 0x00000000163e9000 Exception <a 'java/lang/InterruptedException'> (0x00000000f960cc90) thrown at [C:\re\workspace\8-2-build-windows-amd64-cygwin\jdk8u45\3627\hotspot\src\share\vm\runtime\objectMonitor.cpp, line 1683]
Event: 912.126 Thread 0x0000000013bed800 Exception <a 'java/lang/InterruptedException'> (0x00000000f9525698) thrown at [C:\re\workspace\8-2-build-windows-amd64-cygwin\jdk8u45\3627\hotspot\src\share\vm\runtime\objectMonitor.cpp, line 1683]

Events (10 events):
Event: 912.127 Thread 0x0000000013bba000 flushing nmethod 0x00000000029995d0
Event: 912.127 Thread 0x0000000024cc0000 Thread added: 0x0000000024cc0000
Event: 912.127 Executing VM operation: RevokeBias
Event: 912.128 Executing VM operation: RevokeBias done
Event: 912.128 Executing VM operation: RevokeBias
Event: 912.128 Executing VM operation: RevokeBias done
Event: 912.128 Executing VM operation: RevokeBias
Event: 912.128 Executing VM operation: RevokeBias done
Event: 912.128 Thread 0x0000000024cc0000 Thread exited: 0x0000000024cc0000
Event: 912.129 Executing VM operation: Exit


Dynamic libraries:
0x0000000000400000 - 0x000000000044f000 	D:\Xilinx\SDK\2015.4\eclipse\win64.o\eclipse.exe
0x00007fff301a0000 - 0x00007fff30372000 	C:\Windows\SYSTEM32\ntdll.dll
0x00007fff2e140000 - 0x00007fff2e1ec000 	C:\Windows\System32\KERNEL32.DLL
0x00007fff2d510000 - 0x00007fff2d72d000 	C:\Windows\System32\KERNELBASE.dll
0x00007fff2ac90000 - 0x00007fff2ad0a000 	C:\Windows\system32\apphelp.dll
0x00007fff2e520000 - 0x00007fff2e685000 	C:\Windows\System32\USER32.dll
0x00007fff2d4f0000 - 0x00007fff2d50e000 	C:\Windows\System32\win32u.dll
0x00007fff2fba0000 - 0x00007fff2fbd4000 	C:\Windows\System32\GDI32.dll
0x00007fff2c6a0000 - 0x00007fff2c820000 	C:\Windows\System32\gdi32full.dll
0x00007fff2fcc0000 - 0x00007fff2fd5e000 	C:\Windows\System32\msvcrt.dll
0x00007fff18f30000 - 0x00007fff191aa000 	C:\Windows\WinSxS\amd64_microsoft.windows.common-controls_6595b64144ccf1df_6.0.14393.953_none_42151e83c686086b\COMCTL32.dll
0x00007fff2d730000 - 0x00007fff2d9f8000 	C:\Windows\System32\combase.dll
0x00007fff2d160000 - 0x00007fff2d255000 	C:\Windows\System32\ucrtbase.dll
0x00007fff30020000 - 0x00007fff30141000 	C:\Windows\System32\RPCRT4.dll
0x00007fff2d430000 - 0x00007fff2d49a000 	C:\Windows\System32\bcryptPrimitives.dll
0x00007fff30150000 - 0x00007fff3017e000 	C:\Windows\System32\IMM32.DLL
0x0000000072000000 - 0x0000000072012000 	D:\Xilinx\SDK\2015.4\eclipse\win64.o\plugins\org.eclipse.equinox.launcher.win32.win32.x86_64_1.1.200.v20140116-2212\eclipse_1503.dll
0x00007fff2fdc0000 - 0x00007fff2fe62000 	C:\Windows\System32\ADVAPI32.dll
0x00007fff2e420000 - 0x00007fff2e479000 	C:\Windows\System32\sechost.dll
0x00007fff282d0000 - 0x00007fff282da000 	C:\Windows\SYSTEM32\VERSION.dll
0x00007fff2aed0000 - 0x00007fff2af65000 	C:\Windows\system32\uxtheme.dll
0x00007fff2e2c0000 - 0x00007fff2e41a000 	C:\Windows\System32\MSCTF.dll
0x00007fff2e1f0000 - 0x00007fff2e2af000 	C:\Windows\System32\OLEAUT32.dll
0x00007fff2d0c0000 - 0x00007fff2d15c000 	C:\Windows\System32\msvcp_win.dll
0x0000000059840000 - 0x000000005a0c3000 	D:\Xilinx\SDK\2015.4\tps\win64\jre\bin\server\jvm.dll
0x00007fff2dca0000 - 0x00007fff2dca8000 	C:\Windows\System32\PSAPI.DLL
0x00007fff24de0000 - 0x00007fff24de9000 	C:\Windows\SYSTEM32\WSOCK32.dll
0x00007fff2a9a0000 - 0x00007fff2a9c3000 	C:\Windows\SYSTEM32\WINMM.dll
0x000000005d290000 - 0x000000005d362000 	C:\Windows\SYSTEM32\MSVCR100.dll
0x00007fff2fc50000 - 0x00007fff2fcba000 	C:\Windows\System32\WS2_32.dll
0x0000000000540000 - 0x000000000056b000 	C:\Windows\SYSTEM32\WINMMBASE.dll
0x00007fff2d4a0000 - 0x00007fff2d4e2000 	C:\Windows\System32\cfgmgr32.dll
0x000000005c740000 - 0x000000005c74f000 	D:\Xilinx\SDK\2015.4\tps\win64\jre\bin\verify.dll
0x000000005c710000 - 0x000000005c739000 	D:\Xilinx\SDK\2015.4\tps\win64\jre\bin\java.dll
0x000000005c6f0000 - 0x000000005c706000 	D:\Xilinx\SDK\2015.4\tps\win64\jre\bin\zip.dll
0x00007fff2e690000 - 0x00007fff2fb98000 	C:\Windows\System32\SHELL32.dll
0x00007fff2c930000 - 0x00007fff2d008000 	C:\Windows\System32\windows.storage.dll
0x00007fff2c630000 - 0x00007fff2c67c000 	C:\Windows\System32\powrprof.dll
0x00007fff2fe70000 - 0x00007fff2fec2000 	C:\Windows\System32\shlwapi.dll
0x00007fff2c690000 - 0x00007fff2c69f000 	C:\Windows\System32\kernel.appcore.dll
0x00007fff2c880000 - 0x00007fff2c929000 	C:\Windows\System32\shcore.dll
0x00007fff2c610000 - 0x00007fff2c624000 	C:\Windows\System32\profapi.dll
0x00007fff2c090000 - 0x00007fff2c0a7000 	C:\Windows\SYSTEM32\CRYPTSP.dll
0x00007fff2bae0000 - 0x00007fff2bb13000 	C:\Windows\system32\rsaenh.dll
0x00007fff2c550000 - 0x00007fff2c57b000 	C:\Windows\SYSTEM32\bcrypt.dll
0x00007fff2bd60000 - 0x00007fff2bd7f000 	C:\Windows\SYSTEM32\USERENV.dll
0x00007fff2c080000 - 0x00007fff2c08b000 	C:\Windows\SYSTEM32\CRYPTBASE.dll
0x000000005c6d0000 - 0x000000005c6ea000 	D:\Xilinx\SDK\2015.4\tps\win64\jre\bin\net.dll
0x00007fff2bee0000 - 0x00007fff2bf3c000 	C:\Windows\system32\mswsock.dll
0x00007fff2bc60000 - 0x00007fff2bc98000 	C:\Windows\SYSTEM32\IPHLPAPI.DLL
0x00007fff2e2b0000 - 0x00007fff2e2b8000 	C:\Windows\System32\NSI.dll
0x00007fff24590000 - 0x00007fff245a6000 	C:\Windows\SYSTEM32\dhcpcsvc6.DLL
0x00007fff24860000 - 0x00007fff2487a000 	C:\Windows\SYSTEM32\dhcpcsvc.DLL
0x000000005c6b0000 - 0x000000005c6c1000 	D:\Xilinx\SDK\2015.4\tps\win64\jre\bin\nio.dll
0x00007fff196c0000 - 0x00007fff196d6000 	C:\Windows\system32\napinsp.dll
0x00007fff196e0000 - 0x00007fff196fa000 	C:\Windows\system32\pnrpnsp.dll
0x00007fff28800000 - 0x00007fff28818000 	C:\Windows\system32\NLAapi.dll
0x00007fff2bca0000 - 0x00007fff2bd41000 	C:\Windows\SYSTEM32\DNSAPI.dll
0x00007fff1eba0000 - 0x00007fff1ebae000 	C:\Windows\System32\winrnr.dll
0x0000000063560000 - 0x0000000063569000 	C:\Program Files\National Instruments\Shared\mDNS Responder\nimdnsNSP.dll
0x0000000063550000 - 0x000000006355e000 	C:\Windows\SYSTEM32\nimdnsResponder.dll
0x000000005d540000 - 0x000000005d5e3000 	C:\Windows\WinSxS\amd64_microsoft.vc90.crt_1fc8b3b9a1e18e3b_9.0.30729.9247_none_08e394a1a83e212f\MSVCR90.dll
0x000000005d510000 - 0x000000005d536000 	C:\Program Files\Bonjour\mdnsNSP.dll
0x00007fff22f20000 - 0x00007fff22f2a000 	C:\Windows\System32\rasadhlp.dll
0x00007fff245c0000 - 0x00007fff2462a000 	C:\Windows\System32\fwpuclnt.dll
0x00000000167c0000 - 0x0000000016868000 	C:\Users\4230\.Xilinx\SDK\2015.4\org.eclipse.osgi\bundles\303\1\.cp\swt-win32-4335.dll
0x00007fff2fee0000 - 0x00007fff30018000 	C:\Windows\System32\ole32.dll
0x00007fff2da00000 - 0x00007fff2dafa000 	C:\Windows\System32\comdlg32.dll
0x00007fff2d260000 - 0x00007fff2d429000 	C:\Windows\System32\CRYPT32.dll
0x00007fff2c680000 - 0x00007fff2c690000 	C:\Windows\System32\MSASN1.dll
0x00007fff23580000 - 0x00007fff23606000 	C:\Windows\SYSTEM32\WINSPOOL.DRV
0x00007fff2aa30000 - 0x00007fff2aa49000 	C:\Windows\SYSTEM32\USP10.dll
0x00007fff16050000 - 0x00007fff1631a000 	C:\Windows\SYSTEM32\WININET.dll
0x00007fff2a300000 - 0x00007fff2a326000 	C:\Windows\system32\dwmapi.dll
0x00007fff2a0b0000 - 0x00007fff2a235000 	C:\Windows\SYSTEM32\propsys.dll
0x00007fff2e480000 - 0x00007fff2e51f000 	C:\Windows\System32\clbcatq.dll
0x0000000016ea0000 - 0x0000000016ebe000 	C:\Users\4230\.Xilinx\SDK\2015.4\org.eclipse.osgi\bundles\303\1\.cp\swt-gdip-win32-4335.dll
0x00007fff157c0000 - 0x00007fff15959000 	C:\Windows\WinSxS\amd64_microsoft.windows.gdiplus_6595b64144ccf1df_1.1.14393.1715_none_aec701fbddd850fa\gdiplus.dll
0x00007fff297a0000 - 0x00007fff29948000 	C:\Windows\SYSTEM32\WindowsCodecs.dll
0x0000000180000000 - 0x0000000180012000 	C:\Users\4230\.Xilinx\SDK\2015.4\org.eclipse.osgi\bundles\121\1\.cp\os\win32\x86_64\localfile_1_0_0.dll
0x00007fff269d0000 - 0x00007fff269e1000 	C:\Users\4230\.Xilinx\SDK\2015.4\org.eclipse.osgi\bundles\124\1\.cp\jWinHttp-1.0.0.dll
0x00007fff29950000 - 0x00007fff29a1d000 	C:\Windows\SYSTEM32\WINHTTP.dll
0x00007fff22490000 - 0x00007fff224f5000 	C:\Windows\SYSTEM32\oleacc.dll
0x00007fff2aa80000 - 0x00007fff2aa8f000 	D:\Xilinx\SDK\2015.4\lib\win64.o\librdi_repo_manager.dll
0x00007fff26970000 - 0x00007fff269c4000 	D:\Xilinx\SDK\2015.4\lib\win64.o\librdi_commonxillic.dll
0x00007ffee3f60000 - 0x00007ffee48ed000 	D:\Xilinx\SDK\2015.4\lib\win64.o\librdi_common.dll
0x00007fff14ab0000 - 0x00007fff14ada000 	D:\Xilinx\SDK\2015.4\lib\win64.o\libisl_sysinfo.dll
0x00007ffee7f40000 - 0x00007ffee812c000 	D:\Xilinx\SDK\2015.4\lib\win64.o\librdi_hsm.dll
0x00007fff26eb0000 - 0x00007fff26f57000 	C:\Windows\SYSTEM32\MSVCP110.dll
0x00007fff27710000 - 0x00007fff277e4000 	C:\Windows\SYSTEM32\MSVCR110.dll
0x00007fff07260000 - 0x00007fff0747e000 	D:\Xilinx\SDK\2015.4\lib\win64.o\libXil_lmgr11.dll
0x00007fff148d0000 - 0x00007fff148f2000 	D:\Xilinx\SDK\2015.4\lib\win64.o\libboost_filesystem.dll
0x00007fff07160000 - 0x00007fff0725a000 	D:\Xilinx\SDK\2015.4\lib\win64.o\libboost_regex.dll
0x00007fff2c820000 - 0x00007fff2c875000 	C:\Windows\System32\WINTRUST.dll
0x00007fff2aa20000 - 0x00007fff2aa29000 	D:\Xilinx\SDK\2015.4\lib\win64.o\libboost_system.dll
0x00007ffee3bf0000 - 0x00007ffee3f5e000 	D:\Xilinx\SDK\2015.4\lib\win64.o\libCOIN-all.dll
0x00007fff22090000 - 0x00007fff220a0000 	D:\Xilinx\SDK\2015.4\lib\win64.o\libboost_date_time.dll
0x00007fff135e0000 - 0x00007fff13654000 	D:\Xilinx\SDK\2015.4\lib\win64.o\libboost_program_options.dll
0x00007fff20f50000 - 0x00007fff20f63000 	D:\Xilinx\SDK\2015.4\lib\win64.o\libboost_signals.dll
0x00007fff1f8a0000 - 0x00007fff1f8bd000 	D:\Xilinx\SDK\2015.4\lib\win64.o\libboost_thread.dll
0x00007fff20620000 - 0x00007fff2062b000 	D:\Xilinx\SDK\2015.4\lib\win64.o\libboost_xilinx.dll
0x00007fff0fd20000 - 0x00007fff0fda0000 	D:\Xilinx\SDK\2015.4\lib\win64.o\libhdlpsolve.dll
0x00007fff0f460000 - 0x00007fff0f4fa000 	D:\Xilinx\SDK\2015.4\lib\win64.o\libhdxml.dll
0x00007ffee37b0000 - 0x00007ffee3be4e00 	D:\Xilinx\SDK\2015.4\lib\win64.o\libisl_iostreams.dll
0x00007fff05d70000 - 0x00007fff05ea0000 	D:\Xilinx\SDK\2015.4\lib\win64.o\librdi_curl.dll
0x00007fff148b0000 - 0x00007fff148c8000 	D:\Xilinx\SDK\2015.4\lib\win64.o\librdiconfig.dll
0x00007fff13500000 - 0x00007fff13523000 	D:\Xilinx\SDK\2015.4\lib\win64.o\librdizlib.dll
0x000000005c750000 - 0x000000005c877000 	D:\Xilinx\SDK\2015.4\lib\win64.o\tcl85t.dll
0x0000000020d60000 - 0x0000000020fc3000 	D:\Xilinx\SDK\2015.4\lib\win64.o\xerces-c_3_1.dll
0x00007fff20c30000 - 0x00007fff20df3000 	C:\Windows\SYSTEM32\urlmon.dll
0x00007fff08270000 - 0x00007fff08293000 	C:\Windows\SYSTEM32\VCOMP110.DLL
0x00007fff22f00000 - 0x00007fff22f18000 	C:\Windows\SYSTEM32\NETAPI32.dll
0x00007fff1f780000 - 0x00007fff1f78b000 	D:\Xilinx\SDK\2015.4\lib\win64.o\libboost_chrono.dll
0x00007fff134e0000 - 0x00007fff134f6000 	D:\Xilinx\SDK\2015.4\lib\win64.o\libboost_iostreams.dll
0x00007fff0f430000 - 0x00007fff0f453000 	D:\Xilinx\SDK\2015.4\lib\win64.o\libisl_iosutils.dll
0x00007fff255c0000 - 0x00007fff25865000 	C:\Windows\SYSTEM32\iertutil.dll
0x00007fff0f410000 - 0x00007fff0f425000 	D:\Xilinx\SDK\2015.4\lib\win64.o\pthreadVC2.dll
0x00007fff08d80000 - 0x00007fff08dc3000 	D:\Xilinx\SDK\2015.4\lib\win64.o\librdi_hdf.dll
0x00007ffee3550000 - 0x00007ffee37a5000 	D:\Xilinx\SDK\2015.4\lib\win64.o\librdi_ippcw.dll
0x00007fff2aaa0000 - 0x00007fff2aaa7000 	C:\Windows\SYSTEM32\msimg32.dll
0x00007fff24540000 - 0x00007fff24582000 	C:\Windows\SYSTEM32\edputil.dll
0x00007ffee0d50000 - 0x00007ffee1560000 	D:\Xilinx\SDK\2015.4\lib\win64.o\libXil_lmgr11FNP.dll
0x00007fff2dd10000 - 0x00007fff2e139000 	C:\Windows\System32\SETUPAPI.dll
0x00007fff17ea0000 - 0x00007fff17eac000 	C:\Windows\SYSTEM32\snmpapi.dll
0x00007fff2c280000 - 0x00007fff2c2ac000 	C:\Windows\SYSTEM32\SspiCli.dll
0x00007fff2b2e0000 - 0x00007fff2b308000 	C:\Windows\SYSTEM32\DEVOBJ.dll
0x00007fff27340000 - 0x00007fff27356000 	D:\Xilinx\SDK\2015.4\eclipse\win64.o\plugins\org.eclipse.cdt.core.win32.x86_64_5.2.0.201402142303\os\win32\x86_64\spawner.dll
0x00007fff27280000 - 0x00007fff2728a000 	D:\Xilinx\SDK\2015.4\lib\win64.o\librdi_jtag_settings.dll

VM Arguments:
jvm_args: -Dcom.xilinx.sdk.args.hwspec=D:/SMartCart/SMartCart/hdl_prj/vivado_ip_prj/vivado_prj.sdk/system_top_wrapper.hdf -Xms64m -Xmx512m & 
java_command: <unknown>
java_class_path (initial): D:\Xilinx\SDK\2015.4\eclipse\win64.o\\plugins/org.eclipse.equinox.launcher_1.3.0.v20130327-1440.jar
Launcher Type: generic

Environment Variables:
JAVA_HOME=C:\Program Files\Java\jdk1.8.0_121
USERNAME=4230
OS=Windows_NT
PROCESSOR_IDENTIFIER=Intel64 Family 6 Model 94 Stepping 3, GenuineIntel



---------------  S Y S T E M  ---------------

OS: Windows 10.0 , 64 bit Build 14393 (10.0.14393.1198)

CPU:total 4 (4 cores per cpu, 1 threads per core) family 6 model 94 stepping 3, cmov, cx8, fxsr, mmx, sse, sse2, sse3, ssse3, sse4.1, sse4.2, popcnt, avx, avx2, aes, clmul, erms, 3dnowpref, lzcnt, tsc, tscinvbit, bmi1, bmi2, adx

Memory: 4k page, physical 8343204k(4601540k free), swap 9784996k(5184612k free)

vm_info: Java HotSpot(TM) 64-Bit Server VM (25.45-b02) for windows-amd64 JRE (1.8.0_45-b15), built on Apr 30 2015 12:40:44 by "java_re" with MS VC++ 10.0 (VS2010)

time: Tue Nov 21 08:42:46 2017
elapsed time: 912 seconds (0d 0h 15m 12s)

