#
# A fatal error has been detected by the Java Runtime Environment:
#
#  EXCEPTION_UNCAUGHT_CXX_EXCEPTION (0xe06d7363) at pc=0x00007ffbd77d3c58, pid=11040, tid=10408
#
# JRE version: Java(TM) SE Runtime Environment (8.0_45-b15) (build 1.8.0_45-b15)
# Java VM: Java HotSpot(TM) 64-Bit Server VM (25.45-b02 mixed mode windows-amd64 compressed oops)
# Problematic frame:
# C  [KERNELBASE.dll+0x33c58]
#
# Failed to write core dump. Minidumps are not enabled by default on client versions of Windows
#
# If you would like to submit a bug report, please visit:
#   http://bugreport.java.com/bugreport/crash.jsp
#

---------------  T H R E A D  ---------------

Current thread (0x0000000013b28000):  VMThread [stack: 0x0000000014bb0000,0x0000000014cb0000] [id=10408]

siginfo: ExceptionCode=0xe06d7363, ExceptionInformation=0x0000000019930520 0x0000000014caf448 0x00007ffbb2502cb8 0x00007ffbb2450000 

Registers:
RAX=0x004c0044002e006c, RBX=0x00007ffbb2502cb8, RCX=0x000000000000004c, RDX=0x0000000000000000
RSP=0x0000000014caf290, RBP=0x0000000014caf3d0, RSI=0x00000000ffffffff, RDI=0x000000001eb225b0
R8 =0x0000000000000000, R9 =0x0000000000000000, R10=0x0000000000000000, R11=0x0000000000000000
R12=0x0000000000000001, R13=0x0000000000000008, R14=0x0000000000000000, R15=0xffffffffffffffff
RIP=0x00007ffbd77d3c58, EFLAGS=0x0000000000000202

Top of Stack: (sp=0x0000000014caf290)
0x0000000014caf290:   0000000000000000 00007ffbb2502cb8
0x0000000014caf2a0:   00000000ffffffff 000000001eb225b0
0x0000000014caf2b0:   00000001e06d7363 0000000000000000
0x0000000014caf2c0:   00007ffbd77d3c58 0000000000000004
0x0000000014caf2d0:   0000000019930520 0000000014caf448
0x0000000014caf2e0:   00007ffbb2502cb8 00007ffbb2450000
0x0000000014caf2f0:   0000000000000008 0000000000000001
0x0000000014caf300:   000000001eb225b0 00000000ffffffff
0x0000000014caf310:   0000000014caf3d0 00007ffbda47c28f
0x0000000014caf320:   0000000014caf3e0 0000000000000000
0x0000000014caf330:   000003c2714b5f51 0000000000000001
0x0000000014caf340:   00007ffbb2519000 00007ffbb2450000
0x0000000014caf350:   00001b4c0e7f3593 000000000000003f
0x0000000014caf360:   00007ffbb2502cb8 00007ffbb24ae92c
0x0000000014caf370:   000000000000001f 0000000000000008
0x0000000014caf380:   0000000000000001 000000001eb225b0 

Instructions: (pc=0x00007ffbd77d3c58)
0x00007ffbd77d3c38:   49 8b d1 44 0f 47 c0 44 89 44 24 38 49 c1 e0 03
0x00007ffbd77d3c48:   e8 47 90 04 00 48 8d 4c 24 20 ff 15 c0 44 11 00
0x00007ffbd77d3c58:   48 8b 8c 24 c0 00 00 00 48 33 cc e8 d8 55 04 00
0x00007ffbd77d3c68:   48 81 c4 d8 00 00 00 c3 83 64 24 38 00 eb d6 cc 


Register to memory mapping:

RAX=0x004c0044002e006c is an unknown value
RBX=0x00007ffbb2502cb8 is an unknown value
RCX=0x000000000000004c is an unknown value
RDX=0x0000000000000000 is an unknown value
RSP=0x0000000014caf290 is an unknown value
RBP=0x0000000014caf3d0 is an unknown value
RSI=0x00000000ffffffff is an unallocated location in the heap
RDI=0x000000001eb225b0 is an unknown value
R8 =0x0000000000000000 is an unknown value
R9 =0x0000000000000000 is an unknown value
R10=0x0000000000000000 is an unknown value
R11=0x0000000000000000 is an unknown value
R12=0x0000000000000001 is an unknown value
R13=0x0000000000000008 is an unknown value
R14=0x0000000000000000 is an unknown value
R15=0xffffffffffffffff is an unknown value


Stack: [0x0000000014bb0000,0x0000000014cb0000],  sp=0x0000000014caf290,  free space=1020k
Native frames: (J=compiled Java code, j=interpreted, Vv=VM code, C=native code)
C  [KERNELBASE.dll+0x33c58]
C  [MSVCR110.dll+0x5e92c]
C  [MSVCR110.dll+0x1315c]
C  [MSVCR110.dll+0x136a9]
C  [MSVCR110.dll+0x13e9c]
C  [MSVCR110.dll+0x239e]
C  [MSVCR110.dll+0xaf9e]
C  [MSVCP110.dll+0x397b9]
C  [librdi_common.dll+0x14283e]
C  [librdi_common.dll+0x141449]
C  0x00007ffbc0c62400
C  0x00007ffbc0c62682
C  [ntdll.dll+0x2a37f]
C  [ntdll.dll+0x806b]
C  [ntdll.dll+0x7d94]
C  [KERNEL32.DLL+0x1ce6a]
C  [MSVCR100.dll+0x20ccd]
V  [jvm.dll+0x20f135]
V  [jvm.dll+0x247ef7]
V  [jvm.dll+0x247196]
V  [jvm.dll+0x247631]
V  [jvm.dll+0x24784e]
V  [jvm.dll+0x29853a]
C  [MSVCR100.dll+0x21d9f]
C  [MSVCR100.dll+0x21e3b]
C  [KERNEL32.DLL+0x8364]
C  [ntdll.dll+0x67091]

VM_Operation (0x000000000014f500): Exit, mode: safepoint, requested by thread 0x00000000026f4000


---------------  P R O C E S S  ---------------

Java Threads: ( => current thread )
  0x000000001bd46000 JavaThread "pool-2-thread-3" [_thread_blocked, id=5856, stack(0x0000000044520000,0x0000000044620000)]
  0x000000001d6fd800 JavaThread "Set STDIO Tab defaults" [_thread_blocked, id=1032, stack(0x000000002da20000,0x000000002db20000)]
  0x00000000154d1000 JavaThread "pool-2-thread-2" [_thread_blocked, id=9988, stack(0x0000000029f20000,0x000000002a020000)]
  0x00000000154d8000 JavaThread "Set STDIO Tab defaults" [_thread_blocked, id=11812, stack(0x0000000028e20000,0x0000000028f20000)]
  0x00000000154d5800 JavaThread "Set STDIO Tab defaults" [_thread_blocked, id=10480, stack(0x0000000028d20000,0x0000000028e20000)]
  0x00000000154d5000 JavaThread "Set STDIO Tab defaults" [_thread_blocked, id=12076, stack(0x0000000028b20000,0x0000000028c20000)]
  0x00000000154d7000 JavaThread "Set STDIO Tab defaults" [_thread_blocked, id=6652, stack(0x0000000028a20000,0x0000000028b20000)]
  0x00000000154d4000 JavaThread "pool-2-thread-1" [_thread_blocked, id=6624, stack(0x0000000027af0000,0x0000000027bf0000)]
  0x00000000154d0000 JavaThread "Thread-19" daemon [_thread_blocked, id=1116, stack(0x00000000269f0000,0x0000000026af0000)]
  0x0000000019043800 JavaThread "TCF Locator DNS Lookup" daemon [_thread_blocked, id=13160, stack(0x0000000022020000,0x0000000022120000)]
  0x0000000015ebe800 JavaThread "TCF Locator Timer" daemon [_thread_blocked, id=9328, stack(0x0000000021f20000,0x0000000022020000)]
  0x0000000015ec0800 JavaThread "TCF Locator Receiver" daemon [_thread_in_native, id=13108, stack(0x0000000021e20000,0x0000000021f20000)]
  0x0000000015ebd800 JavaThread "TCF Timer Dispatcher" daemon [_thread_blocked, id=7200, stack(0x0000000021c20000,0x0000000021d20000)]
  0x0000000015d57800 JavaThread "EMF Reference Cleaner" daemon [_thread_blocked, id=6824, stack(0x0000000018340000,0x0000000018440000)]
  0x00000000153d0800 JavaThread "Service Thread" daemon [_thread_blocked, id=2212, stack(0x00000000157b0000,0x00000000158b0000)]
  0x0000000013b6a000 JavaThread "C1 CompilerThread2" daemon [_thread_blocked, id=4880, stack(0x00000000152b0000,0x00000000153b0000)]
  0x0000000013b67000 JavaThread "C2 CompilerThread1" daemon [_thread_blocked, id=5940, stack(0x00000000151b0000,0x00000000152b0000)]
  0x0000000013b65000 JavaThread "C2 CompilerThread0" daemon [_thread_blocked, id=9112, stack(0x00000000150b0000,0x00000000151b0000)]
  0x0000000013b73000 JavaThread "Attach Listener" daemon [_thread_blocked, id=5864, stack(0x0000000014fb0000,0x00000000150b0000)]
  0x0000000013b71800 JavaThread "Signal Dispatcher" daemon [_thread_blocked, id=5844, stack(0x0000000014eb0000,0x0000000014fb0000)]
  0x00000000027e9800 JavaThread "Finalizer" daemon [_thread_blocked, id=8776, stack(0x0000000014db0000,0x0000000014eb0000)]
  0x00000000027e1800 JavaThread "Reference Handler" daemon [_thread_blocked, id=4436, stack(0x0000000014cb0000,0x0000000014db0000)]
  0x00000000026f4000 JavaThread "main" [_thread_blocked, id=8148, stack(0x0000000000050000,0x0000000000150000)]

Other Threads:
=>0x0000000013b28000 VMThread [stack: 0x0000000014bb0000,0x0000000014cb0000] [id=10408]

VM state:at safepoint (shutting down)

VM Mutex/Monitor currently owned by a thread:  ([mutex/lock_event])
[0x00000000026f0bd0] Threads_lock - owner thread: 0x0000000013b28000

Heap:
 PSYoungGen      total 56832K, used 3177K [0x00000000f5580000, 0x00000000f9480000, 0x0000000100000000)
  eden space 49664K, 1% used [0x00000000f5580000,0x00000000f5646d80,0x00000000f8600000)
  from space 7168K, 33% used [0x00000000f8d00000,0x00000000f8f53778,0x00000000f9400000)
  to   space 7168K, 0% used [0x00000000f8600000,0x00000000f8600000,0x00000000f8d00000)
 ParOldGen       total 74752K, used 69606K [0x00000000e0000000, 0x00000000e4900000, 0x00000000f5580000)
  object space 74752K, 93% used [0x00000000e0000000,0x00000000e43f9950,0x00000000e4900000)
 Metaspace       used 101594K, capacity 108800K, committed 109184K, reserved 1144832K
  class space    used 11416K, capacity 13651K, committed 13696K, reserved 1048576K

Card table byte_map: [0x0000000011bb0000,0x0000000011cc0000] byte_map_base: 0x00000000114b0000

Marking Bits: (ParMarkBitMap*) 0x0000000059cb4040
 Begin Bits: [0x00000000120c0000, 0x00000000128c0000)
 End Bits:   [0x00000000128c0000, 0x00000000130c0000)

Polling page: 0x0000000000590000

CodeCache: size=245760Kb used=109476Kb max_used=109476Kb free=136283Kb
 bounds [0x00000000027f0000, 0x00000000093c0000, 0x00000000117f0000]
 total_blobs=26081 nmethods=25210 adapters=776
 compilation: enabled

Compilation events (10 events):
Event: 40340.081 Thread 0x0000000013b6a000 35688       3       org.eclipse.osgi.baseadaptor.bundlefile.BundleFile::setMruIndex (6 bytes)
Event: 40340.081 Thread 0x0000000013b6a000 nmethod 35688 0x0000000005f953d0 code [0x0000000005f95520, 0x0000000005f95670]
Event: 40340.083 Thread 0x0000000013b6a000 35691       1       org.eclipse.osgi.internal.loader.BundleLoaderProxy::getBundleData (5 bytes)
Event: 40340.083 Thread 0x0000000013b6a000 nmethod 35691 0x000000000933e210 code [0x000000000933e360, 0x000000000933e470]
Event: 40340.085 Thread 0x0000000013b6a000 35686       3       org.eclipse.equinox.internal.event.mapper.EventRedeliverer::bundleChanged (29 bytes)
Event: 40340.085 Thread 0x0000000013b6a000 nmethod 35686 0x00000000093a74d0 code [0x00000000093a76a0, 0x00000000093a7f68]
Event: 40340.519 Thread 0x0000000013b6a000 35692   !   3       org.eclipse.osgi.internal.baseadaptor.BaseStorage::compact (215 bytes)
Event: 40340.521 Thread 0x0000000013b6a000 nmethod 35692 0x00000000093ba290 code [0x00000000093ba6e0, 0x00000000093bcba8]
Event: 40341.027 Thread 0x0000000013b6a000 35693       3       org.eclipse.osgi.framework.internal.core.AbstractBundle::close (52 bytes)
Event: 40341.029 Thread 0x0000000013b6a000 nmethod 35693 0x00000000093be090 code [0x00000000093be2c0, 0x00000000093befc8]

GC Heap History (10 events):
Event: 40235.189 GC heap before
{Heap before GC invocations=1902 (full 364):
 PSYoungGen      total 57856K, used 8686K [0x00000000f5580000, 0x00000000f9600000, 0x0000000100000000)
  eden space 49664K, 17% used [0x00000000f5580000,0x00000000f5dfb9e0,0x00000000f8600000)
  from space 8192K, 0% used [0x00000000f8600000,0x00000000f8600000,0x00000000f8e00000)
  to   space 8192K, 0% used [0x00000000f8e00000,0x00000000f8e00000,0x00000000f9600000)
 ParOldGen       total 74752K, used 69597K [0x00000000e0000000, 0x00000000e4900000, 0x00000000f5580000)
  object space 74752K, 93% used [0x00000000e0000000,0x00000000e43f77d0,0x00000000e4900000)
 Metaspace       used 101068K, capacity 108270K, committed 108672K, reserved 1144832K
  class space    used 11361K, capacity 13648K, committed 13696K, reserved 1048576K
Event: 40235.192 GC heap after
Heap after GC invocations=1902 (full 364):
 PSYoungGen      total 56832K, used 576K [0x00000000f5580000, 0x00000000f9500000, 0x0000000100000000)
  eden space 49664K, 0% used [0x00000000f5580000,0x00000000f5580000,0x00000000f8600000)
  from space 7168K, 8% used [0x00000000f8e00000,0x00000000f8e90000,0x00000000f9500000)
  to   space 7680K, 0% used [0x00000000f8600000,0x00000000f8600000,0x00000000f8d80000)
 ParOldGen       total 74752K, used 69597K [0x00000000e0000000, 0x00000000e4900000, 0x00000000f5580000)
  object space 74752K, 93% used [0x00000000e0000000,0x00000000e43f77d0,0x00000000e4900000)
 Metaspace       used 101068K, capacity 108270K, committed 108672K, reserved 1144832K
  class space    used 11361K, capacity 13648K, committed 13696K, reserved 1048576K
}
Event: 40235.192 GC heap before
{Heap before GC invocations=1903 (full 365):
 PSYoungGen      total 56832K, used 576K [0x00000000f5580000, 0x00000000f9500000, 0x0000000100000000)
  eden space 49664K, 0% used [0x00000000f5580000,0x00000000f5580000,0x00000000f8600000)
  from space 7168K, 8% used [0x00000000f8e00000,0x00000000f8e90000,0x00000000f9500000)
  to   space 7680K, 0% used [0x00000000f8600000,0x00000000f8600000,0x00000000f8d80000)
 ParOldGen       total 74752K, used 69597K [0x00000000e0000000, 0x00000000e4900000, 0x00000000f5580000)
  object space 74752K, 93% used [0x00000000e0000000,0x00000000e43f77d0,0x00000000e4900000)
 Metaspace       used 101068K, capacity 108270K, committed 108672K, reserved 1144832K
  class space    used 11361K, capacity 13648K, committed 13696K, reserved 1048576K
Event: 40235.316 GC heap after
Heap after GC invocations=1903 (full 365):
 PSYoungGen      total 56832K, used 0K [0x00000000f5580000, 0x00000000f9500000, 0x0000000100000000)
  eden space 49664K, 0% used [0x00000000f5580000,0x00000000f5580000,0x00000000f8600000)
  from space 7168K, 0% used [0x00000000f8e00000,0x00000000f8e00000,0x00000000f9500000)
  to   space 7680K, 0% used [0x00000000f8600000,0x00000000f8600000,0x00000000f8d80000)
 ParOldGen       total 74752K, used 69764K [0x00000000e0000000, 0x00000000e4900000, 0x00000000f5580000)
  object space 74752K, 93% used [0x00000000e0000000,0x00000000e4421278,0x00000000e4900000)
 Metaspace       used 101068K, capacity 108270K, committed 108672K, reserved 1144832K
  class space    used 11361K, capacity 13648K, committed 13696K, reserved 1048576K
}
Event: 40295.195 GC heap before
{Heap before GC invocations=1904 (full 365):
 PSYoungGen      total 56832K, used 2789K [0x00000000f5580000, 0x00000000f9500000, 0x0000000100000000)
  eden space 49664K, 5% used [0x00000000f5580000,0x00000000f58397a8,0x00000000f8600000)
  from space 7168K, 0% used [0x00000000f8e00000,0x00000000f8e00000,0x00000000f9500000)
  to   space 7680K, 0% used [0x00000000f8600000,0x00000000f8600000,0x00000000f8d80000)
 ParOldGen       total 74752K, used 69764K [0x00000000e0000000, 0x00000000e4900000, 0x00000000f5580000)
  object space 74752K, 93% used [0x00000000e0000000,0x00000000e4421278,0x00000000e4900000)
 Metaspace       used 101068K, capacity 108270K, committed 108672K, reserved 1144832K
  class space    used 11361K, capacity 13648K, committed 13696K, reserved 1048576K
Event: 40295.202 GC heap after
Heap after GC invocations=1904 (full 365):
 PSYoungGen      total 50176K, used 160K [0x00000000f5580000, 0x00000000f9400000, 0x0000000100000000)
  eden space 49664K, 0% used [0x00000000f5580000,0x00000000f5580000,0x00000000f8600000)
  from space 512K, 31% used [0x00000000f8600000,0x00000000f8628000,0x00000000f8680000)
  to   space 7168K, 0% used [0x00000000f8d00000,0x00000000f8d00000,0x00000000f9400000)
 ParOldGen       total 74752K, used 69764K [0x00000000e0000000, 0x00000000e4900000, 0x00000000f5580000)
  object space 74752K, 93% used [0x00000000e0000000,0x00000000e4421278,0x00000000e4900000)
 Metaspace       used 101068K, capacity 108270K, committed 108672K, reserved 1144832K
  class space    used 11361K, capacity 13648K, committed 13696K, reserved 1048576K
}
Event: 40295.202 GC heap before
{Heap before GC invocations=1905 (full 366):
 PSYoungGen      total 50176K, used 160K [0x00000000f5580000, 0x00000000f9400000, 0x0000000100000000)
  eden space 49664K, 0% used [0x00000000f5580000,0x00000000f5580000,0x00000000f8600000)
  from space 512K, 31% used [0x00000000f8600000,0x00000000f8628000,0x00000000f8680000)
  to   space 7168K, 0% used [0x00000000f8d00000,0x00000000f8d00000,0x00000000f9400000)
 ParOldGen       total 74752K, used 69764K [0x00000000e0000000, 0x00000000e4900000, 0x00000000f5580000)
  object space 74752K, 93% used [0x00000000e0000000,0x00000000e4421278,0x00000000e4900000)
 Metaspace       used 101068K, capacity 108270K, committed 108672K, reserved 1144832K
  class space    used 11361K, capacity 13648K, committed 13696K, reserved 1048576K
Event: 40295.339 GC heap after
Heap after GC invocations=1905 (full 366):
 PSYoungGen      total 50176K, used 0K [0x00000000f5580000, 0x00000000f9400000, 0x0000000100000000)
  eden space 49664K, 0% used [0x00000000f5580000,0x00000000f5580000,0x00000000f8600000)
  from space 512K, 0% used [0x00000000f8600000,0x00000000f8600000,0x00000000f8680000)
  to   space 7168K, 0% used [0x00000000f8d00000,0x00000000f8d00000,0x00000000f9400000)
 ParOldGen       total 74752K, used 69598K [0x00000000e0000000, 0x00000000e4900000, 0x00000000f5580000)
  object space 74752K, 93% used [0x00000000e0000000,0x00000000e43f7950,0x00000000e4900000)
 Metaspace       used 101068K, capacity 108270K, committed 108672K, reserved 1144832K
  class space    used 11361K, capacity 13648K, committed 13696K, reserved 1048576K
}
Event: 40340.646 GC heap before
{Heap before GC invocations=1906 (full 366):
 PSYoungGen      total 50176K, used 49664K [0x00000000f5580000, 0x00000000f9400000, 0x0000000100000000)
  eden space 49664K, 100% used [0x00000000f5580000,0x00000000f8600000,0x00000000f8600000)
  from space 512K, 0% used [0x00000000f8600000,0x00000000f8600000,0x00000000f8680000)
  to   space 7168K, 0% used [0x00000000f8d00000,0x00000000f8d00000,0x00000000f9400000)
 ParOldGen       total 74752K, used 69598K [0x00000000e0000000, 0x00000000e4900000, 0x00000000f5580000)
  object space 74752K, 93% used [0x00000000e0000000,0x00000000e43f7950,0x00000000e4900000)
 Metaspace       used 101585K, capacity 108736K, committed 108928K, reserved 1144832K
  class space    used 11415K, capacity 13651K, committed 13696K, reserved 1048576K
Event: 40340.651 GC heap after
Heap after GC invocations=1906 (full 366):
 PSYoungGen      total 56832K, used 2381K [0x00000000f5580000, 0x00000000f9480000, 0x0000000100000000)
  eden space 49664K, 0% used [0x00000000f5580000,0x00000000f5580000,0x00000000f8600000)
  from space 7168K, 33% used [0x00000000f8d00000,0x00000000f8f53778,0x00000000f9400000)
  to   space 7168K, 0% used [0x00000000f8600000,0x00000000f8600000,0x00000000f8d00000)
 ParOldGen       total 74752K, used 69606K [0x00000000e0000000, 0x00000000e4900000, 0x00000000f5580000)
  object space 74752K, 93% used [0x00000000e0000000,0x00000000e43f9950,0x00000000e4900000)
 Metaspace       used 101585K, capacity 108736K, committed 108928K, reserved 1144832K
  class space    used 11415K, capacity 13651K, committed 13696K, reserved 1048576K
}

Deoptimization events (10 events):
Event: 40339.877 Thread 0x00000000026f4000 Uncommon trap: reason=bimorphic action=maybe_recompile pc=0x00000000052e9778 method=org.eclipse.core.internal.dtree.AbstractDataTreeNode.assembleWith([Lorg/eclipse/core/internal/dtree/AbstractDataTreeNode;[Lorg/eclipse/core/internal/dtree/AbstractDataTreeNÉU¼5|²ã@
Event: 40339.882 Thread 0x00000000026f4000 Uncommon trap: reason=bimorphic action=maybe_recompile pc=0x0000000003e93280 method=org.eclipse.core.internal.resources.Resource.checkLocal(II)V @ 3
Event: 40339.894 Thread 0x0000000015532000 Uncommon trap: reason=unstable_if action=reinterpret pc=0x0000000003199d10 method=org.eclipse.osgi.framework.internal.core.BundleContextImpl.dispatchEvent(Ljava/lang/Object;Ljava/lang/Object;ILjava/lang/Object;)V @ 16
Event: 40340.008 Thread 0x00000000026f4000 Uncommon trap: reason=unstable_if action=reinterpret pc=0x000000000348c730 method=java.io.RandomAccessFile.getChannel()Ljava/nio/channels/FileChannel; @ 8
Event: 40340.070 Thread 0x0000000016e0a800 Uncommon trap: reason=unstable_if action=reinterpret pc=0x0000000004ee6304 method=org.eclipse.core.internal.jobs.JobManager.nextJob()Lorg/eclipse/core/runtime/jobs/Job; @ 80
Event: 40340.071 Thread 0x0000000016e0a800 Uncommon trap: reason=unstable_if action=reinterpret pc=0x0000000005dd09a8 method=org.eclipse.core.internal.jobs.WorkerPool.startJob(Lorg/eclipse/core/internal/jobs/Worker;)Lorg/eclipse/core/internal/jobs/InternalJob; @ 177
Event: 40340.071 Thread 0x0000000018f38000 Uncommon trap: reason=unstable_if action=reinterpret pc=0x0000000005dd09a8 method=org.eclipse.core.internal.jobs.WorkerPool.startJob(Lorg/eclipse/core/internal/jobs/Worker;)Lorg/eclipse/core/internal/jobs/InternalJob; @ 177
Event: 40340.071 Thread 0x00000000169b5800 Uncommon trap: reason=unstable_if action=reinterpret pc=0x0000000004ee6304 method=org.eclipse.core.internal.jobs.JobManager.nextJob()Lorg/eclipse/core/runtime/jobs/Job; @ 80
Event: 40340.071 Thread 0x00000000169b5800 Uncommon trap: reason=unstable_if action=reinterpret pc=0x0000000005dd09a8 method=org.eclipse.core.internal.jobs.WorkerPool.startJob(Lorg/eclipse/core/internal/jobs/Worker;)Lorg/eclipse/core/internal/jobs/InternalJob; @ 177
Event: 40341.028 Thread 0x00000000026f4000 Uncommon trap: reason=unstable_if action=reinterpret pc=0x0000000002c9949c method=sun.reflect.UnsafeStaticObjectFieldAccessorImpl.set(Ljava/lang/Object;Ljava/lang/Object;)V @ 13

Internal exceptions (10 events):
Event: 40336.781 Thread 0x00000000026f4000 Implicit null exception at 0x0000000004358524 to 0x0000000004358569
Event: 40336.893 Thread 0x00000000026f4000 Implicit null exception at 0x0000000004db59ac to 0x0000000004db5a8d
Event: 40337.617 Thread 0x00000000026f4000 Implicit null exception at 0x0000000005d795a7 to 0x0000000005d79649
Event: 40337.733 Thread 0x0000000016e0a800 Implicit null exception at 0x000000000604aec2 to 0x000000000604c80d
Event: 40337.899 Thread 0x00000000154ce800 Exception <a 'java/lang/InterruptedException'> (0x00000000f8246cc0) thrown at [C:\re\workspace\8-2-build-windows-amd64-cygwin\jdk8u45\3627\hotspot\src\share\vm\runtime\objectMonitor.cpp, line 1683]
Event: 40340.082 Thread 0x0000000015b5f800 Exception <a 'java/lang/InterruptedException': sleep interrupted> (0x00000000f84e2f00) thrown at [C:\re\workspace\8-2-build-windows-amd64-cygwin\jdk8u45\3627\hotspot\src\share\vm\prims\jvm.cpp, line 3211]
Event: 40340.094 Thread 0x0000000018e14000 Exception <a 'java/lang/InterruptedException'> (0x00000000f84e36d8) thrown at [C:\re\workspace\8-2-build-windows-amd64-cygwin\jdk8u45\3627\hotspot\src\share\vm\runtime\objectMonitor.cpp, line 1683]
Event: 40340.119 Thread 0x00000000156cd000 Exception <a 'java/lang/InterruptedException'> (0x00000000f84f08c8) thrown at [C:\re\workspace\8-2-build-windows-amd64-cygwin\jdk8u45\3627\hotspot\src\share\vm\runtime\objectMonitor.cpp, line 1683]
Event: 40341.028 Thread 0x0000000015532000 Exception <a 'java/lang/InterruptedException'> (0x00000000f562d768) thrown at [C:\re\workspace\8-2-build-windows-amd64-cygwin\jdk8u45\3627\hotspot\src\share\vm\runtime\objectMonitor.cpp, line 1683]
Event: 40341.028 Thread 0x00000000026f4000 Implicit null exception at 0x0000000002c99096 to 0x0000000002c99489

Events (10 events):
Event: 40341.084 loading class java/util/IdentityHashMap$IdentityHashMapIterator
Event: 40341.090 loading class java/util/IdentityHashMap$IdentityHashMapIterator done
Event: 40341.090 loading class java/util/IdentityHashMap$KeyIterator done
Event: 40341.091 Thread 0x0000000016e07800 Thread added: 0x0000000016e07800
Event: 40341.091 Executing VM operation: RevokeBias
Event: 40341.091 Executing VM operation: RevokeBias done
Event: 40341.092 Executing VM operation: RevokeBias
Event: 40341.092 Executing VM operation: RevokeBias done
Event: 40341.092 Thread 0x0000000016e07800 Thread exited: 0x0000000016e07800
Event: 40341.098 Executing VM operation: Exit


Dynamic libraries:
0x0000000000400000 - 0x000000000044f000 	D:\Xilinx\SDK\2015.4\eclipse\win64.o\eclipse.exe
0x00007ffbda430000 - 0x00007ffbda602000 	C:\Windows\SYSTEM32\ntdll.dll
0x00007ffbd7a90000 - 0x00007ffbd7b3c000 	C:\Windows\System32\KERNEL32.DLL
0x00007ffbd77a0000 - 0x00007ffbd79bd000 	C:\Windows\System32\KERNELBASE.dll
0x00007ffbd9250000 - 0x00007ffbd93b5000 	C:\Windows\System32\USER32.dll
0x00007ffbd7330000 - 0x00007ffbd734e000 	C:\Windows\System32\win32u.dll
0x00007ffbd7b40000 - 0x00007ffbd7b74000 	C:\Windows\System32\GDI32.dll
0x00007ffbd7350000 - 0x00007ffbd74d0000 	C:\Windows\System32\gdi32full.dll
0x00007ffbd79f0000 - 0x00007ffbd7a8e000 	C:\Windows\System32\msvcrt.dll
0x00007ffbc1bb0000 - 0x00007ffbc1e2a000 	C:\Windows\WinSxS\amd64_microsoft.windows.common-controls_6595b64144ccf1df_6.0.14393.953_none_42151e83c686086b\COMCTL32.dll
0x00007ffbd9f20000 - 0x00007ffbda1e8000 	C:\Windows\System32\combase.dll
0x00007ffbd76a0000 - 0x00007ffbd7795000 	C:\Windows\System32\ucrtbase.dll
0x00007ffbda1f0000 - 0x00007ffbda311000 	C:\Windows\System32\RPCRT4.dll
0x00007ffbd69e0000 - 0x00007ffbd6a4a000 	C:\Windows\System32\bcryptPrimitives.dll
0x00007ffbd79c0000 - 0x00007ffbd79ee000 	C:\Windows\System32\IMM32.DLL
0x0000000072000000 - 0x0000000072012000 	D:\Xilinx\SDK\2015.4\eclipse\win64.o\plugins\org.eclipse.equinox.launcher.win32.win32.x86_64_1.1.200.v20140116-2212\eclipse_1503.dll
0x00007ffbd9cb0000 - 0x00007ffbd9d52000 	C:\Windows\System32\ADVAPI32.dll
0x00007ffbd9eb0000 - 0x00007ffbd9f09000 	C:\Windows\System32\sechost.dll
0x00007ffbd4ef0000 - 0x00007ffbd4efa000 	C:\Windows\SYSTEM32\VERSION.dll
0x00007ffbd47b0000 - 0x00007ffbd4845000 	C:\Windows\system32\uxtheme.dll
0x00007ffbd9430000 - 0x00007ffbd958a000 	C:\Windows\System32\MSCTF.dll
0x00007ffbd9bf0000 - 0x00007ffbd9caf000 	C:\Windows\System32\OLEAUT32.dll
0x00007ffbd71e0000 - 0x00007ffbd727c000 	C:\Windows\System32\msvcp_win.dll
0x00000000594b0000 - 0x0000000059d33000 	D:\Xilinx\SDK\2015.4\tps\win64\jre\bin\server\jvm.dll
0x00007ffbd9d60000 - 0x00007ffbd9d68000 	C:\Windows\System32\PSAPI.DLL
0x00007ffbd01b0000 - 0x00007ffbd01b9000 	C:\Windows\SYSTEM32\WSOCK32.dll
0x00007ffbd42c0000 - 0x00007ffbd42e3000 	C:\Windows\SYSTEM32\WINMM.dll
0x000000005dd20000 - 0x000000005ddf2000 	C:\Windows\SYSTEM32\MSVCR100.dll
0x00007ffbd93c0000 - 0x00007ffbd942a000 	C:\Windows\System32\WS2_32.dll
0x0000000000540000 - 0x000000000056b000 	C:\Windows\SYSTEM32\WINMMBASE.dll
0x00007ffbd6930000 - 0x00007ffbd6972000 	C:\Windows\System32\cfgmgr32.dll
0x0000000059370000 - 0x000000005937f000 	D:\Xilinx\SDK\2015.4\tps\win64\jre\bin\verify.dll
0x0000000059340000 - 0x0000000059369000 	D:\Xilinx\SDK\2015.4\tps\win64\jre\bin\java.dll
0x0000000059320000 - 0x0000000059336000 	D:\Xilinx\SDK\2015.4\tps\win64\jre\bin\zip.dll
0x00007ffbd7c40000 - 0x00007ffbd9148000 	C:\Windows\System32\SHELL32.dll
0x00007ffbd6b00000 - 0x00007ffbd71d8000 	C:\Windows\System32\windows.storage.dll
0x00007ffbd68e0000 - 0x00007ffbd692c000 	C:\Windows\System32\powrprof.dll
0x00007ffbd7be0000 - 0x00007ffbd7c32000 	C:\Windows\System32\shlwapi.dll
0x00007ffbd68c0000 - 0x00007ffbd68cf000 	C:\Windows\System32\kernel.appcore.dll
0x00007ffbd6a50000 - 0x00007ffbd6af9000 	C:\Windows\System32\shcore.dll
0x00007ffbd68a0000 - 0x00007ffbd68b4000 	C:\Windows\System32\profapi.dll
0x00007ffbd6470000 - 0x00007ffbd6487000 	C:\Windows\SYSTEM32\CRYPTSP.dll
0x00007ffbd5a70000 - 0x00007ffbd5aa3000 	C:\Windows\system32\rsaenh.dll
0x00007ffbd67e0000 - 0x00007ffbd680b000 	C:\Windows\SYSTEM32\bcrypt.dll
0x00007ffbd5cf0000 - 0x00007ffbd5d0f000 	C:\Windows\SYSTEM32\USERENV.dll
0x00007ffbd6010000 - 0x00007ffbd601b000 	C:\Windows\SYSTEM32\CRYPTBASE.dll
0x0000000059300000 - 0x000000005931a000 	D:\Xilinx\SDK\2015.4\tps\win64\jre\bin\net.dll
0x00007ffbd5e70000 - 0x00007ffbd5ecc000 	C:\Windows\system32\mswsock.dll
0x00007ffbd5bf0000 - 0x00007ffbd5c28000 	C:\Windows\SYSTEM32\IPHLPAPI.DLL
0x00007ffbd9f10000 - 0x00007ffbd9f18000 	C:\Windows\System32\NSI.dll
0x00007ffbd1cb0000 - 0x00007ffbd1cc6000 	C:\Windows\SYSTEM32\dhcpcsvc6.DLL
0x00007ffbd1c80000 - 0x00007ffbd1c9a000 	C:\Windows\SYSTEM32\dhcpcsvc.DLL
0x00000000592e0000 - 0x00000000592f1000 	D:\Xilinx\SDK\2015.4\tps\win64\jre\bin\nio.dll
0x00007ffbc9e30000 - 0x00007ffbc9e46000 	C:\Windows\system32\napinsp.dll
0x00007ffbc9e50000 - 0x00007ffbc9e6a000 	C:\Windows\system32\pnrpnsp.dll
0x00007ffbd4090000 - 0x00007ffbd40a8000 	C:\Windows\system32\NLAapi.dll
0x00007ffbd5c30000 - 0x00007ffbd5cd1000 	C:\Windows\SYSTEM32\DNSAPI.dll
0x00007ffbd5600000 - 0x00007ffbd560e000 	C:\Windows\System32\winrnr.dll
0x0000000063560000 - 0x0000000063569000 	C:\Program Files\National Instruments\Shared\mDNS Responder\nimdnsNSP.dll
0x0000000063550000 - 0x000000006355e000 	C:\Windows\SYSTEM32\nimdnsResponder.dll
0x000000005e040000 - 0x000000005e0e3000 	C:\Windows\WinSxS\amd64_microsoft.vc90.crt_1fc8b3b9a1e18e3b_9.0.30729.9247_none_08e394a1a83e212f\MSVCR90.dll
0x000000005e010000 - 0x000000005e036000 	C:\Program Files\Bonjour\mdnsNSP.dll
0x00007ffbcd420000 - 0x00007ffbcd42a000 	C:\Windows\System32\rasadhlp.dll
0x00007ffbce6d0000 - 0x00007ffbce73a000 	C:\Windows\System32\fwpuclnt.dll
0x0000000016470000 - 0x0000000016518000 	C:\Users\4230\.Xilinx\SDK\2015.4\org.eclipse.osgi\bundles\303\1\.cp\swt-win32-4335.dll
0x00007ffbd9d70000 - 0x00007ffbd9ea8000 	C:\Windows\System32\ole32.dll
0x00007ffbd9150000 - 0x00007ffbd924a000 	C:\Windows\System32\comdlg32.dll
0x00007ffbd74d0000 - 0x00007ffbd7699000 	C:\Windows\System32\CRYPT32.dll
0x00007ffbcc5f0000 - 0x00007ffbcc609000 	C:\Windows\SYSTEM32\USP10.dll
0x00007ffbcd820000 - 0x00007ffbcd8a6000 	C:\Windows\SYSTEM32\WINSPOOL.DRV
0x00007ffbd68d0000 - 0x00007ffbd68e0000 	C:\Windows\System32\MSASN1.dll
0x00007ffbb92f0000 - 0x00007ffbb95ba000 	C:\Windows\SYSTEM32\WININET.dll
0x00007ffbd3c90000 - 0x00007ffbd3cb6000 	C:\Windows\system32\dwmapi.dll
0x00007ffbd3710000 - 0x00007ffbd3895000 	C:\Windows\SYSTEM32\propsys.dll
0x00007ffbda320000 - 0x00007ffbda3bf000 	C:\Windows\System32\clbcatq.dll
0x0000000017ba0000 - 0x0000000017bbe000 	C:\Users\4230\.Xilinx\SDK\2015.4\org.eclipse.osgi\bundles\303\1\.cp\swt-gdip-win32-4335.dll
0x00007ffbd0570000 - 0x00007ffbd0709000 	C:\Windows\WinSxS\amd64_microsoft.windows.gdiplus_6595b64144ccf1df_1.1.14393.1715_none_aec701fbddd850fa\gdiplus.dll
0x00007ffbd2b70000 - 0x00007ffbd2d18000 	C:\Windows\SYSTEM32\WindowsCodecs.dll
0x0000000180000000 - 0x0000000180012000 	C:\Users\4230\.Xilinx\SDK\2015.4\org.eclipse.osgi\bundles\121\1\.cp\os\win32\x86_64\localfile_1_0_0.dll
0x00007ffbae500000 - 0x00007ffbae511000 	C:\Users\4230\.Xilinx\SDK\2015.4\org.eclipse.osgi\bundles\124\1\.cp\jWinHttp-1.0.0.dll
0x00007ffbd2d20000 - 0x00007ffbd2ded000 	C:\Windows\SYSTEM32\WINHTTP.dll
0x00007ffbba670000 - 0x00007ffbba6d5000 	C:\Windows\SYSTEM32\oleacc.dll
0x00007ffbcb7f0000 - 0x00007ffbcb7ff000 	D:\Xilinx\SDK\2015.4\lib\win64.o\librdi_repo_manager.dll
0x00007ffb7fc20000 - 0x00007ffb805ad000 	D:\Xilinx\SDK\2015.4\lib\win64.o\librdi_common.dll
0x00007ffb7fbc0000 - 0x00007ffb7fc14000 	D:\Xilinx\SDK\2015.4\lib\win64.o\librdi_commonxillic.dll
0x00007ffbb23a0000 - 0x00007ffbb2447000 	C:\Windows\SYSTEM32\MSVCP110.dll
0x00007ffbb2450000 - 0x00007ffbb2524000 	C:\Windows\SYSTEM32\MSVCR110.dll
0x00007ffb7f9a0000 - 0x00007ffb7fbbe000 	D:\Xilinx\SDK\2015.4\lib\win64.o\libXil_lmgr11.dll
0x00007ffb7eaa0000 - 0x00007ffb7ec8c000 	D:\Xilinx\SDK\2015.4\lib\win64.o\librdi_hsm.dll
0x00007ffbd6980000 - 0x00007ffbd69d5000 	C:\Windows\System32\WINTRUST.dll
0x00007ffb7f970000 - 0x00007ffb7f99a000 	D:\Xilinx\SDK\2015.4\lib\win64.o\libisl_sysinfo.dll
0x00007ffb7f940000 - 0x00007ffb7f962000 	D:\Xilinx\SDK\2015.4\lib\win64.o\libboost_filesystem.dll
0x00007ffb7f840000 - 0x00007ffb7f93a000 	D:\Xilinx\SDK\2015.4\lib\win64.o\libboost_regex.dll
0x00007ffbcb190000 - 0x00007ffbcb199000 	D:\Xilinx\SDK\2015.4\lib\win64.o\libboost_system.dll
0x00007ffb7f4d0000 - 0x00007ffb7f83e000 	D:\Xilinx\SDK\2015.4\lib\win64.o\libCOIN-all.dll
0x00007ffbca2b0000 - 0x00007ffbca2c0000 	D:\Xilinx\SDK\2015.4\lib\win64.o\libboost_date_time.dll
0x00007ffb7f450000 - 0x00007ffb7f4c4000 	D:\Xilinx\SDK\2015.4\lib\win64.o\libboost_program_options.dll
0x00007ffb7f430000 - 0x00007ffb7f443000 	D:\Xilinx\SDK\2015.4\lib\win64.o\libboost_signals.dll
0x00007ffb7f410000 - 0x00007ffb7f42d000 	D:\Xilinx\SDK\2015.4\lib\win64.o\libboost_thread.dll
0x00007ffbc9920000 - 0x00007ffbc992b000 	D:\Xilinx\SDK\2015.4\lib\win64.o\libboost_xilinx.dll
0x00007ffb7f390000 - 0x00007ffb7f410000 	D:\Xilinx\SDK\2015.4\lib\win64.o\libhdlpsolve.dll
0x00007ffb7f2f0000 - 0x00007ffb7f38a000 	D:\Xilinx\SDK\2015.4\lib\win64.o\libhdxml.dll
0x00007ffb7eeb0000 - 0x00007ffb7f2e4e00 	D:\Xilinx\SDK\2015.4\lib\win64.o\libisl_iostreams.dll
0x00007ffb7ed80000 - 0x00007ffb7eeb0000 	D:\Xilinx\SDK\2015.4\lib\win64.o\librdi_curl.dll
0x00007ffb7ed60000 - 0x00007ffb7ed78000 	D:\Xilinx\SDK\2015.4\lib\win64.o\librdiconfig.dll
0x00007ffb7ed30000 - 0x00007ffb7ed53000 	D:\Xilinx\SDK\2015.4\lib\win64.o\librdizlib.dll
0x0000000059380000 - 0x00000000594a7000 	D:\Xilinx\SDK\2015.4\lib\win64.o\tcl85t.dll
0x00007ffbcaad0000 - 0x00007ffbcac93000 	C:\Windows\SYSTEM32\urlmon.dll
0x0000000022970000 - 0x0000000022bd3000 	D:\Xilinx\SDK\2015.4\lib\win64.o\xerces-c_3_1.dll
0x00007ffbaedf0000 - 0x00007ffbaee13000 	C:\Windows\SYSTEM32\VCOMP110.DLL
0x00007ffbcd240000 - 0x00007ffbcd258000 	C:\Windows\SYSTEM32\NETAPI32.dll
0x00007ffbc95d0000 - 0x00007ffbc95db000 	D:\Xilinx\SDK\2015.4\lib\win64.o\libboost_chrono.dll
0x00007ffb7ed10000 - 0x00007ffb7ed26000 	D:\Xilinx\SDK\2015.4\lib\win64.o\libboost_iostreams.dll
0x00007ffb7ece0000 - 0x00007ffb7ed03000 	D:\Xilinx\SDK\2015.4\lib\win64.o\libisl_iosutils.dll
0x00007ffbcfe50000 - 0x00007ffbd00f5000 	C:\Windows\SYSTEM32\iertutil.dll
0x00007ffb7ec90000 - 0x00007ffb7eca5000 	D:\Xilinx\SDK\2015.4\lib\win64.o\pthreadVC2.dll
0x00007ffb7ea50000 - 0x00007ffb7ea93000 	D:\Xilinx\SDK\2015.4\lib\win64.o\librdi_hdf.dll
0x00007ffb7e7f0000 - 0x00007ffb7ea45000 	D:\Xilinx\SDK\2015.4\lib\win64.o\librdi_ippcw.dll
0x00007ffbd6240000 - 0x00007ffbd6247000 	C:\Windows\SYSTEM32\msimg32.dll
0x00007ffbd5520000 - 0x00007ffbd5562000 	C:\Windows\SYSTEM32\edputil.dll
0x00007ffb7d660000 - 0x00007ffb7de70000 	D:\Xilinx\SDK\2015.4\lib\win64.o\libXil_lmgr11FNP.dll
0x00007ffbd9590000 - 0x00007ffbd99b9000 	C:\Windows\System32\SETUPAPI.dll
0x00007ffbc9480000 - 0x00007ffbc948c000 	C:\Windows\SYSTEM32\snmpapi.dll
0x00007ffbd62a0000 - 0x00007ffbd62cc000 	C:\Windows\SYSTEM32\SspiCli.dll
0x00007ffbd4c00000 - 0x00007ffbd4c28000 	C:\Windows\SYSTEM32\DEVOBJ.dll
0x0000000071080000 - 0x00000000710a6000 	D:\Xilinx\SDK\2015.4\eclipse\win64.o\plugins\gnu.io.rxtx.win32.x86_64_2.1.7.3_v20071015\os\win32\x86_64\rxtxSerial.dll
0x00007ffb7d360000 - 0x00007ffb7d376000 	D:\Xilinx\SDK\2015.4\eclipse\win64.o\plugins\org.eclipse.cdt.core.win32.x86_64_5.2.0.201402142303\os\win32\x86_64\spawner.dll
0x00007ffbc1e70000 - 0x00007ffbc1e7a000 	D:\Xilinx\SDK\2015.4\lib\win64.o\librdi_jtag_settings.dll

VM Arguments:
jvm_args: -Dcom.xilinx.sdk.args.hwspec=D:/SMartCart/SMartCart/hdl_prj/vivado_ip_prj/vivado_prj.sdk/system_top_wrapper.hdf -Xms64m -Xmx512m & 
java_command: <unknown>
java_class_path (initial): D:\Xilinx\SDK\2015.4\eclipse\win64.o\\plugins/org.eclipse.equinox.launcher_1.3.0.v20130327-1440.jar
Launcher Type: generic

Environment Variables:
JAVA_HOME=C:\Program Files\Java\jdk1.8.0_121
USERNAME=4230
OS=Windows_NT
PROCESSOR_IDENTIFIER=Intel64 Family 6 Model 94 Stepping 3, GenuineIntel



---------------  S Y S T E M  ---------------

OS: Windows 10.0 , 64 bit Build 14393 (10.0.14393.1198)

CPU:total 4 (4 cores per cpu, 1 threads per core) family 6 model 94 stepping 3, cmov, cx8, fxsr, mmx, sse, sse2, sse3, ssse3, sse4.1, sse4.2, popcnt, avx, avx2, aes, clmul, erms, 3dnowpref, lzcnt, tsc, tscinvbit, bmi1, bmi2, adx

Memory: 4k page, physical 8343204k(5107780k free), swap 9981604k(5830372k free)

vm_info: Java HotSpot(TM) 64-Bit Server VM (25.45-b02) for windows-amd64 JRE (1.8.0_45-b15), built on Apr 30 2015 12:40:44 by "java_re" with MS VC++ 10.0 (VS2010)

time: Mon Nov 13 19:56:55 2017
elapsed time: 40342 seconds (0d 11h 12m 22s)

