#-----------------------------------------------------------
# Vivado v2015.4 (64-bit)
# SW Build 1412921 on Wed Nov 18 09:43:45 MST 2015
# IP Build 1412160 on Tue Nov 17 13:47:24 MST 2015
# Start of session at: Mon Nov 20 08:28:44 2017
# Process ID: 6116
# Current directory: D:/SMartCart/SMartCart/hdl_prj/vivado_ip_prj
# Command line: vivado.exe -gui_launcher_event rodinguilauncherevent11508 D:\SMartCart\SMartCart\hdl_prj\vivado_ip_prj\vivado_prj.xpr
# Log file: D:/SMartCart/SMartCart/hdl_prj/vivado_ip_prj/vivado.log
# Journal file: D:/SMartCart/SMartCart/hdl_prj/vivado_ip_prj\vivado.jou
#-----------------------------------------------------------
start_gui
open_project D:/SMartCart/SMartCart/hdl_prj/vivado_ip_prj/vivado_prj.xpr
Scanning sources...
Finished scanning sources
INFO: [IP_Flow 19-234] Refreshing IP repositories
WARNING: [IP_Flow 19-3685] Ignored loading user repository 'd:/smartcart/smartcart/hdl_prj/ip_repo/switch_io_1.0'. The path is contained within another repository.
WARNING: [IP_Flow 19-3685] Ignored loading user repository 'd:/smartcart/smartcart/hdl_prj/vivado_ip_prj/ipcore/head_ip_v1_0'. The path is contained within another repository.
INFO: [IP_Flow 19-1700] Loaded user IP repository 'd:/SMartCart/SMartCart/hdl_prj/vivado_ip_prj/ipcore'.
INFO: [IP_Flow 19-1700] Loaded user IP repository 'd:/SMartCart/SMartCart/hdl_prj/ip_repo'.
INFO: [IP_Flow 19-2313] Loaded Vivado IP repository 'D:/Xilinx/Vivado/2015.4/data/ip'.
CRITICAL WARNING: [IP_Flow 19-1663] Duplicate IP found for 'xilinx.com:ip:head_ip:1.0'. The one found in IP location 'd:/SMartCart/SMartCart/hdl_prj/vivado_ip_prj/ipcore/head_ip_v1_0' will take precedence over the same IP in location d:/SMartCart/SMartCart/hdl_prj/ip_repo/head_ip_v1_0
WARNING: [BD 41-1661] One or more IPs have been locked in the design 'system_top.bd'. Please run report_ip_status for more details and recommendations on how to fix this issue.
List of locked IPs:
system_top_switch_IO_0_0

open_project: Time (s): cpu = 00:00:13 ; elapsed = 00:00:07 . Memory (MB): peak = 832.957 ; gain = 261.246
launch_sdk -workspace D:/SMartCart/SMartCart/hdl_prj/vivado_ip_prj/vivado_prj.sdk -hwspec D:/SMartCart/SMartCart/hdl_prj/vivado_ip_prj/vivado_prj.sdk/system_top_wrapper.hdf
INFO: [Vivado 12-393] Launching SDK...
INFO: [Vivado 12-417] Running xsdk -workspace D:/SMartCart/SMartCart/hdl_prj/vivado_ip_prj/vivado_prj.sdk -hwspec D:/SMartCart/SMartCart/hdl_prj/vivado_ip_prj/vivado_prj.sdk/system_top_wrapper.hdf
INFO: [Vivado 12-3157] SDK launch initiated. Please check console for any further messages.
reset_run synth_1
launch_runs synth_1
INFO: [HDL 9-1061] Parsing VHDL file "D:/SMartCart/SMartCart/hdl_prj/vivado_ip_prj/vivado_prj.srcs/sources_1/bd/system_top/hdl/system_top_wrapper.vhd" into library xil_defaultlib [D:/SMartCart/SMartCart/hdl_prj/vivado_ip_prj/vivado_prj.srcs/sources_1/bd/system_top/hdl/system_top_wrapper.vhd:1]
INFO: [HDL 9-1061] Parsing VHDL file "D:/SMartCart/SMartCart/hdl_prj/vivado_ip_prj/vivado_prj.srcs/sources_1/bd/system_top/hdl/system_top.vhd" into library xil_defaultlib [D:/SMartCart/SMartCart/hdl_prj/vivado_ip_prj/vivado_prj.srcs/sources_1/bd/system_top/hdl/system_top.vhd:1]
[Mon Nov 20 10:45:37 2017] Launched synth_1...
Run output will be captured here: D:/SMartCart/SMartCart/hdl_prj/vivado_ip_prj/vivado_prj.runs/synth_1/runme.log
launch_runs: Time (s): cpu = 00:00:00 ; elapsed = 00:00:05 . Memory (MB): peak = 846.945 ; gain = 0.000
open_run synth_1 -name synth_1
Design is defaulting to impl run constrset: constrs_1
Design is defaulting to synth run part: xc7z020clg484-1
INFO: [Netlist 29-17] Analyzing 237 Unisim elements for replacement
INFO: [Netlist 29-28] Unisim Transformation completed in 0 CPU seconds
INFO: [Project 1-479] Netlist was created with Vivado 2015.4
INFO: [Device 21-403] Loading part xc7z020clg484-1
INFO: [Project 1-570] Preparing netlist for logic optimization
Parsing XDC File [d:/SMartCart/SMartCart/hdl_prj/vivado_ip_prj/vivado_prj.srcs/sources_1/bd/system_top/ip/system_top_clk_wiz_0_0/system_top_clk_wiz_0_0_board.xdc] for cell 'system_top_i/clk_wiz_0/inst'
Finished Parsing XDC File [d:/SMartCart/SMartCart/hdl_prj/vivado_ip_prj/vivado_prj.srcs/sources_1/bd/system_top/ip/system_top_clk_wiz_0_0/system_top_clk_wiz_0_0_board.xdc] for cell 'system_top_i/clk_wiz_0/inst'
Parsing XDC File [d:/SMartCart/SMartCart/hdl_prj/vivado_ip_prj/vivado_prj.srcs/sources_1/bd/system_top/ip/system_top_clk_wiz_0_0/system_top_clk_wiz_0_0.xdc] for cell 'system_top_i/clk_wiz_0/inst'
INFO: [Timing 38-35] Done setting XDC timing constraints. [d:/SMartCart/SMartCart/hdl_prj/vivado_ip_prj/vivado_prj.srcs/sources_1/bd/system_top/ip/system_top_clk_wiz_0_0/system_top_clk_wiz_0_0.xdc:56]
INFO: [Timing 38-2] Deriving generated clocks [d:/SMartCart/SMartCart/hdl_prj/vivado_ip_prj/vivado_prj.srcs/sources_1/bd/system_top/ip/system_top_clk_wiz_0_0/system_top_clk_wiz_0_0.xdc:56]
get_clocks: Time (s): cpu = 00:00:12 ; elapsed = 00:00:13 . Memory (MB): peak = 1584.766 ; gain = 485.914
Finished Parsing XDC File [d:/SMartCart/SMartCart/hdl_prj/vivado_ip_prj/vivado_prj.srcs/sources_1/bd/system_top/ip/system_top_clk_wiz_0_0/system_top_clk_wiz_0_0.xdc] for cell 'system_top_i/clk_wiz_0/inst'
Parsing XDC File [d:/SMartCart/SMartCart/hdl_prj/vivado_ip_prj/vivado_prj.srcs/sources_1/bd/system_top/ip/system_top_proc_sys_reset_0_0/system_top_proc_sys_reset_0_0_board.xdc] for cell 'system_top_i/proc_sys_reset_0'
Finished Parsing XDC File [d:/SMartCart/SMartCart/hdl_prj/vivado_ip_prj/vivado_prj.srcs/sources_1/bd/system_top/ip/system_top_proc_sys_reset_0_0/system_top_proc_sys_reset_0_0_board.xdc] for cell 'system_top_i/proc_sys_reset_0'
Parsing XDC File [d:/SMartCart/SMartCart/hdl_prj/vivado_ip_prj/vivado_prj.srcs/sources_1/bd/system_top/ip/system_top_proc_sys_reset_0_0/system_top_proc_sys_reset_0_0.xdc] for cell 'system_top_i/proc_sys_reset_0'
Finished Parsing XDC File [d:/SMartCart/SMartCart/hdl_prj/vivado_ip_prj/vivado_prj.srcs/sources_1/bd/system_top/ip/system_top_proc_sys_reset_0_0/system_top_proc_sys_reset_0_0.xdc] for cell 'system_top_i/proc_sys_reset_0'
Parsing XDC File [d:/SMartCart/SMartCart/hdl_prj/vivado_ip_prj/vivado_prj.srcs/sources_1/bd/system_top/ip/system_top_processing_system7_0_0/system_top_processing_system7_0_0.xdc] for cell 'system_top_i/processing_system7_0/inst'
Finished Parsing XDC File [d:/SMartCart/SMartCart/hdl_prj/vivado_ip_prj/vivado_prj.srcs/sources_1/bd/system_top/ip/system_top_processing_system7_0_0/system_top_processing_system7_0_0.xdc] for cell 'system_top_i/processing_system7_0/inst'
Parsing XDC File [D:/SMartCart/SMartCart/hdl_prj/vivado_ip_prj/head_ip_src_head_top.xdc]
WARNING: [Vivado 12-584] No ports matched 'LED0'. [D:/SMartCart/SMartCart/hdl_prj/vivado_ip_prj/head_ip_src_head_top.xdc:25]
CRITICAL WARNING: [Common 17-55] 'set_property' expects at least one object. [D:/SMartCart/SMartCart/hdl_prj/vivado_ip_prj/head_ip_src_head_top.xdc:25]
Resolution: If [get_<value>] was used to populate the object, check to make sure this command returns at least one valid object.
WARNING: [Vivado 12-584] No ports matched 'LED0'. [D:/SMartCart/SMartCart/hdl_prj/vivado_ip_prj/head_ip_src_head_top.xdc:26]
CRITICAL WARNING: [Common 17-55] 'set_property' expects at least one object. [D:/SMartCart/SMartCart/hdl_prj/vivado_ip_prj/head_ip_src_head_top.xdc:26]
Resolution: If [get_<value>] was used to populate the object, check to make sure this command returns at least one valid object.
WARNING: [Vivado 12-584] No ports matched 'DETECT'. [D:/SMartCart/SMartCart/hdl_prj/vivado_ip_prj/head_ip_src_head_top.xdc:27]
CRITICAL WARNING: [Common 17-55] 'set_property' expects at least one object. [D:/SMartCart/SMartCart/hdl_prj/vivado_ip_prj/head_ip_src_head_top.xdc:27]
Resolution: If [get_<value>] was used to populate the object, check to make sure this command returns at least one valid object.
WARNING: [Vivado 12-584] No ports matched 'DETECT'. [D:/SMartCart/SMartCart/hdl_prj/vivado_ip_prj/head_ip_src_head_top.xdc:28]
CRITICAL WARNING: [Common 17-55] 'set_property' expects at least one object. [D:/SMartCart/SMartCart/hdl_prj/vivado_ip_prj/head_ip_src_head_top.xdc:28]
Resolution: If [get_<value>] was used to populate the object, check to make sure this command returns at least one valid object.
Finished Parsing XDC File [D:/SMartCart/SMartCart/hdl_prj/vivado_ip_prj/head_ip_src_head_top.xdc]
INFO: [Opt 31-138] Pushed 0 inverter(s) to 0 load pin(s).
INFO: [Project 1-111] Unisim Transformation Summary:
No Unisim elements were transformed.

open_run: Time (s): cpu = 00:00:27 ; elapsed = 00:00:26 . Memory (MB): peak = 1585.801 ; gain = 735.539
launch_runs impl_1 -to_step write_bitstream
Writing placer database...
Writing XDEF routing.
Writing XDEF routing logical nets.
Writing XDEF routing special nets.
Write XDEF Complete: Time (s): cpu = 00:00:01 ; elapsed = 00:00:00.153 . Memory (MB): peak = 1592.453 ; gain = 0.000
[Mon Nov 20 10:49:52 2017] Launched impl_1...
Run output will be captured here: D:/SMartCart/SMartCart/hdl_prj/vivado_ip_prj/vivado_prj.runs/impl_1/runme.log
file copy -force D:/SMartCart/SMartCart/hdl_prj/vivado_ip_prj/vivado_prj.runs/impl_1/system_top_wrapper.sysdef D:/SMartCart/SMartCart/hdl_prj/vivado_ip_prj/vivado_prj.sdk/system_top_wrapper.hdf

file copy -force D:/SMartCart/SMartCart/hdl_prj/vivado_ip_prj/vivado_prj.runs/impl_1/system_top_wrapper.sysdef D:/SMartCart/SMartCart/hdl_prj/vivado_ip_prj/vivado_prj.sdk/system_top_wrapper.hdf

launch_sdk -workspace D:/SMartCart/SMartCart/hdl_prj/vivado_ip_prj/vivado_prj.sdk -hwspec D:/SMartCart/SMartCart/hdl_prj/vivado_ip_prj/vivado_prj.sdk/system_top_wrapper.hdf
INFO: [Vivado 12-393] Launching SDK...
INFO: [Vivado 12-417] Running xsdk -workspace D:/SMartCart/SMartCart/hdl_prj/vivado_ip_prj/vivado_prj.sdk -hwspec D:/SMartCart/SMartCart/hdl_prj/vivado_ip_prj/vivado_prj.sdk/system_top_wrapper.hdf
INFO: [Vivado 12-3157] SDK launch initiated. Please check console for any further messages.
close_project
****** Webtalk v2015.4 (64-bit)
  **** SW Build 1412921 on Wed Nov 18 09:43:45 MST 2015
  **** IP Build 1412160 on Tue Nov 17 13:47:24 MST 2015
    ** Copyright 1986-2015 Xilinx, Inc. All Rights Reserved.

source D:/SMartCart/SMartCart/hdl_prj/vivado_ip_prj/vivado_prj.hw/webtalk/labtool_webtalk.tcl -notrace
INFO: [Common 17-206] Exiting Webtalk at Mon Nov 20 13:26:26 2017...
close_project: Time (s): cpu = 00:00:03 ; elapsed = 00:00:27 . Memory (MB): peak = 1606.918 ; gain = 0.000
open_project D:/simka/project_1/project_1.xpr
INFO: [Project 1-313] Project file moved from 'E:/simka/project_1' since last save.
CRITICAL WARNING: [Project 1-19] Could not find the file 'D:/Smart/hdl_prj/vivado_ip_prj/head_ip_src_head_top.xdc'.
Scanning sources...
Finished scanning sources
INFO: [IP_Flow 19-234] Refreshing IP repositories
INFO: [IP_Flow 19-1700] Loaded user IP repository 'd:/simka'.
WARNING: [IP_Flow 19-3656] If you move the project, the path for repository 'd:/simka' may become invalid. A better location for the repostory would be in a path adjacent to the project. (Current project location is 'd:/simka/project_1'.)
INFO: [IP_Flow 19-2313] Loaded Vivado IP repository 'D:/Xilinx/Vivado/2015.4/data/ip'.
open_project: Time (s): cpu = 00:00:08 ; elapsed = 00:00:24 . Memory (MB): peak = 1606.918 ; gain = 0.000
open_bd_design {D:/simka/project_1/project_1.srcs/sources_1/bd/system_top/system_top.bd}
Adding component instance block -- xilinx.com:ip:clk_wiz:5.2 - clk_wiz_0
Adding component instance block -- xilinx.com:ip:proc_sys_reset:5.0 - proc_sys_reset_0
INFO: [Ipptcl 7-1463] No Compatible Board Interface found. Board Tab not created in customize GUI
Adding component instance block -- xilinx.com:ip:processing_system7:5.5 - processing_system7_0
Adding component instance block -- xilinx.com:ip:xlconcat:2.1 - xlconcat_0
Adding component instance block -- xilinx.com:user:switch_IO:1.0 - switch_IO_0
Adding component instance block -- xilinx.com:ip:head_ip:1.0 - head_ip_0
Adding component instance block -- xilinx.com:ip:head_ip:1.0 - head_ip_1
Adding component instance block -- xilinx.com:ip:axi_crossbar:2.1 - xbar
Adding component instance block -- xilinx.com:ip:axi_protocol_converter:2.1 - auto_pc
Successfully read diagram <system_top> from BD file <D:/simka/project_1/project_1.srcs/sources_1/bd/system_top/system_top.bd>
open_bd_design: Time (s): cpu = 00:00:12 ; elapsed = 00:00:22 . Memory (MB): peak = 1606.918 ; gain = 0.000
file copy -force D:/simka/project_1/project_1.runs/impl_1/system_top_wrapper.sysdef D:/simka/project_1/project_1.sdk/system_top_wrapper.hdf

launch_sdk -workspace D:/simka/project_1/project_1.sdk -hwspec D:/simka/project_1/project_1.sdk/system_top_wrapper.hdf
INFO: [Vivado 12-393] Launching SDK...
INFO: [Vivado 12-417] Running xsdk -workspace D:/simka/project_1/project_1.sdk -hwspec D:/simka/project_1/project_1.sdk/system_top_wrapper.hdf
INFO: [Vivado 12-3157] SDK launch initiated. Please check console for any further messages.
file copy -force D:/simka/project_1/project_1.runs/impl_1/system_top_wrapper.sysdef D:/simka/project_1/project_1.sdk/system_top_wrapper.hdf

launch_sdk -workspace D:/simka/project_1/project_1.sdk -hwspec D:/simka/project_1/project_1.sdk/system_top_wrapper.hdf
INFO: [Vivado 12-393] Launching SDK...
INFO: [Vivado 12-417] Running xsdk -workspace D:/simka/project_1/project_1.sdk -hwspec D:/simka/project_1/project_1.sdk/system_top_wrapper.hdf
INFO: [Vivado 12-3157] SDK launch initiated. Please check console for any further messages.
launch_sdk -workspace D:/simka/project_1/project_1.sdk -hwspec D:/simka/project_1/project_1.sdk/system_top_wrapper.hdf
INFO: [Vivado 12-393] Launching SDK...
INFO: [Vivado 12-417] Running xsdk -workspace D:/simka/project_1/project_1.sdk -hwspec D:/simka/project_1/project_1.sdk/system_top_wrapper.hdf
INFO: [Vivado 12-3157] SDK launch initiated. Please check console for any further messages.
close_project
****** Webtalk v2015.4 (64-bit)
  **** SW Build 1412921 on Wed Nov 18 09:43:45 MST 2015
  **** IP Build 1412160 on Tue Nov 17 13:47:24 MST 2015
    ** Copyright 1986-2015 Xilinx, Inc. All Rights Reserved.

source D:/simka/project_1/project_1.hw/webtalk/labtool_webtalk.tcl -notrace
INFO: [Common 17-206] Exiting Webtalk at Mon Nov 20 13:40:30 2017...
open_project D:/SMartCart/SMartCart/hdl_prj/vivado_ip_prj/vivado_prj.xpr
Scanning sources...
Finished scanning sources
INFO: [IP_Flow 19-234] Refreshing IP repositories
WARNING: [IP_Flow 19-3685] Ignored loading user repository 'd:/smartcart/smartcart/hdl_prj/ip_repo/switch_io_1.0'. The path is contained within another repository.
WARNING: [IP_Flow 19-3685] Ignored loading user repository 'd:/smartcart/smartcart/hdl_prj/vivado_ip_prj/ipcore/head_ip_v1_0'. The path is contained within another repository.
INFO: [IP_Flow 19-1700] Loaded user IP repository 'd:/SMartCart/SMartCart/hdl_prj/vivado_ip_prj/ipcore'.
INFO: [IP_Flow 19-1700] Loaded user IP repository 'd:/SMartCart/SMartCart/hdl_prj/ip_repo'.
INFO: [IP_Flow 19-2313] Loaded Vivado IP repository 'D:/Xilinx/Vivado/2015.4/data/ip'.
CRITICAL WARNING: [IP_Flow 19-1663] Duplicate IP found for 'xilinx.com:ip:head_ip:1.0'. The one found in IP location 'd:/SMartCart/SMartCart/hdl_prj/vivado_ip_prj/ipcore/head_ip_v1_0' will take precedence over the same IP in location d:/SMartCart/SMartCart/hdl_prj/ip_repo/head_ip_v1_0
WARNING: [BD 41-1661] One or more IPs have been locked in the design 'system_top.bd'. Please run report_ip_status for more details and recommendations on how to fix this issue.
List of locked IPs:
system_top_switch_IO_0_0

open_project: Time (s): cpu = 00:00:06 ; elapsed = 00:00:11 . Memory (MB): peak = 1606.918 ; gain = 0.000
launch_sdk -workspace D:/SMartCart/SMartCart/hdl_prj/vivado_ip_prj/vivado_prj.sdk -hwspec D:/SMartCart/SMartCart/hdl_prj/vivado_ip_prj/vivado_prj.sdk/system_top_wrapper.hdf
INFO: [Vivado 12-393] Launching SDK...
INFO: [Vivado 12-417] Running xsdk -workspace D:/SMartCart/SMartCart/hdl_prj/vivado_ip_prj/vivado_prj.sdk -hwspec D:/SMartCart/SMartCart/hdl_prj/vivado_ip_prj/vivado_prj.sdk/system_top_wrapper.hdf
INFO: [Vivado 12-3157] SDK launch initiated. Please check console for any further messages.
launch_sdk -workspace D:/SMartCart/SMartCart/hdl_prj/vivado_ip_prj/vivado_prj.sdk -hwspec D:/SMartCart/SMartCart/hdl_prj/vivado_ip_prj/vivado_prj.sdk/system_top_wrapper.hdf
INFO: [Vivado 12-393] Launching SDK...
INFO: [Vivado 12-417] Running xsdk -workspace D:/SMartCart/SMartCart/hdl_prj/vivado_ip_prj/vivado_prj.sdk -hwspec D:/SMartCart/SMartCart/hdl_prj/vivado_ip_prj/vivado_prj.sdk/system_top_wrapper.hdf
INFO: [Vivado 12-3157] SDK launch initiated. Please check console for any further messages.
exit
INFO: [Common 17-206] Exiting Vivado at Mon Nov 20 14:13:56 2017...
