#-----------------------------------------------------------
# Vivado v2015.4 (64-bit)
# SW Build 1412921 on Wed Nov 18 09:43:45 MST 2015
# IP Build 1412160 on Tue Nov 17 13:47:24 MST 2015
# Start of session at: Wed Nov 15 08:07:16 2017
# Process ID: 8808
# Current directory: D:/SMartCart/SMartCart/hdl_prj/vivado_ip_prj
# Command line: vivado.exe -gui_launcher_event rodinguilauncherevent18376 D:\SMartCart\SMartCart\hdl_prj\vivado_ip_prj\vivado_prj.xpr
# Log file: D:/SMartCart/SMartCart/hdl_prj/vivado_ip_prj/vivado.log
# Journal file: D:/SMartCart/SMartCart/hdl_prj/vivado_ip_prj\vivado.jou
#-----------------------------------------------------------
start_gui
open_project D:/SMartCart/SMartCart/hdl_prj/vivado_ip_prj/vivado_prj.xpr
Scanning sources...
Finished scanning sources
INFO: [IP_Flow 19-234] Refreshing IP repositories
INFO: [IP_Flow 19-1700] Loaded user IP repository 'd:/SMartCart/SMartCart/hdl_prj/vivado_ip_prj/ipcore'.
INFO: [IP_Flow 19-1700] Loaded user IP repository 'd:/SMartCart/SMartCart/hdl_prj/ip_repo'.
INFO: [IP_Flow 19-2313] Loaded Vivado IP repository 'D:/Xilinx/Vivado/2015.4/data/ip'.
CRITICAL WARNING: [IP_Flow 19-1663] Duplicate IP found for 'xilinx.com:ip:head_ip:1.0'. The one found in IP location 'd:/SMartCart/SMartCart/hdl_prj/vivado_ip_prj/ipcore/head_ip_v1_0' will take precedence over the same IP in location d:/SMartCart/SMartCart/hdl_prj/ip_repo/head_ip_v1_0
open_project: Time (s): cpu = 00:00:16 ; elapsed = 00:00:23 . Memory (MB): peak = 798.109 ; gain = 174.563
launch_sdk -workspace D:/SMartCart/SMartCart/hdl_prj/vivado_ip_prj/vivado_prj.sdk -hwspec D:/SMartCart/SMartCart/hdl_prj/vivado_ip_prj/vivado_prj.sdk/system_top_wrapper.hdf
INFO: [Vivado 12-393] Launching SDK...
INFO: [Vivado 12-417] Running xsdk -workspace D:/SMartCart/SMartCart/hdl_prj/vivado_ip_prj/vivado_prj.sdk -hwspec D:/SMartCart/SMartCart/hdl_prj/vivado_ip_prj/vivado_prj.sdk/system_top_wrapper.hdf
INFO: [Vivado 12-3157] SDK launch initiated. Please check console for any further messages.
exit
INFO: [Common 17-206] Exiting Vivado at Wed Nov 15 10:41:17 2017...
