#-----------------------------------------------------------
# Vivado v2015.4 (64-bit)
# SW Build 1412921 on Wed Nov 18 09:43:45 MST 2015
# IP Build 1412160 on Tue Nov 17 13:47:24 MST 2015
# Start of session at: Mon Nov 20 08:10:01 2017
# Process ID: 9048
# Current directory: D:/SMartCart/SMartCart/hdl_prj/vivado_ip_prj
# Command line: vivado.exe -gui_launcher_event rodinguilauncherevent8752 D:\SMartCart\SMartCart\hdl_prj\vivado_ip_prj\vivado_prj.xpr
# Log file: D:/SMartCart/SMartCart/hdl_prj/vivado_ip_prj/vivado.log
# Journal file: D:/SMartCart/SMartCart/hdl_prj/vivado_ip_prj\vivado.jou
#-----------------------------------------------------------
start_gui
open_project D:/SMartCart/SMartCart/hdl_prj/vivado_ip_prj/vivado_prj.xpr
Scanning sources...
Finished scanning sources
INFO: [IP_Flow 19-234] Refreshing IP repositories
WARNING: [IP_Flow 19-3685] Ignored loading user repository 'd:/smartcart/smartcart/hdl_prj/ip_repo/switch_io_1.0'. The path is contained within another repository.
WARNING: [IP_Flow 19-3685] Ignored loading user repository 'd:/smartcart/smartcart/hdl_prj/vivado_ip_prj/ipcore/head_ip_v1_0'. The path is contained within another repository.
INFO: [IP_Flow 19-1700] Loaded user IP repository 'd:/SMartCart/SMartCart/hdl_prj/vivado_ip_prj/ipcore'.
INFO: [IP_Flow 19-1700] Loaded user IP repository 'd:/SMartCart/SMartCart/hdl_prj/ip_repo'.
INFO: [IP_Flow 19-2313] Loaded Vivado IP repository 'D:/Xilinx/Vivado/2015.4/data/ip'.
CRITICAL WARNING: [IP_Flow 19-1663] Duplicate IP found for 'xilinx.com:ip:head_ip:1.0'. The one found in IP location 'd:/SMartCart/SMartCart/hdl_prj/vivado_ip_prj/ipcore/head_ip_v1_0' will take precedence over the same IP in location d:/SMartCart/SMartCart/hdl_prj/ip_repo/head_ip_v1_0
WARNING: [BD 41-1661] One or more IPs have been locked in the design 'system_top.bd'. Please run report_ip_status for more details and recommendations on how to fix this issue.
List of locked IPs:
system_top_switch_IO_0_0

open_project: Time (s): cpu = 00:00:16 ; elapsed = 00:00:26 . Memory (MB): peak = 752.551 ; gain = 156.992
launch_sdk -workspace D:/SMartCart/SMartCart/hdl_prj/vivado_ip_prj/vivado_prj.sdk -hwspec D:/SMartCart/SMartCart/hdl_prj/vivado_ip_prj/vivado_prj.sdk/system_top_wrapper.hdf
INFO: [Vivado 12-393] Launching SDK...
INFO: [Vivado 12-417] Running xsdk -workspace D:/SMartCart/SMartCart/hdl_prj/vivado_ip_prj/vivado_prj.sdk -hwspec D:/SMartCart/SMartCart/hdl_prj/vivado_ip_prj/vivado_prj.sdk/system_top_wrapper.hdf
INFO: [Vivado 12-3157] SDK launch initiated. Please check console for any further messages.
exit
INFO: [Common 17-206] Exiting Vivado at Mon Nov 20 08:27:08 2017...
