#-----------------------------------------------------------
# Webtalk v2015.4 (64-bit)
# SW Build 1412921 on Wed Nov 18 09:43:45 MST 2015
# 
# Start of session at: Thu Nov 16 15:20:58 2017
# Process ID: 5428
# Current directory: D:/Smart/hdl_prj/vivado_ip_prj/vivado_prj.sdk/webtalk
# Command line: wbtcv.exe -mode batch -source sdk_webtalk.tcl
# Log file: D:/Smart/hdl_prj/vivado_ip_prj/vivado_prj.sdk/webtalk/webtalk.log
# Journal file: D:/Smart/hdl_prj/vivado_ip_prj/vivado_prj.sdk/webtalk\webtalk.jou
#-----------------------------------------------------------
source sdk_webtalk.tcl
# webtalk_init -webtalk_dir D:\\Smart\\hdl_prj\\vivado_ip_prj\\vivado_prj.sdk\\webtalk
# webtalk_register_client -client project
# webtalk_add_data -client project -key date_generated -value "Чт ноя 16 15:20:57 2017" -context "software_version_and_target_device"
# webtalk_add_data -client project -key product_version -value "SDK v2015.4" -context "software_version_and_target_device"
# webtalk_add_data -client project -key build_version -value "2015.4" -context "software_version_and_target_device"
# webtalk_add_data -client project -key os_platform -value "amd64" -context "software_version_and_target_device"
# webtalk_add_data -client project -key registration_id -value "" -context "software_version_and_target_device"
# webtalk_add_data -client project -key tool_flow -value "SDK" -context "software_version_and_target_device"
# webtalk_add_data -client project -key beta -value "false" -context "software_version_and_target_device"
# webtalk_add_data -client project -key route_design -value "NA" -context "software_version_and_target_device"
# webtalk_add_data -client project -key target_family -value "NA" -context "software_version_and_target_device"
# webtalk_add_data -client project -key target_device -value "NA" -context "software_version_and_target_device"
# webtalk_add_data -client project -key target_package -value "NA" -context "software_version_and_target_device"
# webtalk_add_data -client project -key target_speed -value "NA" -context "software_version_and_target_device"
# webtalk_add_data -client project -key random_id -value "lb97qde0elgp1ik1p6sfo1ba0n" -context "software_version_and_target_device"
# webtalk_add_data -client project -key project_id -value "2015.4_1" -context "software_version_and_target_device"
# webtalk_add_data -client project -key project_iteration -value "1" -context "software_version_and_target_device"
# webtalk_add_data -client project -key os_name -value "" -context "user_environment"
# webtalk_add_data -client project -key os_release -value "" -context "user_environment"
# webtalk_add_data -client project -key cpu_name -value "" -context "user_environment"
# webtalk_add_data -client project -key cpu_speed -value "" -context "user_environment"
# webtalk_add_data -client project -key total_processors -value "" -context "user_environment"
# webtalk_add_data -client project -key system_ram -value "" -context "user_environment"
# webtalk_register_client -client sdk
# webtalk_add_data -client sdk -key uid -value "1510819853726" -context "sdk\\\\hardware/1510819853726"
# webtalk_add_data -client sdk -key isZynq -value "true" -context "sdk\\\\hardware/1510819853726"
# webtalk_add_data -client sdk -key Processors -value "2" -context "sdk\\\\hardware/1510819853726"
# webtalk_add_data -client sdk -key VivadoVersion -value "2015.4" -context "sdk\\\\hardware/1510819853726"
# webtalk_add_data -client sdk -key Arch -value "zynq" -context "sdk\\\\hardware/1510819853726"
# webtalk_add_data -client sdk -key Device -value "7z020" -context "sdk\\\\hardware/1510819853726"
# webtalk_add_data -client sdk -key IsHandoff -value "true" -context "sdk\\\\hardware/1510819853726"
# webtalk_transmit -clientid 1579955141 -regid "" -xml D:\\Smart\\hdl_prj\\vivado_ip_prj\\vivado_prj.sdk\\webtalk\\usage_statistics_ext_sdk.xml -html D:\\Smart\\hdl_prj\\vivado_ip_prj\\vivado_prj.sdk\\webtalk\\usage_statistics_ext_sdk.html -wdm D:\\Smart\\hdl_prj\\vivado_ip_prj\\vivado_prj.sdk\\webtalk\\sdk_webtalk.wdm -intro "<H3>SDK Usage Report</H3><BR>"
webtalk_transmit: Time (s): cpu = 00:00:00 ; elapsed = 00:00:05 . Memory (MB): peak = 49.426 ; gain = 0.000
# webtalk_terminate
INFO: [Common 17-206] Exiting Webtalk at Thu Nov 16 15:21:05 2017...
