16:57:41 INFO  : Launching XSDB server: xsdb.bat D:/Xilinx/SDK/2015.4/scripts/xsdb/xsdb/xsdb-server.tcl
16:57:44 INFO  : XSDB server has started successfully.
16:57:46 INFO  : Processing command line option -hwspec D:/Work/vivadoProject/Example_Vivado/Example_Vivado.sdk/design_Project_wrapper.hdf.
17:18:02 ERROR : Unexpected error while launching program.
java.lang.RuntimeException: Error while sourcing D:/Work/vivadoProject/Example_Vivado/Example_Vivado.sdk/design_Project_wrapper_hw_platform_0/design_Project_bd.tcl : invalid command name "version"
	at com.xilinx.sdk.targetmanager.internal.TM.sourceTcl(TM.java:1021)
	at com.xilinx.sdk.debug.core.XilinxAppLaunchConfigurationDelegate.runTargetSetup(XilinxAppLaunchConfigurationDelegate.java:441)
	at com.xilinx.sdk.debug.core.XilinxAppLaunchConfigurationDelegate.runApplication(XilinxAppLaunchConfigurationDelegate.java:616)
	at com.xilinx.sdk.debug.core.XilinxAppLaunchConfigurationDelegate.launch(XilinxAppLaunchConfigurationDelegate.java:309)
	at com.xilinx.sdk.debug.ui.XilinxAppLaunchDelegateWrapper.launch(XilinxAppLaunchDelegateWrapper.java:31)
	at org.eclipse.debug.internal.core.LaunchConfiguration.launch(LaunchConfiguration.java:858)
	at org.eclipse.debug.internal.core.LaunchConfiguration.launch(LaunchConfiguration.java:707)
	at org.eclipse.debug.internal.ui.DebugUIPlugin.buildAndLaunch(DebugUIPlugin.java:1018)
	at org.eclipse.debug.internal.ui.DebugUIPlugin$8.run(DebugUIPlugin.java:1222)
	at org.eclipse.core.internal.jobs.Worker.run(Worker.java:53)
17:19:14 ERROR : Unexpected error while launching program.
java.lang.RuntimeException: Error while sourcing D:/Work/vivadoProject/Example_Vivado/Example_Vivado.sdk/design_Project_wrapper_hw_platform_0/design_Project_bd.tcl : invalid command name "version"
	at com.xilinx.sdk.targetmanager.internal.TM.sourceTcl(TM.java:1021)
	at com.xilinx.sdk.debug.core.XilinxAppLaunchConfigurationDelegate.runTargetSetup(XilinxAppLaunchConfigurationDelegate.java:441)
	at com.xilinx.sdk.debug.core.XilinxAppLaunchConfigurationDelegate.runApplication(XilinxAppLaunchConfigurationDelegate.java:616)
	at com.xilinx.sdk.debug.core.XilinxAppLaunchConfigurationDelegate.launch(XilinxAppLaunchConfigurationDelegate.java:309)
	at com.xilinx.sdk.debug.ui.XilinxAppLaunchDelegateWrapper.launch(XilinxAppLaunchDelegateWrapper.java:31)
	at org.eclipse.debug.internal.core.LaunchConfiguration.launch(LaunchConfiguration.java:858)
	at org.eclipse.debug.internal.core.LaunchConfiguration.launch(LaunchConfiguration.java:707)
	at org.eclipse.debug.internal.ui.DebugUIPlugin.buildAndLaunch(DebugUIPlugin.java:1018)
	at org.eclipse.debug.internal.ui.DebugUIPlugin$8.run(DebugUIPlugin.java:1222)
	at org.eclipse.core.internal.jobs.Worker.run(Worker.java:53)
17:19:53 ERROR : Unexpected error while launching program.
java.lang.RuntimeException: Error while sourcing D:/Work/vivadoProject/Example_Vivado/Example_Vivado.sdk/design_Project_wrapper_hw_platform_0/design_Project_bd.tcl : invalid command name "version"
	at com.xilinx.sdk.targetmanager.internal.TM.sourceTcl(TM.java:1021)
	at com.xilinx.sdk.debug.core.XilinxAppLaunchConfigurationDelegate.runTargetSetup(XilinxAppLaunchConfigurationDelegate.java:441)
	at com.xilinx.sdk.debug.core.XilinxAppLaunchConfigurationDelegate.runApplication(XilinxAppLaunchConfigurationDelegate.java:616)
	at com.xilinx.sdk.debug.core.XilinxAppLaunchConfigurationDelegate.launch(XilinxAppLaunchConfigurationDelegate.java:309)
	at com.xilinx.sdk.debug.ui.XilinxAppLaunchDelegateWrapper.launch(XilinxAppLaunchDelegateWrapper.java:31)
	at org.eclipse.debug.internal.core.LaunchConfiguration.launch(LaunchConfiguration.java:858)
	at org.eclipse.debug.internal.core.LaunchConfiguration.launch(LaunchConfiguration.java:707)
	at org.eclipse.debug.internal.ui.DebugUIPlugin.buildAndLaunch(DebugUIPlugin.java:1018)
	at org.eclipse.debug.internal.ui.DebugUIPlugin$8.run(DebugUIPlugin.java:1222)
	at org.eclipse.core.internal.jobs.Worker.run(Worker.java:53)
17:20:11 INFO  : System reset is completed.
17:20:14 INFO  : FPGA configured successfully with bitstream "D:/Work/vivadoProject/Example_Vivado/Example_Vivado.sdk/design_Project_wrapper_hw_platform_0/design_Project_wrapper.bit"
17:20:14 INFO  : ps7_init is completed.
17:20:15 INFO  : ps7_post_config is completed.
17:20:15 ERROR : Port COM4 is already in use.
17:30:09 INFO  : System reset is completed.
17:30:12 INFO  : FPGA configured successfully with bitstream "D:/Work/vivadoProject/Example_Vivado/Example_Vivado.sdk/design_Project_wrapper_hw_platform_0/design_Project_wrapper.bit"
17:30:13 INFO  : ps7_init is completed.
17:30:13 INFO  : ps7_post_config is completed.
17:30:13 ERROR : Port COM4 is already in use.
17:31:14 INFO  : System reset is completed.
17:31:17 INFO  : FPGA configured successfully with bitstream "D:/Work/vivadoProject/Example_Vivado/Example_Vivado.sdk/design_Project_wrapper_hw_platform_0/design_Project_wrapper.bit"
17:31:17 INFO  : ps7_init is completed.
17:31:18 INFO  : ps7_post_config is completed.
17:31:18 ERROR : Port COM4 is already in use.
17:32:29 INFO  : ps7_cortexa9_0 Processor is in use. Please stop existing Run or Debug sessions before launching.
17:32:31 INFO  : System reset is completed.
17:32:33 INFO  : FPGA configured successfully with bitstream "D:/Work/vivadoProject/Example_Vivado/Example_Vivado.sdk/design_Project_wrapper_hw_platform_0/design_Project_wrapper.bit"
17:32:34 INFO  : ps7_init is completed.
17:32:34 INFO  : ps7_post_config is completed.
17:32:34 ERROR : Port COM4 is already in use.
17:33:26 INFO  : ps7_cortexa9_0 Processor is in use. Please stop existing Run or Debug sessions before launching.
17:33:27 INFO  : System reset is completed.
17:33:30 INFO  : FPGA configured successfully with bitstream "D:/Work/vivadoProject/Example_Vivado/Example_Vivado.sdk/design_Project_wrapper_hw_platform_0/design_Project_wrapper.bit"
17:33:31 INFO  : ps7_init is completed.
17:33:32 INFO  : ps7_post_config is completed.
17:33:32 ERROR : Port COM4 is already in use.
17:34:00 INFO  : System reset is completed.
17:34:03 INFO  : FPGA configured successfully with bitstream "D:/Work/vivadoProject/Example_Vivado/Example_Vivado.sdk/design_Project_wrapper_hw_platform_0/design_Project_wrapper.bit"
17:34:04 INFO  : ps7_init is completed.
17:34:04 INFO  : ps7_post_config is completed.
17:34:04 ERROR : Port COM4 is already in use.
17:34:53 INFO  : ps7_cortexa9_0 Processor is in use. Please stop existing Run or Debug sessions before launching.
17:34:58 INFO  : System reset is completed.
17:35:01 INFO  : FPGA configured successfully with bitstream "D:/Work/vivadoProject/Example_Vivado/Example_Vivado.sdk/design_Project_wrapper_hw_platform_0/design_Project_wrapper.bit"
17:35:01 INFO  : ps7_init is completed.
17:35:01 INFO  : ps7_post_config is completed.
17:35:02 ERROR : Port COM4 is already in use.
17:36:05 INFO  : ps7_cortexa9_0 Processor is in use. Please stop existing Run or Debug sessions before launching.
17:36:06 INFO  : System reset is completed.
17:36:09 INFO  : FPGA configured successfully with bitstream "D:/Work/vivadoProject/Example_Vivado/Example_Vivado.sdk/design_Project_wrapper_hw_platform_0/design_Project_wrapper.bit"
17:36:10 INFO  : ps7_init is completed.
17:36:10 INFO  : ps7_post_config is completed.
17:36:10 ERROR : Port COM4 is already in use.
17:36:45 INFO  : ps7_cortexa9_0 Processor is in use. Please stop existing Run or Debug sessions before launching.
17:36:46 INFO  : System reset is completed.
17:36:49 INFO  : FPGA configured successfully with bitstream "D:/Work/vivadoProject/Example_Vivado/Example_Vivado.sdk/design_Project_wrapper_hw_platform_0/design_Project_wrapper.bit"
17:36:50 INFO  : ps7_init is completed.
17:36:50 INFO  : ps7_post_config is completed.
17:36:50 ERROR : Port COM4 is already in use.
17:38:08 INFO  : ps7_cortexa9_0 Processor is in use. Please stop existing Run or Debug sessions before launching.
17:38:09 INFO  : System reset is completed.
17:38:12 INFO  : FPGA configured successfully with bitstream "D:/Work/vivadoProject/Example_Vivado/Example_Vivado.sdk/design_Project_wrapper_hw_platform_0/design_Project_wrapper.bit"
17:38:13 INFO  : ps7_init is completed.
17:38:13 INFO  : ps7_post_config is completed.
17:38:13 ERROR : Port COM4 is already in use.
17:38:36 INFO  : ps7_cortexa9_0 Processor is in use. Please stop existing Run or Debug sessions before launching.
17:38:38 INFO  : System reset is completed.
17:38:40 INFO  : FPGA configured successfully with bitstream "D:/Work/vivadoProject/Example_Vivado/Example_Vivado.sdk/design_Project_wrapper_hw_platform_0/design_Project_wrapper.bit"
17:38:41 INFO  : ps7_init is completed.
17:38:41 INFO  : ps7_post_config is completed.
17:38:41 ERROR : Port COM4 is already in use.
17:40:32 INFO  : ps7_cortexa9_0 Processor is in use. Please stop existing Run or Debug sessions before launching.
17:40:34 INFO  : System reset is completed.
17:40:37 INFO  : FPGA configured successfully with bitstream "D:/Work/vivadoProject/Example_Vivado/Example_Vivado.sdk/design_Project_wrapper_hw_platform_0/design_Project_wrapper.bit"
17:40:38 INFO  : ps7_init is completed.
17:40:38 INFO  : ps7_post_config is completed.
17:40:38 ERROR : Port COM4 is already in use.
17:41:00 INFO  : ps7_cortexa9_0 Processor is in use. Please stop existing Run or Debug sessions before launching.
17:41:02 INFO  : System reset is completed.
17:41:05 INFO  : FPGA configured successfully with bitstream "D:/Work/vivadoProject/Example_Vivado/Example_Vivado.sdk/design_Project_wrapper_hw_platform_0/design_Project_wrapper.bit"
17:41:05 INFO  : ps7_init is completed.
17:41:05 INFO  : ps7_post_config is completed.
17:41:05 ERROR : Port COM4 is already in use.
17:41:47 INFO  : ps7_cortexa9_0 Processor is in use. Please stop existing Run or Debug sessions before launching.
17:41:49 INFO  : System reset is completed.
17:41:52 INFO  : FPGA configured successfully with bitstream "D:/Work/vivadoProject/Example_Vivado/Example_Vivado.sdk/design_Project_wrapper_hw_platform_0/design_Project_wrapper.bit"
17:41:53 INFO  : ps7_init is completed.
17:41:53 INFO  : ps7_post_config is completed.
17:41:53 ERROR : Port COM4 is already in use.
17:43:12 INFO  : ps7_cortexa9_0 Processor is in use. Please stop existing Run or Debug sessions before launching.
17:43:13 INFO  : System reset is completed.
17:43:16 INFO  : FPGA configured successfully with bitstream "D:/Work/vivadoProject/Example_Vivado/Example_Vivado.sdk/design_Project_wrapper_hw_platform_0/design_Project_wrapper.bit"
17:43:17 INFO  : ps7_init is completed.
17:43:17 INFO  : ps7_post_config is completed.
17:43:17 ERROR : Port COM4 is already in use.
17:43:41 INFO  : ps7_cortexa9_0 Processor is in use. Please stop existing Run or Debug sessions before launching.
17:43:48 INFO  : ps7_cortexa9_0 Processor is in use. Please stop existing Run or Debug sessions before launching.
17:43:49 INFO  : System reset is completed.
17:43:52 INFO  : FPGA configured successfully with bitstream "D:/Work/vivadoProject/Example_Vivado/Example_Vivado.sdk/design_Project_wrapper_hw_platform_0/design_Project_wrapper.bit"
17:43:53 INFO  : ps7_init is completed.
17:43:53 INFO  : ps7_post_config is completed.
17:43:53 ERROR : Port COM4 is already in use.
17:50:41 INFO  : ps7_cortexa9_0 Processor is in use. Please stop existing Run or Debug sessions before launching.
17:50:42 INFO  : System reset is completed.
17:50:45 INFO  : FPGA configured successfully with bitstream "D:/Work/vivadoProject/Example_Vivado/Example_Vivado.sdk/design_Project_wrapper_hw_platform_0/design_Project_wrapper.bit"
17:50:46 INFO  : ps7_init is completed.
17:50:46 INFO  : ps7_post_config is completed.
17:50:46 ERROR : Port COM4 is already in use.
17:51:08 INFO  : ps7_cortexa9_0 Processor is in use. Please stop existing Run or Debug sessions before launching.
17:51:10 INFO  : System reset is completed.
17:51:12 INFO  : FPGA configured successfully with bitstream "D:/Work/vivadoProject/Example_Vivado/Example_Vivado.sdk/design_Project_wrapper_hw_platform_0/design_Project_wrapper.bit"
17:51:13 INFO  : ps7_init is completed.
17:51:13 INFO  : ps7_post_config is completed.
17:51:13 ERROR : Port COM4 is already in use.
18:13:21 INFO  : ps7_cortexa9_0 Processor is in use. Please stop existing Run or Debug sessions before launching.
18:13:22 INFO  : System reset is completed.
18:13:25 INFO  : FPGA configured successfully with bitstream "D:/Work/vivadoProject/Example_Vivado/Example_Vivado.sdk/design_Project_wrapper_hw_platform_0/design_Project_wrapper.bit"
18:13:26 INFO  : ps7_init is completed.
18:13:26 INFO  : ps7_post_config is completed.
18:13:26 ERROR : Port COM4 is already in use.
18:15:42 INFO  : ps7_cortexa9_0 Processor is in use. Please stop existing Run or Debug sessions before launching.
18:15:43 INFO  : System reset is completed.
18:15:46 INFO  : FPGA configured successfully with bitstream "D:/Work/vivadoProject/Example_Vivado/Example_Vivado.sdk/design_Project_wrapper_hw_platform_0/design_Project_wrapper.bit"
18:15:47 INFO  : ps7_init is completed.
18:15:47 INFO  : ps7_post_config is completed.
18:15:47 ERROR : Port COM4 is already in use.
18:16:04 INFO  : ps7_cortexa9_0 Processor is in use. Please stop existing Run or Debug sessions before launching.
18:16:05 INFO  : System reset is completed.
18:16:07 INFO  : FPGA configured successfully with bitstream "D:/Work/vivadoProject/Example_Vivado/Example_Vivado.sdk/design_Project_wrapper_hw_platform_0/design_Project_wrapper.bit"
18:16:08 INFO  : ps7_init is completed.
18:16:08 INFO  : ps7_post_config is completed.
18:16:08 ERROR : Port COM4 is already in use.
18:16:37 INFO  : ps7_cortexa9_0 Processor is in use. Please stop existing Run or Debug sessions before launching.
18:18:33 ERROR : Unexpected error while launching program.
java.lang.NullPointerException
	at com.xilinx.sdk.targetmanager.internal.TM.terminateCurrentLaunch(TM.java:819)
	at com.xilinx.sdk.debug.core.XilinxAppLaunchConfigurationDelegate.runApplication(XilinxAppLaunchConfigurationDelegate.java:596)
	at com.xilinx.sdk.debug.core.XilinxAppLaunchConfigurationDelegate.launch(XilinxAppLaunchConfigurationDelegate.java:309)
	at com.xilinx.sdk.debug.ui.XilinxAppLaunchDelegateWrapper.launch(XilinxAppLaunchDelegateWrapper.java:31)
	at org.eclipse.debug.internal.core.LaunchConfiguration.launch(LaunchConfiguration.java:858)
	at org.eclipse.debug.internal.core.LaunchConfiguration.launch(LaunchConfiguration.java:707)
	at org.eclipse.debug.internal.ui.DebugUIPlugin.buildAndLaunch(DebugUIPlugin.java:1018)
	at org.eclipse.debug.internal.ui.DebugUIPlugin$8.run(DebugUIPlugin.java:1222)
	at org.eclipse.core.internal.jobs.Worker.run(Worker.java:53)
18:18:43 INFO  : System reset is completed.
18:19:19 INFO  : FPGA configured successfully with bitstream "D:/Work/vivadoProject/Example_Vivado/Example_Vivado.sdk/design_Project_wrapper_hw_platform_0/design_Project_wrapper.bit"
18:20:25 INFO  : ps7_init is completed.
18:20:25 INFO  : ps7_post_config is completed.
18:20:25 ERROR : Port COM4 is already in use.
18:33:51 INFO  : ps7_cortexa9_0 Processor is in use. Please stop existing Run or Debug sessions before launching.
18:35:16 ERROR : Unexpected error while launching program.
java.lang.NullPointerException
	at com.xilinx.sdk.targetmanager.internal.TM.terminateCurrentLaunch(TM.java:819)
	at com.xilinx.sdk.debug.core.XilinxAppLaunchConfigurationDelegate.runApplication(XilinxAppLaunchConfigurationDelegate.java:596)
	at com.xilinx.sdk.debug.core.XilinxAppLaunchConfigurationDelegate.launch(XilinxAppLaunchConfigurationDelegate.java:309)
	at com.xilinx.sdk.debug.ui.XilinxAppLaunchDelegateWrapper.launch(XilinxAppLaunchDelegateWrapper.java:31)
	at org.eclipse.debug.internal.core.LaunchConfiguration.launch(LaunchConfiguration.java:858)
	at org.eclipse.debug.internal.core.LaunchConfiguration.launch(LaunchConfiguration.java:707)
	at org.eclipse.debug.internal.ui.DebugUIPlugin.buildAndLaunch(DebugUIPlugin.java:1018)
	at org.eclipse.debug.internal.ui.DebugUIPlugin$8.run(DebugUIPlugin.java:1222)
	at org.eclipse.core.internal.jobs.Worker.run(Worker.java:53)
18:35:16 ERROR : Unexpected error while parsing XMD response ?: com.google.gson.JsonSyntaxException: com.google.gson.stream.MalformedJsonException: invalid number or unquoted string near 
18:35:45 INFO  : Launching XSDB server: xsdb.bat D:/Xilinx/SDK/2015.4/scripts/xsdb/xsdb/xsdb-server.tcl
18:35:47 INFO  : XSDB server has started successfully.
18:35:47 INFO  : Processing command line option -hwspec D:/Work/vivadoProject/Example_Vivado/Example_Vivado.sdk/design_Project_wrapper.hdf.
18:35:47 INFO  : Checking for hwspec changes in the project design_Project_wrapper_hw_platform_0.
18:36:07 INFO  : System reset is completed.
18:36:10 INFO  : FPGA configured successfully with bitstream "D:/Work/vivadoProject/Example_Vivado/Example_Vivado.sdk/design_Project_wrapper_hw_platform_0/design_Project_wrapper.bit"
18:36:11 INFO  : ps7_init is completed.
18:36:11 INFO  : ps7_post_config is completed.
18:36:11 ERROR : No such port: COM4
18:36:59 INFO  : System reset is completed.
18:37:02 INFO  : FPGA configured successfully with bitstream "D:/Work/vivadoProject/Example_Vivado/Example_Vivado.sdk/design_Project_wrapper_hw_platform_0/design_Project_wrapper.bit"
18:37:02 INFO  : ps7_init is completed.
18:37:02 INFO  : ps7_post_config is completed.
18:38:12 INFO  : ps7_cortexa9_0 Processor is in use. Please stop existing Run or Debug sessions before launching.
18:38:13 INFO  : System reset is completed.
18:38:16 INFO  : FPGA configured successfully with bitstream "D:/Work/vivadoProject/Example_Vivado/Example_Vivado.sdk/design_Project_wrapper_hw_platform_0/design_Project_wrapper.bit"
18:38:17 INFO  : ps7_init is completed.
18:38:17 INFO  : ps7_post_config is completed.
18:38:48 INFO  : ps7_cortexa9_0 Processor is in use. Please stop existing Run or Debug sessions before launching.
18:38:49 INFO  : System reset is completed.
18:38:52 INFO  : FPGA configured successfully with bitstream "D:/Work/vivadoProject/Example_Vivado/Example_Vivado.sdk/design_Project_wrapper_hw_platform_0/design_Project_wrapper.bit"
18:38:52 INFO  : ps7_init is completed.
18:38:52 INFO  : ps7_post_config is completed.
18:39:24 INFO  : ps7_cortexa9_0 Processor is in use. Please stop existing Run or Debug sessions before launching.
18:39:27 INFO  : System reset is completed.
18:39:29 INFO  : FPGA configured successfully with bitstream "D:/Work/vivadoProject/Example_Vivado/Example_Vivado.sdk/design_Project_wrapper_hw_platform_0/design_Project_wrapper.bit"
18:39:30 INFO  : ps7_init is completed.
18:39:30 INFO  : ps7_post_config is completed.
18:39:50 INFO  : ps7_cortexa9_0 Processor is in use. Please stop existing Run or Debug sessions before launching.
18:39:51 INFO  : System reset is completed.
18:39:55 INFO  : FPGA configured successfully with bitstream "D:/Work/vivadoProject/Example_Vivado/Example_Vivado.sdk/design_Project_wrapper_hw_platform_0/design_Project_wrapper.bit"
18:39:55 INFO  : ps7_init is completed.
18:39:55 INFO  : ps7_post_config is completed.
18:41:22 INFO  : ps7_cortexa9_0 Processor is in use. Please stop existing Run or Debug sessions before launching.
18:41:24 INFO  : System reset is completed.
18:41:27 INFO  : FPGA configured successfully with bitstream "D:/Work/vivadoProject/Example_Vivado/Example_Vivado.sdk/design_Project_wrapper_hw_platform_0/design_Project_wrapper.bit"
18:41:27 INFO  : ps7_init is completed.
18:41:27 INFO  : ps7_post_config is completed.
18:41:51 INFO  : ps7_cortexa9_0 Processor is in use. Please stop existing Run or Debug sessions before launching.
18:41:53 INFO  : System reset is completed.
18:41:55 INFO  : FPGA configured successfully with bitstream "D:/Work/vivadoProject/Example_Vivado/Example_Vivado.sdk/design_Project_wrapper_hw_platform_0/design_Project_wrapper.bit"
18:41:56 INFO  : ps7_init is completed.
18:41:56 INFO  : ps7_post_config is completed.
18:44:05 ERROR : Unexpected error while parsing XMD response ?: com.google.gson.JsonSyntaxException: com.google.gson.stream.MalformedJsonException: invalid number or unquoted string near 
08:50:17 INFO  : Launching XSDB server: xsdb.bat D:/Xilinx/SDK/2015.4/scripts/xsdb/xsdb/xsdb-server.tcl
08:50:21 INFO  : XSDB server has started successfully.
08:50:25 INFO  : Processing command line option -hwspec D:/Work/vivadoProject/Example_Vivado/Example_Vivado.sdk/design_Project_wrapper.hdf.
08:50:25 INFO  : Checking for hwspec changes in the project design_Project_wrapper_hw_platform_0.
08:51:21 INFO  : System reset is completed.
08:51:23 INFO  : FPGA configured successfully with bitstream "D:/Work/vivadoProject/Example_Vivado/Example_Vivado.sdk/design_Project_wrapper_hw_platform_0/design_Project_wrapper.bit"
08:51:24 INFO  : ps7_init is completed.
08:51:24 INFO  : ps7_post_config is completed.
08:52:02 INFO  : System reset is completed.
08:52:05 INFO  : FPGA configured successfully with bitstream "D:/Work/vivadoProject/Example_Vivado/Example_Vivado.sdk/design_Project_wrapper_hw_platform_0/design_Project_wrapper.bit"
08:52:06 INFO  : ps7_init is completed.
08:52:06 INFO  : ps7_post_config is completed.
08:52:16 ERROR : Unexpected error while parsing XMD response ?: com.google.gson.JsonSyntaxException: com.google.gson.stream.MalformedJsonException: invalid number or unquoted string near 
08:59:04 INFO  : Launching XSDB server: xsdb.bat D:/Xilinx/SDK/2015.4/scripts/xsdb/xsdb/xsdb-server.tcl
08:59:07 INFO  : XSDB server has started successfully.
08:59:07 INFO  : Processing command line option -hwspec D:/Work/vivadoProject/Example_Vivado/Example_Vivado.sdk/design_Project_wrapper.hdf.
08:59:07 INFO  : Checking for hwspec changes in the project design_Project_wrapper_hw_platform_0.
08:59:39 ERROR : Unexpected error while launching program.
com.xilinx.sdk.targetmanager.TMException: 
    Unknown Error Occured
    Cable is not connected to the host

	at com.xilinx.sdk.targetmanager.internal.TM.connectToProcessor(TM.java:484)
	at com.xilinx.sdk.debug.core.XilinxAppLaunchConfigurationDelegate.runTargetSetup(XilinxAppLaunchConfigurationDelegate.java:464)
	at com.xilinx.sdk.debug.core.XilinxAppLaunchConfigurationDelegate.runApplication(XilinxAppLaunchConfigurationDelegate.java:616)
	at com.xilinx.sdk.debug.core.XilinxAppLaunchConfigurationDelegate.launch(XilinxAppLaunchConfigurationDelegate.java:309)
	at com.xilinx.sdk.debug.ui.XilinxAppLaunchDelegateWrapper.launch(XilinxAppLaunchDelegateWrapper.java:31)
	at org.eclipse.debug.internal.core.LaunchConfiguration.launch(LaunchConfiguration.java:858)
	at org.eclipse.debug.internal.core.LaunchConfiguration.launch(LaunchConfiguration.java:707)
	at org.eclipse.debug.internal.ui.DebugUIPlugin.buildAndLaunch(DebugUIPlugin.java:1018)
	at org.eclipse.debug.internal.ui.DebugUIPlugin$8.run(DebugUIPlugin.java:1222)
	at org.eclipse.core.internal.jobs.Worker.run(Worker.java:53)
09:02:36 ERROR : Unexpected error while launching program.
com.xilinx.sdk.targetmanager.TMException: 
    Unknown Error Occured
    Cable is not connected to the host

	at com.xilinx.sdk.targetmanager.internal.TM.connectToProcessor(TM.java:484)
	at com.xilinx.sdk.debug.core.XilinxAppLaunchConfigurationDelegate.runTargetSetup(XilinxAppLaunchConfigurationDelegate.java:464)
	at com.xilinx.sdk.debug.core.XilinxAppLaunchConfigurationDelegate.runApplication(XilinxAppLaunchConfigurationDelegate.java:616)
	at com.xilinx.sdk.debug.core.XilinxAppLaunchConfigurationDelegate.launch(XilinxAppLaunchConfigurationDelegate.java:309)
	at com.xilinx.sdk.debug.ui.XilinxAppLaunchDelegateWrapper.launch(XilinxAppLaunchDelegateWrapper.java:31)
	at org.eclipse.debug.internal.core.LaunchConfiguration.launch(LaunchConfiguration.java:858)
	at org.eclipse.debug.internal.core.LaunchConfiguration.launch(LaunchConfiguration.java:707)
	at org.eclipse.debug.internal.ui.DebugUIPlugin.buildAndLaunch(DebugUIPlugin.java:1018)
	at org.eclipse.debug.internal.ui.DebugUIPlugin$8.run(DebugUIPlugin.java:1222)
	at org.eclipse.core.internal.jobs.Worker.run(Worker.java:53)
09:02:49 INFO  : System reset is completed.
09:02:52 INFO  : FPGA configured successfully with bitstream "D:/Work/vivadoProject/Example_Vivado/Example_Vivado.sdk/design_Project_wrapper_hw_platform_0/design_Project_wrapper.bit"
09:02:52 INFO  : ps7_init is completed.
09:02:53 INFO  : ps7_post_config is completed.
09:05:04 INFO  : System reset is completed.
09:05:07 INFO  : FPGA configured successfully with bitstream "D:/Work/vivadoProject/Example_Vivado/Example_Vivado.sdk/design_Project_wrapper_hw_platform_0/design_Project_wrapper.bit"
09:05:08 INFO  : ps7_init is completed.
09:05:08 INFO  : ps7_post_config is completed.
09:07:19 INFO  : System reset is completed.
09:07:21 INFO  : FPGA configured successfully with bitstream "D:/Work/vivadoProject/Example_Vivado/Example_Vivado.sdk/design_Project_wrapper_hw_platform_0/design_Project_wrapper.bit"
09:07:22 INFO  : ps7_init is completed.
09:07:22 INFO  : ps7_post_config is completed.
09:08:39 INFO  : System reset is completed.
09:08:42 INFO  : FPGA configured successfully with bitstream "D:/Work/vivadoProject/Example_Vivado/Example_Vivado.sdk/design_Project_wrapper_hw_platform_0/design_Project_wrapper.bit"
09:08:42 INFO  : ps7_init is completed.
09:08:42 INFO  : ps7_post_config is completed.
09:09:00 INFO  : ps7_cortexa9_0 Processor is in use. Please stop existing Run or Debug sessions before launching.
09:09:01 INFO  : System reset is completed.
09:09:04 INFO  : FPGA configured successfully with bitstream "D:/Work/vivadoProject/Example_Vivado/Example_Vivado.sdk/design_Project_wrapper_hw_platform_0/design_Project_wrapper.bit"
09:09:04 INFO  : ps7_init is completed.
09:09:05 INFO  : ps7_post_config is completed.
09:09:23 INFO  : System reset is completed.
09:09:26 INFO  : FPGA configured successfully with bitstream "D:/Work/vivadoProject/Example_Vivado/Example_Vivado.sdk/design_Project_wrapper_hw_platform_0/design_Project_wrapper.bit"
09:09:27 INFO  : ps7_init is completed.
09:09:27 INFO  : ps7_post_config is completed.
09:09:54 INFO  : System reset is completed.
09:09:57 INFO  : FPGA configured successfully with bitstream "D:/Work/vivadoProject/Example_Vivado/Example_Vivado.sdk/design_Project_wrapper_hw_platform_0/design_Project_wrapper.bit"
09:09:57 INFO  : ps7_init is completed.
09:09:58 INFO  : ps7_post_config is completed.
09:11:07 INFO  : System reset is completed.
09:11:10 INFO  : FPGA configured successfully with bitstream "D:/Work/vivadoProject/Example_Vivado/Example_Vivado.sdk/design_Project_wrapper_hw_platform_0/design_Project_wrapper.bit"
09:11:10 INFO  : ps7_init is completed.
09:11:10 INFO  : ps7_post_config is completed.
09:15:03 INFO  : System reset is completed.
09:15:05 INFO  : FPGA configured successfully with bitstream "D:/Work/vivadoProject/Example_Vivado/Example_Vivado.sdk/design_Project_wrapper_hw_platform_0/design_Project_wrapper.bit"
09:15:06 INFO  : ps7_init is completed.
09:15:06 INFO  : ps7_post_config is completed.
09:15:42 INFO  : System reset is completed.
09:15:45 INFO  : FPGA configured successfully with bitstream "D:/Work/vivadoProject/Example_Vivado/Example_Vivado.sdk/design_Project_wrapper_hw_platform_0/design_Project_wrapper.bit"
09:15:46 INFO  : ps7_init is completed.
09:15:46 INFO  : ps7_post_config is completed.
09:17:13 INFO  : System reset is completed.
09:17:16 INFO  : FPGA configured successfully with bitstream "D:/Work/vivadoProject/Example_Vivado/Example_Vivado.sdk/design_Project_wrapper_hw_platform_0/design_Project_wrapper.bit"
09:17:16 INFO  : ps7_init is completed.
09:17:16 INFO  : ps7_post_config is completed.
09:17:41 INFO  : System reset is completed.
09:17:44 INFO  : FPGA configured successfully with bitstream "D:/Work/vivadoProject/Example_Vivado/Example_Vivado.sdk/design_Project_wrapper_hw_platform_0/design_Project_wrapper.bit"
09:17:45 INFO  : ps7_init is completed.
09:17:45 INFO  : ps7_post_config is completed.
09:18:36 INFO  : System reset is completed.
09:18:39 INFO  : FPGA configured successfully with bitstream "D:/Work/vivadoProject/Example_Vivado/Example_Vivado.sdk/design_Project_wrapper_hw_platform_0/design_Project_wrapper.bit"
09:18:40 INFO  : ps7_init is completed.
09:18:40 INFO  : ps7_post_config is completed.
09:18:57 INFO  : System reset is completed.
09:19:00 INFO  : FPGA configured successfully with bitstream "D:/Work/vivadoProject/Example_Vivado/Example_Vivado.sdk/design_Project_wrapper_hw_platform_0/design_Project_wrapper.bit"
09:19:01 INFO  : ps7_init is completed.
09:19:01 INFO  : ps7_post_config is completed.
09:20:19 INFO  : System reset is completed.
09:20:22 INFO  : FPGA configured successfully with bitstream "D:/Work/vivadoProject/Example_Vivado/Example_Vivado.sdk/design_Project_wrapper_hw_platform_0/design_Project_wrapper.bit"
09:20:23 INFO  : ps7_init is completed.
09:20:23 INFO  : ps7_post_config is completed.
09:20:44 INFO  : System reset is completed.
09:20:46 INFO  : FPGA configured successfully with bitstream "D:/Work/vivadoProject/Example_Vivado/Example_Vivado.sdk/design_Project_wrapper_hw_platform_0/design_Project_wrapper.bit"
09:20:47 INFO  : ps7_init is completed.
09:20:47 INFO  : ps7_post_config is completed.
09:24:46 INFO  : ps7_cortexa9_0 Processor is in use. Please stop existing Run or Debug sessions before launching.
09:24:48 INFO  : System reset is completed.
09:24:50 INFO  : FPGA configured successfully with bitstream "D:/Work/vivadoProject/Example_Vivado/Example_Vivado.sdk/design_Project_wrapper_hw_platform_0/design_Project_wrapper.bit"
09:24:51 INFO  : ps7_init is completed.
09:24:51 INFO  : ps7_post_config is completed.
09:27:02 INFO  : System reset is completed.
09:27:04 INFO  : FPGA configured successfully with bitstream "D:/Work/vivadoProject/Example_Vivado/Example_Vivado.sdk/design_Project_wrapper_hw_platform_0/design_Project_wrapper.bit"
09:27:05 INFO  : ps7_init is completed.
09:27:05 INFO  : ps7_post_config is completed.
09:27:51 INFO  : System reset is completed.
09:27:54 INFO  : FPGA configured successfully with bitstream "D:/Work/vivadoProject/Example_Vivado/Example_Vivado.sdk/design_Project_wrapper_hw_platform_0/design_Project_wrapper.bit"
09:27:54 INFO  : ps7_init is completed.
09:27:54 INFO  : ps7_post_config is completed.
09:28:57 INFO  : System reset is completed.
09:29:00 INFO  : FPGA configured successfully with bitstream "D:/Work/vivadoProject/Example_Vivado/Example_Vivado.sdk/design_Project_wrapper_hw_platform_0/design_Project_wrapper.bit"
09:29:01 INFO  : ps7_init is completed.
09:29:01 INFO  : ps7_post_config is completed.
09:29:37 INFO  : System reset is completed.
09:29:40 INFO  : FPGA configured successfully with bitstream "D:/Work/vivadoProject/Example_Vivado/Example_Vivado.sdk/design_Project_wrapper_hw_platform_0/design_Project_wrapper.bit"
09:29:40 INFO  : ps7_init is completed.
09:29:40 INFO  : ps7_post_config is completed.
09:29:52 INFO  : System reset is completed.
09:29:55 INFO  : FPGA configured successfully with bitstream "D:/Work/vivadoProject/Example_Vivado/Example_Vivado.sdk/design_Project_wrapper_hw_platform_0/design_Project_wrapper.bit"
09:29:56 INFO  : ps7_init is completed.
09:29:56 INFO  : ps7_post_config is completed.
09:30:38 INFO  : System reset is completed.
09:30:41 INFO  : FPGA configured successfully with bitstream "D:/Work/vivadoProject/Example_Vivado/Example_Vivado.sdk/design_Project_wrapper_hw_platform_0/design_Project_wrapper.bit"
09:30:41 INFO  : ps7_init is completed.
09:30:42 INFO  : ps7_post_config is completed.
09:33:20 INFO  : System reset is completed.
09:33:23 INFO  : FPGA configured successfully with bitstream "D:/Work/vivadoProject/Example_Vivado/Example_Vivado.sdk/design_Project_wrapper_hw_platform_0/design_Project_wrapper.bit"
09:33:24 INFO  : ps7_init is completed.
09:33:24 INFO  : ps7_post_config is completed.
09:34:06 INFO  : System reset is completed.
09:34:09 INFO  : FPGA configured successfully with bitstream "D:/Work/vivadoProject/Example_Vivado/Example_Vivado.sdk/design_Project_wrapper_hw_platform_0/design_Project_wrapper.bit"
09:34:09 INFO  : ps7_init is completed.
09:34:09 INFO  : ps7_post_config is completed.
09:34:35 INFO  : System reset is completed.
09:34:38 INFO  : FPGA configured successfully with bitstream "D:/Work/vivadoProject/Example_Vivado/Example_Vivado.sdk/design_Project_wrapper_hw_platform_0/design_Project_wrapper.bit"
09:34:38 INFO  : ps7_init is completed.
09:34:38 INFO  : ps7_post_config is completed.
09:35:01 INFO  : System reset is completed.
09:35:04 INFO  : FPGA configured successfully with bitstream "D:/Work/vivadoProject/Example_Vivado/Example_Vivado.sdk/design_Project_wrapper_hw_platform_0/design_Project_wrapper.bit"
09:35:04 INFO  : ps7_init is completed.
09:35:04 INFO  : ps7_post_config is completed.
09:35:32 INFO  : System reset is completed.
09:35:34 INFO  : FPGA configured successfully with bitstream "D:/Work/vivadoProject/Example_Vivado/Example_Vivado.sdk/design_Project_wrapper_hw_platform_0/design_Project_wrapper.bit"
09:35:35 INFO  : ps7_init is completed.
09:35:35 INFO  : ps7_post_config is completed.
09:41:28 INFO  : System reset is completed.
09:41:31 INFO  : FPGA configured successfully with bitstream "D:/Work/vivadoProject/Example_Vivado/Example_Vivado.sdk/design_Project_wrapper_hw_platform_0/design_Project_wrapper.bit"
09:41:32 INFO  : ps7_init is completed.
09:41:32 INFO  : ps7_post_config is completed.
09:41:53 INFO  : System reset is completed.
09:41:56 INFO  : FPGA configured successfully with bitstream "D:/Work/vivadoProject/Example_Vivado/Example_Vivado.sdk/design_Project_wrapper_hw_platform_0/design_Project_wrapper.bit"
09:41:56 INFO  : ps7_init is completed.
09:41:56 INFO  : ps7_post_config is completed.
09:46:59 INFO  : System reset is completed.
09:47:02 INFO  : FPGA configured successfully with bitstream "D:/Work/vivadoProject/Example_Vivado/Example_Vivado.sdk/design_Project_wrapper_hw_platform_0/design_Project_wrapper.bit"
09:47:02 INFO  : ps7_init is completed.
09:47:02 INFO  : ps7_post_config is completed.
09:48:15 INFO  : System reset is completed.
09:48:18 INFO  : FPGA configured successfully with bitstream "D:/Work/vivadoProject/Example_Vivado/Example_Vivado.sdk/design_Project_wrapper_hw_platform_0/design_Project_wrapper.bit"
09:48:19 INFO  : ps7_init is completed.
09:48:19 INFO  : ps7_post_config is completed.
09:48:45 INFO  : System reset is completed.
09:48:48 INFO  : FPGA configured successfully with bitstream "D:/Work/vivadoProject/Example_Vivado/Example_Vivado.sdk/design_Project_wrapper_hw_platform_0/design_Project_wrapper.bit"
09:48:49 INFO  : ps7_init is completed.
09:48:49 INFO  : ps7_post_config is completed.
09:49:15 INFO  : System reset is completed.
09:49:17 INFO  : FPGA configured successfully with bitstream "D:/Work/vivadoProject/Example_Vivado/Example_Vivado.sdk/design_Project_wrapper_hw_platform_0/design_Project_wrapper.bit"
09:49:18 INFO  : ps7_init is completed.
09:49:18 INFO  : ps7_post_config is completed.
09:49:59 INFO  : System reset is completed.
09:50:01 INFO  : FPGA configured successfully with bitstream "D:/Work/vivadoProject/Example_Vivado/Example_Vivado.sdk/design_Project_wrapper_hw_platform_0/design_Project_wrapper.bit"
09:50:02 INFO  : ps7_init is completed.
09:50:02 INFO  : ps7_post_config is completed.
09:55:56 INFO  : System reset is completed.
09:55:59 INFO  : FPGA configured successfully with bitstream "D:/Work/vivadoProject/Example_Vivado/Example_Vivado.sdk/design_Project_wrapper_hw_platform_0/design_Project_wrapper.bit"
09:56:00 INFO  : ps7_init is completed.
09:56:00 INFO  : ps7_post_config is completed.
09:56:37 INFO  : System reset is completed.
09:56:40 INFO  : FPGA configured successfully with bitstream "D:/Work/vivadoProject/Example_Vivado/Example_Vivado.sdk/design_Project_wrapper_hw_platform_0/design_Project_wrapper.bit"
09:56:41 INFO  : ps7_init is completed.
09:56:41 INFO  : ps7_post_config is completed.
09:57:10 INFO  : System reset is completed.
09:57:13 INFO  : FPGA configured successfully with bitstream "D:/Work/vivadoProject/Example_Vivado/Example_Vivado.sdk/design_Project_wrapper_hw_platform_0/design_Project_wrapper.bit"
09:57:13 INFO  : ps7_init is completed.
09:57:13 INFO  : ps7_post_config is completed.
09:57:21 INFO  : System reset is completed.
09:57:24 INFO  : FPGA configured successfully with bitstream "D:/Work/vivadoProject/Example_Vivado/Example_Vivado.sdk/design_Project_wrapper_hw_platform_0/design_Project_wrapper.bit"
09:57:24 INFO  : ps7_init is completed.
09:57:25 INFO  : ps7_post_config is completed.
15:31:14 ERROR : Unexpected error while launching program.
com.xilinx.sdk.targetmanager.TMException: 
    Unknown Error Occured
    Cable is not connected to the host

	at com.xilinx.sdk.targetmanager.internal.TM.connectToProcessor(TM.java:484)
	at com.xilinx.sdk.debug.core.XilinxAppLaunchConfigurationDelegate.runTargetSetup(XilinxAppLaunchConfigurationDelegate.java:464)
	at com.xilinx.sdk.debug.core.XilinxAppLaunchConfigurationDelegate.runApplication(XilinxAppLaunchConfigurationDelegate.java:616)
	at com.xilinx.sdk.debug.core.XilinxAppLaunchConfigurationDelegate.launch(XilinxAppLaunchConfigurationDelegate.java:309)
	at com.xilinx.sdk.debug.ui.XilinxAppLaunchDelegateWrapper.launch(XilinxAppLaunchDelegateWrapper.java:31)
	at org.eclipse.debug.internal.core.LaunchConfiguration.launch(LaunchConfiguration.java:858)
	at org.eclipse.debug.internal.core.LaunchConfiguration.launch(LaunchConfiguration.java:707)
	at org.eclipse.debug.internal.ui.DebugUIPlugin.buildAndLaunch(DebugUIPlugin.java:1018)
	at org.eclipse.debug.internal.ui.DebugUIPlugin$8.run(DebugUIPlugin.java:1222)
	at org.eclipse.core.internal.jobs.Worker.run(Worker.java:53)
15:31:31 INFO  : System reset is completed.
15:31:34 INFO  : FPGA configured successfully with bitstream "D:/Work/vivadoProject/Example_Vivado/Example_Vivado.sdk/design_Project_wrapper_hw_platform_0/design_Project_wrapper.bit"
15:31:35 INFO  : ps7_init is completed.
15:31:35 INFO  : ps7_post_config is completed.
15:33:21 ERROR : Unexpected error while parsing XMD response ?: com.google.gson.JsonSyntaxException: com.google.gson.stream.MalformedJsonException: invalid number or unquoted string near 
08:58:54 INFO  : Launching XSDB server: xsdb.bat D:/Xilinx/SDK/2015.4/scripts/xsdb/xsdb/xsdb-server.tcl
08:59:01 INFO  : XSDB server has started successfully.
08:59:10 INFO  : Processing command line option -hwspec D:/Work/vivadoProject/Example_Vivado/Example_Vivado.sdk/design_Project_wrapper.hdf.
08:59:10 INFO  : Checking for hwspec changes in the project design_Project_wrapper_hw_platform_0.
08:59:26 INFO  : System reset is completed.
08:59:29 INFO  : FPGA configured successfully with bitstream "D:/Work/vivadoProject/Example_Vivado/Example_Vivado.sdk/design_Project_wrapper_hw_platform_0/design_Project_wrapper.bit"
08:59:30 INFO  : ps7_init is completed.
08:59:30 INFO  : ps7_post_config is completed.
08:59:30 ERROR : No such port: COM4
09:00:36 INFO  : ps7_cortexa9_0 Processor is in use. Please stop existing Run or Debug sessions before launching.
09:00:37 INFO  : System reset is completed.
09:00:40 INFO  : FPGA configured successfully with bitstream "D:/Work/vivadoProject/Example_Vivado/Example_Vivado.sdk/design_Project_wrapper_hw_platform_0/design_Project_wrapper.bit"
09:00:41 INFO  : ps7_init is completed.
09:00:41 INFO  : ps7_post_config is completed.
09:01:40 ERROR : Unexpected error while parsing XMD response ?: com.google.gson.JsonSyntaxException: com.google.gson.stream.MalformedJsonException: invalid number or unquoted string near 
